Analysis & Synthesis report for phase_calculator
Mon Dec 02 14:59:43 2019
Quartus II 64-Bit Version 13.1.4 Build 182 03/12/2014 SJ Web Edition


---------------------
; Table of Contents ;
---------------------
  1. Legal Notice
  2. Analysis & Synthesis Summary
  3. Analysis & Synthesis Settings
  4. Parallel Compilation
  5. Analysis & Synthesis Source Files Read
  6. Analysis & Synthesis Resource Usage Summary
  7. Analysis & Synthesis Resource Utilization by Entity
  8. Analysis & Synthesis IP Cores Summary
  9. General Register Statistics
 10. Parameter Settings for User Entity Instance: divider:divider_inst|lpm_divide:LPM_DIVIDE_component
 11. Port Connectivity Checks: "divider:divider_inst"
 12. Elapsed Time Per Partition
 13. Analysis & Synthesis Messages



----------------
; Legal Notice ;
----------------
Copyright (C) 1991-2014 Altera Corporation
Your use of Altera Corporation's design tools, logic functions 
and other software and tools, and its AMPP partner logic 
functions, and any output files from any of the foregoing 
(including device programming or simulation files), and any 
associated documentation or information are expressly subject 
to the terms and conditions of the Altera Program License 
Subscription Agreement, Altera MegaCore Function License 
Agreement, or other applicable license agreement, including, 
without limitation, that your use is for the sole purpose of 
programming logic devices manufactured by Altera and sold by 
Altera or its authorized distributors.  Please refer to the 
applicable agreement for further details.



+---------------------------------------------------------------------------------+
; Analysis & Synthesis Summary                                                    ;
+------------------------------------+--------------------------------------------+
; Analysis & Synthesis Status        ; Successful - Mon Dec 02 14:59:43 2019      ;
; Quartus II 64-Bit Version          ; 13.1.4 Build 182 03/12/2014 SJ Web Edition ;
; Revision Name                      ; phase_calculator                           ;
; Top-level Entity Name              ; phase_calculator                           ;
; Family                             ; Cyclone IV GX                              ;
; Total logic elements               ; 448                                        ;
;     Total combinational functions  ; 448                                        ;
;     Dedicated logic registers      ; 0                                          ;
; Total registers                    ; 0                                          ;
; Total pins                         ; 56                                         ;
; Total virtual pins                 ; 0                                          ;
; Total memory bits                  ; 0                                          ;
; Embedded Multiplier 9-bit elements ; 0                                          ;
; Total GXB Receiver Channel PCS     ; 0                                          ;
; Total GXB Receiver Channel PMA     ; 0                                          ;
; Total GXB Transmitter Channel PCS  ; 0                                          ;
; Total GXB Transmitter Channel PMA  ; 0                                          ;
; Total PLLs                         ; 0                                          ;
+------------------------------------+--------------------------------------------+


+----------------------------------------------------------------------------------------------------------------------+
; Analysis & Synthesis Settings                                                                                        ;
+----------------------------------------------------------------------------+--------------------+--------------------+
; Option                                                                     ; Setting            ; Default Value      ;
+----------------------------------------------------------------------------+--------------------+--------------------+
; Top-level entity name                                                      ; phase_calculator   ; phase_calculator   ;
; Family name                                                                ; Cyclone IV GX      ; Cyclone IV GX      ;
; Use smart compilation                                                      ; Off                ; Off                ;
; Enable parallel Assembler and TimeQuest Timing Analyzer during compilation ; On                 ; On                 ;
; Enable compact report table                                                ; Off                ; Off                ;
; Restructure Multiplexers                                                   ; Auto               ; Auto               ;
; Create Debugging Nodes for IP Cores                                        ; Off                ; Off                ;
; Preserve fewer node names                                                  ; On                 ; On                 ;
; Disable OpenCore Plus hardware evaluation                                  ; Off                ; Off                ;
; Verilog Version                                                            ; Verilog_2001       ; Verilog_2001       ;
; VHDL Version                                                               ; VHDL_1993          ; VHDL_1993          ;
; State Machine Processing                                                   ; Auto               ; Auto               ;
; Safe State Machine                                                         ; Off                ; Off                ;
; Extract Verilog State Machines                                             ; On                 ; On                 ;
; Extract VHDL State Machines                                                ; On                 ; On                 ;
; Ignore Verilog initial constructs                                          ; Off                ; Off                ;
; Iteration limit for constant Verilog loops                                 ; 5000               ; 5000               ;
; Iteration limit for non-constant Verilog loops                             ; 250                ; 250                ;
; Add Pass-Through Logic to Inferred RAMs                                    ; On                 ; On                 ;
; Infer RAMs from Raw Logic                                                  ; On                 ; On                 ;
; Parallel Synthesis                                                         ; On                 ; On                 ;
; DSP Block Balancing                                                        ; Auto               ; Auto               ;
; NOT Gate Push-Back                                                         ; On                 ; On                 ;
; Power-Up Don't Care                                                        ; On                 ; On                 ;
; Remove Redundant Logic Cells                                               ; Off                ; Off                ;
; Remove Duplicate Registers                                                 ; On                 ; On                 ;
; Ignore CARRY Buffers                                                       ; Off                ; Off                ;
; Ignore CASCADE Buffers                                                     ; Off                ; Off                ;
; Ignore GLOBAL Buffers                                                      ; Off                ; Off                ;
; Ignore ROW GLOBAL Buffers                                                  ; Off                ; Off                ;
; Ignore LCELL Buffers                                                       ; Off                ; Off                ;
; Ignore SOFT Buffers                                                        ; On                 ; On                 ;
; Limit AHDL Integers to 32 Bits                                             ; Off                ; Off                ;
; Optimization Technique                                                     ; Balanced           ; Balanced           ;
; Carry Chain Length                                                         ; 70                 ; 70                 ;
; Auto Carry Chains                                                          ; On                 ; On                 ;
; Auto Open-Drain Pins                                                       ; On                 ; On                 ;
; Perform WYSIWYG Primitive Resynthesis                                      ; Off                ; Off                ;
; Auto ROM Replacement                                                       ; On                 ; On                 ;
; Auto RAM Replacement                                                       ; On                 ; On                 ;
; Auto DSP Block Replacement                                                 ; On                 ; On                 ;
; Auto Shift Register Replacement                                            ; Auto               ; Auto               ;
; Allow Shift Register Merging across Hierarchies                            ; Auto               ; Auto               ;
; Auto Clock Enable Replacement                                              ; On                 ; On                 ;
; Strict RAM Replacement                                                     ; Off                ; Off                ;
; Allow Synchronous Control Signals                                          ; On                 ; On                 ;
; Force Use of Synchronous Clear Signals                                     ; Off                ; Off                ;
; Auto RAM Block Balancing                                                   ; On                 ; On                 ;
; Auto RAM to Logic Cell Conversion                                          ; Off                ; Off                ;
; Auto Resource Sharing                                                      ; Off                ; Off                ;
; Allow Any RAM Size For Recognition                                         ; Off                ; Off                ;
; Allow Any ROM Size For Recognition                                         ; Off                ; Off                ;
; Allow Any Shift Register Size For Recognition                              ; Off                ; Off                ;
; Use LogicLock Constraints during Resource Balancing                        ; On                 ; On                 ;
; Ignore translate_off and synthesis_off directives                          ; Off                ; Off                ;
; Timing-Driven Synthesis                                                    ; On                 ; On                 ;
; Report Parameter Settings                                                  ; On                 ; On                 ;
; Report Source Assignments                                                  ; On                 ; On                 ;
; Report Connectivity Checks                                                 ; On                 ; On                 ;
; Ignore Maximum Fan-Out Assignments                                         ; Off                ; Off                ;
; Synchronization Register Chain Length                                      ; 2                  ; 2                  ;
; PowerPlay Power Optimization                                               ; Normal compilation ; Normal compilation ;
; HDL message level                                                          ; Level2             ; Level2             ;
; Suppress Register Optimization Related Messages                            ; Off                ; Off                ;
; Number of Removed Registers Reported in Synthesis Report                   ; 5000               ; 5000               ;
; Number of Swept Nodes Reported in Synthesis Report                         ; 5000               ; 5000               ;
; Number of Inverted Registers Reported in Synthesis Report                  ; 100                ; 100                ;
; Clock MUX Protection                                                       ; On                 ; On                 ;
; Auto Gated Clock Conversion                                                ; Off                ; Off                ;
; Block Design Naming                                                        ; Auto               ; Auto               ;
; SDC constraint protection                                                  ; Off                ; Off                ;
; Synthesis Effort                                                           ; Auto               ; Auto               ;
; Shift Register Replacement - Allow Asynchronous Clear Signal               ; On                 ; On                 ;
; Pre-Mapping Resynthesis Optimization                                       ; Off                ; Off                ;
; Analysis & Synthesis Message Level                                         ; Medium             ; Medium             ;
; Disable Register Merging Across Hierarchies                                ; Auto               ; Auto               ;
; Resource Aware Inference For Block RAM                                     ; On                 ; On                 ;
; Synthesis Seed                                                             ; 1                  ; 1                  ;
+----------------------------------------------------------------------------+--------------------+--------------------+


Parallel compilation was disabled, but you have multiple processors available. Enable parallel compilation to reduce compilation time.
+-------------------------------------+
; Parallel Compilation                ;
+----------------------------+--------+
; Processors                 ; Number ;
+----------------------------+--------+
; Number detected on machine ; 12     ;
; Maximum allowed            ; 1      ;
+----------------------------+--------+


+----------------------------------------------------------------------------------------------------------------------------------------------------------------------------------------------------------------------------------+
; Analysis & Synthesis Source Files Read                                                                                                                                                                                           ;
+----------------------------------+-----------------+------------------------------+------------------------------------------------------------------------------------------------------------------------------------+---------+
; File Name with User-Entered Path ; Used in Netlist ; File Type                    ; File Name with Absolute Path                                                                                                       ; Library ;
+----------------------------------+-----------------+------------------------------+------------------------------------------------------------------------------------------------------------------------------------+---------+
; ../../src/constants.vhd          ; yes             ; User VHDL File               ; C:/Users/holge/OneDrive/AAU - Elektronik og IT/5. semester/P5/P5-Track-n-Point/src/constants.vhd                                   ;         ;
; ../../src/phase_calculator.vhd   ; yes             ; User VHDL File               ; C:/Users/holge/OneDrive/AAU - Elektronik og IT/5. semester/P5/P5-Track-n-Point/src/phase_calculator.vhd                            ;         ;
; divider.vhd                      ; yes             ; User Wizard-Generated File   ; C:/Users/holge/OneDrive/AAU - Elektronik og IT/5. semester/P5/P5-Track-n-Point/quartus/phase_calculator/divider.vhd                ;         ;
; lpm_divide.tdf                   ; yes             ; Megafunction                 ; c:/altera/13.1/quartus/libraries/megafunctions/lpm_divide.tdf                                                                      ;         ;
; abs_divider.inc                  ; yes             ; Megafunction                 ; c:/altera/13.1/quartus/libraries/megafunctions/abs_divider.inc                                                                     ;         ;
; sign_div_unsign.inc              ; yes             ; Megafunction                 ; c:/altera/13.1/quartus/libraries/megafunctions/sign_div_unsign.inc                                                                 ;         ;
; aglobal131.inc                   ; yes             ; Megafunction                 ; c:/altera/13.1/quartus/libraries/megafunctions/aglobal131.inc                                                                      ;         ;
; db/lpm_divide_sop.tdf            ; yes             ; Auto-Generated Megafunction  ; C:/Users/holge/OneDrive/AAU - Elektronik og IT/5. semester/P5/P5-Track-n-Point/quartus/phase_calculator/db/lpm_divide_sop.tdf      ;         ;
; db/sign_div_unsign_b9h.tdf       ; yes             ; Auto-Generated Megafunction  ; C:/Users/holge/OneDrive/AAU - Elektronik og IT/5. semester/P5/P5-Track-n-Point/quartus/phase_calculator/db/sign_div_unsign_b9h.tdf ;         ;
; db/alt_u_div_gef.tdf             ; yes             ; Auto-Generated Megafunction  ; C:/Users/holge/OneDrive/AAU - Elektronik og IT/5. semester/P5/P5-Track-n-Point/quartus/phase_calculator/db/alt_u_div_gef.tdf       ;         ;
; db/add_sub_1tc.tdf               ; yes             ; Auto-Generated Megafunction  ; C:/Users/holge/OneDrive/AAU - Elektronik og IT/5. semester/P5/P5-Track-n-Point/quartus/phase_calculator/db/add_sub_1tc.tdf         ;         ;
; db/add_sub_2tc.tdf               ; yes             ; Auto-Generated Megafunction  ; C:/Users/holge/OneDrive/AAU - Elektronik og IT/5. semester/P5/P5-Track-n-Point/quartus/phase_calculator/db/add_sub_2tc.tdf         ;         ;
+----------------------------------+-----------------+------------------------------+------------------------------------------------------------------------------------------------------------------------------------+---------+


+---------------------------------------------+
; Analysis & Synthesis Resource Usage Summary ;
+--------------------------+------------------+
; Resource                 ; Usage            ;
+--------------------------+------------------+
; I/O pins                 ; 56               ;
; DSP block 9-bit elements ; 0                ;
; Maximum fan-out node     ; i_Imag[17]~input ;
; Maximum fan-out          ; 59               ;
; Total fan-out            ; 1447             ;
; Average fan-out          ; 2.58             ;
+--------------------------+------------------+


+-----------------------------------------------------------------------------------------------------------------------------------------------------------------------------------------------------------------------------------------------------------------------------------------------------------------------------------------------------------------+
; Analysis & Synthesis Resource Utilization by Entity                                                                                                                                                                                                                                                                                                             ;
+-------------------------------------------+-------------------+--------------+-------------+--------------+---------+-----------+-----------+------+--------------+------------------------------------------------------------------------------------------------------------------------------------------------------------------------------+--------------+
; Compilation Hierarchy Node                ; LC Combinationals ; LC Registers ; Memory Bits ; DSP Elements ; DSP 9x9 ; DSP 18x18 ; DSP 36x36 ; Pins ; Virtual Pins ; Full Hierarchy Name                                                                                                                                                          ; Library Name ;
+-------------------------------------------+-------------------+--------------+-------------+--------------+---------+-----------+-----------+------+--------------+------------------------------------------------------------------------------------------------------------------------------------------------------------------------------+--------------+
; |phase_calculator                         ; 448 (0)           ; 0 (0)        ; 0           ; 0            ; 0       ; 0         ; 0         ; 56   ; 0            ; |phase_calculator                                                                                                                                                            ; work         ;
;    |divider:divider_inst|                 ; 448 (0)           ; 0 (0)        ; 0           ; 0            ; 0       ; 0         ; 0         ; 0    ; 0            ; |phase_calculator|divider:divider_inst                                                                                                                                       ; work         ;
;       |lpm_divide:LPM_DIVIDE_component|   ; 448 (0)           ; 0 (0)        ; 0           ; 0            ; 0       ; 0         ; 0         ; 0    ; 0            ; |phase_calculator|divider:divider_inst|lpm_divide:LPM_DIVIDE_component                                                                                                       ; work         ;
;          |lpm_divide_sop:auto_generated|  ; 448 (0)           ; 0 (0)        ; 0           ; 0            ; 0       ; 0         ; 0         ; 0    ; 0            ; |phase_calculator|divider:divider_inst|lpm_divide:LPM_DIVIDE_component|lpm_divide_sop:auto_generated                                                                         ; work         ;
;             |sign_div_unsign_b9h:divider| ; 448 (87)          ; 0 (0)        ; 0           ; 0            ; 0       ; 0         ; 0         ; 0    ; 0            ; |phase_calculator|divider:divider_inst|lpm_divide:LPM_DIVIDE_component|lpm_divide_sop:auto_generated|sign_div_unsign_b9h:divider                                             ; work         ;
;                |alt_u_div_gef:divider|    ; 361 (360)         ; 0 (0)        ; 0           ; 0            ; 0       ; 0         ; 0         ; 0    ; 0            ; |phase_calculator|divider:divider_inst|lpm_divide:LPM_DIVIDE_component|lpm_divide_sop:auto_generated|sign_div_unsign_b9h:divider|alt_u_div_gef:divider                       ; work         ;
;                   |add_sub_2tc:add_sub_1| ; 1 (1)             ; 0 (0)        ; 0           ; 0            ; 0       ; 0         ; 0         ; 0    ; 0            ; |phase_calculator|divider:divider_inst|lpm_divide:LPM_DIVIDE_component|lpm_divide_sop:auto_generated|sign_div_unsign_b9h:divider|alt_u_div_gef:divider|add_sub_2tc:add_sub_1 ; work         ;
+-------------------------------------------+-------------------+--------------+-------------+--------------+---------+-----------+-----------+------+--------------+------------------------------------------------------------------------------------------------------------------------------------------------------------------------------+--------------+
Note: For table entries with two numbers listed, the numbers in parentheses indicate the number of resources of the given type used by the specific entity alone. The numbers listed outside of parentheses indicate the total resources of the given type used by the specific entity and all of its sub-entities in the hierarchy.


+------------------------------------------------------------------------------------------------------------------------------------------------------------------------------------------------------------------------------+
; Analysis & Synthesis IP Cores Summary                                                                                                                                                                                        ;
+--------+--------------+---------+--------------+--------------+----------------------------------------+---------------------------------------------------------------------------------------------------------------------+
; Vendor ; IP Core Name ; Version ; Release Date ; License Type ; Entity Instance                        ; IP Include File                                                                                                     ;
+--------+--------------+---------+--------------+--------------+----------------------------------------+---------------------------------------------------------------------------------------------------------------------+
; Altera ; LPM_DIVIDE   ; 13.1    ; N/A          ; N/A          ; |phase_calculator|divider:divider_inst ; C:/Users/holge/OneDrive/AAU - Elektronik og IT/5. semester/P5/P5-Track-n-Point/quartus/phase_calculator/divider.vhd ;
+--------+--------------+---------+--------------+--------------+----------------------------------------+---------------------------------------------------------------------------------------------------------------------+


+------------------------------------------------------+
; General Register Statistics                          ;
+----------------------------------------------+-------+
; Statistic                                    ; Value ;
+----------------------------------------------+-------+
; Total registers                              ; 0     ;
; Number of registers using Synchronous Clear  ; 0     ;
; Number of registers using Synchronous Load   ; 0     ;
; Number of registers using Asynchronous Clear ; 0     ;
; Number of registers using Asynchronous Load  ; 0     ;
; Number of registers using Clock Enable       ; 0     ;
; Number of registers using Preset             ; 0     ;
+----------------------------------------------+-------+


+---------------------------------------------------------------------------------------------------+
; Parameter Settings for User Entity Instance: divider:divider_inst|lpm_divide:LPM_DIVIDE_component ;
+------------------------+----------------+---------------------------------------------------------+
; Parameter Name         ; Value          ; Type                                                    ;
+------------------------+----------------+---------------------------------------------------------+
; LPM_WIDTHN             ; 18             ; Signed Integer                                          ;
; LPM_WIDTHD             ; 18             ; Signed Integer                                          ;
; LPM_NREPRESENTATION    ; SIGNED         ; Untyped                                                 ;
; LPM_DREPRESENTATION    ; SIGNED         ; Untyped                                                 ;
; LPM_PIPELINE           ; 0              ; Untyped                                                 ;
; LPM_REMAINDERPOSITIVE  ; TRUE           ; Untyped                                                 ;
; MAXIMIZE_SPEED         ; 5              ; Untyped                                                 ;
; CBXI_PARAMETER         ; lpm_divide_sop ; Untyped                                                 ;
; CARRY_CHAIN            ; MANUAL         ; Untyped                                                 ;
; OPTIMIZE_FOR_SPEED     ; 5              ; Untyped                                                 ;
; AUTO_CARRY_CHAINS      ; ON             ; AUTO_CARRY                                              ;
; IGNORE_CARRY_BUFFERS   ; OFF            ; IGNORE_CARRY                                            ;
; AUTO_CASCADE_CHAINS    ; ON             ; AUTO_CASCADE                                            ;
; IGNORE_CASCADE_BUFFERS ; OFF            ; IGNORE_CASCADE                                          ;
+------------------------+----------------+---------------------------------------------------------+
Note: In order to hide this table in the UI and the text report file, please set the "Show Parameter Settings in Synthesis Report" option in "Analysis and Synthesis Settings -> More Settings" to "Off".


+------------------------------------------------------------------------------------------------------------------+
; Port Connectivity Checks: "divider:divider_inst"                                                                 ;
+--------+--------+----------+-------------------------------------------------------------------------------------+
; Port   ; Type   ; Severity ; Details                                                                             ;
+--------+--------+----------+-------------------------------------------------------------------------------------+
; remain ; Output ; Info     ; Connected to dangling logic. Logic that only feeds a dangling port will be removed. ;
+--------+--------+----------+-------------------------------------------------------------------------------------+


+-------------------------------+
; Elapsed Time Per Partition    ;
+----------------+--------------+
; Partition Name ; Elapsed Time ;
+----------------+--------------+
; Top            ; 00:00:00     ;
+----------------+--------------+


+-------------------------------+
; Analysis & Synthesis Messages ;
+-------------------------------+
Info: *******************************************************************
Info: Running Quartus II 64-Bit Analysis & Synthesis
    Info: Version 13.1.4 Build 182 03/12/2014 SJ Web Edition
    Info: Processing started: Mon Dec 02 14:59:39 2019
Info: Command: quartus_map --read_settings_files=on --write_settings_files=off phase_calculator -c phase_calculator
Warning (20028): Parallel compilation is not licensed and has been disabled
Info (12021): Found 2 design units, including 0 entities, in source file /users/holge/onedrive/aau - elektronik og it/5. semester/p5/p5-track-n-point/src/constants.vhd
    Info (12022): Found design unit 1: constants
    Info (12022): Found design unit 2: constants-body
Info (12021): Found 2 design units, including 1 entities, in source file /users/holge/onedrive/aau - elektronik og it/5. semester/p5/p5-track-n-point/src/phase_calculator.vhd
    Info (12022): Found design unit 1: phase_calculator-Behavioral
    Info (12023): Found entity 1: phase_calculator
Info (12021): Found 2 design units, including 1 entities, in source file divider.vhd
    Info (12022): Found design unit 1: divider-SYN
    Info (12023): Found entity 1: divider
Info (12127): Elaborating entity "phase_calculator" for the top level hierarchy
Warning (10036): Verilog HDL or VHDL warning at phase_calculator.vhd(32): object "w_remain_sig" assigned a value but never read
Info (12128): Elaborating entity "divider" for hierarchy "divider:divider_inst"
Info (12128): Elaborating entity "lpm_divide" for hierarchy "divider:divider_inst|lpm_divide:LPM_DIVIDE_component"
Info (12130): Elaborated megafunction instantiation "divider:divider_inst|lpm_divide:LPM_DIVIDE_component"
Info (12133): Instantiated megafunction "divider:divider_inst|lpm_divide:LPM_DIVIDE_component" with the following parameter:
    Info (12134): Parameter "lpm_drepresentation" = "SIGNED"
    Info (12134): Parameter "lpm_hint" = "LPM_REMAINDERPOSITIVE=TRUE"
    Info (12134): Parameter "lpm_nrepresentation" = "SIGNED"
    Info (12134): Parameter "lpm_type" = "LPM_DIVIDE"
    Info (12134): Parameter "lpm_widthd" = "18"
    Info (12134): Parameter "lpm_widthn" = "18"
Info (12021): Found 1 design units, including 1 entities, in source file db/lpm_divide_sop.tdf
    Info (12023): Found entity 1: lpm_divide_sop
Info (12128): Elaborating entity "lpm_divide_sop" for hierarchy "divider:divider_inst|lpm_divide:LPM_DIVIDE_component|lpm_divide_sop:auto_generated"
Info (12021): Found 1 design units, including 1 entities, in source file db/sign_div_unsign_b9h.tdf
    Info (12023): Found entity 1: sign_div_unsign_b9h
Info (12128): Elaborating entity "sign_div_unsign_b9h" for hierarchy "divider:divider_inst|lpm_divide:LPM_DIVIDE_component|lpm_divide_sop:auto_generated|sign_div_unsign_b9h:divider"
Info (12021): Found 1 design units, including 1 entities, in source file db/alt_u_div_gef.tdf
    Info (12023): Found entity 1: alt_u_div_gef
Info (12128): Elaborating entity "alt_u_div_gef" for hierarchy "divider:divider_inst|lpm_divide:LPM_DIVIDE_component|lpm_divide_sop:auto_generated|sign_div_unsign_b9h:divider|alt_u_div_gef:divider"
Info (12021): Found 1 design units, including 1 entities, in source file db/add_sub_1tc.tdf
    Info (12023): Found entity 1: add_sub_1tc
Info (12128): Elaborating entity "add_sub_1tc" for hierarchy "divider:divider_inst|lpm_divide:LPM_DIVIDE_component|lpm_divide_sop:auto_generated|sign_div_unsign_b9h:divider|alt_u_div_gef:divider|add_sub_1tc:add_sub_0"
Info (12021): Found 1 design units, including 1 entities, in source file db/add_sub_2tc.tdf
    Info (12023): Found entity 1: add_sub_2tc
Info (12128): Elaborating entity "add_sub_2tc" for hierarchy "divider:divider_inst|lpm_divide:LPM_DIVIDE_component|lpm_divide_sop:auto_generated|sign_div_unsign_b9h:divider|alt_u_div_gef:divider|add_sub_2tc:add_sub_1"
Info (286030): Timing-Driven Synthesis is running
Info (16010): Generating hard_block partition "hard_block:auto_generated_inst"
    Info (16011): Adding 0 node(s), including 0 DDIO, 0 PLL, 0 transceiver and 0 LCELL
Warning (21074): Design contains 2 input pin(s) that do not drive logic
    Warning (15610): No output dependent on input pin "i_CLK"
    Warning (15610): No output dependent on input pin "i_RESET"
Info (21057): Implemented 504 device resources after synthesis - the final resource count might be different
    Info (21058): Implemented 38 input pins
    Info (21059): Implemented 18 output pins
    Info (21061): Implemented 448 logic cells
Info: Quartus II 64-Bit Analysis & Synthesis was successful. 0 errors, 5 warnings
    Info: Peak virtual memory: 4744 megabytes
    Info: Processing ended: Mon Dec 02 14:59:43 2019
    Info: Elapsed time: 00:00:04
    Info: Total CPU time (on all processors): 00:00:03


