Unknown:
C:\Users\holge\OneDrive\AAU - Elektronik og IT\5. semester\P5\P5-Track-n-Point\Antenna design\CST\inset_patch_868MHz_new2\Result\farfield (f=0.7)_1.fme
C:\Users\holge\OneDrive\AAU - Elektronik og IT\5. semester\P5\P5-Track-n-Point\Antenna design\CST\inset_patch_868MHz_new2\Result\farfield (f=0.864)_1.fme
C:\Users\holge\OneDrive\AAU - Elektronik og IT\5. semester\P5\P5-Track-n-Point\Antenna design\CST\inset_patch_868MHz_new2\Result\farfield (f=0.9)_1.fme
C:\Users\holge\OneDrive\AAU - Elektronik og IT\5. semester\P5\P5-Track-n-Point\Antenna design\CST\inset_patch_868MHz_new2\Result\MCalc-Facets-1xN.log
C:\Users\holge\OneDrive\AAU - Elektronik og IT\5. semester\P5\P5-Track-n-Point\Antenna design\CST\inset_patch_868MHz_new2\Result\MCalc-Facets-PP.log
C:\Users\holge\OneDrive\AAU - Elektronik og IT\5. semester\P5\P5-Track-n-Point\Antenna design\CST\inset_patch_868MHz_new2\Result\MCalc.ddi
C:\Users\holge\OneDrive\AAU - Elektronik og IT\5. semester\P5\P5-Track-n-Point\Antenna design\CST\inset_patch_868MHz_new2\Result\MCalc.log
C:\Users\holge\OneDrive\AAU - Elektronik og IT\5. semester\P5\P5-Track-n-Point\Antenna design\CST\inset_patch_868MHz_new2\Result\Model.axg
C:\Users\holge\OneDrive\AAU - Elektronik og IT\5. semester\P5\P5-Track-n-Point\Antenna design\CST\inset_patch_868MHz_new2\Result\Model.coco
C:\Users\holge\OneDrive\AAU - Elektronik og IT\5. semester\P5\P5-Track-n-Point\Antenna design\CST\inset_patch_868MHz_new2\Result\Model.ddi
C:\Users\holge\OneDrive\AAU - Elektronik og IT\5. semester\P5\P5-Track-n-Point\Antenna design\CST\inset_patch_868MHz_new2\Result\Model.elg
C:\Users\holge\OneDrive\AAU - Elektronik og IT\5. semester\P5\P5-Track-n-Point\Antenna design\CST\inset_patch_868MHz_new2\Result\Model.inf
C:\Users\holge\OneDrive\AAU - Elektronik og IT\5. semester\P5\P5-Track-n-Point\Antenna design\CST\inset_patch_868MHz_new2\Result\Model.log
C:\Users\holge\OneDrive\AAU - Elektronik og IT\5. semester\P5\P5-Track-n-Point\Antenna design\CST\inset_patch_868MHz_new2\Result\Model.sa
C:\Users\holge\OneDrive\AAU - Elektronik og IT\5. semester\P5\P5-Track-n-Point\Antenna design\CST\inset_patch_868MHz_new2\Result\m^fifx.dsc
C:\Users\holge\OneDrive\AAU - Elektronik og IT\5. semester\P5\P5-Track-n-Point\Antenna design\CST\inset_patch_868MHz_new2\Result\m^fqq.dsc
C:\Users\holge\OneDrive\AAU - Elektronik og IT\5. semester\P5\P5-Track-n-Point\Antenna design\CST\inset_patch_868MHz_new2\Result\m^ppex.dsc
C:\Users\holge\OneDrive\AAU - Elektronik og IT\5. semester\P5\P5-Track-n-Point\Antenna design\CST\inset_patch_868MHz_new2\Result\m^wgp.dsc
C:\Users\holge\OneDrive\AAU - Elektronik og IT\5. semester\P5\P5-Track-n-Point\Antenna design\CST\inset_patch_868MHz_new2\Result\Port1_e1_pmm_0.8.tfo
C:\Users\holge\OneDrive\AAU - Elektronik og IT\5. semester\P5\P5-Track-n-Point\Antenna design\CST\inset_patch_868MHz_new2\Result\Port1_h1_pmm_0.8.tfo
C:\Users\holge\OneDrive\AAU - Elektronik og IT\5. semester\P5\P5-Track-n-Point\Antenna design\CST\inset_patch_868MHz_new2\Result\p^a.dsc
C:\Users\holge\OneDrive\AAU - Elektronik og IT\5. semester\P5\P5-Track-n-Point\Antenna design\CST\inset_patch_868MHz_new2\Result\P^m^fbqq.slog
C:\Users\holge\OneDrive\AAU - Elektronik og IT\5. semester\P5\P5-Track-n-Point\Antenna design\CST\inset_patch_868MHz_new2\Result\P^m^fqq.slog
C:\Users\holge\OneDrive\AAU - Elektronik og IT\5. semester\P5\P5-Track-n-Point\Antenna design\CST\inset_patch_868MHz_new2\Result\P^p^m.slog
C:\Users\holge\OneDrive\AAU - Elektronik og IT\5. semester\P5\P5-Track-n-Point\Antenna design\CST\inset_patch_868MHz_new2\Result\P^s^pm.slog
Mesh:
C:\Users\holge\OneDrive\AAU - Elektronik og IT\5. semester\P5\P5-Track-n-Point\Antenna design\CST\inset_patch_868MHz_new2\Result\dA.mat
C:\Users\holge\OneDrive\AAU - Elektronik og IT\5. semester\P5\P5-Track-n-Point\Antenna design\CST\inset_patch_868MHz_new2\Result\dad.mat
C:\Users\holge\OneDrive\AAU - Elektronik og IT\5. semester\P5\P5-Track-n-Point\Antenna design\CST\inset_patch_868MHz_new2\Result\ds.mat
C:\Users\holge\OneDrive\AAU - Elektronik og IT\5. semester\P5\P5-Track-n-Point\Antenna design\CST\inset_patch_868MHz_new2\Result\dsd.mat
C:\Users\holge\OneDrive\AAU - Elektronik og IT\5. semester\P5\P5-Track-n-Point\Antenna design\CST\inset_patch_868MHz_new2\Result\dsMCalc.mat
C:\Users\holge\OneDrive\AAU - Elektronik og IT\5. semester\P5\P5-Track-n-Point\Antenna design\CST\inset_patch_868MHz_new2\Result\Eps.mat
C:\Users\holge\OneDrive\AAU - Elektronik og IT\5. semester\P5\P5-Track-n-Point\Antenna design\CST\inset_patch_868MHz_new2\Result\HexMatrix.m2h
C:\Users\holge\OneDrive\AAU - Elektronik og IT\5. semester\P5\P5-Track-n-Point\Antenna design\CST\inset_patch_868MHz_new2\Result\HexMatrix_MCalc.m2h
C:\Users\holge\OneDrive\AAU - Elektronik og IT\5. semester\P5\P5-Track-n-Point\Antenna design\CST\inset_patch_868MHz_new2\Result\Kappa.mat
C:\Users\holge\OneDrive\AAU - Elektronik og IT\5. semester\P5\P5-Track-n-Point\Antenna design\CST\inset_patch_868MHz_new2\Result\MCalc.fmp
C:\Users\holge\OneDrive\AAU - Elektronik og IT\5. semester\P5\P5-Track-n-Point\Antenna design\CST\inset_patch_868MHz_new2\Result\MCalc.xcfd
C:\Users\holge\OneDrive\AAU - Elektronik og IT\5. semester\P5\P5-Track-n-Point\Antenna design\CST\inset_patch_868MHz_new2\Result\Meta.m2h
C:\Users\holge\OneDrive\AAU - Elektronik og IT\5. semester\P5\P5-Track-n-Point\Antenna design\CST\inset_patch_868MHz_new2\Result\Meta.mat
C:\Users\holge\OneDrive\AAU - Elektronik og IT\5. semester\P5\P5-Track-n-Point\Antenna design\CST\inset_patch_868MHz_new2\Result\Model.fmf
C:\Users\holge\OneDrive\AAU - Elektronik og IT\5. semester\P5\P5-Track-n-Point\Antenna design\CST\inset_patch_868MHz_new2\Result\Model.fmm
C:\Users\holge\OneDrive\AAU - Elektronik og IT\5. semester\P5\P5-Track-n-Point\Antenna design\CST\inset_patch_868MHz_new2\Result\Model.fpc
C:\Users\holge\OneDrive\AAU - Elektronik og IT\5. semester\P5\P5-Track-n-Point\Antenna design\CST\inset_patch_868MHz_new2\Result\Model.fsi
C:\Users\holge\OneDrive\AAU - Elektronik og IT\5. semester\P5\P5-Track-n-Point\Antenna design\CST\inset_patch_868MHz_new2\Result\Model.fwf
C:\Users\holge\OneDrive\AAU - Elektronik og IT\5. semester\P5\P5-Track-n-Point\Antenna design\CST\inset_patch_868MHz_new2\Result\Model.mss
C:\Users\holge\OneDrive\AAU - Elektronik og IT\5. semester\P5\P5-Track-n-Point\Antenna design\CST\inset_patch_868MHz_new2\Result\Model.sic
C:\Users\holge\OneDrive\AAU - Elektronik og IT\5. semester\P5\P5-Track-n-Point\Antenna design\CST\inset_patch_868MHz_new2\Result\Model.spi
C:\Users\holge\OneDrive\AAU - Elektronik og IT\5. semester\P5\P5-Track-n-Point\Antenna design\CST\inset_patch_868MHz_new2\Result\Model.xcfd
C:\Users\holge\OneDrive\AAU - Elektronik og IT\5. semester\P5\P5-Track-n-Point\Antenna design\CST\inset_patch_868MHz_new2\Result\Model^PEC.fpf
C:\Users\holge\OneDrive\AAU - Elektronik og IT\5. semester\P5\P5-Track-n-Point\Antenna design\CST\inset_patch_868MHz_new2\Result\Mue.mat
C:\Users\holge\OneDrive\AAU - Elektronik og IT\5. semester\P5\P5-Track-n-Point\Antenna design\CST\inset_patch_868MHz_new2\Result\m^fifx.mem
C:\Users\holge\OneDrive\AAU - Elektronik og IT\5. semester\P5\P5-Track-n-Point\Antenna design\CST\inset_patch_868MHz_new2\Result\m^fqq.mem
C:\Users\holge\OneDrive\AAU - Elektronik og IT\5. semester\P5\P5-Track-n-Point\Antenna design\CST\inset_patch_868MHz_new2\Result\p1.spi
C:\Users\holge\OneDrive\AAU - Elektronik og IT\5. semester\P5\P5-Track-n-Point\Antenna design\CST\inset_patch_868MHz_new2\Result\PEC.mat
C:\Users\holge\OneDrive\AAU - Elektronik og IT\5. semester\P5\P5-Track-n-Point\Antenna design\CST\inset_patch_868MHz_new2\Result\Port1.wgi
C:\Users\holge\OneDrive\AAU - Elektronik og IT\5. semester\P5\P5-Track-n-Point\Antenna design\CST\inset_patch_868MHz_new2\Result\PP.fsi
C:\Users\holge\OneDrive\AAU - Elektronik og IT\5. semester\P5\P5-Track-n-Point\Antenna design\CST\inset_patch_868MHz_new2\Result\p^a.mem
C:\Users\holge\OneDrive\AAU - Elektronik og IT\5. semester\P5\P5-Track-n-Point\Antenna design\CST\inset_patch_868MHz_new2\Result\p^m.mem
C:\Users\holge\OneDrive\AAU - Elektronik og IT\5. semester\P5\P5-Track-n-Point\Antenna design\CST\inset_patch_868MHz_new2\Result\Rho.mat
C:\Users\holge\OneDrive\AAU - Elektronik og IT\5. semester\P5\P5-Track-n-Point\Antenna design\CST\inset_patch_868MHz_new2\Result\S2HMatrix.m2h
C:\Users\holge\OneDrive\AAU - Elektronik og IT\5. semester\P5\P5-Track-n-Point\Antenna design\CST\inset_patch_868MHz_new2\Result\s^pm.mem
Port:
C:\Users\holge\OneDrive\AAU - Elektronik og IT\5. semester\P5\P5-Track-n-Point\Antenna design\CST\inset_patch_868MHz_new2\Result\adapt_Port1_e1.prt
C:\Users\holge\OneDrive\AAU - Elektronik og IT\5. semester\P5\P5-Track-n-Point\Antenna design\CST\inset_patch_868MHz_new2\Result\adapt_Port1_e1[0.8].prt
C:\Users\holge\OneDrive\AAU - Elektronik og IT\5. semester\P5\P5-Track-n-Point\Antenna design\CST\inset_patch_868MHz_new2\Result\adapt_Port1_h1.prt
C:\Users\holge\OneDrive\AAU - Elektronik og IT\5. semester\P5\P5-Track-n-Point\Antenna design\CST\inset_patch_868MHz_new2\Result\adapt_Port1_h1[0.8].prt
C:\Users\holge\OneDrive\AAU - Elektronik og IT\5. semester\P5\P5-Track-n-Point\Antenna design\CST\inset_patch_868MHz_new2\Result\Model.pmi
C:\Users\holge\OneDrive\AAU - Elektronik og IT\5. semester\P5\P5-Track-n-Point\Antenna design\CST\inset_patch_868MHz_new2\Result\Port1_1[0.8].m2d
C:\Users\holge\OneDrive\AAU - Elektronik og IT\5. semester\P5\P5-Track-n-Point\Antenna design\CST\inset_patch_868MHz_new2\Result\Port1_2[0.8].m2d
C:\Users\holge\OneDrive\AAU - Elektronik og IT\5. semester\P5\P5-Track-n-Point\Antenna design\CST\inset_patch_868MHz_new2\Result\Port1_3[0.8].m2d
C:\Users\holge\OneDrive\AAU - Elektronik og IT\5. semester\P5\P5-Track-n-Point\Antenna design\CST\inset_patch_868MHz_new2\Result\Port1_drv.m2d
C:\Users\holge\OneDrive\AAU - Elektronik og IT\5. semester\P5\P5-Track-n-Point\Antenna design\CST\inset_patch_868MHz_new2\Result\Port1_e1.prt
C:\Users\holge\OneDrive\AAU - Elektronik og IT\5. semester\P5\P5-Track-n-Point\Antenna design\CST\inset_patch_868MHz_new2\Result\Port1_e1[0.8].prt
C:\Users\holge\OneDrive\AAU - Elektronik og IT\5. semester\P5\P5-Track-n-Point\Antenna design\CST\inset_patch_868MHz_new2\Result\Port1_e2.prt
C:\Users\holge\OneDrive\AAU - Elektronik og IT\5. semester\P5\P5-Track-n-Point\Antenna design\CST\inset_patch_868MHz_new2\Result\Port1_e2[0.8].prt
C:\Users\holge\OneDrive\AAU - Elektronik og IT\5. semester\P5\P5-Track-n-Point\Antenna design\CST\inset_patch_868MHz_new2\Result\Port1_e3.prt
C:\Users\holge\OneDrive\AAU - Elektronik og IT\5. semester\P5\P5-Track-n-Point\Antenna design\CST\inset_patch_868MHz_new2\Result\Port1_e3[0.8].prt
C:\Users\holge\OneDrive\AAU - Elektronik og IT\5. semester\P5\P5-Track-n-Point\Antenna design\CST\inset_patch_868MHz_new2\Result\Port1_h1.prt
C:\Users\holge\OneDrive\AAU - Elektronik og IT\5. semester\P5\P5-Track-n-Point\Antenna design\CST\inset_patch_868MHz_new2\Result\Port1_h1[0.8].prt
C:\Users\holge\OneDrive\AAU - Elektronik og IT\5. semester\P5\P5-Track-n-Point\Antenna design\CST\inset_patch_868MHz_new2\Result\Port1_h2.prt
C:\Users\holge\OneDrive\AAU - Elektronik og IT\5. semester\P5\P5-Track-n-Point\Antenna design\CST\inset_patch_868MHz_new2\Result\Port1_h2[0.8].prt
C:\Users\holge\OneDrive\AAU - Elektronik og IT\5. semester\P5\P5-Track-n-Point\Antenna design\CST\inset_patch_868MHz_new2\Result\Port1_h3.prt
C:\Users\holge\OneDrive\AAU - Elektronik og IT\5. semester\P5\P5-Track-n-Point\Antenna design\CST\inset_patch_868MHz_new2\Result\Port1_h3[0.8].prt
