<<<<<<<<<<<<<<<<<<<<<<<<<<<
2019 Dec 11 (Wed): 09:59:26
<<<<<<<<<<<<<<<<<<<<<<<<<<<

=========================================================================================================================
matrixcalc: Thread pinning failed with error: error in initialization of cpu core iterator, invalid socket id provided, 1
=========================================================================================================================

========================================================================
Processing CAD model (for field results)
	[Improved internal geometry representation]
	[Accuracy improvement for long shapes in inhomogeneous mesh regions]
Version 2018.0 (build 20171026)
PBA version 20171026
2019 Dec 11 (Wed): 09:59:26
========================================================================

===========================================
Finished CAD processing (for field results)
===========================================

>>>>>>>>>>>>>>>>>>>>>>>>>>>
2019 Dec 11 (Wed): 09:59:27
>>>>>>>>>>>>>>>>>>>>>>>>>>>

<<<<<<<<<<<<<<<<<<<<<<<<<<<
2019 Dec 11 (Wed): 09:59:49
<<<<<<<<<<<<<<<<<<<<<<<<<<<

======================
Mesher selection: FPBA
======================

=========================================================================================================================
matrixcalc: Thread pinning failed with error: error in initialization of cpu core iterator, invalid socket id provided, 1
=========================================================================================================================

========================================================================
Processing CAD model
	[Improved internal geometry representation]
	[Accuracy improvement for long shapes in inhomogeneous mesh regions]
Version 2018.0 (build 20171026)
PBA version 20171026
2019 Dec 11 (Wed): 09:59:49
========================================================================

----------------------------------------------
Used point accuracy enhancement value: 58.00%.
----------------------------------------------

=============================================================================
Mesh statistics:
-----------------------------------------------------------------------------
Minimum edge length (x): 1 @ mesh line 30 (x)
Maximum edge length (x): 20.7 @ mesh line 0 (x)
Minimum face area (x): 0.674 @ mesh lines 16 | 9 (y | z)
Maximum face area (x): 427 @ mesh lines 59 | 2 (y | z)
Minimum edge length (y): 0.667 @ mesh line 16 (y)
Maximum edge length (y): 20.7 @ mesh line 59 (y)
Minimum face area (y): 1.01 @ mesh lines 9 | 30 (z | x)
Maximum face area (y): 428 @ mesh lines 2 | 0 (z | x)
Minimum edge length (z): 1.01 @ mesh line 9 (z)
Maximum edge length (z): 20.7 @ mesh line 2 (z)
Minimum face area (z): 0.667 @ mesh lines 30 | 16 (x | y)
Maximum face area (z): 428 @ mesh lines 0 | 59 (x | y)
Maximum mesh face aspect ratio (x): 31 : 1.0  @ mesh lines 16 | 2 (y | z)
Maximum mesh face aspect ratio (y): 20.7 : 1.0  @ mesh lines 2 | 30 (z | x)
Maximum mesh face aspect ratio (z): 31.1 : 1.0  @ mesh lines 0 | 16 (x | y)
=============================================================================

=============================================================================
Available resources to store TST cells: 2147370625 (1899958.08% of mesh size)
=============================================================================

=======================
Finished CAD processing
=======================

------------------------------------------------------------
Parallelization Info
------------------------------------------------------------
Number of concurrent threads: 2
Number of node domains: 2
Number of mesh cells: 105400
------------------------------------------------------------
Node order
1, 0
------------------------------------------------------------

------------------------------------
Mesh: # of points excl. TSTs: 113022
      # of points incl. TSTs: 113022
------------------------------------

1xN000:  <<<<<<<<<<<<<<<<<<<<<<<<<<<
         2019 Dec 11 (Wed): 09:59:50
         <<<<<<<<<<<<<<<<<<<<<<<<<<<

1xN000:  =========================================================================================================================

         matrixcalc: Thread pinning failed with error: error in initialization of cpu core iterator, invalid socket id provided, 1
         =========================================================================================================================

1xN000:  ===============================
         Matrix computation (PBA)
         Version 2018.0 (build 20171026)
         PBA version 20171026
         2019 Dec 11 (Wed): 09:59:50
         ===============================

1xN000:  Shapes are ordered to support shape wise matrix storage
1xN000:  ssssssssssssssssssssssssssssssssssssssssss
         # of curls with SI accuracy enhancement: 0
         ssssssssssssssssssssssssssssssssssssssssss

1xN000:  ------------------------------------------------------------------------------
         PBA fill limit is applied in inverse mode.
         PBA fill limit is applied on faces filled with at least 98.81% metal material.
         --------------------------------------------------------------
         detailed accuracy settings:
         --------------------------------------------------------------
         augmented fill limit:       true
         augmented fill limit value: 98.81
         automatic fill limit:       true
         early fill limit:           true
         inverse fill limit:         true
         model complexity:           0.00
         legacy 2015:                false
         fixed point accuracy:       false
         minimum point accuracy:     0
         mesh step inheritance:      false
         accuracy mode:
         ------------------------------------------------------------------------------

1xN000:  =================================
         Finished matrix computation (PBA)
         =================================

1xN000:  >>>>>>>>>>>>>>>>>>>>>>>>>>>
         2019 Dec 11 (Wed): 09:59:56
         >>>>>>>>>>>>>>>>>>>>>>>>>>>



1xN001:  <<<<<<<<<<<<<<<<<<<<<<<<<<<
         2019 Dec 11 (Wed): 09:59:50
         <<<<<<<<<<<<<<<<<<<<<<<<<<<

1xN001:  =========================================================================================================================

         matrixcalc: Thread pinning failed with error: error in initialization of cpu core iterator, invalid socket id provided, 1
         =========================================================================================================================

1xN001:  ===============================
         Matrix computation (PBA)
         Version 2018.0 (build 20171026)
         PBA version 20171026
         2019 Dec 11 (Wed): 09:59:50
         ===============================

1xN001:  Shapes are ordered to support shape wise matrix storage
1xN001:  ssssssssssssssssssssssssssssssssssssssssss
         # of curls with SI accuracy enhancement: 0
         ssssssssssssssssssssssssssssssssssssssssss

1xN001:  ------------------------------------------------------------------------------
         PBA fill limit is applied in inverse mode.
         PBA fill limit is applied on faces filled with at least 98.81% metal material.
         --------------------------------------------------------------
         detailed accuracy settings:
         --------------------------------------------------------------
         augmented fill limit:       true
         augmented fill limit value: 98.81
         automatic fill limit:       true
         early fill limit:           true
         inverse fill limit:         true
         model complexity:           0.00
         legacy 2015:                false
         fixed point accuracy:       false
         minimum point accuracy:     0
         mesh step inheritance:      false
         accuracy mode:
         ------------------------------------------------------------------------------

1xN001:  =================================
         Finished matrix computation (PBA)
         =================================

1xN001:  >>>>>>>>>>>>>>>>>>>>>>>>>>>
         2019 Dec 11 (Wed): 09:59:56
         >>>>>>>>>>>>>>>>>>>>>>>>>>>



>>>>>>>>>>>>>>>>>>>>>>>>>>>
2019 Dec 11 (Wed): 09:59:59
>>>>>>>>>>>>>>>>>>>>>>>>>>>

--------------------------------
# of staircase filled cells: 0
# of staircase filled areas: 0
# of staircase filled edges: 0
# of faces above fill limit: 0
# of edges with FPBA topology: 0
--------------------------------

