Port monitor named: Port1_h1[0.8].prt

nx        = 69
ny        = 63
nz        = 26

nu        = 10
nv        = 21
iu        = 10
iv        = 25

idir      = 1
dcut      = -6.075000e-002
icut      = 17
type      = 1
frequency = 8.000000e+008

fcutoff   = 0.000000e+000
alpha     = 0.000000e+000
beta      = 2.255213e+001
accuracy  = 1.248289e-013

type          = QTEM
wave imp.     = 2.821123e+002
wave imp.sig. = 6.102470e-009
line imp.     = 5.432583e+001

ref. port     = 0

0.000000e+000  6.301901e-003  1.268374e-002  1.877714e-002  2.662188e-002  3.341322e-002  3.899682e-002  4.837757e-002  4.417423e-002  4.102773e-002  
0.000000e+000  2.950105e-002  5.894800e-002  8.625384e-002  1.195854e-001  1.460438e-001  1.654533e-001  1.702057e-001  1.352099e-001  1.190525e-001  
0.000000e+000  1.248095e-001  2.437628e-001  3.432909e-001  4.409219e-001  4.923910e-001  5.103128e-001  3.415568e-001  2.007355e-001  1.570089e-001  
0.000000e+000  5.243411e-001  9.976519e-001  1.320782e+000  1.413867e+000  1.264413e+000  1.045992e+000  4.055395e-001  1.788854e-001  1.273863e-001  
0.000000e+000  7.933945e-001  1.542563e+000  2.066600e+000  1.975837e+000  1.582672e+000  1.188386e+000  4.056430e-001  1.654034e-001  1.142680e-001  
0.000000e+000  1.209773e+000  2.543733e+000  3.807837e+000  2.851517e+000  1.902838e+000  1.248512e+000  3.793995e-001  1.448798e-001  9.750309e-002  
0.000000e+000  1.423612e+000  3.511423e+000  8.070329e+000  3.587728e+000  1.916908e+000  1.153813e+000  3.312613e-001  1.215842e-001  8.043686e-002  
0.000000e+000  9.145819e-001  1.868577e+000  0.000000e+000  1.892499e+000  1.388040e+000  9.355190e-001  2.668491e-001  9.502226e-002  6.194207e-002  
0.000000e+000  3.076645e-001  4.353031e-001  0.000000e+000  6.981140e-001  7.204881e-001  5.734130e-001  1.690490e-001  5.911529e-002  3.811564e-002  
0.000000e+000  6.748831e-002  8.259231e-002  0.000000e+000  1.831387e-001  2.191717e-001  1.909900e-001  5.780577e-002  2.006498e-002  1.286765e-002  
0.000000e+000  -6.748831e-002  -8.259231e-002  0.000000e+000  -1.831387e-001  -2.191717e-001  -1.909900e-001  -5.780577e-002  -2.006498e-002  -1.286765e-002  
0.000000e+000  -3.076645e-001  -4.353031e-001  0.000000e+000  -6.981140e-001  -7.204881e-001  -5.734130e-001  -1.690490e-001  -5.911529e-002  -3.811564e-002  
0.000000e+000  -9.145819e-001  -1.868577e+000  0.000000e+000  -1.892499e+000  -1.388040e+000  -9.355190e-001  -2.668491e-001  -9.502226e-002  -6.194207e-002  
0.000000e+000  -1.423612e+000  -3.511423e+000  -8.070329e+000  -3.587728e+000  -1.916908e+000  -1.153813e+000  -3.312613e-001  -1.215842e-001  -8.043685e-002  
0.000000e+000  -1.209773e+000  -2.543733e+000  -3.807837e+000  -2.851517e+000  -1.902838e+000  -1.248512e+000  -3.793995e-001  -1.448798e-001  -9.750309e-002  
0.000000e+000  -7.933945e-001  -1.542563e+000  -2.066600e+000  -1.975837e+000  -1.582672e+000  -1.188386e+000  -4.056430e-001  -1.654034e-001  -1.142680e-001  
0.000000e+000  -5.243411e-001  -9.976519e-001  -1.320782e+000  -1.413867e+000  -1.264413e+000  -1.045992e+000  -4.055395e-001  -1.788854e-001  -1.273863e-001  
0.000000e+000  -1.248095e-001  -2.437628e-001  -3.432909e-001  -4.409219e-001  -4.923910e-001  -5.103128e-001  -3.415568e-001  -2.007355e-001  -1.570089e-001  
0.000000e+000  -2.950105e-002  -5.894800e-002  -8.625384e-002  -1.195854e-001  -1.460438e-001  -1.654533e-001  -1.702057e-001  -1.352099e-001  -1.190525e-001  
0.000000e+000  -6.301901e-003  -1.268374e-002  -1.877714e-002  -2.662188e-002  -3.341322e-002  -3.899682e-002  -4.837757e-002  -4.417423e-002  -4.102773e-002  
0.000000e+000  0.000000e+000  0.000000e+000  0.000000e+000  0.000000e+000  0.000000e+000  0.000000e+000  0.000000e+000  0.000000e+000  0.000000e+000  

-2.768228e-001  -2.751598e-001  -2.718111e-001  -2.659605e-001  -2.564682e-001  -2.445926e-001  -2.061182e-001  -1.220855e-001  -3.981990e-002  0.000000e+000  
-3.336362e-001  -3.307419e-001  -3.249660e-001  -3.149671e-001  -2.991036e-001  -2.799218e-001  -2.200903e-001  -1.183217e-001  -3.657370e-002  0.000000e+000  
-5.965410e-001  -5.843248e-001  -5.606206e-001  -5.212068e-001  -4.640085e-001  -4.023874e-001  -2.317742e-001  -8.158618e-002  -1.916648e-002  0.000000e+000  
-1.581848e+000  -1.492004e+000  -1.322424e+000  -1.058743e+000  -7.529104e-001  -5.101828e-001  -4.155628e-002  5.862739e-002  2.445091e-002  0.000000e+000  
-2.359527e+000  -2.170255e+000  -1.786904e+000  -1.157460e+000  -6.042999e-001  -2.908588e-001  9.972564e-002  1.020035e-001  3.427917e-002  0.000000e+000  
-3.534394e+000  -3.241688e+000  -2.537962e+000  -1.069614e+000  -2.080297e-001  1.072455e-001  2.727982e-001  1.480693e-001  4.405443e-002  0.000000e+000  
-5.323524e+000  -5.146032e+000  -4.343321e+000  -1.018116e-001  7.531983e-001  7.699166e-001  4.652691e-001  1.930995e-001  5.312235e-002  0.000000e+000  
-6.784138e+000  -7.212874e+000  -8.596754e+000  3.929916e+000  1.930462e+000  1.306916e+000  5.917978e-001  2.210663e-001  5.859313e-002  0.000000e+000  
-8.100085e+000  -8.538100e+000  -9.572537e+000  3.634047e+000  2.427159e+000  1.752775e+000  7.359932e-001  2.532068e-001  6.476148e-002  0.000000e+000  
-8.543709e+000  -8.717049e+000  -8.971609e+000  2.923864e+000  2.403547e+000  1.897124e+000  8.231735e-001  2.737763e-001  6.867880e-002  0.000000e+000  
-8.641263e+000  -8.738678e+000  -8.857896e+000  2.737460e+000  2.367406e+000  1.924612e+000  8.518820e-001  2.808388e-001  7.002165e-002  0.000000e+000  
-8.543709e+000  -8.717048e+000  -8.971609e+000  2.923864e+000  2.403547e+000  1.897124e+000  8.231735e-001  2.737763e-001  6.867880e-002  0.000000e+000  
-8.100085e+000  -8.538100e+000  -9.572537e+000  3.634047e+000  2.427159e+000  1.752775e+000  7.359932e-001  2.532068e-001  6.476148e-002  0.000000e+000  
-6.784138e+000  -7.212874e+000  -8.596754e+000  3.929916e+000  1.930462e+000  1.306916e+000  5.917978e-001  2.210663e-001  5.859313e-002  0.000000e+000  
-5.323524e+000  -5.146032e+000  -4.343321e+000  -1.018116e-001  7.531983e-001  7.699166e-001  4.652691e-001  1.930995e-001  5.312235e-002  0.000000e+000  
-3.534394e+000  -3.241688e+000  -2.537962e+000  -1.069614e+000  -2.080297e-001  1.072455e-001  2.727982e-001  1.480693e-001  4.405443e-002  0.000000e+000  
-2.359527e+000  -2.170255e+000  -1.786904e+000  -1.157460e+000  -6.042999e-001  -2.908588e-001  9.972564e-002  1.020035e-001  3.427917e-002  0.000000e+000  
-1.581848e+000  -1.492004e+000  -1.322424e+000  -1.058743e+000  -7.529104e-001  -5.101828e-001  -4.155628e-002  5.862739e-002  2.445091e-002  0.000000e+000  
-5.965410e-001  -5.843248e-001  -5.606207e-001  -5.212068e-001  -4.640085e-001  -4.023874e-001  -2.317742e-001  -8.158618e-002  -1.916648e-002  0.000000e+000  
-3.336362e-001  -3.307419e-001  -3.249660e-001  -3.149671e-001  -2.991036e-001  -2.799218e-001  -2.200903e-001  -1.183217e-001  -3.657370e-002  0.000000e+000  
-2.768228e-001  -2.751598e-001  -2.718111e-001  -2.659605e-001  -2.564682e-001  -2.445926e-001  -2.061182e-001  -1.220855e-001  -3.981990e-002  0.000000e+000  

0.000000e+000  0.000000e+000  0.000000e+000  0.000000e+000  0.000000e+000  0.000000e+000  0.000000e+000  0.000000e+000  0.000000e+000  0.000000e+000  
0.000000e+000  0.000000e+000  0.000000e+000  0.000000e+000  0.000000e+000  0.000000e+000  0.000000e+000  0.000000e+000  0.000000e+000  0.000000e+000  
0.000000e+000  0.000000e+000  0.000000e+000  0.000000e+000  0.000000e+000  0.000000e+000  0.000000e+000  0.000000e+000  0.000000e+000  0.000000e+000  
0.000000e+000  0.000000e+000  0.000000e+000  0.000000e+000  0.000000e+000  0.000000e+000  0.000000e+000  0.000000e+000  0.000000e+000  0.000000e+000  
0.000000e+000  0.000000e+000  0.000000e+000  0.000000e+000  0.000000e+000  0.000000e+000  0.000000e+000  0.000000e+000  0.000000e+000  0.000000e+000  
0.000000e+000  0.000000e+000  0.000000e+000  0.000000e+000  0.000000e+000  0.000000e+000  0.000000e+000  0.000000e+000  0.000000e+000  0.000000e+000  
0.000000e+000  0.000000e+000  0.000000e+000  0.000000e+000  0.000000e+000  0.000000e+000  0.000000e+000  0.000000e+000  0.000000e+000  0.000000e+000  
0.000000e+000  0.000000e+000  0.000000e+000  0.000000e+000  0.000000e+000  0.000000e+000  0.000000e+000  0.000000e+000  0.000000e+000  0.000000e+000  
0.000000e+000  0.000000e+000  0.000000e+000  0.000000e+000  0.000000e+000  0.000000e+000  0.000000e+000  0.000000e+000  0.000000e+000  0.000000e+000  
0.000000e+000  0.000000e+000  0.000000e+000  0.000000e+000  0.000000e+000  0.000000e+000  0.000000e+000  0.000000e+000  0.000000e+000  0.000000e+000  
0.000000e+000  0.000000e+000  0.000000e+000  0.000000e+000  0.000000e+000  0.000000e+000  0.000000e+000  0.000000e+000  0.000000e+000  0.000000e+000  
0.000000e+000  0.000000e+000  0.000000e+000  0.000000e+000  0.000000e+000  0.000000e+000  0.000000e+000  0.000000e+000  0.000000e+000  0.000000e+000  
0.000000e+000  0.000000e+000  0.000000e+000  0.000000e+000  0.000000e+000  0.000000e+000  0.000000e+000  0.000000e+000  0.000000e+000  0.000000e+000  
0.000000e+000  0.000000e+000  0.000000e+000  0.000000e+000  0.000000e+000  0.000000e+000  0.000000e+000  0.000000e+000  0.000000e+000  0.000000e+000  
0.000000e+000  0.000000e+000  0.000000e+000  0.000000e+000  0.000000e+000  0.000000e+000  0.000000e+000  0.000000e+000  0.000000e+000  0.000000e+000  
0.000000e+000  0.000000e+000  0.000000e+000  0.000000e+000  0.000000e+000  0.000000e+000  0.000000e+000  0.000000e+000  0.000000e+000  0.000000e+000  
0.000000e+000  0.000000e+000  0.000000e+000  0.000000e+000  0.000000e+000  0.000000e+000  0.000000e+000  0.000000e+000  0.000000e+000  0.000000e+000  
0.000000e+000  0.000000e+000  0.000000e+000  0.000000e+000  0.000000e+000  0.000000e+000  0.000000e+000  0.000000e+000  0.000000e+000  0.000000e+000  
0.000000e+000  0.000000e+000  0.000000e+000  0.000000e+000  0.000000e+000  0.000000e+000  0.000000e+000  0.000000e+000  0.000000e+000  0.000000e+000  
0.000000e+000  0.000000e+000  0.000000e+000  0.000000e+000  0.000000e+000  0.000000e+000  0.000000e+000  0.000000e+000  0.000000e+000  0.000000e+000  
0.000000e+000  0.000000e+000  0.000000e+000  0.000000e+000  0.000000e+000  0.000000e+000  0.000000e+000  0.000000e+000  0.000000e+000  0.000000e+000  

0.000000e+000  0.000000e+000  0.000000e+000  0.000000e+000  0.000000e+000  0.000000e+000  0.000000e+000  0.000000e+000  0.000000e+000  0.000000e+000  
0.000000e+000  0.000000e+000  0.000000e+000  0.000000e+000  0.000000e+000  0.000000e+000  0.000000e+000  0.000000e+000  0.000000e+000  0.000000e+000  
0.000000e+000  0.000000e+000  0.000000e+000  0.000000e+000  0.000000e+000  0.000000e+000  0.000000e+000  0.000000e+000  0.000000e+000  0.000000e+000  
0.000000e+000  0.000000e+000  0.000000e+000  0.000000e+000  0.000000e+000  0.000000e+000  0.000000e+000  0.000000e+000  0.000000e+000  0.000000e+000  
0.000000e+000  0.000000e+000  0.000000e+000  0.000000e+000  0.000000e+000  0.000000e+000  0.000000e+000  0.000000e+000  0.000000e+000  0.000000e+000  
0.000000e+000  0.000000e+000  0.000000e+000  0.000000e+000  0.000000e+000  0.000000e+000  0.000000e+000  0.000000e+000  0.000000e+000  0.000000e+000  
0.000000e+000  0.000000e+000  0.000000e+000  0.000000e+000  0.000000e+000  0.000000e+000  0.000000e+000  0.000000e+000  0.000000e+000  0.000000e+000  
0.000000e+000  0.000000e+000  0.000000e+000  0.000000e+000  0.000000e+000  0.000000e+000  0.000000e+000  0.000000e+000  0.000000e+000  0.000000e+000  
0.000000e+000  0.000000e+000  0.000000e+000  0.000000e+000  0.000000e+000  0.000000e+000  0.000000e+000  0.000000e+000  0.000000e+000  0.000000e+000  
0.000000e+000  0.000000e+000  0.000000e+000  0.000000e+000  0.000000e+000  0.000000e+000  0.000000e+000  0.000000e+000  0.000000e+000  0.000000e+000  
0.000000e+000  0.000000e+000  0.000000e+000  0.000000e+000  0.000000e+000  0.000000e+000  0.000000e+000  0.000000e+000  0.000000e+000  0.000000e+000  
0.000000e+000  0.000000e+000  0.000000e+000  0.000000e+000  0.000000e+000  0.000000e+000  0.000000e+000  0.000000e+000  0.000000e+000  0.000000e+000  
0.000000e+000  0.000000e+000  0.000000e+000  0.000000e+000  0.000000e+000  0.000000e+000  0.000000e+000  0.000000e+000  0.000000e+000  0.000000e+000  
0.000000e+000  0.000000e+000  0.000000e+000  0.000000e+000  0.000000e+000  0.000000e+000  0.000000e+000  0.000000e+000  0.000000e+000  0.000000e+000  
0.000000e+000  0.000000e+000  0.000000e+000  0.000000e+000  0.000000e+000  0.000000e+000  0.000000e+000  0.000000e+000  0.000000e+000  0.000000e+000  
0.000000e+000  0.000000e+000  0.000000e+000  0.000000e+000  0.000000e+000  0.000000e+000  0.000000e+000  0.000000e+000  0.000000e+000  0.000000e+000  
0.000000e+000  0.000000e+000  0.000000e+000  0.000000e+000  0.000000e+000  0.000000e+000  0.000000e+000  0.000000e+000  0.000000e+000  0.000000e+000  
0.000000e+000  0.000000e+000  0.000000e+000  0.000000e+000  0.000000e+000  0.000000e+000  0.000000e+000  0.000000e+000  0.000000e+000  0.000000e+000  
0.000000e+000  0.000000e+000  0.000000e+000  0.000000e+000  0.000000e+000  0.000000e+000  0.000000e+000  0.000000e+000  0.000000e+000  0.000000e+000  
0.000000e+000  0.000000e+000  0.000000e+000  0.000000e+000  0.000000e+000  0.000000e+000  0.000000e+000  0.000000e+000  0.000000e+000  0.000000e+000  
0.000000e+000  0.000000e+000  0.000000e+000  0.000000e+000  0.000000e+000  0.000000e+000  0.000000e+000  0.000000e+000  0.000000e+000  0.000000e+000  

0.000000e+000  0.000000e+000  0.000000e+000  0.000000e+000  0.000000e+000  0.000000e+000  0.000000e+000  0.000000e+000  0.000000e+000  0.000000e+000  
0.000000e+000  0.000000e+000  0.000000e+000  0.000000e+000  0.000000e+000  0.000000e+000  0.000000e+000  0.000000e+000  0.000000e+000  0.000000e+000  
0.000000e+000  0.000000e+000  0.000000e+000  0.000000e+000  0.000000e+000  0.000000e+000  0.000000e+000  0.000000e+000  0.000000e+000  0.000000e+000  
0.000000e+000  0.000000e+000  0.000000e+000  0.000000e+000  0.000000e+000  0.000000e+000  0.000000e+000  0.000000e+000  0.000000e+000  0.000000e+000  
0.000000e+000  0.000000e+000  0.000000e+000  0.000000e+000  0.000000e+000  0.000000e+000  0.000000e+000  0.000000e+000  0.000000e+000  0.000000e+000  
0.000000e+000  0.000000e+000  0.000000e+000  0.000000e+000  0.000000e+000  0.000000e+000  0.000000e+000  0.000000e+000  0.000000e+000  0.000000e+000  
0.000000e+000  0.000000e+000  0.000000e+000  0.000000e+000  0.000000e+000  0.000000e+000  0.000000e+000  0.000000e+000  0.000000e+000  0.000000e+000  
0.000000e+000  0.000000e+000  0.000000e+000  0.000000e+000  0.000000e+000  0.000000e+000  0.000000e+000  0.000000e+000  0.000000e+000  0.000000e+000  
0.000000e+000  0.000000e+000  0.000000e+000  0.000000e+000  0.000000e+000  0.000000e+000  0.000000e+000  0.000000e+000  0.000000e+000  0.000000e+000  
0.000000e+000  0.000000e+000  0.000000e+000  0.000000e+000  0.000000e+000  0.000000e+000  0.000000e+000  0.000000e+000  0.000000e+000  0.000000e+000  
0.000000e+000  0.000000e+000  0.000000e+000  0.000000e+000  0.000000e+000  0.000000e+000  0.000000e+000  0.000000e+000  0.000000e+000  0.000000e+000  
0.000000e+000  0.000000e+000  0.000000e+000  0.000000e+000  0.000000e+000  0.000000e+000  0.000000e+000  0.000000e+000  0.000000e+000  0.000000e+000  
0.000000e+000  0.000000e+000  0.000000e+000  0.000000e+000  0.000000e+000  0.000000e+000  0.000000e+000  0.000000e+000  0.000000e+000  0.000000e+000  
0.000000e+000  0.000000e+000  0.000000e+000  0.000000e+000  0.000000e+000  0.000000e+000  0.000000e+000  0.000000e+000  0.000000e+000  0.000000e+000  
0.000000e+000  0.000000e+000  0.000000e+000  0.000000e+000  0.000000e+000  0.000000e+000  0.000000e+000  0.000000e+000  0.000000e+000  0.000000e+000  
0.000000e+000  0.000000e+000  0.000000e+000  0.000000e+000  0.000000e+000  0.000000e+000  0.000000e+000  0.000000e+000  0.000000e+000  0.000000e+000  
0.000000e+000  0.000000e+000  0.000000e+000  0.000000e+000  0.000000e+000  0.000000e+000  0.000000e+000  0.000000e+000  0.000000e+000  0.000000e+000  
0.000000e+000  0.000000e+000  0.000000e+000  0.000000e+000  0.000000e+000  0.000000e+000  0.000000e+000  0.000000e+000  0.000000e+000  0.000000e+000  
0.000000e+000  0.000000e+000  0.000000e+000  0.000000e+000  0.000000e+000  0.000000e+000  0.000000e+000  0.000000e+000  0.000000e+000  0.000000e+000  
0.000000e+000  0.000000e+000  0.000000e+000  0.000000e+000  0.000000e+000  0.000000e+000  0.000000e+000  0.000000e+000  0.000000e+000  0.000000e+000  
0.000000e+000  0.000000e+000  0.000000e+000  0.000000e+000  0.000000e+000  0.000000e+000  0.000000e+000  0.000000e+000  0.000000e+000  0.000000e+000  

-1.281617e-002  -1.275249e-002  -1.262352e-002  -1.230567e-002  -1.175554e-002  -1.111651e-002  -9.145917e-003  -5.299117e-003  -1.710674e-003  0.000000e+000  
-4.391823e-002  -4.367608e-002  -4.318290e-002  -4.184141e-002  -3.949024e-002  -3.683246e-002  -2.886700e-002  -1.570653e-002  -4.901789e-003  0.000000e+000  
-8.977197e-002  -8.937297e-002  -8.849646e-002  -8.439999e-002  -7.676560e-002  -6.878787e-002  -4.672825e-002  -2.183671e-002  -6.316243e-003  0.000000e+000  
-1.292112e-001  -1.308741e-001  -1.336025e-001  -1.245860e-001  -1.042434e-001  -8.657591e-002  -4.647588e-002  -1.856457e-002  -5.061628e-003  0.000000e+000  
-1.382799e-001  -1.419329e-001  -1.485456e-001  -1.373262e-001  -1.102931e-001  -8.893405e-002  -4.443869e-002  -1.691393e-002  -4.521608e-003  0.000000e+000  
-1.396516e-001  -1.469658e-001  -1.620840e-001  -1.473401e-001  -1.105262e-001  -8.579235e-002  -4.006760e-002  -1.462967e-002  -3.844360e-003  0.000000e+000  
-1.277785e-001  -1.378032e-001  -1.641938e-001  -1.442929e-001  -1.001841e-001  -7.590168e-002  -3.421954e-002  -1.217702e-002  -3.163905e-003  0.000000e+000  
-1.038982e-001  -1.095709e-001  -1.204593e-001  -1.017690e-001  -7.816908e-002  -6.062814e-002  -2.709759e-002  -9.449698e-003  -2.431304e-003  0.000000e+000  
-6.472672e-002  -6.658720e-002  -6.914715e-002  -5.531636e-002  -4.657456e-002  -3.745878e-002  -1.698124e-002  -5.847995e-003  -1.493677e-003  0.000000e+000  
-2.184515e-002  -2.225007e-002  -2.273803e-002  -1.766649e-002  -1.536702e-002  -1.259095e-002  -5.779353e-003  -1.979773e-003  -5.038466e-004  0.000000e+000  
2.184515e-002  2.225007e-002  2.273803e-002  1.766649e-002  1.536702e-002  1.259095e-002  5.779353e-003  1.979773e-003  5.038466e-004  0.000000e+000  
6.472672e-002  6.658720e-002  6.914715e-002  5.531636e-002  4.657456e-002  3.745878e-002  1.698124e-002  5.847995e-003  1.493677e-003  0.000000e+000  
1.038982e-001  1.095709e-001  1.204593e-001  1.017690e-001  7.816908e-002  6.062814e-002  2.709759e-002  9.449698e-003  2.431304e-003  0.000000e+000  
1.277785e-001  1.378032e-001  1.641938e-001  1.442929e-001  1.001841e-001  7.590168e-002  3.421954e-002  1.217702e-002  3.163905e-003  0.000000e+000  
1.396516e-001  1.469658e-001  1.620840e-001  1.473401e-001  1.105262e-001  8.579235e-002  4.006760e-002  1.462967e-002  3.844360e-003  0.000000e+000  
1.382799e-001  1.419329e-001  1.485456e-001  1.373262e-001  1.102931e-001  8.893405e-002  4.443869e-002  1.691393e-002  4.521608e-003  0.000000e+000  
1.292112e-001  1.308741e-001  1.336025e-001  1.245860e-001  1.042434e-001  8.657591e-002  4.647588e-002  1.856457e-002  5.061628e-003  0.000000e+000  
8.977197e-002  8.937297e-002  8.849646e-002  8.439999e-002  7.676560e-002  6.878787e-002  4.672825e-002  2.183671e-002  6.316243e-003  0.000000e+000  
4.391823e-002  4.367608e-002  4.318290e-002  4.184141e-002  3.949024e-002  3.683246e-002  2.886700e-002  1.570653e-002  4.901789e-003  0.000000e+000  
1.281617e-002  1.275249e-002  1.262352e-002  1.230567e-002  1.175554e-002  1.111651e-002  9.145917e-003  5.299117e-003  1.710674e-003  0.000000e+000  
0.000000e+000  0.000000e+000  0.000000e+000  0.000000e+000  0.000000e+000  0.000000e+000  0.000000e+000  0.000000e+000  0.000000e+000  0.000000e+000  

