Analysis & Synthesis report for AoA_SPI
Thu Dec 12 19:31:43 2019
Quartus II 64-Bit Version 13.1.4 Build 182 03/12/2014 SJ Web Edition


---------------------
; Table of Contents ;
---------------------
  1. Legal Notice
  2. Analysis & Synthesis Summary
  3. Analysis & Synthesis Settings
  4. Parallel Compilation
  5. Analysis & Synthesis Source Files Read
  6. Analysis & Synthesis Resource Usage Summary
  7. Analysis & Synthesis Resource Utilization by Entity
  8. Registers Removed During Synthesis
  9. General Register Statistics
 10. Inverted Register Statistics
 11. Multiplexer Restructuring Statistics (Restructuring Performed)
 12. Parameter Settings for User Entity Instance: Top-level Entity: |AoA_SPI
 13. Elapsed Time Per Partition
 14. Analysis & Synthesis Messages



----------------
; Legal Notice ;
----------------
Copyright (C) 1991-2014 Altera Corporation
Your use of Altera Corporation's design tools, logic functions 
and other software and tools, and its AMPP partner logic 
functions, and any output files from any of the foregoing 
(including device programming or simulation files), and any 
associated documentation or information are expressly subject 
to the terms and conditions of the Altera Program License 
Subscription Agreement, Altera MegaCore Function License 
Agreement, or other applicable license agreement, including, 
without limitation, that your use is for the sole purpose of 
programming logic devices manufactured by Altera and sold by 
Altera or its authorized distributors.  Please refer to the 
applicable agreement for further details.



+---------------------------------------------------------------------------------+
; Analysis & Synthesis Summary                                                    ;
+------------------------------------+--------------------------------------------+
; Analysis & Synthesis Status        ; Successful - Thu Dec 12 19:31:43 2019      ;
; Quartus II 64-Bit Version          ; 13.1.4 Build 182 03/12/2014 SJ Web Edition ;
; Revision Name                      ; AoA_SPI                                    ;
; Top-level Entity Name              ; AoA_SPI                                    ;
; Family                             ; Cyclone III                                ;
; Total logic elements               ; 298                                        ;
;     Total combinational functions  ; 164                                        ;
;     Dedicated logic registers      ; 161                                        ;
; Total registers                    ; 161                                        ;
; Total pins                         ; 137                                        ;
; Total virtual pins                 ; 0                                          ;
; Total memory bits                  ; 0                                          ;
; Embedded Multiplier 9-bit elements ; 0                                          ;
; Total PLLs                         ; 0                                          ;
+------------------------------------+--------------------------------------------+


+----------------------------------------------------------------------------------------------------------------------+
; Analysis & Synthesis Settings                                                                                        ;
+----------------------------------------------------------------------------+--------------------+--------------------+
; Option                                                                     ; Setting            ; Default Value      ;
+----------------------------------------------------------------------------+--------------------+--------------------+
; Device                                                                     ; EP3C16F484C6       ;                    ;
; Top-level entity name                                                      ; AoA_SPI            ; AoA_SPI            ;
; Family name                                                                ; Cyclone III        ; Cyclone IV GX      ;
; Use smart compilation                                                      ; Off                ; Off                ;
; Enable parallel Assembler and TimeQuest Timing Analyzer during compilation ; On                 ; On                 ;
; Enable compact report table                                                ; Off                ; Off                ;
; Restructure Multiplexers                                                   ; Auto               ; Auto               ;
; Create Debugging Nodes for IP Cores                                        ; Off                ; Off                ;
; Preserve fewer node names                                                  ; On                 ; On                 ;
; Disable OpenCore Plus hardware evaluation                                  ; Off                ; Off                ;
; Verilog Version                                                            ; Verilog_2001       ; Verilog_2001       ;
; VHDL Version                                                               ; VHDL_1993          ; VHDL_1993          ;
; State Machine Processing                                                   ; Auto               ; Auto               ;
; Safe State Machine                                                         ; Off                ; Off                ;
; Extract Verilog State Machines                                             ; On                 ; On                 ;
; Extract VHDL State Machines                                                ; On                 ; On                 ;
; Ignore Verilog initial constructs                                          ; Off                ; Off                ;
; Iteration limit for constant Verilog loops                                 ; 5000               ; 5000               ;
; Iteration limit for non-constant Verilog loops                             ; 250                ; 250                ;
; Add Pass-Through Logic to Inferred RAMs                                    ; On                 ; On                 ;
; Infer RAMs from Raw Logic                                                  ; On                 ; On                 ;
; Parallel Synthesis                                                         ; On                 ; On                 ;
; DSP Block Balancing                                                        ; Auto               ; Auto               ;
; NOT Gate Push-Back                                                         ; On                 ; On                 ;
; Power-Up Don't Care                                                        ; On                 ; On                 ;
; Remove Redundant Logic Cells                                               ; Off                ; Off                ;
; Remove Duplicate Registers                                                 ; On                 ; On                 ;
; Ignore CARRY Buffers                                                       ; Off                ; Off                ;
; Ignore CASCADE Buffers                                                     ; Off                ; Off                ;
; Ignore GLOBAL Buffers                                                      ; Off                ; Off                ;
; Ignore ROW GLOBAL Buffers                                                  ; Off                ; Off                ;
; Ignore LCELL Buffers                                                       ; Off                ; Off                ;
; Ignore SOFT Buffers                                                        ; On                 ; On                 ;
; Limit AHDL Integers to 32 Bits                                             ; Off                ; Off                ;
; Optimization Technique                                                     ; Balanced           ; Balanced           ;
; Carry Chain Length                                                         ; 70                 ; 70                 ;
; Auto Carry Chains                                                          ; On                 ; On                 ;
; Auto Open-Drain Pins                                                       ; On                 ; On                 ;
; Perform WYSIWYG Primitive Resynthesis                                      ; Off                ; Off                ;
; Auto ROM Replacement                                                       ; On                 ; On                 ;
; Auto RAM Replacement                                                       ; On                 ; On                 ;
; Auto DSP Block Replacement                                                 ; On                 ; On                 ;
; Auto Shift Register Replacement                                            ; Auto               ; Auto               ;
; Allow Shift Register Merging across Hierarchies                            ; Auto               ; Auto               ;
; Auto Clock Enable Replacement                                              ; On                 ; On                 ;
; Strict RAM Replacement                                                     ; Off                ; Off                ;
; Allow Synchronous Control Signals                                          ; On                 ; On                 ;
; Force Use of Synchronous Clear Signals                                     ; Off                ; Off                ;
; Auto RAM Block Balancing                                                   ; On                 ; On                 ;
; Auto RAM to Logic Cell Conversion                                          ; Off                ; Off                ;
; Auto Resource Sharing                                                      ; Off                ; Off                ;
; Allow Any RAM Size For Recognition                                         ; Off                ; Off                ;
; Allow Any ROM Size For Recognition                                         ; Off                ; Off                ;
; Allow Any Shift Register Size For Recognition                              ; Off                ; Off                ;
; Use LogicLock Constraints during Resource Balancing                        ; On                 ; On                 ;
; Ignore translate_off and synthesis_off directives                          ; Off                ; Off                ;
; Timing-Driven Synthesis                                                    ; On                 ; On                 ;
; Report Parameter Settings                                                  ; On                 ; On                 ;
; Report Source Assignments                                                  ; On                 ; On                 ;
; Report Connectivity Checks                                                 ; On                 ; On                 ;
; Ignore Maximum Fan-Out Assignments                                         ; Off                ; Off                ;
; Synchronization Register Chain Length                                      ; 2                  ; 2                  ;
; PowerPlay Power Optimization                                               ; Normal compilation ; Normal compilation ;
; HDL message level                                                          ; Level2             ; Level2             ;
; Suppress Register Optimization Related Messages                            ; Off                ; Off                ;
; Number of Removed Registers Reported in Synthesis Report                   ; 5000               ; 5000               ;
; Number of Swept Nodes Reported in Synthesis Report                         ; 5000               ; 5000               ;
; Number of Inverted Registers Reported in Synthesis Report                  ; 100                ; 100                ;
; Clock MUX Protection                                                       ; On                 ; On                 ;
; Auto Gated Clock Conversion                                                ; Off                ; Off                ;
; Block Design Naming                                                        ; Auto               ; Auto               ;
; SDC constraint protection                                                  ; Off                ; Off                ;
; Synthesis Effort                                                           ; Auto               ; Auto               ;
; Shift Register Replacement - Allow Asynchronous Clear Signal               ; On                 ; On                 ;
; Pre-Mapping Resynthesis Optimization                                       ; Off                ; Off                ;
; Analysis & Synthesis Message Level                                         ; Medium             ; Medium             ;
; Disable Register Merging Across Hierarchies                                ; Auto               ; Auto               ;
; Resource Aware Inference For Block RAM                                     ; On                 ; On                 ;
; Synthesis Seed                                                             ; 1                  ; 1                  ;
+----------------------------------------------------------------------------+--------------------+--------------------+


Parallel compilation was disabled, but you have multiple processors available. Enable parallel compilation to reduce compilation time.
+-------------------------------------+
; Parallel Compilation                ;
+----------------------------+--------+
; Processors                 ; Number ;
+----------------------------+--------+
; Number detected on machine ; 12     ;
; Maximum allowed            ; 1      ;
+----------------------------+--------+


+--------------------------------------------------------------------------------------------------------------------------------------------------------------------------------------------------+
; Analysis & Synthesis Source Files Read                                                                                                                                                           ;
+----------------------------------+-----------------+-----------------+-----------------------------------------------------------------------------------------------------------------+---------+
; File Name with User-Entered Path ; Used in Netlist ; File Type       ; File Name with Absolute Path                                                                                    ; Library ;
+----------------------------------+-----------------+-----------------+-----------------------------------------------------------------------------------------------------------------+---------+
; ../../src/records.vhd            ; yes             ; User VHDL File  ; C:/Users/holge/OneDrive/AAU - Elektronik og IT/5. semester/P5/P5-Track-n-Point/FPGA/src/records.vhd             ;         ;
; ../../src/constants.vhd          ; yes             ; User VHDL File  ; C:/Users/holge/OneDrive/AAU - Elektronik og IT/5. semester/P5/P5-Track-n-Point/FPGA/src/constants.vhd           ;         ;
; AoA_SPI.vhd                      ; yes             ; User VHDL File  ; C:/Users/holge/OneDrive/AAU - Elektronik og IT/5. semester/P5/P5-Track-n-Point/FPGA/quartus/AoA_SPI/AoA_SPI.vhd ;         ;
+----------------------------------+-----------------+-----------------+-----------------------------------------------------------------------------------------------------------------+---------+


+-----------------------------------------------------------+
; Analysis & Synthesis Resource Usage Summary               ;
+---------------------------------------------+-------------+
; Resource                                    ; Usage       ;
+---------------------------------------------+-------------+
; Estimated Total logic elements              ; 298         ;
;                                             ;             ;
; Total combinational functions               ; 164         ;
; Logic element usage by number of LUT inputs ;             ;
;     -- 4 input functions                    ; 94          ;
;     -- 3 input functions                    ; 29          ;
;     -- <=2 input functions                  ; 41          ;
;                                             ;             ;
; Logic elements by mode                      ;             ;
;     -- normal mode                          ; 164         ;
;     -- arithmetic mode                      ; 0           ;
;                                             ;             ;
; Total registers                             ; 161         ;
;     -- Dedicated logic registers            ; 161         ;
;     -- I/O registers                        ; 0           ;
;                                             ;             ;
; I/O pins                                    ; 137         ;
; Embedded Multiplier 9-bit elements          ; 0           ;
; Maximum fan-out node                        ; process_2~0 ;
; Maximum fan-out                             ; 108         ;
; Total fan-out                               ; 1177        ;
; Average fan-out                             ; 1.96        ;
+---------------------------------------------+-------------+


+-----------------------------------------------------------------------------------------------------------------------------------------------------------------------------+
; Analysis & Synthesis Resource Utilization by Entity                                                                                                                         ;
+----------------------------+-------------------+--------------+-------------+--------------+---------+-----------+------+--------------+---------------------+--------------+
; Compilation Hierarchy Node ; LC Combinationals ; LC Registers ; Memory Bits ; DSP Elements ; DSP 9x9 ; DSP 18x18 ; Pins ; Virtual Pins ; Full Hierarchy Name ; Library Name ;
+----------------------------+-------------------+--------------+-------------+--------------+---------+-----------+------+--------------+---------------------+--------------+
; |AoA_SPI                   ; 164 (164)         ; 161 (161)    ; 0           ; 0            ; 0       ; 0         ; 137  ; 0            ; |AoA_SPI            ; work         ;
+----------------------------+-------------------+--------------+-------------+--------------+---------+-----------+------+--------------+---------------------+--------------+
Note: For table entries with two numbers listed, the numbers in parentheses indicate the number of resources of the given type used by the specific entity alone. The numbers listed outside of parentheses indicate the total resources of the given type used by the specific entity and all of its sub-entities in the hierarchy.


+--------------------------------------------------------------------------------+
; Registers Removed During Synthesis                                             ;
+---------------------------------------+----------------------------------------+
; Register name                         ; Reason for Removal                     ;
+---------------------------------------+----------------------------------------+
; r_bit_count[0]                        ; Stuck at GND due to stuck port data_in ;
; Total Number of Removed Registers = 1 ;                                        ;
+---------------------------------------+----------------------------------------+


+------------------------------------------------------+
; General Register Statistics                          ;
+----------------------------------------------+-------+
; Statistic                                    ; Value ;
+----------------------------------------------+-------+
; Total registers                              ; 161   ;
; Number of registers using Synchronous Clear  ; 0     ;
; Number of registers using Synchronous Load   ; 0     ;
; Number of registers using Asynchronous Clear ; 45    ;
; Number of registers using Asynchronous Load  ; 0     ;
; Number of registers using Clock Enable       ; 128   ;
; Number of registers using Preset             ; 0     ;
+----------------------------------------------+-------+


+--------------------------------------------------+
; Inverted Register Statistics                     ;
+----------------------------------------+---------+
; Inverted Register                      ; Fan out ;
+----------------------------------------+---------+
; r_bit_count[1]                         ; 3       ;
; Total number of inverted registers = 1 ;         ;
+----------------------------------------+---------+


+------------------------------------------------------------------------------------------------------------------------------------------+
; Multiplexer Restructuring Statistics (Restructuring Performed)                                                                           ;
+--------------------+-----------+---------------+----------------------+------------------------+------------+----------------------------+
; Multiplexer Inputs ; Bus Width ; Baseline Area ; Area if Restructured ; Saving if Restructured ; Registered ; Example Multiplexer Output ;
+--------------------+-----------+---------------+----------------------+------------------------+------------+----------------------------+
; 6:1                ; 18 bits   ; 72 LEs        ; 72 LEs               ; 0 LEs                  ; No         ; |AoA_SPI|Mux0              ;
+--------------------+-----------+---------------+----------------------+------------------------+------------+----------------------------+


+-------------------------------------------------------------------------+
; Parameter Settings for User Entity Instance: Top-level Entity: |AoA_SPI ;
+----------------+-------+------------------------------------------------+
; Parameter Name ; Value ; Type                                           ;
+----------------+-------+------------------------------------------------+
; cpol           ; '0'   ; Enumerated                                     ;
; cpha           ; '0'   ; Enumerated                                     ;
; d_width        ; 18    ; Signed Integer                                 ;
+----------------+-------+------------------------------------------------+
Note: In order to hide this table in the UI and the text report file, please set the "Show Parameter Settings in Synthesis Report" option in "Analysis and Synthesis Settings -> More Settings" to "Off".


+-------------------------------+
; Elapsed Time Per Partition    ;
+----------------+--------------+
; Partition Name ; Elapsed Time ;
+----------------+--------------+
; Top            ; 00:00:00     ;
+----------------+--------------+


+-------------------------------+
; Analysis & Synthesis Messages ;
+-------------------------------+
Info: *******************************************************************
Info: Running Quartus II 64-Bit Analysis & Synthesis
    Info: Version 13.1.4 Build 182 03/12/2014 SJ Web Edition
    Info: Processing started: Thu Dec 12 19:31:42 2019
Info: Command: quartus_map --read_settings_files=on --write_settings_files=off AoA_SPI -c AoA_SPI
Warning (20028): Parallel compilation is not licensed and has been disabled
Info (12021): Found 1 design units, including 0 entities, in source file /users/holge/onedrive/aau - elektronik og it/5. semester/p5/p5-track-n-point/fpga/src/records.vhd
    Info (12022): Found design unit 1: records
Info (12021): Found 2 design units, including 0 entities, in source file /users/holge/onedrive/aau - elektronik og it/5. semester/p5/p5-track-n-point/fpga/src/constants.vhd
    Info (12022): Found design unit 1: constants
    Info (12022): Found design unit 2: constants-body
Info (12021): Found 2 design units, including 1 entities, in source file aoa_spi.vhd
    Info (12022): Found design unit 1: AoA_SPI-behavioural
    Info (12023): Found entity 1: AoA_SPI
Info (12127): Elaborating entity "AoA_SPI" for the top level hierarchy
Warning (10540): VHDL Signal Declaration warning at AoA_SPI.vhd(40): used explicit default value for signal "o_rx_data" because signal was never assigned a value
Warning (10030): Net "trdy" at AoA_SPI.vhd(35) has no driver or initial value, using a default initial value '0'
Warning (10030): Net "rrdy" at AoA_SPI.vhd(36) has no driver or initial value, using a default initial value '0'
Warning (10030): Net "roe" at AoA_SPI.vhd(37) has no driver or initial value, using a default initial value '0'
Info (13000): Registers with preset signals will power-up high
Info (13003): DEV_CLRn pin will set, and not reset, register with preset signal due to NOT Gate Push-Back
Warning (13004): Presettable and clearable registers converted to equivalent circuits with latches. Registers power-up to an undefined state, and DEVCLRn places the registers in an undefined state.
    Warning (13310): Register "r_tx_buffer[17]" is converted into an equivalent circuit using register "r_tx_buffer[17]~_emulated" and latch "r_tx_buffer[17]~1"
    Warning (13310): Register "r_tx_buffer[16]" is converted into an equivalent circuit using register "r_tx_buffer[16]~_emulated" and latch "r_tx_buffer[16]~6"
    Warning (13310): Register "r_tx_buffer[15]" is converted into an equivalent circuit using register "r_tx_buffer[15]~_emulated" and latch "r_tx_buffer[15]~11"
    Warning (13310): Register "r_tx_buffer[14]" is converted into an equivalent circuit using register "r_tx_buffer[14]~_emulated" and latch "r_tx_buffer[14]~16"
    Warning (13310): Register "r_tx_buffer[13]" is converted into an equivalent circuit using register "r_tx_buffer[13]~_emulated" and latch "r_tx_buffer[13]~21"
    Warning (13310): Register "r_tx_buffer[12]" is converted into an equivalent circuit using register "r_tx_buffer[12]~_emulated" and latch "r_tx_buffer[12]~26"
    Warning (13310): Register "r_tx_buffer[11]" is converted into an equivalent circuit using register "r_tx_buffer[11]~_emulated" and latch "r_tx_buffer[11]~31"
    Warning (13310): Register "r_tx_buffer[10]" is converted into an equivalent circuit using register "r_tx_buffer[10]~_emulated" and latch "r_tx_buffer[10]~36"
    Warning (13310): Register "r_tx_buffer[9]" is converted into an equivalent circuit using register "r_tx_buffer[9]~_emulated" and latch "r_tx_buffer[9]~41"
    Warning (13310): Register "r_tx_buffer[8]" is converted into an equivalent circuit using register "r_tx_buffer[8]~_emulated" and latch "r_tx_buffer[8]~46"
    Warning (13310): Register "r_tx_buffer[7]" is converted into an equivalent circuit using register "r_tx_buffer[7]~_emulated" and latch "r_tx_buffer[7]~51"
    Warning (13310): Register "r_tx_buffer[6]" is converted into an equivalent circuit using register "r_tx_buffer[6]~_emulated" and latch "r_tx_buffer[6]~56"
    Warning (13310): Register "r_tx_buffer[5]" is converted into an equivalent circuit using register "r_tx_buffer[5]~_emulated" and latch "r_tx_buffer[5]~61"
    Warning (13310): Register "r_tx_buffer[4]" is converted into an equivalent circuit using register "r_tx_buffer[4]~_emulated" and latch "r_tx_buffer[4]~66"
    Warning (13310): Register "r_tx_buffer[3]" is converted into an equivalent circuit using register "r_tx_buffer[3]~_emulated" and latch "r_tx_buffer[3]~71"
    Warning (13310): Register "r_tx_buffer[2]" is converted into an equivalent circuit using register "r_tx_buffer[2]~_emulated" and latch "r_tx_buffer[2]~76"
    Warning (13310): Register "r_tx_buffer[1]" is converted into an equivalent circuit using register "r_tx_buffer[1]~_emulated" and latch "r_tx_buffer[1]~81"
    Warning (13310): Register "r_tx_buffer[0]" is converted into an equivalent circuit using register "r_tx_buffer[0]~_emulated" and latch "r_tx_buffer[0]~86"
Warning (13024): Output pins are stuck at VCC or GND
    Warning (13410): Pin "trdy" is stuck at GND
    Warning (13410): Pin "rrdy" is stuck at GND
    Warning (13410): Pin "roe" is stuck at GND
    Warning (13410): Pin "o_rx_data[0]" is stuck at GND
    Warning (13410): Pin "o_rx_data[1]" is stuck at GND
    Warning (13410): Pin "o_rx_data[2]" is stuck at GND
    Warning (13410): Pin "o_rx_data[3]" is stuck at GND
    Warning (13410): Pin "o_rx_data[4]" is stuck at GND
    Warning (13410): Pin "o_rx_data[5]" is stuck at GND
    Warning (13410): Pin "o_rx_data[6]" is stuck at GND
    Warning (13410): Pin "o_rx_data[7]" is stuck at GND
    Warning (13410): Pin "o_rx_data[8]" is stuck at GND
    Warning (13410): Pin "o_rx_data[9]" is stuck at GND
    Warning (13410): Pin "o_rx_data[10]" is stuck at GND
    Warning (13410): Pin "o_rx_data[11]" is stuck at GND
    Warning (13410): Pin "o_rx_data[12]" is stuck at GND
    Warning (13410): Pin "o_rx_data[13]" is stuck at GND
    Warning (13410): Pin "o_rx_data[14]" is stuck at GND
    Warning (13410): Pin "o_rx_data[15]" is stuck at GND
    Warning (13410): Pin "o_rx_data[16]" is stuck at GND
    Warning (13410): Pin "o_rx_data[17]" is stuck at GND
Info (286030): Timing-Driven Synthesis is running
Info (16010): Generating hard_block partition "hard_block:auto_generated_inst"
    Info (16011): Adding 0 node(s), including 0 DDIO, 0 PLL, 0 transceiver and 0 LCELL
Info (21057): Implemented 435 device resources after synthesis - the final resource count might be different
    Info (21058): Implemented 114 input pins
    Info (21059): Implemented 23 output pins
    Info (21061): Implemented 298 logic cells
Info: Quartus II 64-Bit Analysis & Synthesis was successful. 0 errors, 46 warnings
    Info: Peak virtual memory: 4672 megabytes
    Info: Processing ended: Thu Dec 12 19:31:43 2019
    Info: Elapsed time: 00:00:01
    Info: Total CPU time (on all processors): 00:00:02


