Unknown:
C:\Users\holge\OneDrive\AAU - Elektronik og IT\5. semester\P5\P5-Track-n-Point\Antenna design\CST\inset_patch_868MHz_tweaker\Result\MCalc-Facets-1xN.log
C:\Users\holge\OneDrive\AAU - Elektronik og IT\5. semester\P5\P5-Track-n-Point\Antenna design\CST\inset_patch_868MHz_tweaker\Result\MCalc-Facets-PP.log
C:\Users\holge\OneDrive\AAU - Elektronik og IT\5. semester\P5\P5-Track-n-Point\Antenna design\CST\inset_patch_868MHz_tweaker\Result\MCalc.log
C:\Users\holge\OneDrive\AAU - Elektronik og IT\5. semester\P5\P5-Track-n-Point\Antenna design\CST\inset_patch_868MHz_tweaker\Result\Model.axg
C:\Users\holge\OneDrive\AAU - Elektronik og IT\5. semester\P5\P5-Track-n-Point\Antenna design\CST\inset_patch_868MHz_tweaker\Result\Model.coco
C:\Users\holge\OneDrive\AAU - Elektronik og IT\5. semester\P5\P5-Track-n-Point\Antenna design\CST\inset_patch_868MHz_tweaker\Result\Model.inf
C:\Users\holge\OneDrive\AAU - Elektronik og IT\5. semester\P5\P5-Track-n-Point\Antenna design\CST\inset_patch_868MHz_tweaker\Result\Model.log
C:\Users\holge\OneDrive\AAU - Elektronik og IT\5. semester\P5\P5-Track-n-Point\Antenna design\CST\inset_patch_868MHz_tweaker\Result\Model.sa
C:\Users\holge\OneDrive\AAU - Elektronik og IT\5. semester\P5\P5-Track-n-Point\Antenna design\CST\inset_patch_868MHz_tweaker\Result\m^fifx.dsc
C:\Users\holge\OneDrive\AAU - Elektronik og IT\5. semester\P5\P5-Track-n-Point\Antenna design\CST\inset_patch_868MHz_tweaker\Result\m^ppex.dsc
C:\Users\holge\OneDrive\AAU - Elektronik og IT\5. semester\P5\P5-Track-n-Point\Antenna design\CST\inset_patch_868MHz_tweaker\Result\m^wgp.dsc
C:\Users\holge\OneDrive\AAU - Elektronik og IT\5. semester\P5\P5-Track-n-Point\Antenna design\CST\inset_patch_868MHz_tweaker\Result\Ports.web
Mesh:
C:\Users\holge\OneDrive\AAU - Elektronik og IT\5. semester\P5\P5-Track-n-Point\Antenna design\CST\inset_patch_868MHz_tweaker\Result\MCalc.fmp
C:\Users\holge\OneDrive\AAU - Elektronik og IT\5. semester\P5\P5-Track-n-Point\Antenna design\CST\inset_patch_868MHz_tweaker\Result\MCalc.xcfd
C:\Users\holge\OneDrive\AAU - Elektronik og IT\5. semester\P5\P5-Track-n-Point\Antenna design\CST\inset_patch_868MHz_tweaker\Result\Model.fmm
C:\Users\holge\OneDrive\AAU - Elektronik og IT\5. semester\P5\P5-Track-n-Point\Antenna design\CST\inset_patch_868MHz_tweaker\Result\Model.fsi
C:\Users\holge\OneDrive\AAU - Elektronik og IT\5. semester\P5\P5-Track-n-Point\Antenna design\CST\inset_patch_868MHz_tweaker\Result\Model.fwf
C:\Users\holge\OneDrive\AAU - Elektronik og IT\5. semester\P5\P5-Track-n-Point\Antenna design\CST\inset_patch_868MHz_tweaker\Result\Model.mss
C:\Users\holge\OneDrive\AAU - Elektronik og IT\5. semester\P5\P5-Track-n-Point\Antenna design\CST\inset_patch_868MHz_tweaker\Result\Model.xcfd
C:\Users\holge\OneDrive\AAU - Elektronik og IT\5. semester\P5\P5-Track-n-Point\Antenna design\CST\inset_patch_868MHz_tweaker\Result\p1.spi
C:\Users\holge\OneDrive\AAU - Elektronik og IT\5. semester\P5\P5-Track-n-Point\Antenna design\CST\inset_patch_868MHz_tweaker\Result\Port1.wgi
C:\Users\holge\OneDrive\AAU - Elektronik og IT\5. semester\P5\P5-Track-n-Point\Antenna design\CST\inset_patch_868MHz_tweaker\Result\Ports.fpt
C:\Users\holge\OneDrive\AAU - Elektronik og IT\5. semester\P5\P5-Track-n-Point\Antenna design\CST\inset_patch_868MHz_tweaker\Result\PP.fsi
Port:
