matrixcalc_AMD64 @ HSB-XPS15:  ----------
                               Infos #: 0
                               ----------

matrixcalc_AMD64 @ HSB-XPS15:  -------------
                               WARNINGS #: 0
                               -------------

matrixcalc_AMD64 @ HSB-XPS15:  -----------
                               ERRORS #: 0
                               -----------

matrixcalc_AMD64 @ HSB-XPS15:  ----------
                               Infos #: 0
                               ----------

matrixcalc_AMD64 @ HSB-XPS15:  -------------
                               WARNINGS #: 0
                               -------------

matrixcalc_AMD64 @ HSB-XPS15:  -----------
                               ERRORS #: 0
                               -----------

matrixcalc_AMD64 @ HSB-XPS15:  ----------
                               Infos #: 0
                               ----------

matrixcalc_AMD64 @ HSB-XPS15:  -------------
                               WARNINGS #: 0
                               -------------

matrixcalc_AMD64 @ HSB-XPS15:  -----------
                               ERRORS #: 0
                               -----------

matrixcalc_AMD64 @ HSB-XPS15:  ----------
                               Infos #: 0
                               ----------

matrixcalc_AMD64 @ HSB-XPS15:  -------------
                               WARNINGS #: 0
                               -------------

matrixcalc_AMD64 @ HSB-XPS15:  -----------
                               ERRORS #: 0
                               -----------

matrixcalc_AMD64 @ HSB-XPS15:  ----------
                               Infos #: 0
                               ----------

matrixcalc_AMD64 @ HSB-XPS15:  -------------
                               WARNINGS #: 0
                               -------------

matrixcalc_AMD64 @ HSB-XPS15:  -----------
                               ERRORS #: 0
                               -----------

