Port monitor named: Port1_e1[0.8].prt

nx        = 65
ny        = 57
nz        = 23

nu        = 7
nv        = 13
iu        = 10
iv        = 27

idir      = 1
dcut      = -7.500000e-002
icut      = 8
type      = 0
frequency = 8.000000e+008

fcutoff   = 0.000000e+000
alpha     = 0.000000e+000
beta      = 3.080124e+001
accuracy  = 1.212831e-010

type          = QTEM
wave imp.     = 2.060997e+002
wave imp.sig. = 0.000000e+000
line imp.     = 5.606629e+001

ref. port     = 0

-4.139732e+001  -3.963840e+001  -1.685338e+002  -1.525850e+002  -1.300653e+002  -5.010960e+001  -0.000000e+000  
-1.101703e+002  -9.216007e+001  -3.252575e+002  -2.485552e+002  -1.800666e+002  -3.025758e+001  -0.000000e+000  
-2.794697e+002  -1.941919e+002  -4.490591e+002  -2.416567e+002  -1.271076e+002  -3.800988e+000  -0.000000e+000  
-6.848286e+002  -4.371897e+002  -5.559105e+002  -1.415850e+002  7.984070e-001  3.014129e+001  -0.000000e+000  
-1.775745e+003  -1.243682e+003  -3.285806e+002  2.319540e+002  2.624039e+002  6.811527e+001  -0.000000e+000  
-3.713415e+003  -4.333723e+003  1.956323e+003  9.165714e+002  5.400977e+002  9.328728e+001  -0.000000e+000  
-4.575822e+003  -5.308002e+003  2.279616e+003  1.174639e+003  6.746784e+002  1.052704e+002  -0.000000e+000  
-3.713415e+003  -4.333723e+003  1.956323e+003  9.165714e+002  5.400977e+002  9.328728e+001  -0.000000e+000  
-1.775745e+003  -1.243682e+003  -3.285806e+002  2.319540e+002  2.624039e+002  6.811527e+001  -0.000000e+000  
-6.848286e+002  -4.371897e+002  -5.559105e+002  -1.415850e+002  7.984070e-001  3.014129e+001  -0.000000e+000  
-2.794697e+002  -1.941919e+002  -4.490591e+002  -2.416567e+002  -1.271076e+002  -3.800988e+000  -0.000000e+000  
-1.101703e+002  -9.216007e+001  -3.252575e+002  -2.485552e+002  -1.800666e+002  -3.025758e+001  -0.000000e+000  
-4.139732e+001  -3.963840e+001  -1.685338e+002  -1.525850e+002  -1.300653e+002  -5.010960e+001  -0.000000e+000  

-0.000000e+000  -7.278652e+000  -1.301751e+001  -4.206288e+001  -5.969549e+001  -6.872116e+001  -4.847829e+001  
-0.000000e+000  -9.826523e+001  -1.598882e+002  -2.816493e+002  -2.734799e+002  -2.197073e+002  -8.193372e+001  
-0.000000e+000  -2.365562e+002  -3.845981e+002  -4.890762e+002  -3.878241e+002  -2.592376e+002  -8.284457e+001  
-0.000000e+000  -6.387120e+002  -1.133057e+003  -9.040066e+002  -5.300738e+002  -2.682452e+002  -7.123901e+001  
-0.000000e+000  -1.417453e+003  -3.652110e+003  -1.409908e+003  -5.571026e+002  -2.109397e+002  -4.817370e+001  
-0.000000e+000  -5.485495e+002  -0.000000e+000  -5.109514e+002  -2.313241e+002  -8.546377e+001  -1.811430e+001  
-0.000000e+000  5.485495e+002  -0.000000e+000  5.109514e+002  2.313241e+002  8.546377e+001  1.811430e+001  
-0.000000e+000  1.417453e+003  3.652110e+003  1.409908e+003  5.571026e+002  2.109397e+002  4.817370e+001  
-0.000000e+000  6.387120e+002  1.133057e+003  9.040066e+002  5.300738e+002  2.682452e+002  7.123901e+001  
-0.000000e+000  2.365562e+002  3.845981e+002  4.890762e+002  3.878241e+002  2.592376e+002  8.284457e+001  
-0.000000e+000  9.826523e+001  1.598882e+002  2.816493e+002  2.734799e+002  2.197073e+002  8.193372e+001  
-0.000000e+000  7.278652e+000  1.301751e+001  4.206288e+001  5.969549e+001  6.872116e+001  4.847829e+001  
-0.000000e+000  -0.000000e+000  -0.000000e+000  -0.000000e+000  -0.000000e+000  -0.000000e+000  -0.000000e+000  

0.000000e+000  0.000000e+000  0.000000e+000  0.000000e+000  0.000000e+000  0.000000e+000  0.000000e+000  
0.000000e+000  0.000000e+000  0.000000e+000  0.000000e+000  0.000000e+000  0.000000e+000  0.000000e+000  
0.000000e+000  0.000000e+000  0.000000e+000  0.000000e+000  0.000000e+000  0.000000e+000  0.000000e+000  
0.000000e+000  0.000000e+000  0.000000e+000  0.000000e+000  0.000000e+000  0.000000e+000  0.000000e+000  
0.000000e+000  0.000000e+000  0.000000e+000  0.000000e+000  0.000000e+000  0.000000e+000  0.000000e+000  
0.000000e+000  0.000000e+000  0.000000e+000  0.000000e+000  0.000000e+000  0.000000e+000  0.000000e+000  
0.000000e+000  0.000000e+000  0.000000e+000  0.000000e+000  0.000000e+000  0.000000e+000  0.000000e+000  
0.000000e+000  0.000000e+000  0.000000e+000  0.000000e+000  0.000000e+000  0.000000e+000  0.000000e+000  
0.000000e+000  0.000000e+000  0.000000e+000  0.000000e+000  0.000000e+000  0.000000e+000  0.000000e+000  
0.000000e+000  0.000000e+000  0.000000e+000  0.000000e+000  0.000000e+000  0.000000e+000  0.000000e+000  
0.000000e+000  0.000000e+000  0.000000e+000  0.000000e+000  0.000000e+000  0.000000e+000  0.000000e+000  
0.000000e+000  0.000000e+000  0.000000e+000  0.000000e+000  0.000000e+000  0.000000e+000  0.000000e+000  
0.000000e+000  0.000000e+000  0.000000e+000  0.000000e+000  0.000000e+000  0.000000e+000  0.000000e+000  

0.000000e+000  0.000000e+000  0.000000e+000  0.000000e+000  0.000000e+000  0.000000e+000  0.000000e+000  
0.000000e+000  0.000000e+000  0.000000e+000  0.000000e+000  0.000000e+000  0.000000e+000  0.000000e+000  
0.000000e+000  0.000000e+000  0.000000e+000  0.000000e+000  0.000000e+000  0.000000e+000  0.000000e+000  
0.000000e+000  0.000000e+000  0.000000e+000  0.000000e+000  0.000000e+000  0.000000e+000  0.000000e+000  
0.000000e+000  0.000000e+000  0.000000e+000  0.000000e+000  0.000000e+000  0.000000e+000  0.000000e+000  
0.000000e+000  0.000000e+000  0.000000e+000  0.000000e+000  0.000000e+000  0.000000e+000  0.000000e+000  
0.000000e+000  0.000000e+000  0.000000e+000  0.000000e+000  0.000000e+000  0.000000e+000  0.000000e+000  
0.000000e+000  0.000000e+000  0.000000e+000  0.000000e+000  0.000000e+000  0.000000e+000  0.000000e+000  
0.000000e+000  0.000000e+000  0.000000e+000  0.000000e+000  0.000000e+000  0.000000e+000  0.000000e+000  
0.000000e+000  0.000000e+000  0.000000e+000  0.000000e+000  0.000000e+000  0.000000e+000  0.000000e+000  
0.000000e+000  0.000000e+000  0.000000e+000  0.000000e+000  0.000000e+000  0.000000e+000  0.000000e+000  
0.000000e+000  0.000000e+000  0.000000e+000  0.000000e+000  0.000000e+000  0.000000e+000  0.000000e+000  
0.000000e+000  0.000000e+000  0.000000e+000  0.000000e+000  0.000000e+000  0.000000e+000  0.000000e+000  

0.000000e+000  0.000000e+000  0.000000e+000  0.000000e+000  0.000000e+000  0.000000e+000  0.000000e+000  
0.000000e+000  0.000000e+000  0.000000e+000  0.000000e+000  0.000000e+000  0.000000e+000  0.000000e+000  
0.000000e+000  0.000000e+000  0.000000e+000  0.000000e+000  0.000000e+000  0.000000e+000  0.000000e+000  
0.000000e+000  0.000000e+000  0.000000e+000  0.000000e+000  0.000000e+000  0.000000e+000  0.000000e+000  
0.000000e+000  0.000000e+000  0.000000e+000  0.000000e+000  0.000000e+000  0.000000e+000  0.000000e+000  
0.000000e+000  0.000000e+000  0.000000e+000  0.000000e+000  0.000000e+000  0.000000e+000  0.000000e+000  
0.000000e+000  0.000000e+000  0.000000e+000  0.000000e+000  0.000000e+000  0.000000e+000  0.000000e+000  
0.000000e+000  0.000000e+000  0.000000e+000  0.000000e+000  0.000000e+000  0.000000e+000  0.000000e+000  
0.000000e+000  0.000000e+000  0.000000e+000  0.000000e+000  0.000000e+000  0.000000e+000  0.000000e+000  
0.000000e+000  0.000000e+000  0.000000e+000  0.000000e+000  0.000000e+000  0.000000e+000  0.000000e+000  
0.000000e+000  0.000000e+000  0.000000e+000  0.000000e+000  0.000000e+000  0.000000e+000  0.000000e+000  
0.000000e+000  0.000000e+000  0.000000e+000  0.000000e+000  0.000000e+000  0.000000e+000  0.000000e+000  
0.000000e+000  0.000000e+000  0.000000e+000  0.000000e+000  0.000000e+000  0.000000e+000  0.000000e+000  

-0.000000e+000  -3.971809e+000  -8.058124e+000  -9.261959e+000  -1.015229e+001  -1.081145e+001  -1.164742e+001  
-0.000000e+000  -6.812368e+000  -1.377875e+001  -1.386990e+001  -1.359902e+001  -1.326924e+001  -1.266568e+001  
-0.000000e+000  -8.780158e+000  -1.802767e+001  -1.593146e+001  -1.448304e+001  -1.356091e+001  -1.276489e+001  
-0.000000e+000  -1.062481e+001  -2.273026e+001  -1.735780e+001  -1.485258e+001  -1.361634e+001  -1.282050e+001  
-0.000000e+000  -9.902190e+000  -2.408625e+001  -1.591731e+001  -1.396076e+001  -1.333324e+001  -1.283258e+001  
-0.000000e+000  -2.059181e+000  -0.000000e+000  -1.026205e+001  -1.229102e+001  -1.299149e+001  -1.282606e+001  
-0.000000e+000  -6.242015e-001  -0.000000e+000  -8.112966e+000  -1.144254e+001  -1.279871e+001  -1.281976e+001  
-0.000000e+000  -2.059181e+000  -0.000000e+000  -1.026205e+001  -1.229102e+001  -1.299149e+001  -1.282606e+001  
-0.000000e+000  -9.902189e+000  -2.408625e+001  -1.591731e+001  -1.396076e+001  -1.333324e+001  -1.283258e+001  
-0.000000e+000  -1.062481e+001  -2.273026e+001  -1.735780e+001  -1.485258e+001  -1.361634e+001  -1.282050e+001  
-0.000000e+000  -8.780158e+000  -1.802767e+001  -1.593146e+001  -1.448304e+001  -1.356091e+001  -1.276489e+001  
-0.000000e+000  -6.812368e+000  -1.377875e+001  -1.386990e+001  -1.359902e+001  -1.326924e+001  -1.266568e+001  
-0.000000e+000  -3.971809e+000  -8.058124e+000  -9.261958e+000  -1.015229e+001  -1.081145e+001  -1.164742e+001  

