Port monitor named: Port1_e1[0.8].prt

nx        = 66
ny        = 57
nz        = 23

nu        = 7
nv        = 14
iu        = 10
iv        = 27

idir      = 1
dcut      = -7.500000e-002
icut      = 8
type      = 0
frequency = 8.000000e+008

fcutoff   = 0.000000e+000
alpha     = 0.000000e+000
beta      = 3.099109e+001
accuracy  = 7.703811e-012

type          = QTEM
wave imp.     = 2.048206e+002
wave imp.sig. = 5.953851e-009
line imp.     = 5.233612e+001

ref. port     = 0

-4.108736e+001  -3.940849e+001  -1.679034e+002  -1.523759e+002  -1.302464e+002  -5.103477e+001  -0.000000e+000  
-1.086496e+002  -9.147926e+001  -3.261989e+002  -2.516438e+002  -1.839396e+002  -3.227761e+001  -0.000000e+000  
-2.730973e+002  -1.910766e+002  -4.514554e+002  -2.488867e+002  -1.347134e+002  -5.753937e+000  -0.000000e+000  
-6.649383e+002  -4.262857e+002  -5.636347e+002  -1.573184e+002  -1.265932e+001  2.848133e+001  -0.000000e+000  
-1.718479e+003  -1.200536e+003  -3.633728e+002  1.977517e+002  2.417278e+002  6.737819e+001  -0.000000e+000  
-3.597793e+003  -4.145707e+003  1.814540e+003  8.580886e+002  5.186345e+002  9.413261e+001  -0.000000e+000  
-4.437062e+003  -5.064288e+003  2.079715e+003  1.108266e+003  6.532969e+002  1.069820e+002  -0.000000e+000  
-4.437062e+003  -5.064288e+003  2.079715e+003  1.108266e+003  6.532969e+002  1.069820e+002  -0.000000e+000  
-3.597793e+003  -4.145707e+003  1.814540e+003  8.580886e+002  5.186345e+002  9.413261e+001  -0.000000e+000  
-1.718479e+003  -1.200536e+003  -3.633728e+002  1.977517e+002  2.417278e+002  6.737819e+001  -0.000000e+000  
-6.649383e+002  -4.262857e+002  -5.636347e+002  -1.573184e+002  -1.265932e+001  2.848133e+001  -0.000000e+000  
-2.730973e+002  -1.910766e+002  -4.514554e+002  -2.488867e+002  -1.347134e+002  -5.753937e+000  -0.000000e+000  
-1.086496e+002  -9.147926e+001  -3.261989e+002  -2.516438e+002  -1.839396e+002  -3.227761e+001  -0.000000e+000  
-4.108736e+001  -3.940849e+001  -1.679034e+002  -1.523759e+002  -1.302464e+002  -5.103477e+001  -0.000000e+000  

-0.000000e+000  -6.975816e+000  -1.252550e+001  -4.120681e+001  -5.904535e+001  -6.854001e+001  -4.974371e+001  
-0.000000e+000  -9.531936e+001  -1.553732e+002  -2.784495e+002  -2.743713e+002  -2.243219e+002  -8.623352e+001  
-0.000000e+000  -2.284166e+002  -3.715280e+002  -4.811848e+002  -3.884304e+002  -2.657265e+002  -8.787322e+001  
-0.000000e+000  -6.162604e+002  -1.090371e+003  -8.883966e+002  -5.330806e+002  -2.785851e+002  -7.687975e+001  
-0.000000e+000  -1.374647e+003  -3.500914e+003  -1.395053e+003  -5.723573e+002  -2.271022e+002  -5.405793e+001  
-0.000000e+000  -7.082844e+002  -0.000000e+000  -6.770796e+002  -3.173011e+002  -1.235935e+002  -2.773408e+001  
-0.000000e+000  -0.000000e+000  -0.000000e+000  -0.000000e+000  -0.000000e+000  -0.000000e+000  -0.000000e+000  
-0.000000e+000  7.082844e+002  -0.000000e+000  6.770796e+002  3.173011e+002  1.235935e+002  2.773408e+001  
-0.000000e+000  1.374647e+003  3.500914e+003  1.395053e+003  5.723573e+002  2.271022e+002  5.405793e+001  
-0.000000e+000  6.162604e+002  1.090371e+003  8.883966e+002  5.330806e+002  2.785851e+002  7.687975e+001  
-0.000000e+000  2.284166e+002  3.715280e+002  4.811848e+002  3.884304e+002  2.657265e+002  8.787322e+001  
-0.000000e+000  9.531936e+001  1.553732e+002  2.784495e+002  2.743713e+002  2.243219e+002  8.623352e+001  
-0.000000e+000  6.975816e+000  1.252550e+001  4.120681e+001  5.904535e+001  6.854001e+001  4.974371e+001  
-0.000000e+000  -0.000000e+000  -0.000000e+000  -0.000000e+000  -0.000000e+000  -0.000000e+000  -0.000000e+000  

0.000000e+000  0.000000e+000  0.000000e+000  0.000000e+000  0.000000e+000  0.000000e+000  0.000000e+000  
0.000000e+000  0.000000e+000  0.000000e+000  0.000000e+000  0.000000e+000  0.000000e+000  0.000000e+000  
0.000000e+000  0.000000e+000  0.000000e+000  0.000000e+000  0.000000e+000  0.000000e+000  0.000000e+000  
0.000000e+000  0.000000e+000  0.000000e+000  0.000000e+000  0.000000e+000  0.000000e+000  0.000000e+000  
0.000000e+000  0.000000e+000  0.000000e+000  0.000000e+000  0.000000e+000  0.000000e+000  0.000000e+000  
0.000000e+000  0.000000e+000  0.000000e+000  0.000000e+000  0.000000e+000  0.000000e+000  0.000000e+000  
0.000000e+000  0.000000e+000  0.000000e+000  0.000000e+000  0.000000e+000  0.000000e+000  0.000000e+000  
0.000000e+000  0.000000e+000  0.000000e+000  0.000000e+000  0.000000e+000  0.000000e+000  0.000000e+000  
0.000000e+000  0.000000e+000  0.000000e+000  0.000000e+000  0.000000e+000  0.000000e+000  0.000000e+000  
0.000000e+000  0.000000e+000  0.000000e+000  0.000000e+000  0.000000e+000  0.000000e+000  0.000000e+000  
0.000000e+000  0.000000e+000  0.000000e+000  0.000000e+000  0.000000e+000  0.000000e+000  0.000000e+000  
0.000000e+000  0.000000e+000  0.000000e+000  0.000000e+000  0.000000e+000  0.000000e+000  0.000000e+000  
0.000000e+000  0.000000e+000  0.000000e+000  0.000000e+000  0.000000e+000  0.000000e+000  0.000000e+000  
0.000000e+000  0.000000e+000  0.000000e+000  0.000000e+000  0.000000e+000  0.000000e+000  0.000000e+000  

0.000000e+000  0.000000e+000  0.000000e+000  0.000000e+000  0.000000e+000  0.000000e+000  0.000000e+000  
0.000000e+000  0.000000e+000  0.000000e+000  0.000000e+000  0.000000e+000  0.000000e+000  0.000000e+000  
0.000000e+000  0.000000e+000  0.000000e+000  0.000000e+000  0.000000e+000  0.000000e+000  0.000000e+000  
0.000000e+000  0.000000e+000  0.000000e+000  0.000000e+000  0.000000e+000  0.000000e+000  0.000000e+000  
0.000000e+000  0.000000e+000  0.000000e+000  0.000000e+000  0.000000e+000  0.000000e+000  0.000000e+000  
0.000000e+000  0.000000e+000  0.000000e+000  0.000000e+000  0.000000e+000  0.000000e+000  0.000000e+000  
0.000000e+000  0.000000e+000  0.000000e+000  0.000000e+000  0.000000e+000  0.000000e+000  0.000000e+000  
0.000000e+000  0.000000e+000  0.000000e+000  0.000000e+000  0.000000e+000  0.000000e+000  0.000000e+000  
0.000000e+000  0.000000e+000  0.000000e+000  0.000000e+000  0.000000e+000  0.000000e+000  0.000000e+000  
0.000000e+000  0.000000e+000  0.000000e+000  0.000000e+000  0.000000e+000  0.000000e+000  0.000000e+000  
0.000000e+000  0.000000e+000  0.000000e+000  0.000000e+000  0.000000e+000  0.000000e+000  0.000000e+000  
0.000000e+000  0.000000e+000  0.000000e+000  0.000000e+000  0.000000e+000  0.000000e+000  0.000000e+000  
0.000000e+000  0.000000e+000  0.000000e+000  0.000000e+000  0.000000e+000  0.000000e+000  0.000000e+000  
0.000000e+000  0.000000e+000  0.000000e+000  0.000000e+000  0.000000e+000  0.000000e+000  0.000000e+000  

0.000000e+000  0.000000e+000  0.000000e+000  0.000000e+000  0.000000e+000  0.000000e+000  0.000000e+000  
0.000000e+000  0.000000e+000  0.000000e+000  0.000000e+000  0.000000e+000  0.000000e+000  0.000000e+000  
0.000000e+000  0.000000e+000  0.000000e+000  0.000000e+000  0.000000e+000  0.000000e+000  0.000000e+000  
0.000000e+000  0.000000e+000  0.000000e+000  0.000000e+000  0.000000e+000  0.000000e+000  0.000000e+000  
0.000000e+000  0.000000e+000  0.000000e+000  0.000000e+000  0.000000e+000  0.000000e+000  0.000000e+000  
0.000000e+000  0.000000e+000  0.000000e+000  0.000000e+000  0.000000e+000  0.000000e+000  0.000000e+000  
0.000000e+000  0.000000e+000  0.000000e+000  0.000000e+000  0.000000e+000  0.000000e+000  0.000000e+000  
0.000000e+000  0.000000e+000  0.000000e+000  0.000000e+000  0.000000e+000  0.000000e+000  0.000000e+000  
0.000000e+000  0.000000e+000  0.000000e+000  0.000000e+000  0.000000e+000  0.000000e+000  0.000000e+000  
0.000000e+000  0.000000e+000  0.000000e+000  0.000000e+000  0.000000e+000  0.000000e+000  0.000000e+000  
0.000000e+000  0.000000e+000  0.000000e+000  0.000000e+000  0.000000e+000  0.000000e+000  0.000000e+000  
0.000000e+000  0.000000e+000  0.000000e+000  0.000000e+000  0.000000e+000  0.000000e+000  0.000000e+000  
0.000000e+000  0.000000e+000  0.000000e+000  0.000000e+000  0.000000e+000  0.000000e+000  0.000000e+000  
0.000000e+000  0.000000e+000  0.000000e+000  0.000000e+000  0.000000e+000  0.000000e+000  0.000000e+000  

-0.000000e+000  -3.942209e+000  -7.999476e+000  -9.155180e+000  -1.000676e+001  -1.063520e+001  -1.141966e+001  
-0.000000e+000  -6.790852e+000  -1.373908e+001  -1.376092e+001  -1.343693e+001  -1.306627e+001  -1.241358e+001  
-0.000000e+000  -8.740186e+000  -1.794970e+001  -1.577528e+001  -1.426948e+001  -1.330709e+001  -1.249100e+001  
-0.000000e+000  -1.055605e+001  -2.258006e+001  -1.713261e+001  -1.456955e+001  -1.329941e+001  -1.252326e+001  
-0.000000e+000  -9.825741e+000  -2.384849e+001  -1.560151e+001  -1.358218e+001  -1.294028e+001  -1.251325e+001  
-0.000000e+000  -2.129040e+000  -0.000000e+000  -9.861530e+000  -1.180081e+001  -1.253091e+001  -1.249275e+001  
-0.000000e+000  -5.895450e-001  -0.000000e+000  -7.630424e+000  -1.089564e+001  -1.230786e+001  -1.248043e+001  
-0.000000e+000  -5.895450e-001  -0.000000e+000  -7.630424e+000  -1.089564e+001  -1.230786e+001  -1.248043e+001  
-0.000000e+000  -2.129041e+000  -0.000000e+000  -9.861530e+000  -1.180081e+001  -1.253091e+001  -1.249275e+001  
-0.000000e+000  -9.825741e+000  -2.384849e+001  -1.560151e+001  -1.358218e+001  -1.294028e+001  -1.251325e+001  
-0.000000e+000  -1.055605e+001  -2.258006e+001  -1.713261e+001  -1.456955e+001  -1.329941e+001  -1.252326e+001  
-0.000000e+000  -8.740186e+000  -1.794970e+001  -1.577528e+001  -1.426948e+001  -1.330709e+001  -1.249100e+001  
-0.000000e+000  -6.790852e+000  -1.373908e+001  -1.376092e+001  -1.343693e+001  -1.306627e+001  -1.241358e+001  
-0.000000e+000  -3.942209e+000  -7.999476e+000  -9.155180e+000  -1.000676e+001  -1.063520e+001  -1.141966e+001  

