Port monitor named: Port1_h1[0.8].prt

nx        = 66
ny        = 57
nz        = 23

nu        = 7
nv        = 14
iu        = 10
iv        = 27

idir      = 1
dcut      = -7.500000e-002
icut      = 8
type      = 1
frequency = 8.000000e+008

fcutoff   = 0.000000e+000
alpha     = 0.000000e+000
beta      = 3.099109e+001
accuracy  = 7.703811e-012

type          = QTEM
wave imp.     = 2.048206e+002
wave imp.sig. = 5.953851e-009
line imp.     = 5.233612e+001

ref. port     = 0

-0.000000e+000  1.012943e-001  1.965878e-001  3.106122e-001  3.704564e-001  3.935174e-001  2.674601e-001  
-0.000000e+000  7.148299e-001  1.296188e+000  1.621573e+000  1.451718e+000  1.131132e+000  4.329074e-001  
-0.000000e+000  1.350926e+000  2.409936e+000  2.532952e+000  1.943816e+000  1.302769e+000  4.352257e-001  
-0.000000e+000  2.930982e+000  5.510552e+000  4.164640e+000  2.490282e+000  1.321297e+000  3.759280e-001  
-0.000000e+000  5.525981e+000  1.450693e+001  5.935878e+000  2.526160e+000  1.049430e+000  2.619810e-001  
-0.000000e+000  3.193860e+000  -0.000000e+000  2.914422e+000  1.391438e+000  5.656461e-001  1.338226e-001  
-0.000000e+000  9.001402e-010  -0.000000e+000  -1.174776e-009  -9.578069e-011  1.300976e-009  8.257698e-010  
-0.000000e+000  -3.193860e+000  -0.000000e+000  -2.914422e+000  -1.391438e+000  -5.656461e-001  -1.338226e-001  
-0.000000e+000  -5.525981e+000  -1.450693e+001  -5.935878e+000  -2.526160e+000  -1.049430e+000  -2.619810e-001  
-0.000000e+000  -2.930982e+000  -5.510552e+000  -4.164640e+000  -2.490282e+000  -1.321297e+000  -3.759280e-001  
-0.000000e+000  -1.350926e+000  -2.409936e+000  -2.532952e+000  -1.943816e+000  -1.302769e+000  -4.352257e-001  
-0.000000e+000  -7.148299e-001  -1.296188e+000  -1.621573e+000  -1.451718e+000  -1.131132e+000  -4.329074e-001  
-0.000000e+000  -1.012943e-001  -1.965878e-001  -3.106122e-001  -3.704564e-001  -3.935174e-001  -2.674601e-001  
-0.000000e+000  -0.000000e+000  -0.000000e+000  -0.000000e+000  -0.000000e+000  -0.000000e+000  -0.000000e+000  

-1.053877e+000  -1.030255e+000  -9.708869e-001  -8.559957e-001  -7.190195e-001  -2.696824e-001  -0.000000e+000  
-2.001225e+000  -1.882058e+000  -1.603221e+000  -1.193412e+000  -8.552919e-001  -1.423158e-001  -0.000000e+000  
-3.229498e+000  -2.837158e+000  -1.938234e+000  -1.029464e+000  -5.384568e-001  -8.164212e-003  -0.000000e+000  
-5.544583e+000  -4.571727e+000  -2.072034e+000  -4.456329e-001  9.955124e-002  1.588234e-001  -0.000000e+000  
-1.055571e+001  -8.782744e+000  -7.331613e-001  1.227254e+000  1.267698e+000  3.410802e-001  -0.000000e+000  
-1.811227e+001  -2.002969e+001  7.989336e+000  3.963240e+000  2.451669e+000  4.627844e-001  -0.000000e+000  
-2.189717e+001  -2.472549e+001  9.204279e+000  5.021932e+000  3.025548e+000  5.206462e-001  -0.000000e+000  
-2.189717e+001  -2.472549e+001  9.204279e+000  5.021932e+000  3.025548e+000  5.206462e-001  -0.000000e+000  
-1.811227e+001  -2.002969e+001  7.989336e+000  3.963240e+000  2.451669e+000  4.627844e-001  -0.000000e+000  
-1.055571e+001  -8.782744e+000  -7.331613e-001  1.227254e+000  1.267698e+000  3.410802e-001  -0.000000e+000  
-5.544583e+000  -4.571727e+000  -2.072034e+000  -4.456329e-001  9.955124e-002  1.588234e-001  -0.000000e+000  
-3.229498e+000  -2.837158e+000  -1.938234e+000  -1.029464e+000  -5.384568e-001  -8.164212e-003  -0.000000e+000  
-2.001225e+000  -1.882058e+000  -1.603221e+000  -1.193412e+000  -8.552919e-001  -1.423158e-001  -0.000000e+000  
-1.053877e+000  -1.030255e+000  -9.708869e-001  -8.559957e-001  -7.190195e-001  -2.696824e-001  -0.000000e+000  

0.000000e+000  0.000000e+000  0.000000e+000  0.000000e+000  0.000000e+000  0.000000e+000  0.000000e+000  
0.000000e+000  0.000000e+000  0.000000e+000  0.000000e+000  0.000000e+000  0.000000e+000  0.000000e+000  
0.000000e+000  0.000000e+000  0.000000e+000  0.000000e+000  0.000000e+000  0.000000e+000  0.000000e+000  
0.000000e+000  0.000000e+000  0.000000e+000  0.000000e+000  0.000000e+000  0.000000e+000  0.000000e+000  
0.000000e+000  0.000000e+000  0.000000e+000  0.000000e+000  0.000000e+000  0.000000e+000  0.000000e+000  
0.000000e+000  0.000000e+000  0.000000e+000  0.000000e+000  0.000000e+000  0.000000e+000  0.000000e+000  
0.000000e+000  0.000000e+000  0.000000e+000  0.000000e+000  0.000000e+000  0.000000e+000  0.000000e+000  
0.000000e+000  0.000000e+000  0.000000e+000  0.000000e+000  0.000000e+000  0.000000e+000  0.000000e+000  
0.000000e+000  0.000000e+000  0.000000e+000  0.000000e+000  0.000000e+000  0.000000e+000  0.000000e+000  
0.000000e+000  0.000000e+000  0.000000e+000  0.000000e+000  0.000000e+000  0.000000e+000  0.000000e+000  
0.000000e+000  0.000000e+000  0.000000e+000  0.000000e+000  0.000000e+000  0.000000e+000  0.000000e+000  
0.000000e+000  0.000000e+000  0.000000e+000  0.000000e+000  0.000000e+000  0.000000e+000  0.000000e+000  
0.000000e+000  0.000000e+000  0.000000e+000  0.000000e+000  0.000000e+000  0.000000e+000  0.000000e+000  
0.000000e+000  0.000000e+000  0.000000e+000  0.000000e+000  0.000000e+000  0.000000e+000  0.000000e+000  

0.000000e+000  0.000000e+000  0.000000e+000  0.000000e+000  0.000000e+000  0.000000e+000  0.000000e+000  
0.000000e+000  0.000000e+000  0.000000e+000  0.000000e+000  0.000000e+000  0.000000e+000  0.000000e+000  
0.000000e+000  0.000000e+000  0.000000e+000  0.000000e+000  0.000000e+000  0.000000e+000  0.000000e+000  
0.000000e+000  0.000000e+000  0.000000e+000  0.000000e+000  0.000000e+000  0.000000e+000  0.000000e+000  
0.000000e+000  0.000000e+000  0.000000e+000  0.000000e+000  0.000000e+000  0.000000e+000  0.000000e+000  
0.000000e+000  0.000000e+000  0.000000e+000  0.000000e+000  0.000000e+000  0.000000e+000  0.000000e+000  
0.000000e+000  0.000000e+000  0.000000e+000  0.000000e+000  0.000000e+000  0.000000e+000  0.000000e+000  
0.000000e+000  0.000000e+000  0.000000e+000  0.000000e+000  0.000000e+000  0.000000e+000  0.000000e+000  
0.000000e+000  0.000000e+000  0.000000e+000  0.000000e+000  0.000000e+000  0.000000e+000  0.000000e+000  
0.000000e+000  0.000000e+000  0.000000e+000  0.000000e+000  0.000000e+000  0.000000e+000  0.000000e+000  
0.000000e+000  0.000000e+000  0.000000e+000  0.000000e+000  0.000000e+000  0.000000e+000  0.000000e+000  
0.000000e+000  0.000000e+000  0.000000e+000  0.000000e+000  0.000000e+000  0.000000e+000  0.000000e+000  
0.000000e+000  0.000000e+000  0.000000e+000  0.000000e+000  0.000000e+000  0.000000e+000  0.000000e+000  
0.000000e+000  0.000000e+000  0.000000e+000  0.000000e+000  0.000000e+000  0.000000e+000  0.000000e+000  

0.000000e+000  0.000000e+000  0.000000e+000  0.000000e+000  0.000000e+000  0.000000e+000  0.000000e+000  
0.000000e+000  0.000000e+000  0.000000e+000  0.000000e+000  0.000000e+000  0.000000e+000  0.000000e+000  
0.000000e+000  0.000000e+000  0.000000e+000  0.000000e+000  0.000000e+000  0.000000e+000  0.000000e+000  
0.000000e+000  0.000000e+000  0.000000e+000  0.000000e+000  0.000000e+000  0.000000e+000  0.000000e+000  
0.000000e+000  0.000000e+000  0.000000e+000  0.000000e+000  0.000000e+000  0.000000e+000  0.000000e+000  
0.000000e+000  0.000000e+000  0.000000e+000  0.000000e+000  0.000000e+000  0.000000e+000  0.000000e+000  
0.000000e+000  0.000000e+000  0.000000e+000  0.000000e+000  0.000000e+000  0.000000e+000  0.000000e+000  
0.000000e+000  0.000000e+000  0.000000e+000  0.000000e+000  0.000000e+000  0.000000e+000  0.000000e+000  
0.000000e+000  0.000000e+000  0.000000e+000  0.000000e+000  0.000000e+000  0.000000e+000  0.000000e+000  
0.000000e+000  0.000000e+000  0.000000e+000  0.000000e+000  0.000000e+000  0.000000e+000  0.000000e+000  
0.000000e+000  0.000000e+000  0.000000e+000  0.000000e+000  0.000000e+000  0.000000e+000  0.000000e+000  
0.000000e+000  0.000000e+000  0.000000e+000  0.000000e+000  0.000000e+000  0.000000e+000  0.000000e+000  
0.000000e+000  0.000000e+000  0.000000e+000  0.000000e+000  0.000000e+000  0.000000e+000  0.000000e+000  
0.000000e+000  0.000000e+000  0.000000e+000  0.000000e+000  0.000000e+000  0.000000e+000  0.000000e+000  

-8.254615e-002  -8.120816e-002  -7.638970e-002  -6.669738e-002  -5.568569e-002  -2.055782e-002  -0.000000e+000  
-2.431119e-001  -2.407486e-001  -2.165825e-001  -1.694887e-001  -1.287167e-001  -3.241328e-002  -0.000000e+000  
-2.998445e-001  -3.027927e-001  -2.664965e-001  -1.954939e-001  -1.420666e-001  -3.240946e-002  -0.000000e+000  
-3.482568e-001  -3.731887e-001  -3.153541e-001  -2.039958e-001  -1.375109e-001  -2.784638e-002  -0.000000e+000  
-3.294262e-001  -4.091097e-001  -3.227175e-001  -1.711292e-001  -1.054355e-001  -1.933345e-002  -0.000000e+000  
-1.813723e-001  -2.141847e-001  -1.669993e-001  -9.213622e-002  -5.606434e-002  -9.857541e-003  -0.000000e+000  
-2.005137e-011  1.839117e-011  1.315551e-011  -0.000000e+000  -0.000000e+000  -0.000000e+000  -0.000000e+000  
1.813723e-001  2.141847e-001  1.669993e-001  9.213622e-002  5.606434e-002  9.857541e-003  -0.000000e+000  
3.294262e-001  4.091097e-001  3.227175e-001  1.711292e-001  1.054355e-001  1.933345e-002  -0.000000e+000  
3.482568e-001  3.731887e-001  3.153541e-001  2.039958e-001  1.375109e-001  2.784638e-002  -0.000000e+000  
2.998445e-001  3.027927e-001  2.664965e-001  1.954939e-001  1.420666e-001  3.240946e-002  -0.000000e+000  
2.431119e-001  2.407486e-001  2.165825e-001  1.694887e-001  1.287167e-001  3.241328e-002  -0.000000e+000  
8.254615e-002  8.120816e-002  7.638970e-002  6.669738e-002  5.568569e-002  2.055782e-002  -0.000000e+000  
-0.000000e+000  -0.000000e+000  -0.000000e+000  -0.000000e+000  -0.000000e+000  -0.000000e+000  -0.000000e+000  

