Analysis & Synthesis report for Goertzel_new
Fri Nov 29 10:50:51 2019
Quartus II 64-Bit Version 13.1.4 Build 182 03/12/2014 SJ Web Edition


---------------------
; Table of Contents ;
---------------------
  1. Legal Notice
  2. Analysis & Synthesis Summary
  3. Analysis & Synthesis Settings
  4. Parallel Compilation
  5. Analysis & Synthesis Source Files Read
  6. Analysis & Synthesis Resource Usage Summary
  7. Analysis & Synthesis Resource Utilization by Entity
  8. State Machine - |Goertzel_new|store_state
  9. State Machine - |Goertzel_new|calc_state
 10. State Machine - |Goertzel_new|reg.state
 11. State Machine - |Goertzel_new|\clk_process:var.state
 12. Registers Removed During Synthesis
 13. Removed Registers Triggering Further Register Optimizations
 14. General Register Statistics
 15. Multiplexer Restructuring Statistics (Restructuring Performed)
 16. Elapsed Time Per Partition
 17. Analysis & Synthesis Messages



----------------
; Legal Notice ;
----------------
Copyright (C) 1991-2014 Altera Corporation
Your use of Altera Corporation's design tools, logic functions 
and other software and tools, and its AMPP partner logic 
functions, and any output files from any of the foregoing 
(including device programming or simulation files), and any 
associated documentation or information are expressly subject 
to the terms and conditions of the Altera Program License 
Subscription Agreement, Altera MegaCore Function License 
Agreement, or other applicable license agreement, including, 
without limitation, that your use is for the sole purpose of 
programming logic devices manufactured by Altera and sold by 
Altera or its authorized distributors.  Please refer to the 
applicable agreement for further details.



+---------------------------------------------------------------------------------+
; Analysis & Synthesis Summary                                                    ;
+------------------------------------+--------------------------------------------+
; Analysis & Synthesis Status        ; Successful - Fri Nov 29 10:50:51 2019      ;
; Quartus II 64-Bit Version          ; 13.1.4 Build 182 03/12/2014 SJ Web Edition ;
; Revision Name                      ; Goertzel_new                               ;
; Top-level Entity Name              ; Goertzel_new                               ;
; Family                             ; Cyclone III                                ;
; Total logic elements               ; 0                                          ;
;     Total combinational functions  ; 0                                          ;
;     Dedicated logic registers      ; 0                                          ;
; Total registers                    ; 0                                          ;
; Total pins                         ; 69                                         ;
; Total virtual pins                 ; 0                                          ;
; Total memory bits                  ; 0                                          ;
; Embedded Multiplier 9-bit elements ; 0                                          ;
; Total PLLs                         ; 0                                          ;
+------------------------------------+--------------------------------------------+


+----------------------------------------------------------------------------------------------------------------------+
; Analysis & Synthesis Settings                                                                                        ;
+----------------------------------------------------------------------------+--------------------+--------------------+
; Option                                                                     ; Setting            ; Default Value      ;
+----------------------------------------------------------------------------+--------------------+--------------------+
; Device                                                                     ; EP3C16F484C6       ;                    ;
; Top-level entity name                                                      ; Goertzel_new       ; Goertzel_new       ;
; Family name                                                                ; Cyclone III        ; Cyclone IV GX      ;
; Use smart compilation                                                      ; Off                ; Off                ;
; Enable parallel Assembler and TimeQuest Timing Analyzer during compilation ; On                 ; On                 ;
; Enable compact report table                                                ; Off                ; Off                ;
; Restructure Multiplexers                                                   ; Auto               ; Auto               ;
; Create Debugging Nodes for IP Cores                                        ; Off                ; Off                ;
; Preserve fewer node names                                                  ; On                 ; On                 ;
; Disable OpenCore Plus hardware evaluation                                  ; Off                ; Off                ;
; Verilog Version                                                            ; Verilog_2001       ; Verilog_2001       ;
; VHDL Version                                                               ; VHDL_1993          ; VHDL_1993          ;
; State Machine Processing                                                   ; Auto               ; Auto               ;
; Safe State Machine                                                         ; Off                ; Off                ;
; Extract Verilog State Machines                                             ; On                 ; On                 ;
; Extract VHDL State Machines                                                ; On                 ; On                 ;
; Ignore Verilog initial constructs                                          ; Off                ; Off                ;
; Iteration limit for constant Verilog loops                                 ; 5000               ; 5000               ;
; Iteration limit for non-constant Verilog loops                             ; 250                ; 250                ;
; Add Pass-Through Logic to Inferred RAMs                                    ; On                 ; On                 ;
; Infer RAMs from Raw Logic                                                  ; On                 ; On                 ;
; Parallel Synthesis                                                         ; On                 ; On                 ;
; DSP Block Balancing                                                        ; Auto               ; Auto               ;
; NOT Gate Push-Back                                                         ; On                 ; On                 ;
; Power-Up Don't Care                                                        ; On                 ; On                 ;
; Remove Redundant Logic Cells                                               ; Off                ; Off                ;
; Remove Duplicate Registers                                                 ; On                 ; On                 ;
; Ignore CARRY Buffers                                                       ; Off                ; Off                ;
; Ignore CASCADE Buffers                                                     ; Off                ; Off                ;
; Ignore GLOBAL Buffers                                                      ; Off                ; Off                ;
; Ignore ROW GLOBAL Buffers                                                  ; Off                ; Off                ;
; Ignore LCELL Buffers                                                       ; Off                ; Off                ;
; Ignore SOFT Buffers                                                        ; On                 ; On                 ;
; Limit AHDL Integers to 32 Bits                                             ; Off                ; Off                ;
; Optimization Technique                                                     ; Balanced           ; Balanced           ;
; Carry Chain Length                                                         ; 70                 ; 70                 ;
; Auto Carry Chains                                                          ; On                 ; On                 ;
; Auto Open-Drain Pins                                                       ; On                 ; On                 ;
; Perform WYSIWYG Primitive Resynthesis                                      ; Off                ; Off                ;
; Auto ROM Replacement                                                       ; On                 ; On                 ;
; Auto RAM Replacement                                                       ; On                 ; On                 ;
; Auto DSP Block Replacement                                                 ; On                 ; On                 ;
; Auto Shift Register Replacement                                            ; Auto               ; Auto               ;
; Allow Shift Register Merging across Hierarchies                            ; Auto               ; Auto               ;
; Auto Clock Enable Replacement                                              ; On                 ; On                 ;
; Strict RAM Replacement                                                     ; Off                ; Off                ;
; Allow Synchronous Control Signals                                          ; On                 ; On                 ;
; Force Use of Synchronous Clear Signals                                     ; Off                ; Off                ;
; Auto RAM Block Balancing                                                   ; On                 ; On                 ;
; Auto RAM to Logic Cell Conversion                                          ; Off                ; Off                ;
; Auto Resource Sharing                                                      ; Off                ; Off                ;
; Allow Any RAM Size For Recognition                                         ; Off                ; Off                ;
; Allow Any ROM Size For Recognition                                         ; Off                ; Off                ;
; Allow Any Shift Register Size For Recognition                              ; Off                ; Off                ;
; Use LogicLock Constraints during Resource Balancing                        ; On                 ; On                 ;
; Ignore translate_off and synthesis_off directives                          ; Off                ; Off                ;
; Timing-Driven Synthesis                                                    ; On                 ; On                 ;
; Report Parameter Settings                                                  ; On                 ; On                 ;
; Report Source Assignments                                                  ; On                 ; On                 ;
; Report Connectivity Checks                                                 ; On                 ; On                 ;
; Ignore Maximum Fan-Out Assignments                                         ; Off                ; Off                ;
; Synchronization Register Chain Length                                      ; 2                  ; 2                  ;
; PowerPlay Power Optimization                                               ; Normal compilation ; Normal compilation ;
; HDL message level                                                          ; Level2             ; Level2             ;
; Suppress Register Optimization Related Messages                            ; Off                ; Off                ;
; Number of Removed Registers Reported in Synthesis Report                   ; 5000               ; 5000               ;
; Number of Swept Nodes Reported in Synthesis Report                         ; 5000               ; 5000               ;
; Number of Inverted Registers Reported in Synthesis Report                  ; 100                ; 100                ;
; Clock MUX Protection                                                       ; On                 ; On                 ;
; Auto Gated Clock Conversion                                                ; Off                ; Off                ;
; Block Design Naming                                                        ; Auto               ; Auto               ;
; SDC constraint protection                                                  ; Off                ; Off                ;
; Synthesis Effort                                                           ; Auto               ; Auto               ;
; Shift Register Replacement - Allow Asynchronous Clear Signal               ; On                 ; On                 ;
; Pre-Mapping Resynthesis Optimization                                       ; Off                ; Off                ;
; Analysis & Synthesis Message Level                                         ; Medium             ; Medium             ;
; Disable Register Merging Across Hierarchies                                ; Auto               ; Auto               ;
; Resource Aware Inference For Block RAM                                     ; On                 ; On                 ;
; Synthesis Seed                                                             ; 1                  ; 1                  ;
+----------------------------------------------------------------------------+--------------------+--------------------+


Parallel compilation was disabled, but you have multiple processors available. Enable parallel compilation to reduce compilation time.
+-------------------------------------+
; Parallel Compilation                ;
+----------------------------+--------+
; Processors                 ; Number ;
+----------------------------+--------+
; Number detected on machine ; 12     ;
; Maximum allowed            ; 1      ;
+----------------------------+--------+


+--------------------------------------------------------------------------------------------------------------------------------------------------------------------------------------+
; Analysis & Synthesis Source Files Read                                                                                                                                               ;
+----------------------------------+-----------------+-----------------+-----------------------------------------------------------------------------------------------------+---------+
; File Name with User-Entered Path ; Used in Netlist ; File Type       ; File Name with Absolute Path                                                                        ; Library ;
+----------------------------------+-----------------+-----------------+-----------------------------------------------------------------------------------------------------+---------+
; ../../src/records.vhd            ; yes             ; User VHDL File  ; C:/Users/holge/OneDrive/AAU - Elektronik og IT/5. semester/P5/P5-Track-n-Point/src/records.vhd      ;         ;
; ../../src/constants.vhd          ; yes             ; User VHDL File  ; C:/Users/holge/OneDrive/AAU - Elektronik og IT/5. semester/P5/P5-Track-n-Point/src/constants.vhd    ;         ;
; ../../src/Goertzel_new.vhd       ; yes             ; User VHDL File  ; C:/Users/holge/OneDrive/AAU - Elektronik og IT/5. semester/P5/P5-Track-n-Point/src/Goertzel_new.vhd ;         ;
+----------------------------------+-----------------+-----------------+-----------------------------------------------------------------------------------------------------+---------+


+--------------------------------------------------------+
; Analysis & Synthesis Resource Usage Summary            ;
+---------------------------------------------+----------+
; Resource                                    ; Usage    ;
+---------------------------------------------+----------+
;                                             ;          ;
; Total combinational functions               ; 0        ;
; Logic element usage by number of LUT inputs ;          ;
;     -- 4 input functions                    ; 0        ;
;     -- 3 input functions                    ; 0        ;
;     -- <=2 input functions                  ; 0        ;
;                                             ;          ;
; Logic elements by mode                      ;          ;
;     -- normal mode                          ; 0        ;
;     -- arithmetic mode                      ; 0        ;
;                                             ;          ;
; Total registers                             ; 0        ;
;     -- Dedicated logic registers            ; 0        ;
;     -- I/O registers                        ; 0        ;
;                                             ;          ;
; I/O pins                                    ; 69       ;
; Embedded Multiplier 9-bit elements          ; 0        ;
; Maximum fan-out node                        ; i_SIG[0] ;
; Maximum fan-out                             ; 1        ;
; Total fan-out                               ; 69       ;
; Average fan-out                             ; 0.50     ;
+---------------------------------------------+----------+


+-----------------------------------------------------------------------------------------------------------------------------------------------------------------------------+
; Analysis & Synthesis Resource Utilization by Entity                                                                                                                         ;
+----------------------------+-------------------+--------------+-------------+--------------+---------+-----------+------+--------------+---------------------+--------------+
; Compilation Hierarchy Node ; LC Combinationals ; LC Registers ; Memory Bits ; DSP Elements ; DSP 9x9 ; DSP 18x18 ; Pins ; Virtual Pins ; Full Hierarchy Name ; Library Name ;
+----------------------------+-------------------+--------------+-------------+--------------+---------+-----------+------+--------------+---------------------+--------------+
; |Goertzel_new              ; 0 (0)             ; 0 (0)        ; 0           ; 0            ; 0       ; 0         ; 69   ; 0            ; |Goertzel_new       ; work         ;
+----------------------------+-------------------+--------------+-------------+--------------+---------+-----------+------+--------------+---------------------+--------------+
Note: For table entries with two numbers listed, the numbers in parentheses indicate the number of resources of the given type used by the specific entity alone. The numbers listed outside of parentheses indicate the total resources of the given type used by the specific entity and all of its sub-entities in the hierarchy.


Encoding Type:  One-Hot
+-----------------------------------------------------------------------------------------------------------+
; State Machine - |Goertzel_new|store_state                                                                 ;
+--------------------------+--------------------------+--------------------------+--------------------------+
; Name                     ; store_state.store_stage3 ; store_state.store_stage2 ; store_state.store_stage1 ;
+--------------------------+--------------------------+--------------------------+--------------------------+
; store_state.store_stage1 ; 0                        ; 0                        ; 0                        ;
; store_state.store_stage2 ; 0                        ; 1                        ; 1                        ;
; store_state.store_stage3 ; 1                        ; 0                        ; 1                        ;
+--------------------------+--------------------------+--------------------------+--------------------------+


Encoding Type:  One-Hot
+---------------------------------------------------------------------------------------------------+
; State Machine - |Goertzel_new|calc_state                                                          ;
+------------------------+------------------------+------------------------+------------------------+
; Name                   ; calc_state.calc_stage3 ; calc_state.calc_stage2 ; calc_state.calc_stage1 ;
+------------------------+------------------------+------------------------+------------------------+
; calc_state.calc_stage1 ; 0                      ; 0                      ; 0                      ;
; calc_state.calc_stage2 ; 0                      ; 1                      ; 1                      ;
; calc_state.calc_stage3 ; 1                      ; 0                      ; 1                      ;
+------------------------+------------------------+------------------------+------------------------+


Encoding Type:  One-Hot
+-----------------------------------------------------------------------------------------------------------------+
; State Machine - |Goertzel_new|reg.state                                                                         ;
+---------------------+----------------+-----------------+---------------------+-----------------+----------------+
; Name                ; reg.state.DONE ; reg.state.STORE ; reg.state.CALCULATE ; reg.state.FETCH ; reg.state.IDLE ;
+---------------------+----------------+-----------------+---------------------+-----------------+----------------+
; reg.state.IDLE      ; 0              ; 0               ; 0                   ; 0               ; 0              ;
; reg.state.FETCH     ; 0              ; 0               ; 0                   ; 1               ; 1              ;
; reg.state.CALCULATE ; 0              ; 0               ; 1                   ; 0               ; 1              ;
; reg.state.STORE     ; 0              ; 1               ; 0                   ; 0               ; 1              ;
; reg.state.DONE      ; 1              ; 0               ; 0                   ; 0               ; 1              ;
+---------------------+----------------+-----------------+---------------------+-----------------+----------------+


Encoding Type:  One-Hot
+-----------------------------------------------------------------------------------------------------------------------------------------------------------------------------------------------+
; State Machine - |Goertzel_new|\clk_process:var.state                                                                                                                                          ;
+----------------------------------+-----------------------------+------------------------------+----------------------------------+------------------------------+-----------------------------+
; Name                             ; \clk_process:var.state.DONE ; \clk_process:var.state.STORE ; \clk_process:var.state.CALCULATE ; \clk_process:var.state.FETCH ; \clk_process:var.state.IDLE ;
+----------------------------------+-----------------------------+------------------------------+----------------------------------+------------------------------+-----------------------------+
; \clk_process:var.state.IDLE      ; 0                           ; 0                            ; 0                                ; 0                            ; 0                           ;
; \clk_process:var.state.FETCH     ; 0                           ; 0                            ; 0                                ; 1                            ; 1                           ;
; \clk_process:var.state.CALCULATE ; 0                           ; 0                            ; 1                                ; 0                            ; 1                           ;
; \clk_process:var.state.STORE     ; 0                           ; 1                            ; 0                                ; 0                            ; 1                           ;
; \clk_process:var.state.DONE      ; 1                           ; 0                            ; 0                                ; 0                            ; 1                           ;
+----------------------------------+-----------------------------+------------------------------+----------------------------------+------------------------------+-----------------------------+


+---------------------------------------------------------------------------------+
; Registers Removed During Synthesis                                              ;
+----------------------------------------+----------------------------------------+
; Register name                          ; Reason for Removal                     ;
+----------------------------------------+----------------------------------------+
; reg.done                               ; Stuck at GND due to stuck port data_in ;
; reg.result[1][17]                      ; Stuck at GND due to stuck port data_in ;
; reg.result[1][16]                      ; Stuck at GND due to stuck port data_in ;
; reg.result[1][15]                      ; Stuck at GND due to stuck port data_in ;
; reg.result[1][14]                      ; Stuck at GND due to stuck port data_in ;
; reg.result[1][13]                      ; Stuck at GND due to stuck port data_in ;
; reg.result[1][12]                      ; Stuck at GND due to stuck port data_in ;
; reg.result[1][11]                      ; Stuck at GND due to stuck port data_in ;
; reg.result[1][10]                      ; Stuck at GND due to stuck port data_in ;
; reg.result[1][9]                       ; Stuck at GND due to stuck port data_in ;
; reg.result[1][8]                       ; Stuck at GND due to stuck port data_in ;
; reg.result[1][7]                       ; Stuck at GND due to stuck port data_in ;
; reg.result[1][6]                       ; Stuck at GND due to stuck port data_in ;
; reg.result[1][5]                       ; Stuck at GND due to stuck port data_in ;
; reg.result[1][4]                       ; Stuck at GND due to stuck port data_in ;
; reg.result[1][3]                       ; Stuck at GND due to stuck port data_in ;
; reg.result[1][2]                       ; Stuck at GND due to stuck port data_in ;
; reg.result[1][1]                       ; Stuck at GND due to stuck port data_in ;
; reg.result[1][0]                       ; Stuck at GND due to stuck port data_in ;
; reg.result[0][17]                      ; Stuck at GND due to stuck port data_in ;
; reg.result[0][16]                      ; Stuck at GND due to stuck port data_in ;
; reg.result[0][15]                      ; Stuck at GND due to stuck port data_in ;
; reg.result[0][14]                      ; Stuck at GND due to stuck port data_in ;
; reg.result[0][13]                      ; Stuck at GND due to stuck port data_in ;
; reg.result[0][12]                      ; Stuck at GND due to stuck port data_in ;
; reg.result[0][11]                      ; Stuck at GND due to stuck port data_in ;
; reg.result[0][10]                      ; Stuck at GND due to stuck port data_in ;
; reg.result[0][9]                       ; Stuck at GND due to stuck port data_in ;
; reg.result[0][8]                       ; Stuck at GND due to stuck port data_in ;
; reg.result[0][7]                       ; Stuck at GND due to stuck port data_in ;
; reg.result[0][6]                       ; Stuck at GND due to stuck port data_in ;
; reg.result[0][5]                       ; Stuck at GND due to stuck port data_in ;
; reg.result[0][4]                       ; Stuck at GND due to stuck port data_in ;
; reg.result[0][3]                       ; Stuck at GND due to stuck port data_in ;
; reg.result[0][2]                       ; Stuck at GND due to stuck port data_in ;
; reg.result[0][1]                       ; Stuck at GND due to stuck port data_in ;
; reg.result[0][0]                       ; Stuck at GND due to stuck port data_in ;
; reg.sample_count[1..30]                ; Stuck at GND due to stuck port data_in ;
; reg.sample_count[0]                    ; Stuck at VCC due to stuck port data_in ;
; \clk_process:var.state.IDLE            ; Lost fanout                            ;
; \clk_process:var.state.FETCH           ; Lost fanout                            ;
; \clk_process:var.state.CALCULATE       ; Lost fanout                            ;
; \clk_process:var.state.STORE           ; Lost fanout                            ;
; \clk_process:var.state.DONE            ; Lost fanout                            ;
; reg.state.FETCH                        ; Stuck at GND due to stuck port data_in ;
; store_state.store_stage1               ; Lost fanout                            ;
; store_state.store_stage2               ; Lost fanout                            ;
; store_state.store_stage3               ; Lost fanout                            ;
; calc_state.calc_stage1                 ; Lost fanout                            ;
; calc_state.calc_stage2                 ; Lost fanout                            ;
; calc_state.calc_stage3                 ; Lost fanout                            ;
; reg.state.IDLE                         ; Lost fanout                            ;
; reg.state.CALCULATE                    ; Lost fanout                            ;
; reg.state.STORE                        ; Lost fanout                            ;
; reg.state.DONE                         ; Lost fanout                            ;
; Total Number of Removed Registers = 84 ;                                        ;
+----------------------------------------+----------------------------------------+


+-------------------------------------------------------------------------------------------------+
; Removed Registers Triggering Further Register Optimizations                                     ;
+------------------------------+--------------------+---------------------------------------------+
; Register name                ; Reason for Removal ; Registers Removed due to This Register      ;
+------------------------------+--------------------+---------------------------------------------+
; \clk_process:var.state.IDLE  ; Lost Fanouts       ; reg.state.IDLE, reg.state.DONE              ;
; \clk_process:var.state.FETCH ; Lost Fanouts       ; calc_state.calc_stage3, reg.state.CALCULATE ;
; \clk_process:var.state.STORE ; Lost Fanouts       ; store_state.store_stage3, reg.state.STORE   ;
+------------------------------+--------------------+---------------------------------------------+


+------------------------------------------------------+
; General Register Statistics                          ;
+----------------------------------------------+-------+
; Statistic                                    ; Value ;
+----------------------------------------------+-------+
; Total registers                              ; 0     ;
; Number of registers using Synchronous Clear  ; 0     ;
; Number of registers using Synchronous Load   ; 0     ;
; Number of registers using Asynchronous Clear ; 0     ;
; Number of registers using Asynchronous Load  ; 0     ;
; Number of registers using Clock Enable       ; 0     ;
; Number of registers using Preset             ; 0     ;
+----------------------------------------------+-------+


+------------------------------------------------------------------------------------------------------------------------------------------+
; Multiplexer Restructuring Statistics (Restructuring Performed)                                                                           ;
+--------------------+-----------+---------------+----------------------+------------------------+------------+----------------------------+
; Multiplexer Inputs ; Bus Width ; Baseline Area ; Area if Restructured ; Saving if Restructured ; Registered ; Example Multiplexer Output ;
+--------------------+-----------+---------------+----------------------+------------------------+------------+----------------------------+
; 7:1                ; 3 bits    ; 12 LEs        ; 6 LEs                ; 6 LEs                  ; No         ; |Goertzel_new|Selector1    ;
; 8:1                ; 2 bits    ; 10 LEs        ; 4 LEs                ; 6 LEs                  ; No         ; |Goertzel_new|Selector0    ;
+--------------------+-----------+---------------+----------------------+------------------------+------------+----------------------------+


+-------------------------------+
; Elapsed Time Per Partition    ;
+----------------+--------------+
; Partition Name ; Elapsed Time ;
+----------------+--------------+
; Top            ; 00:00:00     ;
+----------------+--------------+


+-------------------------------+
; Analysis & Synthesis Messages ;
+-------------------------------+
Info: *******************************************************************
Info: Running Quartus II 64-Bit Analysis & Synthesis
    Info: Version 13.1.4 Build 182 03/12/2014 SJ Web Edition
    Info: Processing started: Fri Nov 29 10:50:49 2019
Info: Command: quartus_map --read_settings_files=on --write_settings_files=off Goertzel_new -c Goertzel_new
Warning (20028): Parallel compilation is not licensed and has been disabled
Info (12021): Found 1 design units, including 0 entities, in source file /users/holge/onedrive/aau - elektronik og it/5. semester/p5/p5-track-n-point/src/records.vhd
    Info (12022): Found design unit 1: records
Info (12021): Found 2 design units, including 0 entities, in source file /users/holge/onedrive/aau - elektronik og it/5. semester/p5/p5-track-n-point/src/constants.vhd
    Info (12022): Found design unit 1: constants
    Info (12022): Found design unit 2: constants-body
Info (12021): Found 2 design units, including 1 entities, in source file /users/holge/onedrive/aau - elektronik og it/5. semester/p5/p5-track-n-point/src/goertzel_new.vhd
    Info (12022): Found design unit 1: Goertzel_new-Behavioral
    Info (12023): Found entity 1: Goertzel_new
Info (12127): Elaborating entity "Goertzel_new" for the top level hierarchy
Warning (10540): VHDL Signal Declaration warning at Goertzel_new.vhd(24): used explicit default value for signal "reg_in" because signal was never assigned a value
Warning (13024): Output pins are stuck at VCC or GND
    Warning (13410): Pin "o_Goertzel[0][0]" is stuck at GND
    Warning (13410): Pin "o_Goertzel[0][1]" is stuck at GND
    Warning (13410): Pin "o_Goertzel[0][2]" is stuck at GND
    Warning (13410): Pin "o_Goertzel[0][3]" is stuck at GND
    Warning (13410): Pin "o_Goertzel[0][4]" is stuck at GND
    Warning (13410): Pin "o_Goertzel[0][5]" is stuck at GND
    Warning (13410): Pin "o_Goertzel[0][6]" is stuck at GND
    Warning (13410): Pin "o_Goertzel[0][7]" is stuck at GND
    Warning (13410): Pin "o_Goertzel[0][8]" is stuck at GND
    Warning (13410): Pin "o_Goertzel[0][9]" is stuck at GND
    Warning (13410): Pin "o_Goertzel[0][10]" is stuck at GND
    Warning (13410): Pin "o_Goertzel[0][11]" is stuck at GND
    Warning (13410): Pin "o_Goertzel[0][12]" is stuck at GND
    Warning (13410): Pin "o_Goertzel[0][13]" is stuck at GND
    Warning (13410): Pin "o_Goertzel[0][14]" is stuck at GND
    Warning (13410): Pin "o_Goertzel[0][15]" is stuck at GND
    Warning (13410): Pin "o_Goertzel[0][16]" is stuck at GND
    Warning (13410): Pin "o_Goertzel[0][17]" is stuck at GND
    Warning (13410): Pin "o_Goertzel[1][0]" is stuck at GND
    Warning (13410): Pin "o_Goertzel[1][1]" is stuck at GND
    Warning (13410): Pin "o_Goertzel[1][2]" is stuck at GND
    Warning (13410): Pin "o_Goertzel[1][3]" is stuck at GND
    Warning (13410): Pin "o_Goertzel[1][4]" is stuck at GND
    Warning (13410): Pin "o_Goertzel[1][5]" is stuck at GND
    Warning (13410): Pin "o_Goertzel[1][6]" is stuck at GND
    Warning (13410): Pin "o_Goertzel[1][7]" is stuck at GND
    Warning (13410): Pin "o_Goertzel[1][8]" is stuck at GND
    Warning (13410): Pin "o_Goertzel[1][9]" is stuck at GND
    Warning (13410): Pin "o_Goertzel[1][10]" is stuck at GND
    Warning (13410): Pin "o_Goertzel[1][11]" is stuck at GND
    Warning (13410): Pin "o_Goertzel[1][12]" is stuck at GND
    Warning (13410): Pin "o_Goertzel[1][13]" is stuck at GND
    Warning (13410): Pin "o_Goertzel[1][14]" is stuck at GND
    Warning (13410): Pin "o_Goertzel[1][15]" is stuck at GND
    Warning (13410): Pin "o_Goertzel[1][16]" is stuck at GND
    Warning (13410): Pin "o_Goertzel[1][17]" is stuck at GND
    Warning (13410): Pin "o_NEW_RESULT" is stuck at GND
Info (17049): 15 registers lost all their fanouts during netlist optimizations.
Info (16010): Generating hard_block partition "hard_block:auto_generated_inst"
    Info (16011): Adding 0 node(s), including 0 DDIO, 0 PLL, 0 transceiver and 0 LCELL
Warning (21074): Design contains 32 input pin(s) that do not drive logic
    Warning (15610): No output dependent on input pin "i_SIG[0]"
    Warning (15610): No output dependent on input pin "i_SIG[1]"
    Warning (15610): No output dependent on input pin "i_SIG[2]"
    Warning (15610): No output dependent on input pin "i_SIG[3]"
    Warning (15610): No output dependent on input pin "i_SIG[4]"
    Warning (15610): No output dependent on input pin "i_SIG[5]"
    Warning (15610): No output dependent on input pin "i_SIG[6]"
    Warning (15610): No output dependent on input pin "i_SIG[7]"
    Warning (15610): No output dependent on input pin "i_SIG[8]"
    Warning (15610): No output dependent on input pin "i_SIG[9]"
    Warning (15610): No output dependent on input pin "i_SIG[10]"
    Warning (15610): No output dependent on input pin "i_SIG[11]"
    Warning (15610): No output dependent on input pin "i_COEFF[0]"
    Warning (15610): No output dependent on input pin "i_COEFF[1]"
    Warning (15610): No output dependent on input pin "i_COEFF[2]"
    Warning (15610): No output dependent on input pin "i_COEFF[3]"
    Warning (15610): No output dependent on input pin "i_COEFF[4]"
    Warning (15610): No output dependent on input pin "i_COEFF[5]"
    Warning (15610): No output dependent on input pin "i_COEFF[6]"
    Warning (15610): No output dependent on input pin "i_COEFF[7]"
    Warning (15610): No output dependent on input pin "i_COEFF[8]"
    Warning (15610): No output dependent on input pin "i_COEFF[9]"
    Warning (15610): No output dependent on input pin "i_COEFF[10]"
    Warning (15610): No output dependent on input pin "i_COEFF[11]"
    Warning (15610): No output dependent on input pin "i_COEFF[12]"
    Warning (15610): No output dependent on input pin "i_COEFF[13]"
    Warning (15610): No output dependent on input pin "i_COEFF[14]"
    Warning (15610): No output dependent on input pin "i_COEFF[15]"
    Warning (15610): No output dependent on input pin "i_COEFF[16]"
    Warning (15610): No output dependent on input pin "i_COEFF[17]"
    Warning (15610): No output dependent on input pin "i_CLK"
    Warning (15610): No output dependent on input pin "i_ENABLE"
Info (21057): Implemented 69 device resources after synthesis - the final resource count might be different
    Info (21058): Implemented 32 input pins
    Info (21059): Implemented 37 output pins
Info: Quartus II 64-Bit Analysis & Synthesis was successful. 0 errors, 73 warnings
    Info: Peak virtual memory: 4672 megabytes
    Info: Processing ended: Fri Nov 29 10:50:51 2019
    Info: Elapsed time: 00:00:02
    Info: Total CPU time (on all processors): 00:00:02


