Port monitor named: Port1_e1[0.8].prt

nx        = 69
ny        = 63
nz        = 26

nu        = 10
nv        = 21
iu        = 10
iv        = 25

idir      = 1
dcut      = -6.075000e-002
icut      = 17
type      = 0
frequency = 8.000000e+008

fcutoff   = 0.000000e+000
alpha     = 0.000000e+000
beta      = 2.255213e+001
accuracy  = 1.248289e-013

type          = QTEM
wave imp.     = 2.821123e+002
wave imp.sig. = 6.102470e-009
line imp.     = 5.432583e+001

ref. port     = 0

-3.301066e+001  -3.277727e+001  -3.230926e+001  -6.666857e+001  -6.490304e+001  -6.242178e+001  -5.383126e+001  -3.253817e+001  -1.071078e+001  0.000000e+000  
-4.100031e+001  -4.052869e+001  -3.959775e+001  -8.084837e+001  -7.761220e+001  -7.327506e+001  -5.894149e+001  -3.220652e+001  -1.002410e+001  0.000000e+000  
-8.264934e+001  -7.991217e+001  -7.470649e+001  -1.446987e+002  -1.305385e+002  -1.142401e+002  -6.733115e+001  -2.414187e+001  -5.743497e+000  0.000000e+000  
-2.881298e+002  -2.615742e+002  -2.121300e+002  -3.365067e+002  -2.447757e+002  -1.700004e+002  -2.231351e+001  1.342422e+001  6.146321e+000  0.000000e+000  
-5.018107e+002  -4.413814e+002  -3.200753e+002  -3.878060e+002  -2.118574e+002  -1.106061e+002  1.875993e+001  2.594310e+001  8.947532e+000  0.000000e+000  
-8.423453e+002  -7.445595e+002  -5.116672e+002  -3.858167e+002  -1.017785e+002  5.343695e+000  7.005863e+001  3.940331e+001  1.176058e+001  0.000000e+000  
-1.388148e+003  -1.321579e+003  -1.029158e+003  -1.076961e+002  1.912393e+002  2.080231e+002  1.280855e+002  5.268867e+001  1.438949e+001  0.000000e+000  
-1.849096e+003  -1.991273e+003  -2.463155e+003  1.195711e+003  5.662849e+002  3.764601e+002  1.666184e+002  6.098823e+001  1.598274e+001  0.000000e+000  
-2.252720e+003  -2.387464e+003  -2.700531e+003  1.096815e+003  7.234338e+002  5.167641e+002  2.107784e+002  7.056995e+001  1.778585e+001  0.000000e+000  
-2.388037e+003  -2.440955e+003  -2.518168e+003  8.780578e+002  7.176725e+002  5.626821e+002  2.375534e+002  7.672071e+001  1.893403e+001  0.000000e+000  
-2.417739e+003  -2.447416e+003  -2.483620e+003  8.207424e+002  7.069495e+002  5.715763e+002  2.463808e+002  7.883549e+001  1.932814e+001  0.000000e+000  
-2.388037e+003  -2.440955e+003  -2.518168e+003  8.780578e+002  7.176725e+002  5.626821e+002  2.375534e+002  7.672071e+001  1.893403e+001  0.000000e+000  
-2.252720e+003  -2.387464e+003  -2.700531e+003  1.096815e+003  7.234338e+002  5.167641e+002  2.107784e+002  7.056995e+001  1.778585e+001  0.000000e+000  
-1.849096e+003  -1.991273e+003  -2.463155e+003  1.195711e+003  5.662849e+002  3.764601e+002  1.666184e+002  6.098823e+001  1.598274e+001  0.000000e+000  
-1.388148e+003  -1.321579e+003  -1.029158e+003  -1.076961e+002  1.912393e+002  2.080231e+002  1.280855e+002  5.268867e+001  1.438949e+001  0.000000e+000  
-8.423453e+002  -7.445595e+002  -5.116672e+002  -3.858167e+002  -1.017785e+002  5.343695e+000  7.005863e+001  3.940331e+001  1.176058e+001  0.000000e+000  
-5.018107e+002  -4.413814e+002  -3.200753e+002  -3.878060e+002  -2.118574e+002  -1.106061e+002  1.875993e+001  2.594310e+001  8.947532e+000  0.000000e+000  
-2.881298e+002  -2.615742e+002  -2.121300e+002  -3.365067e+002  -2.447757e+002  -1.700004e+002  -2.231351e+001  1.342422e+001  6.146321e+000  0.000000e+000  
-8.264934e+001  -7.991217e+001  -7.470649e+001  -1.446987e+002  -1.305385e+002  -1.142401e+002  -6.733115e+001  -2.414187e+001  -5.743497e+000  0.000000e+000  
-4.100031e+001  -4.052869e+001  -3.959775e+001  -8.084837e+001  -7.761220e+001  -7.327506e+001  -5.894149e+001  -3.220652e+001  -1.002410e+001  0.000000e+000  
-3.301066e+001  -3.277727e+001  -3.230926e+001  -6.666857e+001  -6.490304e+001  -6.242178e+001  -5.383126e+001  -3.253817e+001  -1.071078e+001  0.000000e+000  

0.000000e+000  -8.468710e-001  -1.695961e+000  -2.490300e+000  -4.763772e+000  -6.794956e+000  -8.519891e+000  -1.206501e+001  -1.152429e+001  -1.083906e+001  
0.000000e+000  -4.555834e+000  -9.004843e+000  -1.294381e+001  -2.330246e+001  -3.184586e+001  -3.840239e+001  -4.365720e+001  -3.581524e+001  -3.181393e+001  
0.000000e+000  -2.588690e+001  -4.953105e+001  -6.728389e+001  -1.023283e+002  -1.229630e+002  -1.327547e+002  -9.252066e+001  -5.474727e+001  -4.281975e+001  
0.000000e+000  -1.440568e+002  -2.694889e+002  -3.444390e+002  -3.937655e+002  -3.604651e+002  -3.012897e+002  -1.151696e+002  -4.978100e+001  -3.510715e+001  
0.000000e+000  -2.299947e+002  -4.419925e+002  -5.755873e+002  -5.724026e+002  -4.631783e+002  -3.483725e+002  -1.164731e+002  -4.631049e+001  -3.160096e+001  
0.000000e+000  -3.691369e+002  -7.734061e+002  -1.135775e+003  -8.609883e+002  -5.718833e+002  -3.718267e+002  -1.099283e+002  -4.077401e+001  -2.704523e+001  
0.000000e+000  -4.493717e+002  -1.125998e+003  -2.551136e+003  -1.118331e+003  -5.861741e+002  -3.469004e+002  -9.652378e+001  -3.433286e+001  -2.235544e+001  
0.000000e+000  -2.805792e+002  -5.658332e+002  0.000000e+000  -5.846316e+002  -4.251177e+002  -2.827843e+002  -7.810649e+001  -2.691001e+001  -1.724509e+001  
0.000000e+000  -9.388112e+001  -1.320638e+002  0.000000e+000  -2.150880e+002  -2.204936e+002  -1.737537e+002  -4.963160e+001  -1.677749e+001  -1.062567e+001  
0.000000e+000  -2.055975e+001  -2.508097e+001  0.000000e+000  -5.632635e+001  -6.702549e+001  -5.792435e+001  -1.699532e+001  -5.700751e+000  -3.589565e+000  
0.000000e+000  2.055975e+001  2.508097e+001  0.000000e+000  5.632635e+001  6.702549e+001  5.792435e+001  1.699532e+001  5.700751e+000  3.589565e+000  
0.000000e+000  9.388112e+001  1.320638e+002  0.000000e+000  2.150880e+002  2.204936e+002  1.737537e+002  4.963160e+001  1.677749e+001  1.062567e+001  
0.000000e+000  2.805792e+002  5.658332e+002  0.000000e+000  5.846316e+002  4.251177e+002  2.827843e+002  7.810649e+001  2.691001e+001  1.724509e+001  
0.000000e+000  4.493717e+002  1.125998e+003  2.551136e+003  1.118331e+003  5.861741e+002  3.469004e+002  9.652378e+001  3.433286e+001  2.235544e+001  
0.000000e+000  3.691369e+002  7.734061e+002  1.135775e+003  8.609883e+002  5.718833e+002  3.718267e+002  1.099283e+002  4.077401e+001  2.704523e+001  
0.000000e+000  2.299947e+002  4.419925e+002  5.755873e+002  5.724026e+002  4.631783e+002  3.483725e+002  1.164731e+002  4.631049e+001  3.160096e+001  
0.000000e+000  1.440568e+002  2.694889e+002  3.444390e+002  3.937655e+002  3.604651e+002  3.012897e+002  1.151696e+002  4.978100e+001  3.510715e+001  
0.000000e+000  2.588690e+001  4.953105e+001  6.728389e+001  1.023283e+002  1.229630e+002  1.327547e+002  9.252066e+001  5.474727e+001  4.281975e+001  
0.000000e+000  4.555834e+000  9.004843e+000  1.294381e+001  2.330246e+001  3.184586e+001  3.840239e+001  4.365720e+001  3.581524e+001  3.181393e+001  
0.000000e+000  8.468710e-001  1.695961e+000  2.490300e+000  4.763772e+000  6.794956e+000  8.519891e+000  1.206501e+001  1.152429e+001  1.083906e+001  
0.000000e+000  0.000000e+000  0.000000e+000  0.000000e+000  0.000000e+000  0.000000e+000  0.000000e+000  0.000000e+000  0.000000e+000  0.000000e+000  

0.000000e+000  0.000000e+000  0.000000e+000  0.000000e+000  0.000000e+000  0.000000e+000  0.000000e+000  0.000000e+000  0.000000e+000  0.000000e+000  
0.000000e+000  0.000000e+000  0.000000e+000  0.000000e+000  0.000000e+000  0.000000e+000  0.000000e+000  0.000000e+000  0.000000e+000  0.000000e+000  
0.000000e+000  0.000000e+000  0.000000e+000  0.000000e+000  0.000000e+000  0.000000e+000  0.000000e+000  0.000000e+000  0.000000e+000  0.000000e+000  
0.000000e+000  0.000000e+000  0.000000e+000  0.000000e+000  0.000000e+000  0.000000e+000  0.000000e+000  0.000000e+000  0.000000e+000  0.000000e+000  
0.000000e+000  0.000000e+000  0.000000e+000  0.000000e+000  0.000000e+000  0.000000e+000  0.000000e+000  0.000000e+000  0.000000e+000  0.000000e+000  
0.000000e+000  0.000000e+000  0.000000e+000  0.000000e+000  0.000000e+000  0.000000e+000  0.000000e+000  0.000000e+000  0.000000e+000  0.000000e+000  
0.000000e+000  0.000000e+000  0.000000e+000  0.000000e+000  0.000000e+000  0.000000e+000  0.000000e+000  0.000000e+000  0.000000e+000  0.000000e+000  
0.000000e+000  0.000000e+000  0.000000e+000  0.000000e+000  0.000000e+000  0.000000e+000  0.000000e+000  0.000000e+000  0.000000e+000  0.000000e+000  
0.000000e+000  0.000000e+000  0.000000e+000  0.000000e+000  0.000000e+000  0.000000e+000  0.000000e+000  0.000000e+000  0.000000e+000  0.000000e+000  
0.000000e+000  0.000000e+000  0.000000e+000  0.000000e+000  0.000000e+000  0.000000e+000  0.000000e+000  0.000000e+000  0.000000e+000  0.000000e+000  
0.000000e+000  0.000000e+000  0.000000e+000  0.000000e+000  0.000000e+000  0.000000e+000  0.000000e+000  0.000000e+000  0.000000e+000  0.000000e+000  
0.000000e+000  0.000000e+000  0.000000e+000  0.000000e+000  0.000000e+000  0.000000e+000  0.000000e+000  0.000000e+000  0.000000e+000  0.000000e+000  
0.000000e+000  0.000000e+000  0.000000e+000  0.000000e+000  0.000000e+000  0.000000e+000  0.000000e+000  0.000000e+000  0.000000e+000  0.000000e+000  
0.000000e+000  0.000000e+000  0.000000e+000  0.000000e+000  0.000000e+000  0.000000e+000  0.000000e+000  0.000000e+000  0.000000e+000  0.000000e+000  
0.000000e+000  0.000000e+000  0.000000e+000  0.000000e+000  0.000000e+000  0.000000e+000  0.000000e+000  0.000000e+000  0.000000e+000  0.000000e+000  
0.000000e+000  0.000000e+000  0.000000e+000  0.000000e+000  0.000000e+000  0.000000e+000  0.000000e+000  0.000000e+000  0.000000e+000  0.000000e+000  
0.000000e+000  0.000000e+000  0.000000e+000  0.000000e+000  0.000000e+000  0.000000e+000  0.000000e+000  0.000000e+000  0.000000e+000  0.000000e+000  
0.000000e+000  0.000000e+000  0.000000e+000  0.000000e+000  0.000000e+000  0.000000e+000  0.000000e+000  0.000000e+000  0.000000e+000  0.000000e+000  
0.000000e+000  0.000000e+000  0.000000e+000  0.000000e+000  0.000000e+000  0.000000e+000  0.000000e+000  0.000000e+000  0.000000e+000  0.000000e+000  
0.000000e+000  0.000000e+000  0.000000e+000  0.000000e+000  0.000000e+000  0.000000e+000  0.000000e+000  0.000000e+000  0.000000e+000  0.000000e+000  
0.000000e+000  0.000000e+000  0.000000e+000  0.000000e+000  0.000000e+000  0.000000e+000  0.000000e+000  0.000000e+000  0.000000e+000  0.000000e+000  

0.000000e+000  0.000000e+000  0.000000e+000  0.000000e+000  0.000000e+000  0.000000e+000  0.000000e+000  0.000000e+000  0.000000e+000  0.000000e+000  
0.000000e+000  0.000000e+000  0.000000e+000  0.000000e+000  0.000000e+000  0.000000e+000  0.000000e+000  0.000000e+000  0.000000e+000  0.000000e+000  
0.000000e+000  0.000000e+000  0.000000e+000  0.000000e+000  0.000000e+000  0.000000e+000  0.000000e+000  0.000000e+000  0.000000e+000  0.000000e+000  
0.000000e+000  0.000000e+000  0.000000e+000  0.000000e+000  0.000000e+000  0.000000e+000  0.000000e+000  0.000000e+000  0.000000e+000  0.000000e+000  
0.000000e+000  0.000000e+000  0.000000e+000  0.000000e+000  0.000000e+000  0.000000e+000  0.000000e+000  0.000000e+000  0.000000e+000  0.000000e+000  
0.000000e+000  0.000000e+000  0.000000e+000  0.000000e+000  0.000000e+000  0.000000e+000  0.000000e+000  0.000000e+000  0.000000e+000  0.000000e+000  
0.000000e+000  0.000000e+000  0.000000e+000  0.000000e+000  0.000000e+000  0.000000e+000  0.000000e+000  0.000000e+000  0.000000e+000  0.000000e+000  
0.000000e+000  0.000000e+000  0.000000e+000  0.000000e+000  0.000000e+000  0.000000e+000  0.000000e+000  0.000000e+000  0.000000e+000  0.000000e+000  
0.000000e+000  0.000000e+000  0.000000e+000  0.000000e+000  0.000000e+000  0.000000e+000  0.000000e+000  0.000000e+000  0.000000e+000  0.000000e+000  
0.000000e+000  0.000000e+000  0.000000e+000  0.000000e+000  0.000000e+000  0.000000e+000  0.000000e+000  0.000000e+000  0.000000e+000  0.000000e+000  
0.000000e+000  0.000000e+000  0.000000e+000  0.000000e+000  0.000000e+000  0.000000e+000  0.000000e+000  0.000000e+000  0.000000e+000  0.000000e+000  
0.000000e+000  0.000000e+000  0.000000e+000  0.000000e+000  0.000000e+000  0.000000e+000  0.000000e+000  0.000000e+000  0.000000e+000  0.000000e+000  
0.000000e+000  0.000000e+000  0.000000e+000  0.000000e+000  0.000000e+000  0.000000e+000  0.000000e+000  0.000000e+000  0.000000e+000  0.000000e+000  
0.000000e+000  0.000000e+000  0.000000e+000  0.000000e+000  0.000000e+000  0.000000e+000  0.000000e+000  0.000000e+000  0.000000e+000  0.000000e+000  
0.000000e+000  0.000000e+000  0.000000e+000  0.000000e+000  0.000000e+000  0.000000e+000  0.000000e+000  0.000000e+000  0.000000e+000  0.000000e+000  
0.000000e+000  0.000000e+000  0.000000e+000  0.000000e+000  0.000000e+000  0.000000e+000  0.000000e+000  0.000000e+000  0.000000e+000  0.000000e+000  
0.000000e+000  0.000000e+000  0.000000e+000  0.000000e+000  0.000000e+000  0.000000e+000  0.000000e+000  0.000000e+000  0.000000e+000  0.000000e+000  
0.000000e+000  0.000000e+000  0.000000e+000  0.000000e+000  0.000000e+000  0.000000e+000  0.000000e+000  0.000000e+000  0.000000e+000  0.000000e+000  
0.000000e+000  0.000000e+000  0.000000e+000  0.000000e+000  0.000000e+000  0.000000e+000  0.000000e+000  0.000000e+000  0.000000e+000  0.000000e+000  
0.000000e+000  0.000000e+000  0.000000e+000  0.000000e+000  0.000000e+000  0.000000e+000  0.000000e+000  0.000000e+000  0.000000e+000  0.000000e+000  
0.000000e+000  0.000000e+000  0.000000e+000  0.000000e+000  0.000000e+000  0.000000e+000  0.000000e+000  0.000000e+000  0.000000e+000  0.000000e+000  

0.000000e+000  0.000000e+000  0.000000e+000  0.000000e+000  0.000000e+000  0.000000e+000  0.000000e+000  0.000000e+000  0.000000e+000  0.000000e+000  
0.000000e+000  0.000000e+000  0.000000e+000  0.000000e+000  0.000000e+000  0.000000e+000  0.000000e+000  0.000000e+000  0.000000e+000  0.000000e+000  
0.000000e+000  0.000000e+000  0.000000e+000  0.000000e+000  0.000000e+000  0.000000e+000  0.000000e+000  0.000000e+000  0.000000e+000  0.000000e+000  
0.000000e+000  0.000000e+000  0.000000e+000  0.000000e+000  0.000000e+000  0.000000e+000  0.000000e+000  0.000000e+000  0.000000e+000  0.000000e+000  
0.000000e+000  0.000000e+000  0.000000e+000  0.000000e+000  0.000000e+000  0.000000e+000  0.000000e+000  0.000000e+000  0.000000e+000  0.000000e+000  
0.000000e+000  0.000000e+000  0.000000e+000  0.000000e+000  0.000000e+000  0.000000e+000  0.000000e+000  0.000000e+000  0.000000e+000  0.000000e+000  
0.000000e+000  0.000000e+000  0.000000e+000  0.000000e+000  0.000000e+000  0.000000e+000  0.000000e+000  0.000000e+000  0.000000e+000  0.000000e+000  
0.000000e+000  0.000000e+000  0.000000e+000  0.000000e+000  0.000000e+000  0.000000e+000  0.000000e+000  0.000000e+000  0.000000e+000  0.000000e+000  
0.000000e+000  0.000000e+000  0.000000e+000  0.000000e+000  0.000000e+000  0.000000e+000  0.000000e+000  0.000000e+000  0.000000e+000  0.000000e+000  
0.000000e+000  0.000000e+000  0.000000e+000  0.000000e+000  0.000000e+000  0.000000e+000  0.000000e+000  0.000000e+000  0.000000e+000  0.000000e+000  
0.000000e+000  0.000000e+000  0.000000e+000  0.000000e+000  0.000000e+000  0.000000e+000  0.000000e+000  0.000000e+000  0.000000e+000  0.000000e+000  
0.000000e+000  0.000000e+000  0.000000e+000  0.000000e+000  0.000000e+000  0.000000e+000  0.000000e+000  0.000000e+000  0.000000e+000  0.000000e+000  
0.000000e+000  0.000000e+000  0.000000e+000  0.000000e+000  0.000000e+000  0.000000e+000  0.000000e+000  0.000000e+000  0.000000e+000  0.000000e+000  
0.000000e+000  0.000000e+000  0.000000e+000  0.000000e+000  0.000000e+000  0.000000e+000  0.000000e+000  0.000000e+000  0.000000e+000  0.000000e+000  
0.000000e+000  0.000000e+000  0.000000e+000  0.000000e+000  0.000000e+000  0.000000e+000  0.000000e+000  0.000000e+000  0.000000e+000  0.000000e+000  
0.000000e+000  0.000000e+000  0.000000e+000  0.000000e+000  0.000000e+000  0.000000e+000  0.000000e+000  0.000000e+000  0.000000e+000  0.000000e+000  
0.000000e+000  0.000000e+000  0.000000e+000  0.000000e+000  0.000000e+000  0.000000e+000  0.000000e+000  0.000000e+000  0.000000e+000  0.000000e+000  
0.000000e+000  0.000000e+000  0.000000e+000  0.000000e+000  0.000000e+000  0.000000e+000  0.000000e+000  0.000000e+000  0.000000e+000  0.000000e+000  
0.000000e+000  0.000000e+000  0.000000e+000  0.000000e+000  0.000000e+000  0.000000e+000  0.000000e+000  0.000000e+000  0.000000e+000  0.000000e+000  
0.000000e+000  0.000000e+000  0.000000e+000  0.000000e+000  0.000000e+000  0.000000e+000  0.000000e+000  0.000000e+000  0.000000e+000  0.000000e+000  
0.000000e+000  0.000000e+000  0.000000e+000  0.000000e+000  0.000000e+000  0.000000e+000  0.000000e+000  0.000000e+000  0.000000e+000  0.000000e+000  

0.000000e+000  -9.806020e-001  -1.991118e+000  -2.990913e+000  -3.240835e+000  -3.462226e+000  -3.656625e+000  -4.224887e+000  -4.502219e+000  -4.576267e+000  
0.000000e+000  -1.155101e+000  -2.343949e+000  -3.517127e+000  -3.752556e+000  -3.949427e+000  -4.113220e+000  -4.507081e+000  -4.663436e+000  -4.700223e+000  
0.000000e+000  -1.859592e+000  -3.770353e+000  -5.648407e+000  -5.689434e+000  -5.671034e+000  -5.621940e+000  -5.270125e+000  -5.054016e+000  -4.991189e+000  
0.000000e+000  -3.412101e+000  -6.978491e+000  -1.058930e+001  -9.312528e+000  -8.229713e+000  -7.363825e+000  -5.808382e+000  -5.306653e+000  -5.189104e+000  
0.000000e+000  -3.503202e+000  -7.301429e+000  -1.141758e+001  -9.385293e+000  -8.024375e+000  -7.093467e+000  -5.756936e+000  -5.317126e+000  -5.207689e+000  
0.000000e+000  -3.250578e+000  -6.978440e+000  -1.152282e+001  -8.768082e+000  -7.378060e+000  -6.589185e+000  -5.664084e+000  -5.317671e+000  -5.220813e+000  
0.000000e+000  -2.266291e+000  -4.998529e+000  -9.272916e+000  -6.743463e+000  -6.113452e+000  -5.870024e+000  -5.545057e+000  -5.311331e+000  -5.229392e+000  
0.000000e+000  -1.124314e+000  -1.784938e+000  0.000000e+000  -4.184775e+000  -5.002219e+000  -5.334792e+000  -5.460668e+000  -5.305044e+000  -5.233313e+000  
0.000000e+000  -3.524727e-001  -4.424361e-001  0.000000e+000  -2.459846e+000  -3.853290e+000  -4.678619e+000  -5.354278e+000  -5.295701e+000  -5.236602e+000  
0.000000e+000  -1.088041e-001  -1.218666e-001  0.000000e+000  -1.841681e+000  -3.262343e+000  -4.262988e+000  -5.282103e+000  -5.288744e+000  -5.238183e+000  
0.000000e+000  -5.641971e-002  -6.028996e-002  0.000000e+000  -1.682627e+000  -3.084109e+000  -4.122934e+000  -5.256666e+000  -5.286189e+000  -5.238641e+000  
0.000000e+000  -1.088041e-001  -1.218666e-001  0.000000e+000  -1.841681e+000  -3.262343e+000  -4.262988e+000  -5.282103e+000  -5.288744e+000  -5.238183e+000  
0.000000e+000  -3.524727e-001  -4.424361e-001  0.000000e+000  -2.459846e+000  -3.853290e+000  -4.678619e+000  -5.354278e+000  -5.295701e+000  -5.236602e+000  
0.000000e+000  -1.124314e+000  -1.784938e+000  0.000000e+000  -4.184775e+000  -5.002219e+000  -5.334792e+000  -5.460668e+000  -5.305044e+000  -5.233313e+000  
0.000000e+000  -2.266291e+000  -4.998529e+000  -9.272916e+000  -6.743463e+000  -6.113452e+000  -5.870024e+000  -5.545057e+000  -5.311331e+000  -5.229392e+000  
0.000000e+000  -3.250578e+000  -6.978441e+000  -1.152282e+001  -8.768082e+000  -7.378060e+000  -6.589185e+000  -5.664084e+000  -5.317671e+000  -5.220813e+000  
0.000000e+000  -3.503202e+000  -7.301429e+000  -1.141758e+001  -9.385293e+000  -8.024375e+000  -7.093467e+000  -5.756936e+000  -5.317126e+000  -5.207689e+000  
0.000000e+000  -3.412101e+000  -6.978491e+000  -1.058930e+001  -9.312528e+000  -8.229713e+000  -7.363825e+000  -5.808382e+000  -5.306653e+000  -5.189104e+000  
0.000000e+000  -1.859592e+000  -3.770353e+000  -5.648407e+000  -5.689434e+000  -5.671034e+000  -5.621940e+000  -5.270125e+000  -5.054016e+000  -4.991189e+000  
0.000000e+000  -1.155101e+000  -2.343949e+000  -3.517127e+000  -3.752556e+000  -3.949427e+000  -4.113220e+000  -4.507081e+000  -4.663436e+000  -4.700223e+000  
0.000000e+000  -9.806019e-001  -1.991118e+000  -2.990913e+000  -3.240835e+000  -3.462226e+000  -3.656625e+000  -4.224887e+000  -4.502219e+000  -4.576267e+000  

