Port monitor named: Port1_h1[0.8].prt

nx        = 69
ny        = 58
nz        = 23

nu        = 7
nv        = 15
iu        = 10
iv        = 28

idir      = 1
dcut      = -7.500000e-002
icut      = 8
type      = 1
frequency = 8.000000e+008

fcutoff   = 0.000000e+000
alpha     = 0.000000e+000
beta      = 3.062159e+001
accuracy  = 1.374299e-012

type          = QTEM
wave imp.     = 2.078829e+002
wave imp.sig. = 0.000000e+000
line imp.     = 5.614692e+001

ref. port     = 0

-0.000000e+000  6.710956e-002  1.316239e-001  2.141457e-001  2.641611e-001  2.891816e-001  2.037490e-001  
-0.000000e+000  3.162003e-001  5.933712e-001  8.458972e-001  8.892700e-001  8.314330e-001  4.271508e-001  
-0.000000e+000  1.068859e+000  1.901757e+000  2.108864e+000  1.686517e+000  1.175529e+000  4.348183e-001  
-0.000000e+000  2.111524e+000  3.801425e+000  3.322103e+000  2.191536e+000  1.260743e+000  3.948198e-001  
-0.000000e+000  4.315751e+000  9.069459e+000  5.089113e+000  2.529442e+000  1.137891e+000  3.031453e-001  
-0.000000e+000  5.530497e+000  2.164119e+001  5.498369e+000  2.063778e+000  8.081683e-001  2.014328e-001  
-0.000000e+000  2.594770e+000  -0.000000e+000  2.322455e+000  1.016013e+000  3.791789e-001  8.791792e-002  
-0.000000e+000  -2.594770e+000  -0.000000e+000  -2.322455e+000  -1.016013e+000  -3.791789e-001  -8.791792e-002  
-0.000000e+000  -5.530497e+000  -2.164119e+001  -5.498369e+000  -2.063778e+000  -8.081683e-001  -2.014328e-001  
-0.000000e+000  -4.315751e+000  -9.069459e+000  -5.089113e+000  -2.529442e+000  -1.137891e+000  -3.031453e-001  
-0.000000e+000  -2.111524e+000  -3.801425e+000  -3.322103e+000  -2.191536e+000  -1.260743e+000  -3.948198e-001  
-0.000000e+000  -1.068859e+000  -1.901757e+000  -2.108864e+000  -1.686517e+000  -1.175529e+000  -4.348183e-001  
-0.000000e+000  -3.162003e-001  -5.933712e-001  -8.458972e-001  -8.892700e-001  -8.314330e-001  -4.271508e-001  
-0.000000e+000  -6.710956e-002  -1.316239e-001  -2.141457e-001  -2.641611e-001  -2.891816e-001  -2.037490e-001  
-0.000000e+000  -0.000000e+000  -0.000000e+000  -0.000000e+000  -0.000000e+000  -0.000000e+000  -0.000000e+000  

-9.764079e-001  -9.564594e-001  -9.058660e-001  -8.051483e-001  -6.809664e-001  -2.611815e-001  -0.000000e+000  
-1.376099e+000  -1.323579e+000  -1.196817e+000  -9.834833e-001  -7.723572e-001  -2.064718e-001  -0.000000e+000  
-2.736143e+000  -2.463421e+000  -1.843360e+000  -1.104306e+000  -6.375221e-001  -1.410436e-002  -0.000000e+000  
-4.415301e+000  -3.714239e+000  -2.042100e+000  -7.220391e-001  -1.721131e-001  1.163807e-001  -0.000000e+000  
-7.725144e+000  -6.244641e+000  -1.611080e+000  3.110958e-001  6.793255e-001  2.692239e-001  -0.000000e+000  
-1.447935e+001  -1.334391e+001  2.038955e+000  2.659044e+000  1.955187e+000  4.167678e-001  -0.000000e+000  
-1.825972e+001  -2.099034e+001  8.825276e+000  4.037659e+000  2.458695e+000  4.636603e-001  -0.000000e+000  
-2.233932e+001  -2.580263e+001  1.026676e+001  5.243340e+000  3.046188e+000  5.154578e-001  -0.000000e+000  
-1.825972e+001  -2.099034e+001  8.825276e+000  4.037659e+000  2.458695e+000  4.636603e-001  -0.000000e+000  
-1.447935e+001  -1.334391e+001  2.038955e+000  2.659044e+000  1.955187e+000  4.167678e-001  -0.000000e+000  
-7.725144e+000  -6.244641e+000  -1.611080e+000  3.110958e-001  6.793255e-001  2.692239e-001  -0.000000e+000  
-4.415301e+000  -3.714239e+000  -2.042100e+000  -7.220391e-001  -1.721131e-001  1.163807e-001  -0.000000e+000  
-2.736143e+000  -2.463421e+000  -1.843360e+000  -1.104306e+000  -6.375221e-001  -1.410436e-002  -0.000000e+000  
-1.376099e+000  -1.323579e+000  -1.196817e+000  -9.834833e-001  -7.723572e-001  -2.064718e-001  -0.000000e+000  
-9.764079e-001  -9.564594e-001  -9.058660e-001  -8.051483e-001  -6.809664e-001  -2.611815e-001  -0.000000e+000  

0.000000e+000  0.000000e+000  0.000000e+000  0.000000e+000  0.000000e+000  0.000000e+000  0.000000e+000  
0.000000e+000  0.000000e+000  0.000000e+000  0.000000e+000  0.000000e+000  0.000000e+000  0.000000e+000  
0.000000e+000  0.000000e+000  0.000000e+000  0.000000e+000  0.000000e+000  0.000000e+000  0.000000e+000  
0.000000e+000  0.000000e+000  0.000000e+000  0.000000e+000  0.000000e+000  0.000000e+000  0.000000e+000  
0.000000e+000  0.000000e+000  0.000000e+000  0.000000e+000  0.000000e+000  0.000000e+000  0.000000e+000  
0.000000e+000  0.000000e+000  0.000000e+000  0.000000e+000  0.000000e+000  0.000000e+000  0.000000e+000  
0.000000e+000  0.000000e+000  0.000000e+000  0.000000e+000  0.000000e+000  0.000000e+000  0.000000e+000  
0.000000e+000  0.000000e+000  0.000000e+000  0.000000e+000  0.000000e+000  0.000000e+000  0.000000e+000  
0.000000e+000  0.000000e+000  0.000000e+000  0.000000e+000  0.000000e+000  0.000000e+000  0.000000e+000  
0.000000e+000  0.000000e+000  0.000000e+000  0.000000e+000  0.000000e+000  0.000000e+000  0.000000e+000  
0.000000e+000  0.000000e+000  0.000000e+000  0.000000e+000  0.000000e+000  0.000000e+000  0.000000e+000  
0.000000e+000  0.000000e+000  0.000000e+000  0.000000e+000  0.000000e+000  0.000000e+000  0.000000e+000  
0.000000e+000  0.000000e+000  0.000000e+000  0.000000e+000  0.000000e+000  0.000000e+000  0.000000e+000  
0.000000e+000  0.000000e+000  0.000000e+000  0.000000e+000  0.000000e+000  0.000000e+000  0.000000e+000  
0.000000e+000  0.000000e+000  0.000000e+000  0.000000e+000  0.000000e+000  0.000000e+000  0.000000e+000  

0.000000e+000  0.000000e+000  0.000000e+000  0.000000e+000  0.000000e+000  0.000000e+000  0.000000e+000  
0.000000e+000  0.000000e+000  0.000000e+000  0.000000e+000  0.000000e+000  0.000000e+000  0.000000e+000  
0.000000e+000  0.000000e+000  0.000000e+000  0.000000e+000  0.000000e+000  0.000000e+000  0.000000e+000  
0.000000e+000  0.000000e+000  0.000000e+000  0.000000e+000  0.000000e+000  0.000000e+000  0.000000e+000  
0.000000e+000  0.000000e+000  0.000000e+000  0.000000e+000  0.000000e+000  0.000000e+000  0.000000e+000  
0.000000e+000  0.000000e+000  0.000000e+000  0.000000e+000  0.000000e+000  0.000000e+000  0.000000e+000  
0.000000e+000  0.000000e+000  0.000000e+000  0.000000e+000  0.000000e+000  0.000000e+000  0.000000e+000  
0.000000e+000  0.000000e+000  0.000000e+000  0.000000e+000  0.000000e+000  0.000000e+000  0.000000e+000  
0.000000e+000  0.000000e+000  0.000000e+000  0.000000e+000  0.000000e+000  0.000000e+000  0.000000e+000  
0.000000e+000  0.000000e+000  0.000000e+000  0.000000e+000  0.000000e+000  0.000000e+000  0.000000e+000  
0.000000e+000  0.000000e+000  0.000000e+000  0.000000e+000  0.000000e+000  0.000000e+000  0.000000e+000  
0.000000e+000  0.000000e+000  0.000000e+000  0.000000e+000  0.000000e+000  0.000000e+000  0.000000e+000  
0.000000e+000  0.000000e+000  0.000000e+000  0.000000e+000  0.000000e+000  0.000000e+000  0.000000e+000  
0.000000e+000  0.000000e+000  0.000000e+000  0.000000e+000  0.000000e+000  0.000000e+000  0.000000e+000  
0.000000e+000  0.000000e+000  0.000000e+000  0.000000e+000  0.000000e+000  0.000000e+000  0.000000e+000  

0.000000e+000  0.000000e+000  0.000000e+000  0.000000e+000  0.000000e+000  0.000000e+000  0.000000e+000  
0.000000e+000  0.000000e+000  0.000000e+000  0.000000e+000  0.000000e+000  0.000000e+000  0.000000e+000  
0.000000e+000  0.000000e+000  0.000000e+000  0.000000e+000  0.000000e+000  0.000000e+000  0.000000e+000  
0.000000e+000  0.000000e+000  0.000000e+000  0.000000e+000  0.000000e+000  0.000000e+000  0.000000e+000  
0.000000e+000  0.000000e+000  0.000000e+000  0.000000e+000  0.000000e+000  0.000000e+000  0.000000e+000  
0.000000e+000  0.000000e+000  0.000000e+000  0.000000e+000  0.000000e+000  0.000000e+000  0.000000e+000  
0.000000e+000  0.000000e+000  0.000000e+000  0.000000e+000  0.000000e+000  0.000000e+000  0.000000e+000  
0.000000e+000  0.000000e+000  0.000000e+000  0.000000e+000  0.000000e+000  0.000000e+000  0.000000e+000  
0.000000e+000  0.000000e+000  0.000000e+000  0.000000e+000  0.000000e+000  0.000000e+000  0.000000e+000  
0.000000e+000  0.000000e+000  0.000000e+000  0.000000e+000  0.000000e+000  0.000000e+000  0.000000e+000  
0.000000e+000  0.000000e+000  0.000000e+000  0.000000e+000  0.000000e+000  0.000000e+000  0.000000e+000  
0.000000e+000  0.000000e+000  0.000000e+000  0.000000e+000  0.000000e+000  0.000000e+000  0.000000e+000  
0.000000e+000  0.000000e+000  0.000000e+000  0.000000e+000  0.000000e+000  0.000000e+000  0.000000e+000  
0.000000e+000  0.000000e+000  0.000000e+000  0.000000e+000  0.000000e+000  0.000000e+000  0.000000e+000  
0.000000e+000  0.000000e+000  0.000000e+000  0.000000e+000  0.000000e+000  0.000000e+000  0.000000e+000  

-5.982827e-002  -5.885759e-002  -5.556694e-002  -4.890403e-002  -4.109576e-002  -1.547311e-002  -0.000000e+000  
-1.699637e-001  -1.672217e-001  -1.543507e-001  -1.290832e-001  -1.036373e-001  -3.199496e-002  -0.000000e+000  
-2.653573e-001  -2.659643e-001  -2.356010e-001  -1.765991e-001  -1.305000e-001  -3.219239e-002  -0.000000e+000  
-3.151124e-001  -3.274708e-001  -2.807604e-001  -1.913795e-001  -1.329854e-001  -2.905751e-002  -0.000000e+000  
-3.359539e-001  -3.849934e-001  -3.108255e-001  -1.801115e-001  -1.146562e-001  -2.219321e-002  -0.000000e+000  
-2.687708e-001  -3.633554e-001  -2.681710e-001  -1.324600e-001  -7.997037e-002  -1.471674e-002  -0.000000e+000  
-1.318859e-001  -1.628684e-001  -1.202865e-001  -6.248230e-002  -3.681891e-002  -6.407310e-003  -0.000000e+000  
1.318859e-001  1.628684e-001  1.202865e-001  6.248230e-002  3.681891e-002  6.407310e-003  -0.000000e+000  
2.687708e-001  3.633554e-001  2.681710e-001  1.324600e-001  7.997037e-002  1.471674e-002  -0.000000e+000  
3.359539e-001  3.849934e-001  3.108255e-001  1.801115e-001  1.146562e-001  2.219321e-002  -0.000000e+000  
3.151124e-001  3.274708e-001  2.807604e-001  1.913795e-001  1.329854e-001  2.905751e-002  -0.000000e+000  
2.653573e-001  2.659643e-001  2.356010e-001  1.765991e-001  1.305000e-001  3.219239e-002  -0.000000e+000  
1.699637e-001  1.672217e-001  1.543507e-001  1.290832e-001  1.036373e-001  3.199496e-002  -0.000000e+000  
5.982827e-002  5.885759e-002  5.556694e-002  4.890403e-002  4.109576e-002  1.547311e-002  -0.000000e+000  
-0.000000e+000  -0.000000e+000  -0.000000e+000  -0.000000e+000  -0.000000e+000  -0.000000e+000  -0.000000e+000  

