Port monitor named: Port1_e1[0.8].prt

nx        = 69
ny        = 58
nz        = 23

nu        = 7
nv        = 15
iu        = 10
iv        = 28

idir      = 1
dcut      = -7.500000e-002
icut      = 8
type      = 0
frequency = 8.000000e+008

fcutoff   = 0.000000e+000
alpha     = 0.000000e+000
beta      = 3.062159e+001
accuracy  = 1.374299e-012

type          = QTEM
wave imp.     = 2.078829e+002
wave imp.sig. = 0.000000e+000
line imp.     = 5.614692e+001

ref. port     = 0

-3.690816e+001  -3.568089e+001  -1.534427e+002  -1.404811e+002  -1.210594e+002  -4.887514e+001  -0.000000e+000  
-6.158361e+001  -5.594314e+001  -2.225904e+002  -1.889736e+002  -1.509938e+002  -4.156414e+001  -0.000000e+000  
-1.946894e+002  -1.450919e+002  -4.104326e+002  -2.581148e+002  -1.550139e+002  -7.619799e+000  -0.000000e+000  
-4.583119e+002  -2.996996e+002  -5.180918e+002  -2.064959e+002  -6.960564e+001  1.850406e+001  -0.000000e+000  
-1.091100e+003  -7.043164e+002  -5.179917e+002  -7.263682e+000  1.074078e+002  5.041811e+001  -0.000000e+000  
-2.624131e+003  -2.173495e+003  2.369492e+002  5.270024e+002  3.971299e+002  8.238817e+001  -0.000000e+000  
-3.623349e+003  -4.426461e+003  2.044455e+003  8.722043e+002  5.164357e+002  9.270662e+001  -0.000000e+000  
-4.564687e+003  -5.363926e+003  2.363531e+003  1.166020e+003  6.571342e+002  1.042785e+002  -0.000000e+000  
-3.623349e+003  -4.426461e+003  2.044455e+003  8.722043e+002  5.164357e+002  9.270662e+001  -0.000000e+000  
-2.624131e+003  -2.173495e+003  2.369492e+002  5.270024e+002  3.971299e+002  8.238817e+001  -0.000000e+000  
-1.091100e+003  -7.043164e+002  -5.179917e+002  -7.263682e+000  1.074078e+002  5.041811e+001  -0.000000e+000  
-4.583119e+002  -2.996996e+002  -5.180918e+002  -2.064959e+002  -6.960564e+001  1.850406e+001  -0.000000e+000  
-1.946894e+002  -1.450919e+002  -4.104326e+002  -2.581148e+002  -1.550139e+002  -7.619799e+000  -0.000000e+000  
-6.158361e+001  -5.594314e+001  -2.225904e+002  -1.889736e+002  -1.509938e+002  -4.156414e+001  -0.000000e+000  
-3.690816e+001  -3.568089e+001  -1.534427e+002  -1.404811e+002  -1.210594e+002  -4.887514e+001  -0.000000e+000  

-0.000000e+000  -3.949192e+000  -7.300907e+000  -2.697955e+001  -4.070190e+001  -4.908700e+001  -3.744882e+001  
-0.000000e+000  -3.053295e+001  -5.170762e+001  -1.255700e+002  -1.521896e+002  -1.529821e+002  -8.145605e+001  
-0.000000e+000  -1.675141e+002  -2.699480e+002  -3.851496e+002  -3.276393e+002  -2.337538e+002  -8.542067e+001  
-0.000000e+000  -4.035828e+002  -6.734446e+002  -6.711298e+002  -4.530106e+002  -2.595077e+002  -7.871512e+001  
-0.000000e+000  -9.797204e+002  -1.963497e+003  -1.140244e+003  -5.579474e+002  -2.420457e+002  -6.121713e+001  
-0.000000e+000  -1.462156e+003  -5.468141e+003  -1.331559e+003  -4.717685e+002  -1.743463e+002  -4.087730e+001  
-0.000000e+000  -5.987955e+002  -0.000000e+000  -5.537446e+002  -2.354638e+002  -8.299538e+001  -1.794765e+001  
-0.000000e+000  5.987955e+002  -0.000000e+000  5.537446e+002  2.354638e+002  8.299538e+001  1.794765e+001  
-0.000000e+000  1.462156e+003  5.468141e+003  1.331559e+003  4.717685e+002  1.743463e+002  4.087730e+001  
-0.000000e+000  9.797204e+002  1.963497e+003  1.140244e+003  5.579474e+002  2.420457e+002  6.121713e+001  
-0.000000e+000  4.035828e+002  6.734446e+002  6.711298e+002  4.530106e+002  2.595077e+002  7.871512e+001  
-0.000000e+000  1.675141e+002  2.699480e+002  3.851496e+002  3.276393e+002  2.337538e+002  8.542067e+001  
-0.000000e+000  3.053295e+001  5.170762e+001  1.255700e+002  1.521896e+002  1.529821e+002  8.145605e+001  
-0.000000e+000  3.949192e+000  7.300907e+000  2.697955e+001  4.070190e+001  4.908700e+001  3.744882e+001  
-0.000000e+000  -0.000000e+000  -0.000000e+000  -0.000000e+000  -0.000000e+000  -0.000000e+000  -0.000000e+000  

0.000000e+000  0.000000e+000  0.000000e+000  0.000000e+000  0.000000e+000  0.000000e+000  0.000000e+000  
0.000000e+000  0.000000e+000  0.000000e+000  0.000000e+000  0.000000e+000  0.000000e+000  0.000000e+000  
0.000000e+000  0.000000e+000  0.000000e+000  0.000000e+000  0.000000e+000  0.000000e+000  0.000000e+000  
0.000000e+000  0.000000e+000  0.000000e+000  0.000000e+000  0.000000e+000  0.000000e+000  0.000000e+000  
0.000000e+000  0.000000e+000  0.000000e+000  0.000000e+000  0.000000e+000  0.000000e+000  0.000000e+000  
0.000000e+000  0.000000e+000  0.000000e+000  0.000000e+000  0.000000e+000  0.000000e+000  0.000000e+000  
0.000000e+000  0.000000e+000  0.000000e+000  0.000000e+000  0.000000e+000  0.000000e+000  0.000000e+000  
0.000000e+000  0.000000e+000  0.000000e+000  0.000000e+000  0.000000e+000  0.000000e+000  0.000000e+000  
0.000000e+000  0.000000e+000  0.000000e+000  0.000000e+000  0.000000e+000  0.000000e+000  0.000000e+000  
0.000000e+000  0.000000e+000  0.000000e+000  0.000000e+000  0.000000e+000  0.000000e+000  0.000000e+000  
0.000000e+000  0.000000e+000  0.000000e+000  0.000000e+000  0.000000e+000  0.000000e+000  0.000000e+000  
0.000000e+000  0.000000e+000  0.000000e+000  0.000000e+000  0.000000e+000  0.000000e+000  0.000000e+000  
0.000000e+000  0.000000e+000  0.000000e+000  0.000000e+000  0.000000e+000  0.000000e+000  0.000000e+000  
0.000000e+000  0.000000e+000  0.000000e+000  0.000000e+000  0.000000e+000  0.000000e+000  0.000000e+000  
0.000000e+000  0.000000e+000  0.000000e+000  0.000000e+000  0.000000e+000  0.000000e+000  0.000000e+000  

0.000000e+000  0.000000e+000  0.000000e+000  0.000000e+000  0.000000e+000  0.000000e+000  0.000000e+000  
0.000000e+000  0.000000e+000  0.000000e+000  0.000000e+000  0.000000e+000  0.000000e+000  0.000000e+000  
0.000000e+000  0.000000e+000  0.000000e+000  0.000000e+000  0.000000e+000  0.000000e+000  0.000000e+000  
0.000000e+000  0.000000e+000  0.000000e+000  0.000000e+000  0.000000e+000  0.000000e+000  0.000000e+000  
0.000000e+000  0.000000e+000  0.000000e+000  0.000000e+000  0.000000e+000  0.000000e+000  0.000000e+000  
0.000000e+000  0.000000e+000  0.000000e+000  0.000000e+000  0.000000e+000  0.000000e+000  0.000000e+000  
0.000000e+000  0.000000e+000  0.000000e+000  0.000000e+000  0.000000e+000  0.000000e+000  0.000000e+000  
0.000000e+000  0.000000e+000  0.000000e+000  0.000000e+000  0.000000e+000  0.000000e+000  0.000000e+000  
0.000000e+000  0.000000e+000  0.000000e+000  0.000000e+000  0.000000e+000  0.000000e+000  0.000000e+000  
0.000000e+000  0.000000e+000  0.000000e+000  0.000000e+000  0.000000e+000  0.000000e+000  0.000000e+000  
0.000000e+000  0.000000e+000  0.000000e+000  0.000000e+000  0.000000e+000  0.000000e+000  0.000000e+000  
0.000000e+000  0.000000e+000  0.000000e+000  0.000000e+000  0.000000e+000  0.000000e+000  0.000000e+000  
0.000000e+000  0.000000e+000  0.000000e+000  0.000000e+000  0.000000e+000  0.000000e+000  0.000000e+000  
0.000000e+000  0.000000e+000  0.000000e+000  0.000000e+000  0.000000e+000  0.000000e+000  0.000000e+000  
0.000000e+000  0.000000e+000  0.000000e+000  0.000000e+000  0.000000e+000  0.000000e+000  0.000000e+000  

0.000000e+000  0.000000e+000  0.000000e+000  0.000000e+000  0.000000e+000  0.000000e+000  0.000000e+000  
0.000000e+000  0.000000e+000  0.000000e+000  0.000000e+000  0.000000e+000  0.000000e+000  0.000000e+000  
0.000000e+000  0.000000e+000  0.000000e+000  0.000000e+000  0.000000e+000  0.000000e+000  0.000000e+000  
0.000000e+000  0.000000e+000  0.000000e+000  0.000000e+000  0.000000e+000  0.000000e+000  0.000000e+000  
0.000000e+000  0.000000e+000  0.000000e+000  0.000000e+000  0.000000e+000  0.000000e+000  0.000000e+000  
0.000000e+000  0.000000e+000  0.000000e+000  0.000000e+000  0.000000e+000  0.000000e+000  0.000000e+000  
0.000000e+000  0.000000e+000  0.000000e+000  0.000000e+000  0.000000e+000  0.000000e+000  0.000000e+000  
0.000000e+000  0.000000e+000  0.000000e+000  0.000000e+000  0.000000e+000  0.000000e+000  0.000000e+000  
0.000000e+000  0.000000e+000  0.000000e+000  0.000000e+000  0.000000e+000  0.000000e+000  0.000000e+000  
0.000000e+000  0.000000e+000  0.000000e+000  0.000000e+000  0.000000e+000  0.000000e+000  0.000000e+000  
0.000000e+000  0.000000e+000  0.000000e+000  0.000000e+000  0.000000e+000  0.000000e+000  0.000000e+000  
0.000000e+000  0.000000e+000  0.000000e+000  0.000000e+000  0.000000e+000  0.000000e+000  0.000000e+000  
0.000000e+000  0.000000e+000  0.000000e+000  0.000000e+000  0.000000e+000  0.000000e+000  0.000000e+000  
0.000000e+000  0.000000e+000  0.000000e+000  0.000000e+000  0.000000e+000  0.000000e+000  0.000000e+000  
0.000000e+000  0.000000e+000  0.000000e+000  0.000000e+000  0.000000e+000  0.000000e+000  0.000000e+000  

-0.000000e+000  -3.688707e+000  -7.486999e+000  -8.759799e+000  -9.734972e+000  -1.047422e+001  -1.146015e+001  
-0.000000e+000  -4.984144e+000  -1.008601e+001  -1.101102e+001  -1.154033e+001  -1.185747e+001  -1.205982e+001  
-0.000000e+000  -8.290263e+000  -1.682284e+001  -1.567301e+001  -1.451813e+001  -1.362278e+001  -1.269409e+001  
-0.000000e+000  -1.014580e+001  -2.110868e+001  -1.741975e+001  -1.522756e+001  -1.392866e+001  -1.284377e+001  
-0.000000e+000  -1.126602e+001  -2.498683e+001  -1.791529e+001  -1.519443e+001  -1.394811e+001  -1.293931e+001  
-0.000000e+000  -8.131465e+000  -2.174041e+001  -1.474582e+001  -1.392697e+001  -1.369153e+001  -1.298537e+001  
-0.000000e+000  -3.211510e+000  -0.000000e+000  -1.172394e+001  -1.322179e+001  -1.357457e+001  -1.299569e+001  
-0.000000e+000  -9.735133e-001  -0.000000e+000  -9.094304e+000  -1.231032e+001  -1.340627e+001  -1.300231e+001  
-0.000000e+000  -3.211510e+000  -0.000000e+000  -1.172394e+001  -1.322179e+001  -1.357457e+001  -1.299569e+001  
-0.000000e+000  -8.131465e+000  -2.174041e+001  -1.474582e+001  -1.392697e+001  -1.369153e+001  -1.298537e+001  
-0.000000e+000  -1.126602e+001  -2.498683e+001  -1.791529e+001  -1.519443e+001  -1.394811e+001  -1.293931e+001  
-0.000000e+000  -1.014580e+001  -2.110868e+001  -1.741975e+001  -1.522756e+001  -1.392866e+001  -1.284377e+001  
-0.000000e+000  -8.290263e+000  -1.682284e+001  -1.567301e+001  -1.451813e+001  -1.362278e+001  -1.269409e+001  
-0.000000e+000  -4.984144e+000  -1.008601e+001  -1.101102e+001  -1.154033e+001  -1.185747e+001  -1.205982e+001  
-0.000000e+000  -3.688707e+000  -7.486999e+000  -8.759799e+000  -9.734972e+000  -1.047422e+001  -1.146015e+001  

