Port monitor named: Port1_h1[0.85].prt

nx        = 41
ny        = 4
nz        = 22

nu        = 20
nv        = 39
iu        = 2
iv        = 2

idir      = 1
dcut      = -7.500000e-002
icut      = 2
type      = 1
frequency = 8.500000e+008

fcutoff   = 0.000000e+000
alpha     = 0.000000e+000
beta      = 3.336945e+001
accuracy  = 2.216844e-011

type          = QTEM
wave imp.     = 2.020686e+002
wave imp.sig. = 1.211818e-007
line imp.     = 4.874519e+001

ref. port     = 0

0.000000e+000  5.938405e-002  1.184143e-001  1.367910e-001  1.536294e-001  1.688124e-001  1.822626e-001  1.939407e-001  2.038436e-001  2.120002e-001  2.184679e-001  2.233275e-001  2.266789e-001  2.286364e-001  2.293247e-001  2.272861e-001  2.217770e-001  2.034862e-001  1.827857e-001  1.289824e-001  
0.000000e+000  2.488072e-001  4.835767e-001  5.513845e-001  6.102595e-001  6.598522e-001  7.001094e-001  7.312402e-001  7.536714e-001  7.679993e-001  7.749404e-001  7.752863e-001  7.698644e-001  7.595049e-001  7.450150e-001  7.059414e-001  6.588781e-001  5.540510e-001  4.581037e-001  2.877302e-001  
0.000000e+000  5.689638e-001  1.064653e+000  1.190848e+000  1.289715e+000  1.361630e+000  1.408091e+000  1.431426e+000  1.434490e+000  1.420386e+000  1.392235e+000  1.353008e+000  1.305418e+000  1.251854e+000  1.194366e+000  1.072752e+000  9.522173e-001  7.326164e-001  5.582725e-001  3.213002e-001  
0.000000e+000  9.080470e-001  1.650505e+000  1.816713e+000  1.931430e+000  1.997832e+000  2.021410e+000  2.008958e+000  1.967673e+000  1.904468e+000  1.825554e+000  1.736222e+000  1.640801e+000  1.542708e+000  1.444553e+000  1.253858e+000  1.079530e+000  7.907820e-001  5.766452e-001  3.179149e-001  
0.000000e+000  1.252307e+000  2.233134e+000  2.426133e+000  2.539607e+000  2.581901e+000  2.564922e+000  2.501815e+000  2.405198e+000  2.286122e+000  2.153634e+000  2.014760e+000  1.874709e+000  1.737183e+000  1.604692e+000  1.359634e+000  1.146052e+000  8.123666e-001  5.751435e-001  3.083100e-001  
0.000000e+000  1.648039e+000  2.899379e+000  3.105733e+000  3.194991e+000  3.185946e+000  3.101833e+000  2.965474e+000  2.796475e+000  2.610203e+000  2.417893e+000  2.227284e+000  2.043398e+000  1.869265e+000  1.706512e+000  1.417213e+000  1.174373e+000  8.118498e-001  5.622414e-001  2.954195e-001  
0.000000e+000  1.976849e+000  3.460543e+000  3.667998e+000  3.723620e+000  3.658715e+000  3.508590e+000  3.305135e+000  3.073565e+000  2.832024e+000  2.592615e+000  2.362830e+000  2.146891e+000  1.946825e+000  1.763251e+000  1.444862e+000  1.183763e+000  8.049793e-001  5.494272e-001  2.849295e-001  
0.000000e+000  2.385657e+000  4.178631e+000  4.371837e+000  4.364676e+000  4.211035e+000  3.965195e+000  3.671159e+000  3.360108e+000  3.052016e+000  2.758521e+000  2.485614e+000  2.235723e+000  2.009137e+000  1.804953e+000  1.459256e+000  1.182092e+000  7.909822e-001  5.322488e-001  2.725594e-001  
0.000000e+000  2.890718e+000  5.114472e+000  5.262477e+000  5.142359e+000  4.849435e+000  4.466895e+000  4.053228e+000  3.644081e+000  3.258588e+000  2.905408e+000  2.587108e+000  2.302979e+000  2.050704e+000  1.827305e+000  1.457778e+000  1.167821e+000  7.693254e-001  5.106039e-001  2.583428e-001  
0.000000e+000  3.506364e+000  6.365183e+000  6.403055e+000  6.081227e+000  5.571545e+000  4.997823e+000  4.431313e+000  3.906232e+000  3.435255e+000  3.019978e+000  2.656929e+000  2.340704e+000  2.065496e+000  1.825777e+000  1.437859e+000  1.139539e+000  7.395773e-001  4.844489e-001  2.423323e-001  
0.000000e+000  4.237080e+000  8.095213e+000  7.878902e+000  7.195341e+000  6.353590e+000  5.522314e+000  4.771070e+000  4.118224e+000  3.560250e+000  3.086088e+000  2.683299e+000  2.340368e+000  2.047359e+000  1.795945e+000  1.397163e+000  1.096059e+000  7.014418e-001  4.538074e-001  2.245998e-001  
0.000000e+000  5.059196e+000  1.060288e+001  9.790238e+000  8.457141e+000  7.126234e+000  5.972593e+000  5.019472e+000  4.242110e+000  3.607406e+000  3.085913e+000  2.654085e+000  2.293678e+000  1.990608e+000  1.733920e+000  1.333808e+000  1.036533e+000  6.547918e-001  4.187767e-001  2.052366e-001  
0.000000e+000  5.879811e+000  1.447333e+001  1.218671e+001  9.717371e+000  7.734222e+000  6.236501e+000  5.104504e+000  4.233403e+000  3.549352e+000  3.002423e+000  2.558518e+000  2.193729e+000  1.890782e+000  1.636838e+000  1.246589e+000  9.605527e-001  5.996977e-001  3.795340e-001  1.843542e-001  
0.000000e+000  6.403246e+000  2.048223e+001  1.456544e+001  1.046611e+001  7.879173e+000  6.165832e+000  4.958475e+000  4.064180e+000  3.377445e+000  2.836336e+000  2.401846e+000  2.047880e+000  1.756107e+000  1.513140e+000  1.143362e+000  8.750160e-001  5.410942e-001  3.395105e-001  1.637183e-001  
0.000000e+000  6.276841e+000  2.990524e+001  1.552458e+001  1.013103e+001  7.420932e+000  5.758119e+000  4.612063e+000  3.767874e+000  3.120612e+000  2.611274e+000  2.203119e+000  1.871526e+000  1.599101e+000  1.373068e+000  1.031178e+000  7.848426e-001  4.815519e-001  3.000123e-001  1.438074e-001  
0.000000e+000  4.709501e+000  4.744140e+001  1.039396e+001  7.977830e+000  6.253268e+000  5.000444e+000  4.061268e+000  3.338266e+000  2.770438e+000  2.317748e+000  1.952595e+000  1.655151e+000  1.410721e+000  1.208163e+000  9.028465e-001  6.840060e-001  4.168722e-001  2.581215e-001  1.230874e-001  
0.000000e+000  3.083566e+000  0.000000e+000  4.852073e+000  5.356292e+000  4.766169e+000  4.030419e+000  3.364140e+000  2.803634e+000  2.342347e+000  1.964993e+000  1.656265e+000  1.402915e+000  1.194023e+000  1.020762e+000  7.599008e-001  5.735656e-001  3.476188e-001  2.141318e-001  1.016678e-001  
0.000000e+000  1.476759e+000  0.000000e+000  1.685914e+000  2.536728e+000  2.683842e+000  2.505006e+000  2.211131e+000  1.900998e+000  1.615034e+000  1.366221e+000  1.155578e+000  9.794544e-001  8.328279e-001  7.106982e-001  5.265888e-001  3.955108e-001  2.378854e-001  1.454928e-001  6.866442e-002  
0.000000e+000  3.970212e-001  0.000000e+000  4.017045e-001  6.852489e-001  7.913969e-001  7.833596e-001  7.182154e-001  6.322762e-001  5.448363e-001  4.646131e-001  3.946061e-001  3.350407e-001  2.849643e-001  2.430448e-001  1.796526e-001  1.345555e-001  8.056096e-002  4.905759e-002  2.306769e-002  
0.000000e+000  -3.970212e-001  0.000000e+000  -4.017045e-001  -6.852489e-001  -7.913969e-001  -7.833596e-001  -7.182154e-001  -6.322762e-001  -5.448363e-001  -4.646131e-001  -3.946061e-001  -3.350407e-001  -2.849643e-001  -2.430448e-001  -1.796526e-001  -1.345555e-001  -8.056096e-002  -4.905759e-002  -2.306769e-002  
0.000000e+000  -1.476759e+000  0.000000e+000  -1.685914e+000  -2.536728e+000  -2.683842e+000  -2.505006e+000  -2.211131e+000  -1.900998e+000  -1.615034e+000  -1.366221e+000  -1.155578e+000  -9.794544e-001  -8.328279e-001  -7.106982e-001  -5.265888e-001  -3.955108e-001  -2.378854e-001  -1.454928e-001  -6.866442e-002  
0.000000e+000  -3.083566e+000  0.000000e+000  -4.852073e+000  -5.356292e+000  -4.766169e+000  -4.030419e+000  -3.364140e+000  -2.803634e+000  -2.342347e+000  -1.964993e+000  -1.656265e+000  -1.402915e+000  -1.194023e+000  -1.020762e+000  -7.599008e-001  -5.735656e-001  -3.476188e-001  -2.141318e-001  -1.016678e-001  
0.000000e+000  -4.709501e+000  -4.744140e+001  -1.039396e+001  -7.977830e+000  -6.253268e+000  -5.000444e+000  -4.061268e+000  -3.338266e+000  -2.770438e+000  -2.317748e+000  -1.952595e+000  -1.655151e+000  -1.410721e+000  -1.208163e+000  -9.028465e-001  -6.840060e-001  -4.168722e-001  -2.581215e-001  -1.230874e-001  
0.000000e+000  -6.276840e+000  -2.990524e+001  -1.552458e+001  -1.013103e+001  -7.420932e+000  -5.758119e+000  -4.612063e+000  -3.767874e+000  -3.120612e+000  -2.611274e+000  -2.203119e+000  -1.871526e+000  -1.599101e+000  -1.373068e+000  -1.031178e+000  -7.848426e-001  -4.815519e-001  -3.000123e-001  -1.438074e-001  
0.000000e+000  -6.403246e+000  -2.048223e+001  -1.456544e+001  -1.046611e+001  -7.879173e+000  -6.165832e+000  -4.958475e+000  -4.064180e+000  -3.377445e+000  -2.836336e+000  -2.401846e+000  -2.047880e+000  -1.756107e+000  -1.513140e+000  -1.143362e+000  -8.750160e-001  -5.410942e-001  -3.395105e-001  -1.637183e-001  
0.000000e+000  -5.879811e+000  -1.447333e+001  -1.218671e+001  -9.717371e+000  -7.734222e+000  -6.236501e+000  -5.104504e+000  -4.233403e+000  -3.549352e+000  -3.002423e+000  -2.558518e+000  -2.193729e+000  -1.890782e+000  -1.636838e+000  -1.246589e+000  -9.605527e-001  -5.996977e-001  -3.795340e-001  -1.843542e-001  
0.000000e+000  -5.059196e+000  -1.060288e+001  -9.790238e+000  -8.457141e+000  -7.126234e+000  -5.972593e+000  -5.019472e+000  -4.242110e+000  -3.607406e+000  -3.085913e+000  -2.654085e+000  -2.293678e+000  -1.990608e+000  -1.733920e+000  -1.333808e+000  -1.036533e+000  -6.547918e-001  -4.187767e-001  -2.052366e-001  
0.000000e+000  -4.237080e+000  -8.095213e+000  -7.878902e+000  -7.195341e+000  -6.353590e+000  -5.522314e+000  -4.771070e+000  -4.118224e+000  -3.560250e+000  -3.086088e+000  -2.683299e+000  -2.340368e+000  -2.047359e+000  -1.795945e+000  -1.397163e+000  -1.096059e+000  -7.014418e-001  -4.538074e-001  -2.245998e-001  
0.000000e+000  -3.506364e+000  -6.365183e+000  -6.403055e+000  -6.081227e+000  -5.571545e+000  -4.997823e+000  -4.431313e+000  -3.906232e+000  -3.435255e+000  -3.019978e+000  -2.656929e+000  -2.340704e+000  -2.065496e+000  -1.825777e+000  -1.437859e+000  -1.139539e+000  -7.395773e-001  -4.844489e-001  -2.423323e-001  
0.000000e+000  -2.890718e+000  -5.114472e+000  -5.262477e+000  -5.142359e+000  -4.849435e+000  -4.466895e+000  -4.053228e+000  -3.644081e+000  -3.258588e+000  -2.905408e+000  -2.587108e+000  -2.302979e+000  -2.050704e+000  -1.827305e+000  -1.457778e+000  -1.167821e+000  -7.693254e-001  -5.106039e-001  -2.583428e-001  
0.000000e+000  -2.385657e+000  -4.178631e+000  -4.371837e+000  -4.364676e+000  -4.211035e+000  -3.965195e+000  -3.671159e+000  -3.360108e+000  -3.052016e+000  -2.758521e+000  -2.485614e+000  -2.235723e+000  -2.009137e+000  -1.804953e+000  -1.459256e+000  -1.182092e+000  -7.909822e-001  -5.322488e-001  -2.725594e-001  
0.000000e+000  -1.976849e+000  -3.460543e+000  -3.667998e+000  -3.723620e+000  -3.658715e+000  -3.508590e+000  -3.305135e+000  -3.073565e+000  -2.832024e+000  -2.592615e+000  -2.362830e+000  -2.146891e+000  -1.946825e+000  -1.763251e+000  -1.444862e+000  -1.183763e+000  -8.049793e-001  -5.494272e-001  -2.849295e-001  
0.000000e+000  -1.648039e+000  -2.899379e+000  -3.105733e+000  -3.194991e+000  -3.185946e+000  -3.101833e+000  -2.965474e+000  -2.796475e+000  -2.610203e+000  -2.417893e+000  -2.227284e+000  -2.043398e+000  -1.869265e+000  -1.706512e+000  -1.417213e+000  -1.174373e+000  -8.118498e-001  -5.622414e-001  -2.954195e-001  
0.000000e+000  -1.252307e+000  -2.233134e+000  -2.426133e+000  -2.539607e+000  -2.581901e+000  -2.564922e+000  -2.501815e+000  -2.405198e+000  -2.286122e+000  -2.153634e+000  -2.014760e+000  -1.874709e+000  -1.737183e+000  -1.604692e+000  -1.359634e+000  -1.146052e+000  -8.123666e-001  -5.751435e-001  -3.083100e-001  
0.000000e+000  -9.080470e-001  -1.650505e+000  -1.816713e+000  -1.931430e+000  -1.997832e+000  -2.021410e+000  -2.008958e+000  -1.967673e+000  -1.904468e+000  -1.825554e+000  -1.736222e+000  -1.640801e+000  -1.542708e+000  -1.444553e+000  -1.253858e+000  -1.079530e+000  -7.907820e-001  -5.766452e-001  -3.179149e-001  
0.000000e+000  -5.689638e-001  -1.064653e+000  -1.190848e+000  -1.289715e+000  -1.361630e+000  -1.408091e+000  -1.431426e+000  -1.434490e+000  -1.420386e+000  -1.392235e+000  -1.353008e+000  -1.305418e+000  -1.251854e+000  -1.194366e+000  -1.072752e+000  -9.522173e-001  -7.326164e-001  -5.582725e-001  -3.213002e-001  
0.000000e+000  -2.488072e-001  -4.835767e-001  -5.513845e-001  -6.102595e-001  -6.598522e-001  -7.001094e-001  -7.312402e-001  -7.536714e-001  -7.679993e-001  -7.749404e-001  -7.752863e-001  -7.698644e-001  -7.595049e-001  -7.450150e-001  -7.059414e-001  -6.588781e-001  -5.540510e-001  -4.581037e-001  -2.877302e-001  
0.000000e+000  -5.938405e-002  -1.184143e-001  -1.367910e-001  -1.536294e-001  -1.688124e-001  -1.822626e-001  -1.939407e-001  -2.038436e-001  -2.120002e-001  -2.184679e-001  -2.233275e-001  -2.266789e-001  -2.286364e-001  -2.293247e-001  -2.272861e-001  -2.217770e-001  -2.034862e-001  -1.827857e-001  -1.289824e-001  
0.000000e+000  0.000000e+000  0.000000e+000  0.000000e+000  0.000000e+000  0.000000e+000  0.000000e+000  0.000000e+000  0.000000e+000  0.000000e+000  0.000000e+000  0.000000e+000  0.000000e+000  0.000000e+000  0.000000e+000  0.000000e+000  0.000000e+000  0.000000e+000  0.000000e+000  0.000000e+000  

0.000000e+000  -1.222914e+000  -1.185645e+000  -1.163427e+000  -1.138486e+000  -1.111091e+000  -1.081521e+000  -1.050062e+000  -1.017002e+000  -9.826232e-001  -9.471978e-001  -9.109859e-001  -8.742312e-001  -8.371591e-001  -7.813822e-001  -7.076672e-001  -5.997582e-001  -4.676842e-001  -1.691609e-001  0.000000e+000  
0.000000e+000  -1.489154e+000  -1.418960e+000  -1.377564e+000  -1.331984e+000  -1.282979e+000  -1.231305e+000  -1.177695e+000  -1.122838e+000  -1.067366e+000  -1.011846e+000  -9.567746e-001  -9.025753e-001  -8.496010e-001  -7.724039e-001  -6.768422e-001  -5.459003e-001  -4.057453e-001  -1.285899e-001  0.000000e+000  
0.000000e+000  -2.145217e+000  -1.952724e+000  -1.842069e+000  -1.724509e+000  -1.603096e+000  -1.480613e+000  -1.359478e+000  -1.241692e+000  -1.128819e+000  -1.022009e+000  -9.220366e-001  -8.293497e-001  -7.441272e-001  -6.274363e-001  -5.003679e-001  -3.478439e-001  -2.237906e-001  -4.806289e-002  0.000000e+000  
0.000000e+000  -2.834554e+000  -2.447534e+000  -2.231090e+000  -2.009179e+000  -1.789179e+000  -1.577091e+000  -1.377370e+000  -1.192976e+000  -1.025549e+000  -8.756618e-001  -7.430877e-001  -6.270399e-001  -5.263779e-001  -3.964615e-001  -2.709766e-001  -1.385080e-001  -5.744902e-002  8.088748e-003  0.000000e+000  
0.000000e+000  -3.349599e+000  -2.772931e+000  -2.456890e+000  -2.141502e+000  -1.838618e+000  -1.556758e+000  -1.301155e+000  -1.074230e+000  -8.762626e-001  -7.060607e-001  -5.615352e-001  -4.401399e-001  -3.391808e-001  -2.144345e-001  -1.044547e-001  -5.182265e-004  4.490555e-002  3.877341e-002  0.000000e+000  
0.000000e+000  -4.029025e+000  -3.150601e+000  -2.680795e+000  -2.227736e+000  -1.810160e+000  -1.438979e+000  -1.118418e+000  -8.478735e-001  -6.237618e-001  -4.409875e-001  -2.939615e-001  -1.772252e-001  -8.578460e-002  2.001086e-002  9.992911e-002  1.591561e-001  1.584111e-001  7.043753e-002  0.000000e+000  
0.000000e+000  -4.461913e+000  -3.352559e+000  -2.769581e+000  -2.221480e+000  -1.731284e+000  -1.309513e+000  -9.572871e-001  -6.699161e-001  -4.398299e-001  -2.585601e-001  -1.178955e-001  -1.045342e-002  7.011045e-002  1.585836e-001  2.162471e-001  2.459648e-001  2.181657e-001  8.627497e-002  0.000000e+000  
0.000000e+000  -4.974791e+000  -3.555746e+000  -2.826045e+000  -2.161431e+000  -1.588795e+000  -1.115366e+000  -7.358233e-001  -4.386582e-001  -2.104697e-001  -3.833987e-002  8.909716e-002  1.813439e-001  2.461040e-001  3.112016e-001  3.413879e-001  3.367106e-001  2.793667e-001  1.019782e-001  0.000000e+000  
0.000000e+000  -5.594091e+000  -3.745355e+000  -2.822066e+000  -2.015862e+000  -1.354022e+000  -8.338657e-001  -4.376986e-001  -1.432012e-001  7.107474e-002  2.234913e-001  3.288602e-001  3.987437e-001  4.420008e-001  4.770142e-001  4.743000e-001  4.304491e-001  3.413511e-001  1.173993e-001  0.000000e+000  
0.000000e+000  -6.361556e+000  -3.891529e+000  -2.709226e+000  -1.735988e+000  -9.874051e-001  -4.369654e-001  -4.493424e-002  2.269414e-001  4.102199e-001  5.291407e-001  6.016817e-001  6.409573e-001  6.564646e-001  6.543520e-001  6.134114e-001  5.259940e-001  4.033520e-001  1.323823e-001  0.000000e+000  
0.000000e+000  -7.347369e+000  -3.931618e+000  -2.401875e+000  -1.247037e+000  -4.363529e-001  1.074038e-001  4.597035e-001  6.795887e-001  8.093106e-001  8.780032e-001  9.055095e-001  9.053368e-001  8.867151e-001  8.406001e-001  7.565926e-001  6.219221e-001  4.645087e-001  1.467654e-001  0.000000e+000  
0.000000e+000  -8.676671e+000  -3.726622e+000  -1.745587e+000  -4.377148e-001  3.632091e-001  8.300430e-001  1.087657e+000  1.216224e+000  1.265270e+000  1.265263e+000  1.235159e+000  1.186944e+000  1.128301e+000  1.032137e+000  9.011594e-001  7.165959e-001  5.238837e-001  1.603840e-001  0.000000e+000  
0.000000e+000  -1.058522e+001  -2.946380e+000  -4.626178e-001  8.435981e-001  1.473860e+000  1.747531e+000  1.835824e+000  1.826969e+000  1.766972e+000  1.680615e+000  1.581741e+000  1.478326e+000  1.375039e+000  1.224373e+000  1.043929e+000  8.082034e-001  5.804848e-001  1.730735e-001  0.000000e+000  
0.000000e+000  -1.354176e+001  -7.439845e-001  1.916730e+000  2.754334e+000  2.916609e+000  2.837722e+000  2.674546e+000  2.485432e+000  2.293317e+000  2.107713e+000  1.932639e+000  1.769672e+000  1.619204e+000  1.411919e+000  1.181334e+000  8.948171e-001  6.332941e-001  1.846735e-001  0.000000e+000  
0.000000e+000  -1.767206e+001  4.123317e+000  5.288537e+000  4.881610e+000  4.325090e+000  3.829957e+000  3.409295e+000  3.049504e+000  2.737666e+000  2.464425e+000  2.223176e+000  2.009107e+000  1.818543e+000  1.563555e+000  1.291329e+000  9.632061e-001  6.745514e-001  1.935877e-001  0.000000e+000  
0.000000e+000  -2.460162e+001  1.595834e+001  9.725969e+000  7.110458e+000  5.692145e+000  4.771880e+000  4.102931e+000  3.581202e+000  3.155969e+000  2.799555e+000  2.495382e+000  2.232694e+000  2.004015e+000  1.703775e+000  1.392315e+000  1.025330e+000  7.117105e-001  2.015093e-001  0.000000e+000  
0.000000e+000  -2.631312e+001  1.844471e+001  1.171273e+001  8.528278e+000  6.721914e+000  5.543682e+000  4.696965e+000  4.047650e+000  3.527763e+000  3.099396e+000  2.739576e+000  2.433323e+000  2.170242e+000  1.829008e+000  1.482040e+000  1.080053e+000  7.442082e-001  2.083578e-001  0.000000e+000  
0.000000e+000  -2.541095e+001  1.385990e+001  1.129587e+001  9.012543e+000  7.326283e+000  6.091048e+000  5.157414e+000  4.426551e+000  3.837678e+000  3.352909e+000  2.947579e+000  2.604793e+000  2.312436e+000  1.936016e+000  1.558445e+000  1.126343e+000  7.715364e-001  2.140619e-001  0.000000e+000  
0.000000e+000  -2.454745e+001  1.067278e+001  9.892808e+000  8.768310e+000  7.618952e+000  6.573352e+000  5.666692e+000  4.896214e+000  4.246325e+000  3.698841e+000  3.236784e+000  2.845526e+000  2.512914e+000  2.087079e+000  1.665951e+000  1.190937e+000  8.093706e-001  2.218560e-001  0.000000e+000  
0.000000e+000  -2.431545e+001  9.913195e+000  9.425245e+000  8.592881e+000  7.631594e+000  6.680089e+000  5.807733e+000  5.039785e+000  4.378065e+000  3.813804e+000  3.334592e+000  2.927743e+000  2.581729e+000  2.139095e+000  1.702941e+000  1.213065e+000  8.222719e-001  2.244927e-001  0.000000e+000  
0.000000e+000  -2.454745e+001  1.067278e+001  9.892808e+000  8.768310e+000  7.618952e+000  6.573352e+000  5.666692e+000  4.896214e+000  4.246325e+000  3.698841e+000  3.236784e+000  2.845526e+000  2.512914e+000  2.087079e+000  1.665951e+000  1.190937e+000  8.093706e-001  2.218560e-001  0.000000e+000  
0.000000e+000  -2.541095e+001  1.385990e+001  1.129587e+001  9.012543e+000  7.326283e+000  6.091048e+000  5.157414e+000  4.426551e+000  3.837678e+000  3.352909e+000  2.947579e+000  2.604793e+000  2.312436e+000  1.936016e+000  1.558445e+000  1.126343e+000  7.715364e-001  2.140619e-001  0.000000e+000  
0.000000e+000  -2.631312e+001  1.844471e+001  1.171273e+001  8.528278e+000  6.721914e+000  5.543682e+000  4.696965e+000  4.047650e+000  3.527763e+000  3.099396e+000  2.739576e+000  2.433323e+000  2.170242e+000  1.829008e+000  1.482040e+000  1.080053e+000  7.442082e-001  2.083578e-001  0.000000e+000  
0.000000e+000  -2.460162e+001  1.595834e+001  9.725969e+000  7.110458e+000  5.692145e+000  4.771880e+000  4.102931e+000  3.581202e+000  3.155969e+000  2.799555e+000  2.495382e+000  2.232694e+000  2.004015e+000  1.703775e+000  1.392315e+000  1.025330e+000  7.117105e-001  2.015093e-001  0.000000e+000  
0.000000e+000  -1.767206e+001  4.123317e+000  5.288537e+000  4.881610e+000  4.325090e+000  3.829957e+000  3.409295e+000  3.049504e+000  2.737666e+000  2.464425e+000  2.223176e+000  2.009107e+000  1.818543e+000  1.563555e+000  1.291329e+000  9.632061e-001  6.745514e-001  1.935877e-001  0.000000e+000  
0.000000e+000  -1.354176e+001  -7.439845e-001  1.916730e+000  2.754333e+000  2.916609e+000  2.837722e+000  2.674546e+000  2.485432e+000  2.293317e+000  2.107713e+000  1.932639e+000  1.769672e+000  1.619204e+000  1.411919e+000  1.181334e+000  8.948171e-001  6.332941e-001  1.846735e-001  0.000000e+000  
0.000000e+000  -1.058522e+001  -2.946380e+000  -4.626178e-001  8.435981e-001  1.473860e+000  1.747531e+000  1.835824e+000  1.826969e+000  1.766972e+000  1.680615e+000  1.581741e+000  1.478326e+000  1.375039e+000  1.224373e+000  1.043929e+000  8.082034e-001  5.804848e-001  1.730735e-001  0.000000e+000  
0.000000e+000  -8.676671e+000  -3.726622e+000  -1.745587e+000  -4.377148e-001  3.632091e-001  8.300430e-001  1.087657e+000  1.216224e+000  1.265270e+000  1.265263e+000  1.235159e+000  1.186944e+000  1.128301e+000  1.032137e+000  9.011594e-001  7.165959e-001  5.238837e-001  1.603840e-001  0.000000e+000  
0.000000e+000  -7.347369e+000  -3.931618e+000  -2.401875e+000  -1.247037e+000  -4.363529e-001  1.074038e-001  4.597035e-001  6.795887e-001  8.093106e-001  8.780032e-001  9.055095e-001  9.053368e-001  8.867151e-001  8.406001e-001  7.565926e-001  6.219221e-001  4.645087e-001  1.467654e-001  0.000000e+000  
0.000000e+000  -6.361556e+000  -3.891529e+000  -2.709225e+000  -1.735988e+000  -9.874052e-001  -4.369654e-001  -4.493424e-002  2.269414e-001  4.102199e-001  5.291407e-001  6.016817e-001  6.409573e-001  6.564646e-001  6.543520e-001  6.134114e-001  5.259940e-001  4.033520e-001  1.323823e-001  0.000000e+000  
0.000000e+000  -5.594091e+000  -3.745355e+000  -2.822066e+000  -2.015862e+000  -1.354022e+000  -8.338657e-001  -4.376986e-001  -1.432012e-001  7.107474e-002  2.234913e-001  3.288602e-001  3.987437e-001  4.420008e-001  4.770142e-001  4.743000e-001  4.304491e-001  3.413511e-001  1.173993e-001  0.000000e+000  
0.000000e+000  -4.974791e+000  -3.555746e+000  -2.826045e+000  -2.161431e+000  -1.588795e+000  -1.115366e+000  -7.358233e-001  -4.386582e-001  -2.104697e-001  -3.833987e-002  8.909716e-002  1.813439e-001  2.461040e-001  3.112016e-001  3.413879e-001  3.367106e-001  2.793667e-001  1.019782e-001  0.000000e+000  
0.000000e+000  -4.461913e+000  -3.352559e+000  -2.769581e+000  -2.221480e+000  -1.731284e+000  -1.309513e+000  -9.572871e-001  -6.699161e-001  -4.398299e-001  -2.585601e-001  -1.178955e-001  -1.045342e-002  7.011045e-002  1.585836e-001  2.162471e-001  2.459648e-001  2.181657e-001  8.627497e-002  0.000000e+000  
0.000000e+000  -4.029025e+000  -3.150601e+000  -2.680795e+000  -2.227736e+000  -1.810160e+000  -1.438979e+000  -1.118418e+000  -8.478735e-001  -6.237618e-001  -4.409875e-001  -2.939615e-001  -1.772252e-001  -8.578460e-002  2.001086e-002  9.992911e-002  1.591561e-001  1.584111e-001  7.043753e-002  0.000000e+000  
0.000000e+000  -3.349599e+000  -2.772931e+000  -2.456890e+000  -2.141502e+000  -1.838618e+000  -1.556758e+000  -1.301155e+000  -1.074230e+000  -8.762626e-001  -7.060607e-001  -5.615352e-001  -4.401399e-001  -3.391808e-001  -2.144345e-001  -1.044547e-001  -5.182266e-004  4.490555e-002  3.877341e-002  0.000000e+000  
0.000000e+000  -2.834554e+000  -2.447534e+000  -2.231090e+000  -2.009179e+000  -1.789179e+000  -1.577091e+000  -1.377370e+000  -1.192976e+000  -1.025549e+000  -8.756618e-001  -7.430877e-001  -6.270399e-001  -5.263779e-001  -3.964615e-001  -2.709766e-001  -1.385080e-001  -5.744902e-002  8.088748e-003  0.000000e+000  
0.000000e+000  -2.145217e+000  -1.952724e+000  -1.842070e+000  -1.724509e+000  -1.603096e+000  -1.480613e+000  -1.359478e+000  -1.241692e+000  -1.128819e+000  -1.022009e+000  -9.220366e-001  -8.293497e-001  -7.441272e-001  -6.274363e-001  -5.003679e-001  -3.478439e-001  -2.237906e-001  -4.806289e-002  0.000000e+000  
0.000000e+000  -1.489154e+000  -1.418960e+000  -1.377564e+000  -1.331984e+000  -1.282979e+000  -1.231305e+000  -1.177695e+000  -1.122838e+000  -1.067366e+000  -1.011846e+000  -9.567746e-001  -9.025753e-001  -8.496010e-001  -7.724039e-001  -6.768422e-001  -5.459003e-001  -4.057453e-001  -1.285899e-001  0.000000e+000  
0.000000e+000  -1.222914e+000  -1.185645e+000  -1.163427e+000  -1.138486e+000  -1.111091e+000  -1.081521e+000  -1.050062e+000  -1.017002e+000  -9.826232e-001  -9.471978e-001  -9.109859e-001  -8.742312e-001  -8.371591e-001  -7.813822e-001  -7.076672e-001  -5.997582e-001  -4.676842e-001  -1.691609e-001  0.000000e+000  

0.000000e+000  0.000000e+000  0.000000e+000  0.000000e+000  0.000000e+000  0.000000e+000  0.000000e+000  0.000000e+000  0.000000e+000  0.000000e+000  0.000000e+000  0.000000e+000  0.000000e+000  0.000000e+000  0.000000e+000  0.000000e+000  0.000000e+000  0.000000e+000  0.000000e+000  0.000000e+000  
0.000000e+000  0.000000e+000  0.000000e+000  0.000000e+000  0.000000e+000  0.000000e+000  0.000000e+000  0.000000e+000  0.000000e+000  0.000000e+000  0.000000e+000  0.000000e+000  0.000000e+000  0.000000e+000  0.000000e+000  0.000000e+000  0.000000e+000  0.000000e+000  0.000000e+000  0.000000e+000  
0.000000e+000  0.000000e+000  0.000000e+000  0.000000e+000  0.000000e+000  0.000000e+000  0.000000e+000  0.000000e+000  0.000000e+000  0.000000e+000  0.000000e+000  0.000000e+000  0.000000e+000  0.000000e+000  0.000000e+000  0.000000e+000  0.000000e+000  0.000000e+000  0.000000e+000  0.000000e+000  
0.000000e+000  0.000000e+000  0.000000e+000  0.000000e+000  0.000000e+000  0.000000e+000  0.000000e+000  0.000000e+000  0.000000e+000  0.000000e+000  0.000000e+000  0.000000e+000  0.000000e+000  0.000000e+000  0.000000e+000  0.000000e+000  0.000000e+000  0.000000e+000  0.000000e+000  0.000000e+000  
0.000000e+000  0.000000e+000  0.000000e+000  0.000000e+000  0.000000e+000  0.000000e+000  0.000000e+000  0.000000e+000  0.000000e+000  0.000000e+000  0.000000e+000  0.000000e+000  0.000000e+000  0.000000e+000  0.000000e+000  0.000000e+000  0.000000e+000  0.000000e+000  0.000000e+000  0.000000e+000  
0.000000e+000  0.000000e+000  0.000000e+000  0.000000e+000  0.000000e+000  0.000000e+000  0.000000e+000  0.000000e+000  0.000000e+000  0.000000e+000  0.000000e+000  0.000000e+000  0.000000e+000  0.000000e+000  0.000000e+000  0.000000e+000  0.000000e+000  0.000000e+000  0.000000e+000  0.000000e+000  
0.000000e+000  0.000000e+000  0.000000e+000  0.000000e+000  0.000000e+000  0.000000e+000  0.000000e+000  0.000000e+000  0.000000e+000  0.000000e+000  0.000000e+000  0.000000e+000  0.000000e+000  0.000000e+000  0.000000e+000  0.000000e+000  0.000000e+000  0.000000e+000  0.000000e+000  0.000000e+000  
0.000000e+000  0.000000e+000  0.000000e+000  0.000000e+000  0.000000e+000  0.000000e+000  0.000000e+000  0.000000e+000  0.000000e+000  0.000000e+000  0.000000e+000  0.000000e+000  0.000000e+000  0.000000e+000  0.000000e+000  0.000000e+000  0.000000e+000  0.000000e+000  0.000000e+000  0.000000e+000  
0.000000e+000  0.000000e+000  0.000000e+000  0.000000e+000  0.000000e+000  0.000000e+000  0.000000e+000  0.000000e+000  0.000000e+000  0.000000e+000  0.000000e+000  0.000000e+000  0.000000e+000  0.000000e+000  0.000000e+000  0.000000e+000  0.000000e+000  0.000000e+000  0.000000e+000  0.000000e+000  
0.000000e+000  0.000000e+000  0.000000e+000  0.000000e+000  0.000000e+000  0.000000e+000  0.000000e+000  0.000000e+000  0.000000e+000  0.000000e+000  0.000000e+000  0.000000e+000  0.000000e+000  0.000000e+000  0.000000e+000  0.000000e+000  0.000000e+000  0.000000e+000  0.000000e+000  0.000000e+000  
0.000000e+000  0.000000e+000  0.000000e+000  0.000000e+000  0.000000e+000  0.000000e+000  0.000000e+000  0.000000e+000  0.000000e+000  0.000000e+000  0.000000e+000  0.000000e+000  0.000000e+000  0.000000e+000  0.000000e+000  0.000000e+000  0.000000e+000  0.000000e+000  0.000000e+000  0.000000e+000  
0.000000e+000  0.000000e+000  0.000000e+000  0.000000e+000  0.000000e+000  0.000000e+000  0.000000e+000  0.000000e+000  0.000000e+000  0.000000e+000  0.000000e+000  0.000000e+000  0.000000e+000  0.000000e+000  0.000000e+000  0.000000e+000  0.000000e+000  0.000000e+000  0.000000e+000  0.000000e+000  
0.000000e+000  0.000000e+000  0.000000e+000  0.000000e+000  0.000000e+000  0.000000e+000  0.000000e+000  0.000000e+000  0.000000e+000  0.000000e+000  0.000000e+000  0.000000e+000  0.000000e+000  0.000000e+000  0.000000e+000  0.000000e+000  0.000000e+000  0.000000e+000  0.000000e+000  0.000000e+000  
0.000000e+000  0.000000e+000  0.000000e+000  0.000000e+000  0.000000e+000  0.000000e+000  0.000000e+000  0.000000e+000  0.000000e+000  0.000000e+000  0.000000e+000  0.000000e+000  0.000000e+000  0.000000e+000  0.000000e+000  0.000000e+000  0.000000e+000  0.000000e+000  0.000000e+000  0.000000e+000  
0.000000e+000  0.000000e+000  0.000000e+000  0.000000e+000  0.000000e+000  0.000000e+000  0.000000e+000  0.000000e+000  0.000000e+000  0.000000e+000  0.000000e+000  0.000000e+000  0.000000e+000  0.000000e+000  0.000000e+000  0.000000e+000  0.000000e+000  0.000000e+000  0.000000e+000  0.000000e+000  
0.000000e+000  0.000000e+000  0.000000e+000  0.000000e+000  0.000000e+000  0.000000e+000  0.000000e+000  0.000000e+000  0.000000e+000  0.000000e+000  0.000000e+000  0.000000e+000  0.000000e+000  0.000000e+000  0.000000e+000  0.000000e+000  0.000000e+000  0.000000e+000  0.000000e+000  0.000000e+000  
0.000000e+000  0.000000e+000  0.000000e+000  0.000000e+000  0.000000e+000  0.000000e+000  0.000000e+000  0.000000e+000  0.000000e+000  0.000000e+000  0.000000e+000  0.000000e+000  0.000000e+000  0.000000e+000  0.000000e+000  0.000000e+000  0.000000e+000  0.000000e+000  0.000000e+000  0.000000e+000  
0.000000e+000  0.000000e+000  0.000000e+000  0.000000e+000  0.000000e+000  0.000000e+000  0.000000e+000  0.000000e+000  0.000000e+000  0.000000e+000  0.000000e+000  0.000000e+000  0.000000e+000  0.000000e+000  0.000000e+000  0.000000e+000  0.000000e+000  0.000000e+000  0.000000e+000  0.000000e+000  
0.000000e+000  0.000000e+000  0.000000e+000  0.000000e+000  0.000000e+000  0.000000e+000  0.000000e+000  0.000000e+000  0.000000e+000  0.000000e+000  0.000000e+000  0.000000e+000  0.000000e+000  0.000000e+000  0.000000e+000  0.000000e+000  0.000000e+000  0.000000e+000  0.000000e+000  0.000000e+000  
0.000000e+000  0.000000e+000  0.000000e+000  0.000000e+000  0.000000e+000  0.000000e+000  0.000000e+000  0.000000e+000  0.000000e+000  0.000000e+000  0.000000e+000  0.000000e+000  0.000000e+000  0.000000e+000  0.000000e+000  0.000000e+000  0.000000e+000  0.000000e+000  0.000000e+000  0.000000e+000  
0.000000e+000  0.000000e+000  0.000000e+000  0.000000e+000  0.000000e+000  0.000000e+000  0.000000e+000  0.000000e+000  0.000000e+000  0.000000e+000  0.000000e+000  0.000000e+000  0.000000e+000  0.000000e+000  0.000000e+000  0.000000e+000  0.000000e+000  0.000000e+000  0.000000e+000  0.000000e+000  
0.000000e+000  0.000000e+000  0.000000e+000  0.000000e+000  0.000000e+000  0.000000e+000  0.000000e+000  0.000000e+000  0.000000e+000  0.000000e+000  0.000000e+000  0.000000e+000  0.000000e+000  0.000000e+000  0.000000e+000  0.000000e+000  0.000000e+000  0.000000e+000  0.000000e+000  0.000000e+000  
0.000000e+000  0.000000e+000  0.000000e+000  0.000000e+000  0.000000e+000  0.000000e+000  0.000000e+000  0.000000e+000  0.000000e+000  0.000000e+000  0.000000e+000  0.000000e+000  0.000000e+000  0.000000e+000  0.000000e+000  0.000000e+000  0.000000e+000  0.000000e+000  0.000000e+000  0.000000e+000  
0.000000e+000  0.000000e+000  0.000000e+000  0.000000e+000  0.000000e+000  0.000000e+000  0.000000e+000  0.000000e+000  0.000000e+000  0.000000e+000  0.000000e+000  0.000000e+000  0.000000e+000  0.000000e+000  0.000000e+000  0.000000e+000  0.000000e+000  0.000000e+000  0.000000e+000  0.000000e+000  
0.000000e+000  0.000000e+000  0.000000e+000  0.000000e+000  0.000000e+000  0.000000e+000  0.000000e+000  0.000000e+000  0.000000e+000  0.000000e+000  0.000000e+000  0.000000e+000  0.000000e+000  0.000000e+000  0.000000e+000  0.000000e+000  0.000000e+000  0.000000e+000  0.000000e+000  0.000000e+000  
0.000000e+000  0.000000e+000  0.000000e+000  0.000000e+000  0.000000e+000  0.000000e+000  0.000000e+000  0.000000e+000  0.000000e+000  0.000000e+000  0.000000e+000  0.000000e+000  0.000000e+000  0.000000e+000  0.000000e+000  0.000000e+000  0.000000e+000  0.000000e+000  0.000000e+000  0.000000e+000  
0.000000e+000  0.000000e+000  0.000000e+000  0.000000e+000  0.000000e+000  0.000000e+000  0.000000e+000  0.000000e+000  0.000000e+000  0.000000e+000  0.000000e+000  0.000000e+000  0.000000e+000  0.000000e+000  0.000000e+000  0.000000e+000  0.000000e+000  0.000000e+000  0.000000e+000  0.000000e+000  
0.000000e+000  0.000000e+000  0.000000e+000  0.000000e+000  0.000000e+000  0.000000e+000  0.000000e+000  0.000000e+000  0.000000e+000  0.000000e+000  0.000000e+000  0.000000e+000  0.000000e+000  0.000000e+000  0.000000e+000  0.000000e+000  0.000000e+000  0.000000e+000  0.000000e+000  0.000000e+000  
0.000000e+000  0.000000e+000  0.000000e+000  0.000000e+000  0.000000e+000  0.000000e+000  0.000000e+000  0.000000e+000  0.000000e+000  0.000000e+000  0.000000e+000  0.000000e+000  0.000000e+000  0.000000e+000  0.000000e+000  0.000000e+000  0.000000e+000  0.000000e+000  0.000000e+000  0.000000e+000  
0.000000e+000  0.000000e+000  0.000000e+000  0.000000e+000  0.000000e+000  0.000000e+000  0.000000e+000  0.000000e+000  0.000000e+000  0.000000e+000  0.000000e+000  0.000000e+000  0.000000e+000  0.000000e+000  0.000000e+000  0.000000e+000  0.000000e+000  0.000000e+000  0.000000e+000  0.000000e+000  
0.000000e+000  0.000000e+000  0.000000e+000  0.000000e+000  0.000000e+000  0.000000e+000  0.000000e+000  0.000000e+000  0.000000e+000  0.000000e+000  0.000000e+000  0.000000e+000  0.000000e+000  0.000000e+000  0.000000e+000  0.000000e+000  0.000000e+000  0.000000e+000  0.000000e+000  0.000000e+000  
0.000000e+000  0.000000e+000  0.000000e+000  0.000000e+000  0.000000e+000  0.000000e+000  0.000000e+000  0.000000e+000  0.000000e+000  0.000000e+000  0.000000e+000  0.000000e+000  0.000000e+000  0.000000e+000  0.000000e+000  0.000000e+000  0.000000e+000  0.000000e+000  0.000000e+000  0.000000e+000  
0.000000e+000  0.000000e+000  0.000000e+000  0.000000e+000  0.000000e+000  0.000000e+000  0.000000e+000  0.000000e+000  0.000000e+000  0.000000e+000  0.000000e+000  0.000000e+000  0.000000e+000  0.000000e+000  0.000000e+000  0.000000e+000  0.000000e+000  0.000000e+000  0.000000e+000  0.000000e+000  
0.000000e+000  0.000000e+000  0.000000e+000  0.000000e+000  0.000000e+000  0.000000e+000  0.000000e+000  0.000000e+000  0.000000e+000  0.000000e+000  0.000000e+000  0.000000e+000  0.000000e+000  0.000000e+000  0.000000e+000  0.000000e+000  0.000000e+000  0.000000e+000  0.000000e+000  0.000000e+000  
0.000000e+000  0.000000e+000  0.000000e+000  0.000000e+000  0.000000e+000  0.000000e+000  0.000000e+000  0.000000e+000  0.000000e+000  0.000000e+000  0.000000e+000  0.000000e+000  0.000000e+000  0.000000e+000  0.000000e+000  0.000000e+000  0.000000e+000  0.000000e+000  0.000000e+000  0.000000e+000  
0.000000e+000  0.000000e+000  0.000000e+000  0.000000e+000  0.000000e+000  0.000000e+000  0.000000e+000  0.000000e+000  0.000000e+000  0.000000e+000  0.000000e+000  0.000000e+000  0.000000e+000  0.000000e+000  0.000000e+000  0.000000e+000  0.000000e+000  0.000000e+000  0.000000e+000  0.000000e+000  
0.000000e+000  0.000000e+000  0.000000e+000  0.000000e+000  0.000000e+000  0.000000e+000  0.000000e+000  0.000000e+000  0.000000e+000  0.000000e+000  0.000000e+000  0.000000e+000  0.000000e+000  0.000000e+000  0.000000e+000  0.000000e+000  0.000000e+000  0.000000e+000  0.000000e+000  0.000000e+000  
0.000000e+000  0.000000e+000  0.000000e+000  0.000000e+000  0.000000e+000  0.000000e+000  0.000000e+000  0.000000e+000  0.000000e+000  0.000000e+000  0.000000e+000  0.000000e+000  0.000000e+000  0.000000e+000  0.000000e+000  0.000000e+000  0.000000e+000  0.000000e+000  0.000000e+000  0.000000e+000  
0.000000e+000  0.000000e+000  0.000000e+000  0.000000e+000  0.000000e+000  0.000000e+000  0.000000e+000  0.000000e+000  0.000000e+000  0.000000e+000  0.000000e+000  0.000000e+000  0.000000e+000  0.000000e+000  0.000000e+000  0.000000e+000  0.000000e+000  0.000000e+000  0.000000e+000  0.000000e+000  

0.000000e+000  0.000000e+000  0.000000e+000  0.000000e+000  0.000000e+000  0.000000e+000  0.000000e+000  0.000000e+000  0.000000e+000  0.000000e+000  0.000000e+000  0.000000e+000  0.000000e+000  0.000000e+000  0.000000e+000  0.000000e+000  0.000000e+000  0.000000e+000  0.000000e+000  0.000000e+000  
0.000000e+000  0.000000e+000  0.000000e+000  0.000000e+000  0.000000e+000  0.000000e+000  0.000000e+000  0.000000e+000  0.000000e+000  0.000000e+000  0.000000e+000  0.000000e+000  0.000000e+000  0.000000e+000  0.000000e+000  0.000000e+000  0.000000e+000  0.000000e+000  0.000000e+000  0.000000e+000  
0.000000e+000  0.000000e+000  0.000000e+000  0.000000e+000  0.000000e+000  0.000000e+000  0.000000e+000  0.000000e+000  0.000000e+000  0.000000e+000  0.000000e+000  0.000000e+000  0.000000e+000  0.000000e+000  0.000000e+000  0.000000e+000  0.000000e+000  0.000000e+000  0.000000e+000  0.000000e+000  
0.000000e+000  0.000000e+000  0.000000e+000  0.000000e+000  0.000000e+000  0.000000e+000  0.000000e+000  0.000000e+000  0.000000e+000  0.000000e+000  0.000000e+000  0.000000e+000  0.000000e+000  0.000000e+000  0.000000e+000  0.000000e+000  0.000000e+000  0.000000e+000  0.000000e+000  0.000000e+000  
0.000000e+000  0.000000e+000  0.000000e+000  0.000000e+000  0.000000e+000  0.000000e+000  0.000000e+000  0.000000e+000  0.000000e+000  0.000000e+000  0.000000e+000  0.000000e+000  0.000000e+000  0.000000e+000  0.000000e+000  0.000000e+000  0.000000e+000  0.000000e+000  0.000000e+000  0.000000e+000  
0.000000e+000  0.000000e+000  0.000000e+000  0.000000e+000  0.000000e+000  0.000000e+000  0.000000e+000  0.000000e+000  0.000000e+000  0.000000e+000  0.000000e+000  0.000000e+000  0.000000e+000  0.000000e+000  0.000000e+000  0.000000e+000  0.000000e+000  0.000000e+000  0.000000e+000  0.000000e+000  
0.000000e+000  0.000000e+000  0.000000e+000  0.000000e+000  0.000000e+000  0.000000e+000  0.000000e+000  0.000000e+000  0.000000e+000  0.000000e+000  0.000000e+000  0.000000e+000  0.000000e+000  0.000000e+000  0.000000e+000  0.000000e+000  0.000000e+000  0.000000e+000  0.000000e+000  0.000000e+000  
0.000000e+000  0.000000e+000  0.000000e+000  0.000000e+000  0.000000e+000  0.000000e+000  0.000000e+000  0.000000e+000  0.000000e+000  0.000000e+000  0.000000e+000  0.000000e+000  0.000000e+000  0.000000e+000  0.000000e+000  0.000000e+000  0.000000e+000  0.000000e+000  0.000000e+000  0.000000e+000  
0.000000e+000  0.000000e+000  0.000000e+000  0.000000e+000  0.000000e+000  0.000000e+000  0.000000e+000  0.000000e+000  0.000000e+000  0.000000e+000  0.000000e+000  0.000000e+000  0.000000e+000  0.000000e+000  0.000000e+000  0.000000e+000  0.000000e+000  0.000000e+000  0.000000e+000  0.000000e+000  
0.000000e+000  0.000000e+000  0.000000e+000  0.000000e+000  0.000000e+000  0.000000e+000  0.000000e+000  0.000000e+000  0.000000e+000  0.000000e+000  0.000000e+000  0.000000e+000  0.000000e+000  0.000000e+000  0.000000e+000  0.000000e+000  0.000000e+000  0.000000e+000  0.000000e+000  0.000000e+000  
0.000000e+000  0.000000e+000  0.000000e+000  0.000000e+000  0.000000e+000  0.000000e+000  0.000000e+000  0.000000e+000  0.000000e+000  0.000000e+000  0.000000e+000  0.000000e+000  0.000000e+000  0.000000e+000  0.000000e+000  0.000000e+000  0.000000e+000  0.000000e+000  0.000000e+000  0.000000e+000  
0.000000e+000  0.000000e+000  0.000000e+000  0.000000e+000  0.000000e+000  0.000000e+000  0.000000e+000  0.000000e+000  0.000000e+000  0.000000e+000  0.000000e+000  0.000000e+000  0.000000e+000  0.000000e+000  0.000000e+000  0.000000e+000  0.000000e+000  0.000000e+000  0.000000e+000  0.000000e+000  
0.000000e+000  0.000000e+000  0.000000e+000  0.000000e+000  0.000000e+000  0.000000e+000  0.000000e+000  0.000000e+000  0.000000e+000  0.000000e+000  0.000000e+000  0.000000e+000  0.000000e+000  0.000000e+000  0.000000e+000  0.000000e+000  0.000000e+000  0.000000e+000  0.000000e+000  0.000000e+000  
0.000000e+000  0.000000e+000  0.000000e+000  0.000000e+000  0.000000e+000  0.000000e+000  0.000000e+000  0.000000e+000  0.000000e+000  0.000000e+000  0.000000e+000  0.000000e+000  0.000000e+000  0.000000e+000  0.000000e+000  0.000000e+000  0.000000e+000  0.000000e+000  0.000000e+000  0.000000e+000  
0.000000e+000  0.000000e+000  0.000000e+000  0.000000e+000  0.000000e+000  0.000000e+000  0.000000e+000  0.000000e+000  0.000000e+000  0.000000e+000  0.000000e+000  0.000000e+000  0.000000e+000  0.000000e+000  0.000000e+000  0.000000e+000  0.000000e+000  0.000000e+000  0.000000e+000  0.000000e+000  
0.000000e+000  0.000000e+000  0.000000e+000  0.000000e+000  0.000000e+000  0.000000e+000  0.000000e+000  0.000000e+000  0.000000e+000  0.000000e+000  0.000000e+000  0.000000e+000  0.000000e+000  0.000000e+000  0.000000e+000  0.000000e+000  0.000000e+000  0.000000e+000  0.000000e+000  0.000000e+000  
0.000000e+000  0.000000e+000  0.000000e+000  0.000000e+000  0.000000e+000  0.000000e+000  0.000000e+000  0.000000e+000  0.000000e+000  0.000000e+000  0.000000e+000  0.000000e+000  0.000000e+000  0.000000e+000  0.000000e+000  0.000000e+000  0.000000e+000  0.000000e+000  0.000000e+000  0.000000e+000  
0.000000e+000  0.000000e+000  0.000000e+000  0.000000e+000  0.000000e+000  0.000000e+000  0.000000e+000  0.000000e+000  0.000000e+000  0.000000e+000  0.000000e+000  0.000000e+000  0.000000e+000  0.000000e+000  0.000000e+000  0.000000e+000  0.000000e+000  0.000000e+000  0.000000e+000  0.000000e+000  
0.000000e+000  0.000000e+000  0.000000e+000  0.000000e+000  0.000000e+000  0.000000e+000  0.000000e+000  0.000000e+000  0.000000e+000  0.000000e+000  0.000000e+000  0.000000e+000  0.000000e+000  0.000000e+000  0.000000e+000  0.000000e+000  0.000000e+000  0.000000e+000  0.000000e+000  0.000000e+000  
0.000000e+000  0.000000e+000  0.000000e+000  0.000000e+000  0.000000e+000  0.000000e+000  0.000000e+000  0.000000e+000  0.000000e+000  0.000000e+000  0.000000e+000  0.000000e+000  0.000000e+000  0.000000e+000  0.000000e+000  0.000000e+000  0.000000e+000  0.000000e+000  0.000000e+000  0.000000e+000  
0.000000e+000  0.000000e+000  0.000000e+000  0.000000e+000  0.000000e+000  0.000000e+000  0.000000e+000  0.000000e+000  0.000000e+000  0.000000e+000  0.000000e+000  0.000000e+000  0.000000e+000  0.000000e+000  0.000000e+000  0.000000e+000  0.000000e+000  0.000000e+000  0.000000e+000  0.000000e+000  
0.000000e+000  0.000000e+000  0.000000e+000  0.000000e+000  0.000000e+000  0.000000e+000  0.000000e+000  0.000000e+000  0.000000e+000  0.000000e+000  0.000000e+000  0.000000e+000  0.000000e+000  0.000000e+000  0.000000e+000  0.000000e+000  0.000000e+000  0.000000e+000  0.000000e+000  0.000000e+000  
0.000000e+000  0.000000e+000  0.000000e+000  0.000000e+000  0.000000e+000  0.000000e+000  0.000000e+000  0.000000e+000  0.000000e+000  0.000000e+000  0.000000e+000  0.000000e+000  0.000000e+000  0.000000e+000  0.000000e+000  0.000000e+000  0.000000e+000  0.000000e+000  0.000000e+000  0.000000e+000  
0.000000e+000  0.000000e+000  0.000000e+000  0.000000e+000  0.000000e+000  0.000000e+000  0.000000e+000  0.000000e+000  0.000000e+000  0.000000e+000  0.000000e+000  0.000000e+000  0.000000e+000  0.000000e+000  0.000000e+000  0.000000e+000  0.000000e+000  0.000000e+000  0.000000e+000  0.000000e+000  
0.000000e+000  0.000000e+000  0.000000e+000  0.000000e+000  0.000000e+000  0.000000e+000  0.000000e+000  0.000000e+000  0.000000e+000  0.000000e+000  0.000000e+000  0.000000e+000  0.000000e+000  0.000000e+000  0.000000e+000  0.000000e+000  0.000000e+000  0.000000e+000  0.000000e+000  0.000000e+000  
0.000000e+000  0.000000e+000  0.000000e+000  0.000000e+000  0.000000e+000  0.000000e+000  0.000000e+000  0.000000e+000  0.000000e+000  0.000000e+000  0.000000e+000  0.000000e+000  0.000000e+000  0.000000e+000  0.000000e+000  0.000000e+000  0.000000e+000  0.000000e+000  0.000000e+000  0.000000e+000  
0.000000e+000  0.000000e+000  0.000000e+000  0.000000e+000  0.000000e+000  0.000000e+000  0.000000e+000  0.000000e+000  0.000000e+000  0.000000e+000  0.000000e+000  0.000000e+000  0.000000e+000  0.000000e+000  0.000000e+000  0.000000e+000  0.000000e+000  0.000000e+000  0.000000e+000  0.000000e+000  
0.000000e+000  0.000000e+000  0.000000e+000  0.000000e+000  0.000000e+000  0.000000e+000  0.000000e+000  0.000000e+000  0.000000e+000  0.000000e+000  0.000000e+000  0.000000e+000  0.000000e+000  0.000000e+000  0.000000e+000  0.000000e+000  0.000000e+000  0.000000e+000  0.000000e+000  0.000000e+000  
0.000000e+000  0.000000e+000  0.000000e+000  0.000000e+000  0.000000e+000  0.000000e+000  0.000000e+000  0.000000e+000  0.000000e+000  0.000000e+000  0.000000e+000  0.000000e+000  0.000000e+000  0.000000e+000  0.000000e+000  0.000000e+000  0.000000e+000  0.000000e+000  0.000000e+000  0.000000e+000  
0.000000e+000  0.000000e+000  0.000000e+000  0.000000e+000  0.000000e+000  0.000000e+000  0.000000e+000  0.000000e+000  0.000000e+000  0.000000e+000  0.000000e+000  0.000000e+000  0.000000e+000  0.000000e+000  0.000000e+000  0.000000e+000  0.000000e+000  0.000000e+000  0.000000e+000  0.000000e+000  
0.000000e+000  0.000000e+000  0.000000e+000  0.000000e+000  0.000000e+000  0.000000e+000  0.000000e+000  0.000000e+000  0.000000e+000  0.000000e+000  0.000000e+000  0.000000e+000  0.000000e+000  0.000000e+000  0.000000e+000  0.000000e+000  0.000000e+000  0.000000e+000  0.000000e+000  0.000000e+000  
0.000000e+000  0.000000e+000  0.000000e+000  0.000000e+000  0.000000e+000  0.000000e+000  0.000000e+000  0.000000e+000  0.000000e+000  0.000000e+000  0.000000e+000  0.000000e+000  0.000000e+000  0.000000e+000  0.000000e+000  0.000000e+000  0.000000e+000  0.000000e+000  0.000000e+000  0.000000e+000  
0.000000e+000  0.000000e+000  0.000000e+000  0.000000e+000  0.000000e+000  0.000000e+000  0.000000e+000  0.000000e+000  0.000000e+000  0.000000e+000  0.000000e+000  0.000000e+000  0.000000e+000  0.000000e+000  0.000000e+000  0.000000e+000  0.000000e+000  0.000000e+000  0.000000e+000  0.000000e+000  
0.000000e+000  0.000000e+000  0.000000e+000  0.000000e+000  0.000000e+000  0.000000e+000  0.000000e+000  0.000000e+000  0.000000e+000  0.000000e+000  0.000000e+000  0.000000e+000  0.000000e+000  0.000000e+000  0.000000e+000  0.000000e+000  0.000000e+000  0.000000e+000  0.000000e+000  0.000000e+000  
0.000000e+000  0.000000e+000  0.000000e+000  0.000000e+000  0.000000e+000  0.000000e+000  0.000000e+000  0.000000e+000  0.000000e+000  0.000000e+000  0.000000e+000  0.000000e+000  0.000000e+000  0.000000e+000  0.000000e+000  0.000000e+000  0.000000e+000  0.000000e+000  0.000000e+000  0.000000e+000  
0.000000e+000  0.000000e+000  0.000000e+000  0.000000e+000  0.000000e+000  0.000000e+000  0.000000e+000  0.000000e+000  0.000000e+000  0.000000e+000  0.000000e+000  0.000000e+000  0.000000e+000  0.000000e+000  0.000000e+000  0.000000e+000  0.000000e+000  0.000000e+000  0.000000e+000  0.000000e+000  
0.000000e+000  0.000000e+000  0.000000e+000  0.000000e+000  0.000000e+000  0.000000e+000  0.000000e+000  0.000000e+000  0.000000e+000  0.000000e+000  0.000000e+000  0.000000e+000  0.000000e+000  0.000000e+000  0.000000e+000  0.000000e+000  0.000000e+000  0.000000e+000  0.000000e+000  0.000000e+000  
0.000000e+000  0.000000e+000  0.000000e+000  0.000000e+000  0.000000e+000  0.000000e+000  0.000000e+000  0.000000e+000  0.000000e+000  0.000000e+000  0.000000e+000  0.000000e+000  0.000000e+000  0.000000e+000  0.000000e+000  0.000000e+000  0.000000e+000  0.000000e+000  0.000000e+000  0.000000e+000  
0.000000e+000  0.000000e+000  0.000000e+000  0.000000e+000  0.000000e+000  0.000000e+000  0.000000e+000  0.000000e+000  0.000000e+000  0.000000e+000  0.000000e+000  0.000000e+000  0.000000e+000  0.000000e+000  0.000000e+000  0.000000e+000  0.000000e+000  0.000000e+000  0.000000e+000  0.000000e+000  

0.000000e+000  0.000000e+000  0.000000e+000  0.000000e+000  0.000000e+000  0.000000e+000  0.000000e+000  0.000000e+000  0.000000e+000  0.000000e+000  0.000000e+000  0.000000e+000  0.000000e+000  0.000000e+000  0.000000e+000  0.000000e+000  0.000000e+000  0.000000e+000  0.000000e+000  0.000000e+000  
0.000000e+000  0.000000e+000  0.000000e+000  0.000000e+000  0.000000e+000  0.000000e+000  0.000000e+000  0.000000e+000  0.000000e+000  0.000000e+000  0.000000e+000  0.000000e+000  0.000000e+000  0.000000e+000  0.000000e+000  0.000000e+000  0.000000e+000  0.000000e+000  0.000000e+000  0.000000e+000  
0.000000e+000  0.000000e+000  0.000000e+000  0.000000e+000  0.000000e+000  0.000000e+000  0.000000e+000  0.000000e+000  0.000000e+000  0.000000e+000  0.000000e+000  0.000000e+000  0.000000e+000  0.000000e+000  0.000000e+000  0.000000e+000  0.000000e+000  0.000000e+000  0.000000e+000  0.000000e+000  
0.000000e+000  0.000000e+000  0.000000e+000  0.000000e+000  0.000000e+000  0.000000e+000  0.000000e+000  0.000000e+000  0.000000e+000  0.000000e+000  0.000000e+000  0.000000e+000  0.000000e+000  0.000000e+000  0.000000e+000  0.000000e+000  0.000000e+000  0.000000e+000  0.000000e+000  0.000000e+000  
0.000000e+000  0.000000e+000  0.000000e+000  0.000000e+000  0.000000e+000  0.000000e+000  0.000000e+000  0.000000e+000  0.000000e+000  0.000000e+000  0.000000e+000  0.000000e+000  0.000000e+000  0.000000e+000  0.000000e+000  0.000000e+000  0.000000e+000  0.000000e+000  0.000000e+000  0.000000e+000  
0.000000e+000  0.000000e+000  0.000000e+000  0.000000e+000  0.000000e+000  0.000000e+000  0.000000e+000  0.000000e+000  0.000000e+000  0.000000e+000  0.000000e+000  0.000000e+000  0.000000e+000  0.000000e+000  0.000000e+000  0.000000e+000  0.000000e+000  0.000000e+000  0.000000e+000  0.000000e+000  
0.000000e+000  0.000000e+000  0.000000e+000  0.000000e+000  0.000000e+000  0.000000e+000  0.000000e+000  0.000000e+000  0.000000e+000  0.000000e+000  0.000000e+000  0.000000e+000  0.000000e+000  0.000000e+000  0.000000e+000  0.000000e+000  0.000000e+000  0.000000e+000  0.000000e+000  0.000000e+000  
0.000000e+000  0.000000e+000  0.000000e+000  0.000000e+000  0.000000e+000  0.000000e+000  0.000000e+000  0.000000e+000  0.000000e+000  0.000000e+000  0.000000e+000  0.000000e+000  0.000000e+000  0.000000e+000  0.000000e+000  0.000000e+000  0.000000e+000  0.000000e+000  0.000000e+000  0.000000e+000  
0.000000e+000  0.000000e+000  0.000000e+000  0.000000e+000  0.000000e+000  0.000000e+000  0.000000e+000  0.000000e+000  0.000000e+000  0.000000e+000  0.000000e+000  0.000000e+000  0.000000e+000  0.000000e+000  0.000000e+000  0.000000e+000  0.000000e+000  0.000000e+000  0.000000e+000  0.000000e+000  
0.000000e+000  0.000000e+000  0.000000e+000  0.000000e+000  0.000000e+000  0.000000e+000  0.000000e+000  0.000000e+000  0.000000e+000  0.000000e+000  0.000000e+000  0.000000e+000  0.000000e+000  0.000000e+000  0.000000e+000  0.000000e+000  0.000000e+000  0.000000e+000  0.000000e+000  0.000000e+000  
0.000000e+000  0.000000e+000  0.000000e+000  0.000000e+000  0.000000e+000  0.000000e+000  0.000000e+000  0.000000e+000  0.000000e+000  0.000000e+000  0.000000e+000  0.000000e+000  0.000000e+000  0.000000e+000  0.000000e+000  0.000000e+000  0.000000e+000  0.000000e+000  0.000000e+000  0.000000e+000  
0.000000e+000  0.000000e+000  0.000000e+000  0.000000e+000  0.000000e+000  0.000000e+000  0.000000e+000  0.000000e+000  0.000000e+000  0.000000e+000  0.000000e+000  0.000000e+000  0.000000e+000  0.000000e+000  0.000000e+000  0.000000e+000  0.000000e+000  0.000000e+000  0.000000e+000  0.000000e+000  
0.000000e+000  0.000000e+000  0.000000e+000  0.000000e+000  0.000000e+000  0.000000e+000  0.000000e+000  0.000000e+000  0.000000e+000  0.000000e+000  0.000000e+000  0.000000e+000  0.000000e+000  0.000000e+000  0.000000e+000  0.000000e+000  0.000000e+000  0.000000e+000  0.000000e+000  0.000000e+000  
0.000000e+000  0.000000e+000  0.000000e+000  0.000000e+000  0.000000e+000  0.000000e+000  0.000000e+000  0.000000e+000  0.000000e+000  0.000000e+000  0.000000e+000  0.000000e+000  0.000000e+000  0.000000e+000  0.000000e+000  0.000000e+000  0.000000e+000  0.000000e+000  0.000000e+000  0.000000e+000  
0.000000e+000  0.000000e+000  0.000000e+000  0.000000e+000  0.000000e+000  0.000000e+000  0.000000e+000  0.000000e+000  0.000000e+000  0.000000e+000  0.000000e+000  0.000000e+000  0.000000e+000  0.000000e+000  0.000000e+000  0.000000e+000  0.000000e+000  0.000000e+000  0.000000e+000  0.000000e+000  
0.000000e+000  0.000000e+000  0.000000e+000  0.000000e+000  0.000000e+000  0.000000e+000  0.000000e+000  0.000000e+000  0.000000e+000  0.000000e+000  0.000000e+000  0.000000e+000  0.000000e+000  0.000000e+000  0.000000e+000  0.000000e+000  0.000000e+000  0.000000e+000  0.000000e+000  0.000000e+000  
0.000000e+000  0.000000e+000  0.000000e+000  0.000000e+000  0.000000e+000  0.000000e+000  0.000000e+000  0.000000e+000  0.000000e+000  0.000000e+000  0.000000e+000  0.000000e+000  0.000000e+000  0.000000e+000  0.000000e+000  0.000000e+000  0.000000e+000  0.000000e+000  0.000000e+000  0.000000e+000  
0.000000e+000  0.000000e+000  0.000000e+000  0.000000e+000  0.000000e+000  0.000000e+000  0.000000e+000  0.000000e+000  0.000000e+000  0.000000e+000  0.000000e+000  0.000000e+000  0.000000e+000  0.000000e+000  0.000000e+000  0.000000e+000  0.000000e+000  0.000000e+000  0.000000e+000  0.000000e+000  
0.000000e+000  0.000000e+000  0.000000e+000  0.000000e+000  0.000000e+000  0.000000e+000  0.000000e+000  0.000000e+000  0.000000e+000  0.000000e+000  0.000000e+000  0.000000e+000  0.000000e+000  0.000000e+000  0.000000e+000  0.000000e+000  0.000000e+000  0.000000e+000  0.000000e+000  0.000000e+000  
0.000000e+000  0.000000e+000  0.000000e+000  0.000000e+000  0.000000e+000  0.000000e+000  0.000000e+000  0.000000e+000  0.000000e+000  0.000000e+000  0.000000e+000  0.000000e+000  0.000000e+000  0.000000e+000  0.000000e+000  0.000000e+000  0.000000e+000  0.000000e+000  0.000000e+000  0.000000e+000  
0.000000e+000  0.000000e+000  0.000000e+000  0.000000e+000  0.000000e+000  0.000000e+000  0.000000e+000  0.000000e+000  0.000000e+000  0.000000e+000  0.000000e+000  0.000000e+000  0.000000e+000  0.000000e+000  0.000000e+000  0.000000e+000  0.000000e+000  0.000000e+000  0.000000e+000  0.000000e+000  
0.000000e+000  0.000000e+000  0.000000e+000  0.000000e+000  0.000000e+000  0.000000e+000  0.000000e+000  0.000000e+000  0.000000e+000  0.000000e+000  0.000000e+000  0.000000e+000  0.000000e+000  0.000000e+000  0.000000e+000  0.000000e+000  0.000000e+000  0.000000e+000  0.000000e+000  0.000000e+000  
0.000000e+000  0.000000e+000  0.000000e+000  0.000000e+000  0.000000e+000  0.000000e+000  0.000000e+000  0.000000e+000  0.000000e+000  0.000000e+000  0.000000e+000  0.000000e+000  0.000000e+000  0.000000e+000  0.000000e+000  0.000000e+000  0.000000e+000  0.000000e+000  0.000000e+000  0.000000e+000  
0.000000e+000  0.000000e+000  0.000000e+000  0.000000e+000  0.000000e+000  0.000000e+000  0.000000e+000  0.000000e+000  0.000000e+000  0.000000e+000  0.000000e+000  0.000000e+000  0.000000e+000  0.000000e+000  0.000000e+000  0.000000e+000  0.000000e+000  0.000000e+000  0.000000e+000  0.000000e+000  
0.000000e+000  0.000000e+000  0.000000e+000  0.000000e+000  0.000000e+000  0.000000e+000  0.000000e+000  0.000000e+000  0.000000e+000  0.000000e+000  0.000000e+000  0.000000e+000  0.000000e+000  0.000000e+000  0.000000e+000  0.000000e+000  0.000000e+000  0.000000e+000  0.000000e+000  0.000000e+000  
0.000000e+000  0.000000e+000  0.000000e+000  0.000000e+000  0.000000e+000  0.000000e+000  0.000000e+000  0.000000e+000  0.000000e+000  0.000000e+000  0.000000e+000  0.000000e+000  0.000000e+000  0.000000e+000  0.000000e+000  0.000000e+000  0.000000e+000  0.000000e+000  0.000000e+000  0.000000e+000  
0.000000e+000  0.000000e+000  0.000000e+000  0.000000e+000  0.000000e+000  0.000000e+000  0.000000e+000  0.000000e+000  0.000000e+000  0.000000e+000  0.000000e+000  0.000000e+000  0.000000e+000  0.000000e+000  0.000000e+000  0.000000e+000  0.000000e+000  0.000000e+000  0.000000e+000  0.000000e+000  
0.000000e+000  0.000000e+000  0.000000e+000  0.000000e+000  0.000000e+000  0.000000e+000  0.000000e+000  0.000000e+000  0.000000e+000  0.000000e+000  0.000000e+000  0.000000e+000  0.000000e+000  0.000000e+000  0.000000e+000  0.000000e+000  0.000000e+000  0.000000e+000  0.000000e+000  0.000000e+000  
0.000000e+000  0.000000e+000  0.000000e+000  0.000000e+000  0.000000e+000  0.000000e+000  0.000000e+000  0.000000e+000  0.000000e+000  0.000000e+000  0.000000e+000  0.000000e+000  0.000000e+000  0.000000e+000  0.000000e+000  0.000000e+000  0.000000e+000  0.000000e+000  0.000000e+000  0.000000e+000  
0.000000e+000  0.000000e+000  0.000000e+000  0.000000e+000  0.000000e+000  0.000000e+000  0.000000e+000  0.000000e+000  0.000000e+000  0.000000e+000  0.000000e+000  0.000000e+000  0.000000e+000  0.000000e+000  0.000000e+000  0.000000e+000  0.000000e+000  0.000000e+000  0.000000e+000  0.000000e+000  
0.000000e+000  0.000000e+000  0.000000e+000  0.000000e+000  0.000000e+000  0.000000e+000  0.000000e+000  0.000000e+000  0.000000e+000  0.000000e+000  0.000000e+000  0.000000e+000  0.000000e+000  0.000000e+000  0.000000e+000  0.000000e+000  0.000000e+000  0.000000e+000  0.000000e+000  0.000000e+000  
0.000000e+000  0.000000e+000  0.000000e+000  0.000000e+000  0.000000e+000  0.000000e+000  0.000000e+000  0.000000e+000  0.000000e+000  0.000000e+000  0.000000e+000  0.000000e+000  0.000000e+000  0.000000e+000  0.000000e+000  0.000000e+000  0.000000e+000  0.000000e+000  0.000000e+000  0.000000e+000  
0.000000e+000  0.000000e+000  0.000000e+000  0.000000e+000  0.000000e+000  0.000000e+000  0.000000e+000  0.000000e+000  0.000000e+000  0.000000e+000  0.000000e+000  0.000000e+000  0.000000e+000  0.000000e+000  0.000000e+000  0.000000e+000  0.000000e+000  0.000000e+000  0.000000e+000  0.000000e+000  
0.000000e+000  0.000000e+000  0.000000e+000  0.000000e+000  0.000000e+000  0.000000e+000  0.000000e+000  0.000000e+000  0.000000e+000  0.000000e+000  0.000000e+000  0.000000e+000  0.000000e+000  0.000000e+000  0.000000e+000  0.000000e+000  0.000000e+000  0.000000e+000  0.000000e+000  0.000000e+000  
0.000000e+000  0.000000e+000  0.000000e+000  0.000000e+000  0.000000e+000  0.000000e+000  0.000000e+000  0.000000e+000  0.000000e+000  0.000000e+000  0.000000e+000  0.000000e+000  0.000000e+000  0.000000e+000  0.000000e+000  0.000000e+000  0.000000e+000  0.000000e+000  0.000000e+000  0.000000e+000  
0.000000e+000  0.000000e+000  0.000000e+000  0.000000e+000  0.000000e+000  0.000000e+000  0.000000e+000  0.000000e+000  0.000000e+000  0.000000e+000  0.000000e+000  0.000000e+000  0.000000e+000  0.000000e+000  0.000000e+000  0.000000e+000  0.000000e+000  0.000000e+000  0.000000e+000  0.000000e+000  
0.000000e+000  0.000000e+000  0.000000e+000  0.000000e+000  0.000000e+000  0.000000e+000  0.000000e+000  0.000000e+000  0.000000e+000  0.000000e+000  0.000000e+000  0.000000e+000  0.000000e+000  0.000000e+000  0.000000e+000  0.000000e+000  0.000000e+000  0.000000e+000  0.000000e+000  0.000000e+000  
0.000000e+000  0.000000e+000  0.000000e+000  0.000000e+000  0.000000e+000  0.000000e+000  0.000000e+000  0.000000e+000  0.000000e+000  0.000000e+000  0.000000e+000  0.000000e+000  0.000000e+000  0.000000e+000  0.000000e+000  0.000000e+000  0.000000e+000  0.000000e+000  0.000000e+000  0.000000e+000  
0.000000e+000  0.000000e+000  0.000000e+000  0.000000e+000  0.000000e+000  0.000000e+000  0.000000e+000  0.000000e+000  0.000000e+000  0.000000e+000  0.000000e+000  0.000000e+000  0.000000e+000  0.000000e+000  0.000000e+000  0.000000e+000  0.000000e+000  0.000000e+000  0.000000e+000  0.000000e+000  

0.000000e+000  -5.190092e-002  -5.044629e-002  -4.934271e-002  -4.813831e-002  -4.684473e-002  -4.547389e-002  -4.403769e-002  -4.254787e-002  -4.101583e-002  -3.945241e-002  -3.786783e-002  -3.627156e-002  -3.467227e-002  -3.228046e-002  -2.915190e-002  -2.461126e-002  -1.912768e-002  -6.863135e-003  0.000000e+000  
0.000000e+000  -1.516378e-001  -1.466511e-001  -1.423572e-001  -1.377380e-001  -1.328534e-001  -1.277627e-001  -1.225226e-001  -1.171868e-001  -1.118044e-001  -1.064197e-001  -1.010719e-001  -9.579484e-002  -9.061713e-002  -8.303485e-002  -7.352940e-002  -6.030275e-002  -4.559803e-002  -1.521423e-002  0.000000e+000  
0.000000e+000  -2.274252e-001  -2.196362e-001  -2.108448e-001  -2.015646e-001  -1.919555e-001  -1.821663e-001  -1.723313e-001  -1.625668e-001  -1.529704e-001  -1.436208e-001  -1.345793e-001  -1.258908e-001  -1.175865e-001  -1.057347e-001  -9.159897e-002  -7.283189e-002  -5.363886e-002  -1.692339e-002  0.000000e+000  
0.000000e+000  -2.719497e-001  -2.635751e-001  -2.506902e-001  -2.372882e-001  -2.236445e-001  -2.100017e-001  -1.965623e-001  -1.834872e-001  -1.708967e-001  -1.588755e-001  -1.474772e-001  -1.367307e-001  -1.266451e-001  -1.124993e-001  -9.615742e-002  -7.507385e-002  -5.448761e-002  -1.671469e-002  0.000000e+000  
0.000000e+000  -3.037236e-001  -2.959525e-001  -2.792349e-001  -2.620567e-001  -2.448171e-001  -2.278473e-001  -2.114034e-001  -1.956694e-001  -1.807656e-001  -1.667601e-001  -1.536810e-001  -1.415262e-001  -1.302726e-001  -1.146883e-001  -9.708907e-002  -7.483345e-002  -5.376998e-002  -1.619080e-002  0.000000e+000  
0.000000e+000  -3.286752e-001  -3.228181e-001  -3.019760e-001  -2.808483e-001  -2.599836e-001  -2.398001e-001  -2.205866e-001  -2.025198e-001  -1.856877e-001  -1.701140e-001  -1.557776e-001  -1.426289e-001  -1.306014e-001  -1.141286e-001  -9.587505e-002  -7.316233e-002  -5.217229e-002  -1.550131e-002  0.000000e+000  
0.000000e+000  -3.453684e-001  -3.416182e-001  -3.174192e-001  -2.931469e-001  -2.694747e-001  -2.468788e-001  -2.256534e-001  -2.059482e-001  -1.878078e-001  -1.712071e-001  -1.560780e-001  -1.423281e-001  -1.298542e-001  -1.128982e-001  -9.434668e-002  -7.151148e-002  -5.073718e-002  -1.494302e-002  0.000000e+000  
0.000000e+000  -3.617790e-001  -3.612905e-001  -3.329484e-001  -3.049028e-001  -2.779788e-001  -2.526949e-001  -2.293173e-001  -2.079309e-001  -1.885047e-001  -1.709398e-001  -1.551028e-001  -1.408470e-001  -1.280248e-001  -1.107298e-001  -9.204885e-002  -6.930171e-002  -4.892426e-002  -1.428711e-002  0.000000e+000  
0.000000e+000  -3.773637e-001  -3.817482e-001  -3.482199e-001  -3.156313e-001  -2.849710e-001  -2.567503e-001  -2.311398e-001  -2.081001e-001  -1.874789e-001  -1.690729e-001  -1.526640e-001  -1.380390e-001  -1.249995e-001  -1.075482e-001  -8.893764e-002  -6.651663e-002  -4.672975e-002  -1.353549e-002  0.000000e+000  
0.000000e+000  -3.912602e-001  -4.027642e-001  -3.626357e-001  -3.245821e-001  -2.897074e-001  -2.583896e-001  -2.305814e-001  -2.060290e-001  -1.844011e-001  -1.653560e-001  -1.485726e-001  -1.337625e-001  -1.206724e-001  -1.032884e-001  -8.497865e-002  -6.314703e-002  -4.415451e-002  -1.269100e-002  0.000000e+000  
0.000000e+000  -4.020913e-001  -4.238099e-001  -3.751398e-001  -3.305908e-001  -2.911482e-001  -2.567754e-001  -2.270043e-001  -2.012463e-001  -1.789286e-001  -1.595423e-001  -1.426521e-001  -1.278917e-001  -1.149548e-001  -9.790096e-002  -8.015021e-002  -5.919223e-002  -4.120458e-002  -1.175750e-002  0.000000e+000  
0.000000e+000  -4.076373e-001  -4.436557e-001  -3.838276e-001  -3.318633e-001  -2.878845e-001  -2.508909e-001  -2.197031e-001  -1.932714e-001  -1.707367e-001  -1.514135e-001  -1.347565e-001  -1.203303e-001  -1.077840e-001  -9.135791e-002  -7.444663e-002  -5.466131e-002  -3.789159e-002  -1.073982e-002  0.000000e+000  
0.000000e+000  -4.043016e-001  -4.593115e-001  -3.852148e-001  -3.257189e-001  -2.781329e-001  -2.396147e-001  -2.079858e-001  -1.816788e-001  -1.595640e-001  -1.408104e-001  -1.247914e-001  -1.110251e-001  -9.913348e-002  -8.365835e-002  -6.788099e-002  -4.957415e-002  -3.423314e-002  -9.643791e-003  0.000000e+000  
0.000000e+000  -3.876126e-001  -4.627198e-001  -3.739234e-001  -3.097675e-001  -2.612888e-001  -2.232353e-001  -1.925482e-001  -1.673300e-001  -1.463204e-001  -1.286339e-001  -1.136212e-001  -1.007914e-001  -8.976466e-002  -7.548112e-002  -6.103041e-002  -4.437415e-002  -3.054515e-002  -8.561947e-003  0.000000e+000  
0.000000e+000  -3.554719e-001  -4.423549e-001  -3.468435e-001  -2.844688e-001  -2.387252e-001  -2.031709e-001  -1.746359e-001  -1.512732e-001  -1.318802e-001  -1.156155e-001  -1.018616e-001  -9.015109e-002  -8.012247e-002  -6.717670e-002  -5.415826e-002  -3.923315e-002  -2.693522e-002  -7.518972e-003  0.000000e+000  
0.000000e+000  -2.990162e-001  -3.622630e-001  -2.973217e-001  -2.479111e-001  -2.092660e-001  -1.783580e-001  -1.532253e-001  -1.325322e-001  -1.153255e-001  -1.009003e-001  -8.872129e-002  -7.837459e-002  -6.953605e-002  -5.815621e-002  -4.676846e-002  -3.377174e-002  -2.313251e-002  -6.434370e-003  0.000000e+000  
0.000000e+000  -2.404982e-001  -2.675384e-001  -2.372870e-001  -2.040679e-001  -1.745721e-001  -1.496384e-001  -1.288124e-001  -1.114338e-001  -9.689050e-002  -8.466698e-002  -7.434285e-002  -6.557920e-002  -5.810400e-002  -4.849675e-002  -3.891916e-002  -2.802836e-002  -1.916136e-002  -5.313802e-003  0.000000e+000  
0.000000e+000  -1.572104e-001  -1.607494e-001  -1.502661e-001  -1.345305e-001  -1.179044e-001  -1.023925e-001  -8.869630e-002  -7.691101e-002  -6.688571e-002  -5.839132e-002  -5.119341e-002  -4.508034e-002  -3.987139e-002  -3.318912e-002  -2.655873e-002  -1.905575e-002  -1.299228e-002  -3.588032e-003  0.000000e+000  
0.000000e+000  -5.189014e-002  -5.099438e-002  -4.849990e-002  -4.424995e-002  -3.934572e-002  -3.449281e-002  -3.004257e-002  -2.612216e-002  -2.274024e-002  -1.985216e-002  -1.739508e-002  -1.530494e-002  -1.352356e-002  -1.123965e-002  -8.978918e-003  -6.427757e-003  -4.375249e-003  -1.205229e-003  0.000000e+000  
0.000000e+000  5.189014e-002  5.099438e-002  4.849990e-002  4.424995e-002  3.934572e-002  3.449281e-002  3.004257e-002  2.612216e-002  2.274024e-002  1.985216e-002  1.739508e-002  1.530494e-002  1.352356e-002  1.123965e-002  8.978918e-003  6.427757e-003  4.375249e-003  1.205229e-003  0.000000e+000  
0.000000e+000  1.572104e-001  1.607494e-001  1.502661e-001  1.345305e-001  1.179044e-001  1.023925e-001  8.869630e-002  7.691101e-002  6.688571e-002  5.839132e-002  5.119341e-002  4.508034e-002  3.987139e-002  3.318912e-002  2.655873e-002  1.905575e-002  1.299228e-002  3.588032e-003  0.000000e+000  
0.000000e+000  2.404982e-001  2.675384e-001  2.372870e-001  2.040679e-001  1.745721e-001  1.496384e-001  1.288124e-001  1.114338e-001  9.689050e-002  8.466698e-002  7.434285e-002  6.557920e-002  5.810400e-002  4.849675e-002  3.891916e-002  2.802836e-002  1.916136e-002  5.313802e-003  0.000000e+000  
0.000000e+000  2.990162e-001  3.622630e-001  2.973217e-001  2.479111e-001  2.092660e-001  1.783580e-001  1.532253e-001  1.325322e-001  1.153255e-001  1.009003e-001  8.872129e-002  7.837459e-002  6.953605e-002  5.815621e-002  4.676846e-002  3.377174e-002  2.313251e-002  6.434370e-003  0.000000e+000  
0.000000e+000  3.554719e-001  4.423549e-001  3.468435e-001  2.844688e-001  2.387252e-001  2.031709e-001  1.746359e-001  1.512732e-001  1.318802e-001  1.156155e-001  1.018616e-001  9.015109e-002  8.012247e-002  6.717670e-002  5.415826e-002  3.923315e-002  2.693522e-002  7.518972e-003  0.000000e+000  
0.000000e+000  3.876126e-001  4.627198e-001  3.739234e-001  3.097675e-001  2.612888e-001  2.232353e-001  1.925482e-001  1.673300e-001  1.463204e-001  1.286339e-001  1.136212e-001  1.007914e-001  8.976466e-002  7.548112e-002  6.103041e-002  4.437415e-002  3.054515e-002  8.561947e-003  0.000000e+000  
0.000000e+000  4.043016e-001  4.593115e-001  3.852148e-001  3.257189e-001  2.781329e-001  2.396147e-001  2.079858e-001  1.816788e-001  1.595640e-001  1.408104e-001  1.247914e-001  1.110251e-001  9.913348e-002  8.365835e-002  6.788099e-002  4.957415e-002  3.423314e-002  9.643791e-003  0.000000e+000  
0.000000e+000  4.076373e-001  4.436557e-001  3.838276e-001  3.318633e-001  2.878845e-001  2.508909e-001  2.197031e-001  1.932714e-001  1.707367e-001  1.514135e-001  1.347565e-001  1.203303e-001  1.077840e-001  9.135791e-002  7.444663e-002  5.466131e-002  3.789159e-002  1.073982e-002  0.000000e+000  
0.000000e+000  4.020913e-001  4.238099e-001  3.751398e-001  3.305908e-001  2.911482e-001  2.567754e-001  2.270043e-001  2.012463e-001  1.789286e-001  1.595423e-001  1.426521e-001  1.278917e-001  1.149548e-001  9.790096e-002  8.015021e-002  5.919223e-002  4.120458e-002  1.175750e-002  0.000000e+000  
0.000000e+000  3.912602e-001  4.027642e-001  3.626357e-001  3.245821e-001  2.897074e-001  2.583896e-001  2.305814e-001  2.060290e-001  1.844011e-001  1.653560e-001  1.485726e-001  1.337625e-001  1.206724e-001  1.032884e-001  8.497865e-002  6.314703e-002  4.415451e-002  1.269100e-002  0.000000e+000  
0.000000e+000  3.773637e-001  3.817482e-001  3.482199e-001  3.156313e-001  2.849710e-001  2.567503e-001  2.311398e-001  2.081001e-001  1.874789e-001  1.690729e-001  1.526640e-001  1.380390e-001  1.249995e-001  1.075482e-001  8.893764e-002  6.651663e-002  4.672975e-002  1.353549e-002  0.000000e+000  
0.000000e+000  3.617790e-001  3.612905e-001  3.329484e-001  3.049028e-001  2.779788e-001  2.526949e-001  2.293173e-001  2.079309e-001  1.885047e-001  1.709398e-001  1.551028e-001  1.408470e-001  1.280248e-001  1.107298e-001  9.204885e-002  6.930171e-002  4.892426e-002  1.428711e-002  0.000000e+000  
0.000000e+000  3.453684e-001  3.416182e-001  3.174192e-001  2.931469e-001  2.694747e-001  2.468788e-001  2.256534e-001  2.059482e-001  1.878078e-001  1.712071e-001  1.560780e-001  1.423281e-001  1.298542e-001  1.128982e-001  9.434668e-002  7.151148e-002  5.073718e-002  1.494302e-002  0.000000e+000  
0.000000e+000  3.286752e-001  3.228181e-001  3.019760e-001  2.808483e-001  2.599836e-001  2.398001e-001  2.205866e-001  2.025198e-001  1.856877e-001  1.701140e-001  1.557776e-001  1.426289e-001  1.306014e-001  1.141286e-001  9.587505e-002  7.316233e-002  5.217229e-002  1.550131e-002  0.000000e+000  
0.000000e+000  3.037236e-001  2.959525e-001  2.792349e-001  2.620567e-001  2.448171e-001  2.278473e-001  2.114034e-001  1.956694e-001  1.807656e-001  1.667601e-001  1.536810e-001  1.415262e-001  1.302726e-001  1.146883e-001  9.708907e-002  7.483345e-002  5.376998e-002  1.619080e-002  0.000000e+000  
0.000000e+000  2.719497e-001  2.635751e-001  2.506902e-001  2.372882e-001  2.236445e-001  2.100017e-001  1.965623e-001  1.834872e-001  1.708967e-001  1.588755e-001  1.474772e-001  1.367307e-001  1.266451e-001  1.124993e-001  9.615742e-002  7.507385e-002  5.448761e-002  1.671469e-002  0.000000e+000  
0.000000e+000  2.274252e-001  2.196362e-001  2.108448e-001  2.015646e-001  1.919555e-001  1.821663e-001  1.723313e-001  1.625668e-001  1.529704e-001  1.436208e-001  1.345793e-001  1.258908e-001  1.175865e-001  1.057347e-001  9.159897e-002  7.283189e-002  5.363886e-002  1.692339e-002  0.000000e+000  
0.000000e+000  1.516378e-001  1.466511e-001  1.423572e-001  1.377380e-001  1.328534e-001  1.277627e-001  1.225226e-001  1.171868e-001  1.118044e-001  1.064197e-001  1.010719e-001  9.579484e-002  9.061713e-002  8.303485e-002  7.352940e-002  6.030275e-002  4.559803e-002  1.521423e-002  0.000000e+000  
0.000000e+000  5.190092e-002  5.044629e-002  4.934271e-002  4.813831e-002  4.684473e-002  4.547389e-002  4.403769e-002  4.254787e-002  4.101583e-002  3.945241e-002  3.786783e-002  3.627156e-002  3.467227e-002  3.228046e-002  2.915190e-002  2.461126e-002  1.912768e-002  6.863135e-003  0.000000e+000  
0.000000e+000  0.000000e+000  0.000000e+000  0.000000e+000  0.000000e+000  0.000000e+000  0.000000e+000  0.000000e+000  0.000000e+000  0.000000e+000  0.000000e+000  0.000000e+000  0.000000e+000  0.000000e+000  0.000000e+000  0.000000e+000  0.000000e+000  0.000000e+000  0.000000e+000  0.000000e+000  

