Port monitor named: Port1_e1.prt

nx        = 41
ny        = 4
nz        = 22

nu        = 20
nv        = 39
iu        = 2
iv        = 2

idir      = 1
dcut      = -7.500000e-002
icut      = 2
type      = 0
frequency = 8.500000e+008

fcutoff   = 0.000000e+000
alpha     = 0.000000e+000
beta      = 3.336945e+001
accuracy  = 2.216844e-011

type          = QTEM
wave imp.     = 2.020686e+002
wave imp.sig. = 1.211818e-007
line imp.     = 4.874519e+001

ref. port     = 0

0.000000e+000  -4.777741e+001  -2.064352e+002  -2.045437e+002  -2.019908e+002  -1.988196e+002  -1.950792e+002  -1.908227e+002  -1.861059e+002  -1.809859e+002  -1.755194e+002  -1.697623e+002  -1.637682e+002  -1.575880e+002  -1.481094e+002  -1.351769e+002  -1.157562e+002  -9.106342e+001  -3.362880e+001  0.000000e+000  
0.000000e+000  -6.306656e+001  -2.608740e+002  -2.562163e+002  -2.503340e+002  -2.433907e+002  -2.355566e+002  -2.270020e+002  -2.178920e+002  -2.083817e+002  -1.986135e+002  -1.887148e+002  -1.787973e+002  -1.689563e+002  -1.544293e+002  -1.360742e+002  -1.105246e+002  -8.259224e+001  -2.646756e+001  0.000000e+000  
0.000000e+000  -1.115594e+002  -4.026101e+002  -3.846289e+002  -3.639589e+002  -3.414206e+002  -3.177771e+002  -2.937033e+002  -2.697690e+002  -2.464333e+002  -2.240471e+002  -2.028628e+002  -1.830464e+002  -1.646914e+002  -1.394039e+002  -1.116140e+002  -7.802440e+001  -5.046518e+001  -1.107537e+001  0.000000e+000  
0.000000e+000  -1.804144e+002  -5.527572e+002  -5.094319e+002  -4.630023e+002  -4.155880e+002  -3.689252e+002  -3.243257e+002  -2.826916e+002  -2.445666e+002  -2.102046e+002  -1.796409e+002  -1.527562e+002  -1.293313e+002  -9.896724e+001  -6.938232e+001  -3.781825e+001  -1.785485e+001  1.297430e-001  0.000000e+000  
0.000000e+000  -2.426802e+002  -6.587038e+002  -5.893446e+002  -5.181796e+002  -4.486109e+002  -3.830952e+002  -3.231787e+002  -2.696428e+002  -2.226918e+002  -1.821346e+002  -1.475362e+002  -1.183339e+002  -9.391650e+001  -6.355778e+001  -3.635914e+001  -1.000362e+001  2.917723e+000  6.357628e+000  0.000000e+000  
0.000000e+000  -3.360949e+002  -7.871651e+002  -6.761139e+002  -5.675259e+002  -4.666386e+002  -3.764970e+002  -2.983392e+002  -2.321289e+002  -1.770540e+002  -1.319116e+002  -9.536786e+001  -6.611645e+001  -4.296132e+001  -1.579781e+001  5.620790e+000  2.298086e+001  2.638027e+001  1.284823e+001  0.000000e+000  
0.000000e+000  -4.030674e+002  -8.583464e+002  -7.161147e+002  -5.814911e+002  -4.606833e+002  -3.564922e+002  -2.692578e+002  -1.978390e+002  -1.403780e+002  -9.480160e+001  -5.910689e+001  -3.149896e+001  -1.043968e+001  1.324822e+001  3.004877e+001  4.119876e+001  3.888018e+001  1.611618e+001  0.000000e+000  
0.000000e+000  -4.887048e+002  -9.317864e+002  -7.490712e+002  -5.826248e+002  -4.392816e+002  -3.207190e+002  -2.254656e+002  -1.505640e+002  -9.264398e+001  -4.849618e+001  -1.531965e+001  9.214192e+000  2.698575e+001  4.573614e+001  5.665886e+001  6.041899e+001  5.177410e+001  1.936980e+001  0.000000e+000  
0.000000e+000  -6.007643e+002  -1.002612e+003  -7.669215e+002  -5.622794e+002  -3.948314e+002  -2.632606e+002  -1.627364e+002  -8.748611e+001  -3.209188e+001  8.021836e+000  3.651387e+001  5.622416e+001  6.932074e+001  8.150353e+001  8.523110e+001  8.043741e+001  6.491768e+001  2.257726e+001  0.000000e+000  
0.000000e+000  -7.515017e+002  -1.060991e+003  -7.559049e+002  -5.073342e+002  -3.169980e+002  -1.769096e+002  -7.648380e+001  -5.925219e+000  4.268603e+001  7.536115e+001  9.652602e+001  1.093952e+002  1.162915e+002  1.201889e+002  1.154196e+002  1.009915e+002  7.814150e+001  2.570464e+001  0.000000e+000  
0.000000e+000  -9.611411e+002  -1.086909e+003  -6.923089e+002  -3.981952e+002  -1.923969e+002  -5.363880e+001  3.757366e+001  9.607034e+001  1.323043e+002  1.534217e+002  1.642675e+002  1.681337e+002  1.672705e+002  1.612006e+002  1.467434e+002  1.217613e+002  9.125338e+001  2.871656e+001  0.000000e+000  
0.000000e+000  -1.264385e+003  -1.038451e+003  -5.351887e+002  -2.068485e+002  -5.385936e+000  1.138984e+002  1.820946e+002  2.187999e+002  2.360047e+002  2.410546e+002  2.385168e+002  2.312850e+002  2.212229e+002  2.037026e+002  1.785868e+002  1.423749e+002  1.040421e+002  3.157677e+001  0.000000e+000  
0.000000e+000  -1.722868e+003  -8.238349e+002  -2.152294e+002  1.026214e+002  2.581402e+002  3.290098e+002  3.559466e+002  3.596981e+002  3.510357e+002  3.357658e+002  3.171500e+002  2.970842e+002  2.766940e+002  2.466246e+002  2.102132e+002  1.624174e+002  1.162828e+002  3.424891e+001  0.000000e+000  
0.000000e+000  -2.449479e+003  -2.300639e+002  3.754373e+002  5.632431e+002  6.004969e+002  5.850447e+002  5.514058e+002  5.121750e+002  4.722381e+002  4.336109e+002  3.971507e+002  3.632021e+002  3.318602e+002  2.887033e+002  2.407927e+002  1.814451e+002  1.277435e+002  3.669734e+001  0.000000e+000  
0.000000e+000  -3.449559e+003  9.956566e+002  1.186798e+003  1.067046e+003  9.313904e+002  8.168872e+002  7.222979e+002  6.427997e+002  5.746964e+002  5.155095e+002  4.635706e+002  4.177067e+002  3.770466e+002  3.228424e+002  2.653559e+002  1.965164e+002  1.367218e+002  3.858239e+001  0.000000e+000  
0.000000e+000  -5.047317e+003  3.733686e+003  2.208892e+003  1.581670e+003  1.247987e+003  1.035267e+003  8.829923e+002  7.657284e+002  6.711354e+002  5.925170e+002  5.258924e+002  4.687015e+002  4.191824e+002  3.544894e+002  2.879657e+002  2.102406e+002  1.448259e+002  4.026008e+001  0.000000e+000  
0.000000e+000  -5.359412e+003  4.112949e+003  2.622810e+003  1.897434e+003  1.482658e+003  1.212728e+003  1.019996e+003  8.733242e+002  7.567757e+002  6.614206e+002  5.818424e+002  5.145160e+002  4.570046e+002  3.828075e+002  3.080954e+002  2.223546e+002  1.519264e+002  4.171237e+001  0.000000e+000  
0.000000e+000  -5.155017e+003  3.089302e+003  2.518570e+003  2.002786e+003  1.619231e+003  1.337922e+003  1.125826e+003  9.605415e+002  8.280842e+002  7.196592e+002  6.295131e+002  5.537000e+002  4.893920e+002  4.070380e+002  3.252640e+002  2.326184e+002  1.579063e+002  4.292328e+001  0.000000e+000  
0.000000e+000  -4.959368e+003  2.373661e+003  2.198681e+003  1.944910e+003  1.684701e+003  1.447756e+003  1.242456e+003  1.068353e+003  9.219429e+002  7.990615e+002  6.957909e+002  6.087447e+002  5.351047e+002  4.413013e+002  3.494701e+002  2.469715e+002  1.662019e+002  4.458026e+001  0.000000e+000  
0.000000e+000  -4.906798e+003  2.202611e+003  2.092728e+003  1.904797e+003  1.687382e+003  1.472046e+003  1.274718e+003  1.101269e+003  9.521712e+002  8.254331e+002  7.182014e+002  6.275472e+002  5.508030e+002  4.531094e+002  3.578081e+002  2.518946e+002  1.690340e+002  4.514131e+001  0.000000e+000  
0.000000e+000  -4.959368e+003  2.373661e+003  2.198681e+003  1.944910e+003  1.684701e+003  1.447756e+003  1.242456e+003  1.068353e+003  9.219429e+002  7.990615e+002  6.957909e+002  6.087447e+002  5.351047e+002  4.413013e+002  3.494701e+002  2.469715e+002  1.662019e+002  4.458026e+001  0.000000e+000  
0.000000e+000  -5.155017e+003  3.089302e+003  2.518570e+003  2.002786e+003  1.619231e+003  1.337922e+003  1.125826e+003  9.605415e+002  8.280842e+002  7.196592e+002  6.295131e+002  5.537000e+002  4.893920e+002  4.070380e+002  3.252640e+002  2.326184e+002  1.579063e+002  4.292328e+001  0.000000e+000  
0.000000e+000  -5.359412e+003  4.112949e+003  2.622810e+003  1.897434e+003  1.482658e+003  1.212728e+003  1.019996e+003  8.733242e+002  7.567757e+002  6.614206e+002  5.818424e+002  5.145160e+002  4.570046e+002  3.828075e+002  3.080954e+002  2.223546e+002  1.519264e+002  4.171237e+001  0.000000e+000  
0.000000e+000  -5.047317e+003  3.733686e+003  2.208892e+003  1.581670e+003  1.247987e+003  1.035267e+003  8.829923e+002  7.657284e+002  6.711354e+002  5.925170e+002  5.258924e+002  4.687015e+002  4.191824e+002  3.544894e+002  2.879657e+002  2.102406e+002  1.448259e+002  4.026008e+001  0.000000e+000  
0.000000e+000  -3.449559e+003  9.956566e+002  1.186798e+003  1.067046e+003  9.313904e+002  8.168872e+002  7.222979e+002  6.427997e+002  5.746964e+002  5.155095e+002  4.635706e+002  4.177067e+002  3.770466e+002  3.228424e+002  2.653559e+002  1.965164e+002  1.367218e+002  3.858239e+001  0.000000e+000  
0.000000e+000  -2.449479e+003  -2.300639e+002  3.754373e+002  5.632431e+002  6.004969e+002  5.850447e+002  5.514058e+002  5.121750e+002  4.722381e+002  4.336109e+002  3.971507e+002  3.632021e+002  3.318602e+002  2.887033e+002  2.407927e+002  1.814451e+002  1.277435e+002  3.669734e+001  0.000000e+000  
0.000000e+000  -1.722868e+003  -8.238349e+002  -2.152294e+002  1.026214e+002  2.581402e+002  3.290098e+002  3.559466e+002  3.596981e+002  3.510357e+002  3.357658e+002  3.171500e+002  2.970842e+002  2.766940e+002  2.466246e+002  2.102132e+002  1.624174e+002  1.162828e+002  3.424891e+001  0.000000e+000  
0.000000e+000  -1.264385e+003  -1.038451e+003  -5.351887e+002  -2.068485e+002  -5.385936e+000  1.138984e+002  1.820946e+002  2.187999e+002  2.360047e+002  2.410546e+002  2.385168e+002  2.312850e+002  2.212229e+002  2.037026e+002  1.785868e+002  1.423749e+002  1.040421e+002  3.157677e+001  0.000000e+000  
0.000000e+000  -9.611411e+002  -1.086909e+003  -6.923089e+002  -3.981952e+002  -1.923969e+002  -5.363880e+001  3.757366e+001  9.607034e+001  1.323043e+002  1.534217e+002  1.642675e+002  1.681337e+002  1.672705e+002  1.612006e+002  1.467434e+002  1.217613e+002  9.125338e+001  2.871656e+001  0.000000e+000  
0.000000e+000  -7.515017e+002  -1.060991e+003  -7.559049e+002  -5.073342e+002  -3.169980e+002  -1.769096e+002  -7.648380e+001  -5.925219e+000  4.268603e+001  7.536115e+001  9.652602e+001  1.093952e+002  1.162915e+002  1.201889e+002  1.154196e+002  1.009915e+002  7.814150e+001  2.570464e+001  0.000000e+000  
0.000000e+000  -6.007643e+002  -1.002612e+003  -7.669215e+002  -5.622794e+002  -3.948314e+002  -2.632606e+002  -1.627364e+002  -8.748611e+001  -3.209188e+001  8.021836e+000  3.651387e+001  5.622416e+001  6.932074e+001  8.150353e+001  8.523110e+001  8.043741e+001  6.491768e+001  2.257726e+001  0.000000e+000  
0.000000e+000  -4.887048e+002  -9.317864e+002  -7.490712e+002  -5.826248e+002  -4.392816e+002  -3.207190e+002  -2.254656e+002  -1.505640e+002  -9.264398e+001  -4.849618e+001  -1.531965e+001  9.214192e+000  2.698575e+001  4.573614e+001  5.665886e+001  6.041899e+001  5.177410e+001  1.936980e+001  0.000000e+000  
0.000000e+000  -4.030674e+002  -8.583464e+002  -7.161147e+002  -5.814911e+002  -4.606833e+002  -3.564922e+002  -2.692578e+002  -1.978390e+002  -1.403780e+002  -9.480160e+001  -5.910689e+001  -3.149896e+001  -1.043968e+001  1.324822e+001  3.004877e+001  4.119876e+001  3.888018e+001  1.611618e+001  0.000000e+000  
0.000000e+000  -3.360949e+002  -7.871651e+002  -6.761139e+002  -5.675259e+002  -4.666386e+002  -3.764970e+002  -2.983392e+002  -2.321289e+002  -1.770540e+002  -1.319116e+002  -9.536786e+001  -6.611645e+001  -4.296132e+001  -1.579781e+001  5.620790e+000  2.298086e+001  2.638027e+001  1.284823e+001  0.000000e+000  
0.000000e+000  -2.426802e+002  -6.587038e+002  -5.893446e+002  -5.181796e+002  -4.486109e+002  -3.830952e+002  -3.231787e+002  -2.696428e+002  -2.226918e+002  -1.821346e+002  -1.475362e+002  -1.183339e+002  -9.391650e+001  -6.355778e+001  -3.635914e+001  -1.000362e+001  2.917723e+000  6.357628e+000  0.000000e+000  
0.000000e+000  -1.804144e+002  -5.527572e+002  -5.094319e+002  -4.630023e+002  -4.155880e+002  -3.689252e+002  -3.243257e+002  -2.826916e+002  -2.445666e+002  -2.102046e+002  -1.796409e+002  -1.527562e+002  -1.293313e+002  -9.896724e+001  -6.938232e+001  -3.781825e+001  -1.785485e+001  1.297430e-001  0.000000e+000  
0.000000e+000  -1.115594e+002  -4.026101e+002  -3.846289e+002  -3.639589e+002  -3.414206e+002  -3.177771e+002  -2.937033e+002  -2.697690e+002  -2.464333e+002  -2.240471e+002  -2.028628e+002  -1.830464e+002  -1.646914e+002  -1.394039e+002  -1.116140e+002  -7.802440e+001  -5.046518e+001  -1.107537e+001  0.000000e+000  
0.000000e+000  -6.306656e+001  -2.608740e+002  -2.562163e+002  -2.503340e+002  -2.433907e+002  -2.355566e+002  -2.270020e+002  -2.178920e+002  -2.083817e+002  -1.986135e+002  -1.887148e+002  -1.787973e+002  -1.689563e+002  -1.544293e+002  -1.360742e+002  -1.105246e+002  -8.259224e+001  -2.646756e+001  0.000000e+000  
0.000000e+000  -4.777741e+001  -2.064352e+002  -2.045437e+002  -2.019908e+002  -1.988196e+002  -1.950792e+002  -1.908227e+002  -1.861059e+002  -1.809859e+002  -1.755194e+002  -1.697623e+002  -1.637682e+002  -1.575880e+002  -1.481094e+002  -1.351769e+002  -1.157562e+002  -9.106342e+001  -3.362880e+001  0.000000e+000  

0.000000e+000  -3.642340e+000  -6.841213e+000  -1.114382e+001  -1.522511e+001  -1.903983e+001  -2.255237e+001  -2.573691e+001  -2.857708e+001  -3.106530e+001  -3.320188e+001  -3.499402e+001  -3.645470e+001  -3.760154e+001  -3.845577e+001  -3.935782e+001  -3.939576e+001  -3.752566e+001  -3.464962e+001  -2.512791e+001  
0.000000e+000  -2.192078e+001  -3.877973e+001  -5.687163e+001  -7.324545e+001  -8.771209e+001  -1.001675e+002  -1.105842e+002  -1.190001e+002  -1.255055e+002  -1.302297e+002  -1.333292e+002  -1.349766e+002  -1.353513e+002  -1.346326e+002  -1.304351e+002  -1.238281e+002  -1.065449e+002  -8.956301e+001  -5.697495e+001  
0.000000e+000  -7.272292e+001  -1.216456e+002  -1.601437e+002  -1.920916e+002  -2.173826e+002  -2.362462e+002  -2.491638e+002  -2.567815e+002  -2.598314e+002  -2.590671e+002  -2.552173e+002  -2.489539e+002  -2.408753e+002  -2.314983e+002  -2.101572e+002  -1.879379e+002  -1.457361e+002  -1.115470e+002  -6.425509e+001  
0.000000e+000  -1.414570e+002  -2.306568e+002  -2.850718e+002  -3.260205e+002  -3.541765e+002  -3.708778e+002  -3.778351e+002  -3.768802e+002  -3.697821e+002  -3.581338e+002  -3.432972e+002  -3.263910e+002  -3.083035e+002  -2.897202e+002  -2.526111e+002  -2.180350e+002  -1.598332e+002  -1.163783e+002  -6.386991e+001  
0.000000e+000  -2.181922e+002  -3.525520e+002  -4.185741e+002  -4.630233e+002  -4.881124e+002  -4.970048e+002  -4.931678e+002  -4.799089e+002  -4.601113e+002  -4.361316e+002  -4.098015e+002  -3.824874e+002  -3.551702e+002  -3.285277e+002  -2.786113e+002  -2.347494e+002  -1.658339e+002  -1.168088e+002  -6.212172e+001  
0.000000e+000  -3.126479e+002  -5.058534e+002  -5.790295e+002  -6.199301e+002  -6.338877e+002  -6.272390e+002  -6.060673e+002  -5.755244e+002  -5.396168e+002  -5.012672e+002  -4.624965e+002  -4.246320e+002  -3.884947e+002  -3.545516e+002  -2.939296e+002  -2.429463e+002  -1.668895e+002  -1.146898e+002  -5.964488e+001  
0.000000e+000  -3.931648e+002  -6.406011e+002  -7.160834e+002  -7.496554e+002  -7.502926e+002  -7.276189e+002  -6.900927e+002  -6.442950e+002  -5.949241e+002  -5.451108e+002  -4.968085e+002  -4.511435e+002  -4.086897e+002  -3.696659e+002  -3.019144e+002  -2.464139e+002  -1.662141e+002  -1.123917e+002  -5.760239e+001  
0.000000e+000  -4.952183e+002  -8.194619e+002  -8.921994e+002  -9.100877e+002  -8.884436e+002  -8.418680e+002  -7.818578e+002  -7.164282e+002  -6.506764e+002  -5.875778e+002  -5.286922e+002  -4.746903e+002  -4.257135e+002  -3.816051e+002  -3.070643e+002  -2.475053e+002  -1.640130e+002  -1.091690e+002  -5.517035e+001  
0.000000e+000  -6.229134e+002  -1.059634e+003  -1.119434e+003  -1.107379e+003  -1.049857e+003  -9.686726e+002  -8.787123e+002  -7.889010e+002  -7.039942e+002  -6.261547e+002  -5.560579e+002  -4.935847e+002  -4.382280e+002  -3.893209e+002  -3.087438e+002  -2.458461e+002  -1.601538e+002  -1.049932e+002  -5.235430e+001  
0.000000e+000  -7.794531e+002  -1.387515e+003  -1.413636e+003  -1.347063e+003  -1.233362e+003  -1.103702e+003  -9.754767e+002  -8.568510e+002  -7.507706e+002  -6.575571e+002  -5.763562e+002  -5.058802e+002  -4.447616e+002  -3.917085e+002  -3.063250e+002  -2.410889e+002  -1.545267e+002  -9.984913e+001  -4.916382e+001  
0.000000e+000  -9.648131e+002  -1.845219e+003  -1.794222e+003  -1.630703e+003  -1.431796e+003  -1.237454e+003  -1.063357e+003  -9.131676e+002  -7.856085e+002  -6.778110e+002  -5.867006e+002  -5.094911e+002  -4.438101e+002  -3.876861e+002  -2.992335e+002  -2.329381e+002  -1.470528e+002  -9.373636e+001  -4.561275e+001  
0.000000e+000  -1.170764e+003  -2.502905e+003  -2.279676e+003  -1.947384e+003  -1.626058e+003  -1.352426e+003  -1.129037e+003  -9.484636e+002  -8.020900e+002  -6.825653e+002  -5.841343e+002  -5.023962e+002  -4.339848e+002  -3.763000e+002  -2.870010e+002  -2.211763e+002  -1.376916e+002  -8.667136e+001  -4.171925e+001  
0.000000e+000  -1.370549e+003  -3.482995e+003  -2.866802e+003  -2.253962e+003  -1.776002e+003  -1.420693e+003  -1.154913e+003  -9.519689e+002  -7.936173e+002  -6.677172e+002  -5.660578e+002  -4.829207e+002  -4.141962e+002  -3.568432e+002  -2.693203e+002  -2.056895e+002  -1.264489e+002  -7.868866e+001  -3.750583e+001  
0.000000e+000  -1.488477e+003  -4.897864e+003  -3.408068e+003  -2.421779e+003  -1.809214e+003  -1.406781e+003  -1.124740e+003  -9.167946e+002  -7.578108e+002  -6.330808e+002  -5.333583e+002  -4.524660e+002  -3.860715e+002  -3.310165e+002  -2.477986e+002  -1.878982e+002  -1.143409e+002  -7.049130e+001  -3.333022e+001  
0.000000e+000  -1.443899e+003  -6.892198e+003  -3.565356e+003  -2.323128e+003  -1.697464e+003  -1.312440e+003  -1.046789e+003  -8.512651e+002  -7.016596e+002  -5.842682e+002  -4.905109e+002  -4.146185e+002  -3.525070e+002  -3.011754e+002  -2.240422e+002  -1.689129e+002  -1.019388e+002  -6.236324e+001  -2.929301e+001  
0.000000e+000  -1.066744e+003  -9.586420e+003  -2.310091e+003  -1.806737e+003  -1.422708e+003  -1.137256e+003  -9.213582e+002  -7.546516e+002  -6.237061e+002  -5.194627e+002  -4.355767e+002  -3.674485e+002  -3.116514e+002  -2.655792e+002  -1.965670e+002  -1.474901e+002  -8.838041e+001  -5.370936e+001  -2.508445e+001  
0.000000e+000  -6.984548e+002  0.000000e+000  -1.083366e+003  -1.209556e+003  -1.081205e+003  -9.149822e+002  -7.626283e+002  -6.338341e+002  -5.276822e+002  -4.408822e+002  -3.699814e+002  -3.119370e+002  -2.642178e+002  -2.247685e+002  -1.657222e+002  -1.238682e+002  -7.379046e+001  -4.459334e+001  -2.072756e+001  
0.000000e+000  -3.344990e+002  0.000000e+000  -3.785878e+002  -5.726050e+002  -6.075110e+002  -5.675295e+002  -5.006306e+002  -4.296299e+002  -3.640067e+002  -3.068764e+002  -2.585422e+002  -2.181926e+002  -1.846771e+002  -1.568391e+002  -1.150960e+002  -8.559410e+001  -5.058340e+001  -3.033400e+001  -1.400671e+001  
0.000000e+000  -8.992882e+001  0.000000e+000  -9.046910e+001  -1.547336e+002  -1.790164e+002  -1.773161e+002  -1.625001e+002  -1.428498e+002  -1.228096e+002  -1.044079e+002  -8.835396e+001  -7.471044e+001  -6.326219e+001  -5.370262e+001  -3.931735e+001  -2.915590e+001  -1.714795e+001  -1.023521e+001  -4.707107e+000  
0.000000e+000  8.992882e+001  0.000000e+000  9.046910e+001  1.547336e+002  1.790164e+002  1.773161e+002  1.625001e+002  1.428498e+002  1.228096e+002  1.044079e+002  8.835396e+001  7.471044e+001  6.326219e+001  5.370262e+001  3.931735e+001  2.915590e+001  1.714795e+001  1.023521e+001  4.707107e+000  
0.000000e+000  3.344990e+002  0.000000e+000  3.785878e+002  5.726050e+002  6.075110e+002  5.675295e+002  5.006306e+002  4.296299e+002  3.640067e+002  3.068764e+002  2.585422e+002  2.181926e+002  1.846771e+002  1.568391e+002  1.150960e+002  8.559410e+001  5.058340e+001  3.033400e+001  1.400671e+001  
0.000000e+000  6.984548e+002  0.000000e+000  1.083366e+003  1.209556e+003  1.081205e+003  9.149822e+002  7.626283e+002  6.338341e+002  5.276822e+002  4.408822e+002  3.699814e+002  3.119370e+002  2.642178e+002  2.247685e+002  1.657222e+002  1.238682e+002  7.379046e+001  4.459334e+001  2.072756e+001  
0.000000e+000  1.066744e+003  9.586420e+003  2.310091e+003  1.806737e+003  1.422708e+003  1.137256e+003  9.213582e+002  7.546516e+002  6.237061e+002  5.194627e+002  4.355767e+002  3.674485e+002  3.116514e+002  2.655792e+002  1.965670e+002  1.474901e+002  8.838041e+001  5.370936e+001  2.508445e+001  
0.000000e+000  1.443899e+003  6.892198e+003  3.565356e+003  2.323128e+003  1.697464e+003  1.312440e+003  1.046789e+003  8.512651e+002  7.016596e+002  5.842682e+002  4.905109e+002  4.146185e+002  3.525070e+002  3.011754e+002  2.240422e+002  1.689129e+002  1.019388e+002  6.236324e+001  2.929301e+001  
0.000000e+000  1.488477e+003  4.897864e+003  3.408068e+003  2.421779e+003  1.809214e+003  1.406781e+003  1.124740e+003  9.167946e+002  7.578108e+002  6.330808e+002  5.333583e+002  4.524660e+002  3.860715e+002  3.310165e+002  2.477986e+002  1.878982e+002  1.143409e+002  7.049130e+001  3.333022e+001  
0.000000e+000  1.370549e+003  3.482995e+003  2.866802e+003  2.253962e+003  1.776002e+003  1.420693e+003  1.154913e+003  9.519689e+002  7.936173e+002  6.677172e+002  5.660578e+002  4.829207e+002  4.141962e+002  3.568432e+002  2.693203e+002  2.056895e+002  1.264489e+002  7.868866e+001  3.750583e+001  
0.000000e+000  1.170764e+003  2.502905e+003  2.279676e+003  1.947384e+003  1.626058e+003  1.352426e+003  1.129037e+003  9.484636e+002  8.020900e+002  6.825653e+002  5.841343e+002  5.023962e+002  4.339848e+002  3.763000e+002  2.870010e+002  2.211763e+002  1.376916e+002  8.667136e+001  4.171925e+001  
0.000000e+000  9.648131e+002  1.845219e+003  1.794222e+003  1.630703e+003  1.431796e+003  1.237454e+003  1.063357e+003  9.131676e+002  7.856085e+002  6.778110e+002  5.867006e+002  5.094911e+002  4.438101e+002  3.876861e+002  2.992335e+002  2.329381e+002  1.470528e+002  9.373636e+001  4.561275e+001  
0.000000e+000  7.794531e+002  1.387515e+003  1.413636e+003  1.347063e+003  1.233362e+003  1.103702e+003  9.754767e+002  8.568510e+002  7.507706e+002  6.575571e+002  5.763562e+002  5.058802e+002  4.447616e+002  3.917085e+002  3.063250e+002  2.410889e+002  1.545267e+002  9.984913e+001  4.916382e+001  
0.000000e+000  6.229134e+002  1.059634e+003  1.119434e+003  1.107379e+003  1.049857e+003  9.686726e+002  8.787123e+002  7.889010e+002  7.039942e+002  6.261547e+002  5.560579e+002  4.935847e+002  4.382280e+002  3.893209e+002  3.087438e+002  2.458461e+002  1.601538e+002  1.049932e+002  5.235430e+001  
0.000000e+000  4.952183e+002  8.194619e+002  8.921994e+002  9.100877e+002  8.884436e+002  8.418680e+002  7.818578e+002  7.164282e+002  6.506764e+002  5.875778e+002  5.286922e+002  4.746903e+002  4.257135e+002  3.816051e+002  3.070643e+002  2.475053e+002  1.640130e+002  1.091690e+002  5.517035e+001  
0.000000e+000  3.931648e+002  6.406011e+002  7.160834e+002  7.496554e+002  7.502926e+002  7.276189e+002  6.900927e+002  6.442950e+002  5.949241e+002  5.451108e+002  4.968085e+002  4.511435e+002  4.086897e+002  3.696659e+002  3.019144e+002  2.464139e+002  1.662141e+002  1.123917e+002  5.760239e+001  
0.000000e+000  3.126479e+002  5.058534e+002  5.790295e+002  6.199301e+002  6.338877e+002  6.272390e+002  6.060673e+002  5.755244e+002  5.396168e+002  5.012672e+002  4.624965e+002  4.246320e+002  3.884947e+002  3.545516e+002  2.939296e+002  2.429463e+002  1.668895e+002  1.146898e+002  5.964488e+001  
0.000000e+000  2.181922e+002  3.525520e+002  4.185741e+002  4.630233e+002  4.881124e+002  4.970048e+002  4.931678e+002  4.799089e+002  4.601113e+002  4.361316e+002  4.098015e+002  3.824874e+002  3.551702e+002  3.285277e+002  2.786113e+002  2.347494e+002  1.658339e+002  1.168088e+002  6.212172e+001  
0.000000e+000  1.414570e+002  2.306568e+002  2.850718e+002  3.260205e+002  3.541765e+002  3.708778e+002  3.778351e+002  3.768802e+002  3.697821e+002  3.581338e+002  3.432972e+002  3.263910e+002  3.083035e+002  2.897202e+002  2.526111e+002  2.180350e+002  1.598332e+002  1.163783e+002  6.386991e+001  
0.000000e+000  7.272292e+001  1.216456e+002  1.601437e+002  1.920916e+002  2.173826e+002  2.362462e+002  2.491638e+002  2.567815e+002  2.598314e+002  2.590671e+002  2.552173e+002  2.489539e+002  2.408753e+002  2.314983e+002  2.101572e+002  1.879379e+002  1.457361e+002  1.115470e+002  6.425509e+001  
0.000000e+000  2.192078e+001  3.877973e+001  5.687163e+001  7.324545e+001  8.771209e+001  1.001675e+002  1.105842e+002  1.190001e+002  1.255055e+002  1.302297e+002  1.333292e+002  1.349766e+002  1.353513e+002  1.346326e+002  1.304351e+002  1.238281e+002  1.065449e+002  8.956301e+001  5.697495e+001  
0.000000e+000  3.642340e+000  6.841213e+000  1.114382e+001  1.522511e+001  1.903983e+001  2.255237e+001  2.573691e+001  2.857708e+001  3.106530e+001  3.320188e+001  3.499402e+001  3.645470e+001  3.760154e+001  3.845577e+001  3.935782e+001  3.939576e+001  3.752566e+001  3.464962e+001  2.512791e+001  
0.000000e+000  0.000000e+000  0.000000e+000  0.000000e+000  0.000000e+000  0.000000e+000  0.000000e+000  0.000000e+000  0.000000e+000  0.000000e+000  0.000000e+000  0.000000e+000  0.000000e+000  0.000000e+000  0.000000e+000  0.000000e+000  0.000000e+000  0.000000e+000  0.000000e+000  0.000000e+000  

0.000000e+000  0.000000e+000  0.000000e+000  0.000000e+000  0.000000e+000  0.000000e+000  0.000000e+000  0.000000e+000  0.000000e+000  0.000000e+000  0.000000e+000  0.000000e+000  0.000000e+000  0.000000e+000  0.000000e+000  0.000000e+000  0.000000e+000  0.000000e+000  0.000000e+000  0.000000e+000  
0.000000e+000  0.000000e+000  0.000000e+000  0.000000e+000  0.000000e+000  0.000000e+000  0.000000e+000  0.000000e+000  0.000000e+000  0.000000e+000  0.000000e+000  0.000000e+000  0.000000e+000  0.000000e+000  0.000000e+000  0.000000e+000  0.000000e+000  0.000000e+000  0.000000e+000  0.000000e+000  
0.000000e+000  0.000000e+000  0.000000e+000  0.000000e+000  0.000000e+000  0.000000e+000  0.000000e+000  0.000000e+000  0.000000e+000  0.000000e+000  0.000000e+000  0.000000e+000  0.000000e+000  0.000000e+000  0.000000e+000  0.000000e+000  0.000000e+000  0.000000e+000  0.000000e+000  0.000000e+000  
0.000000e+000  0.000000e+000  0.000000e+000  0.000000e+000  0.000000e+000  0.000000e+000  0.000000e+000  0.000000e+000  0.000000e+000  0.000000e+000  0.000000e+000  0.000000e+000  0.000000e+000  0.000000e+000  0.000000e+000  0.000000e+000  0.000000e+000  0.000000e+000  0.000000e+000  0.000000e+000  
0.000000e+000  0.000000e+000  0.000000e+000  0.000000e+000  0.000000e+000  0.000000e+000  0.000000e+000  0.000000e+000  0.000000e+000  0.000000e+000  0.000000e+000  0.000000e+000  0.000000e+000  0.000000e+000  0.000000e+000  0.000000e+000  0.000000e+000  0.000000e+000  0.000000e+000  0.000000e+000  
0.000000e+000  0.000000e+000  0.000000e+000  0.000000e+000  0.000000e+000  0.000000e+000  0.000000e+000  0.000000e+000  0.000000e+000  0.000000e+000  0.000000e+000  0.000000e+000  0.000000e+000  0.000000e+000  0.000000e+000  0.000000e+000  0.000000e+000  0.000000e+000  0.000000e+000  0.000000e+000  
0.000000e+000  0.000000e+000  0.000000e+000  0.000000e+000  0.000000e+000  0.000000e+000  0.000000e+000  0.000000e+000  0.000000e+000  0.000000e+000  0.000000e+000  0.000000e+000  0.000000e+000  0.000000e+000  0.000000e+000  0.000000e+000  0.000000e+000  0.000000e+000  0.000000e+000  0.000000e+000  
0.000000e+000  0.000000e+000  0.000000e+000  0.000000e+000  0.000000e+000  0.000000e+000  0.000000e+000  0.000000e+000  0.000000e+000  0.000000e+000  0.000000e+000  0.000000e+000  0.000000e+000  0.000000e+000  0.000000e+000  0.000000e+000  0.000000e+000  0.000000e+000  0.000000e+000  0.000000e+000  
0.000000e+000  0.000000e+000  0.000000e+000  0.000000e+000  0.000000e+000  0.000000e+000  0.000000e+000  0.000000e+000  0.000000e+000  0.000000e+000  0.000000e+000  0.000000e+000  0.000000e+000  0.000000e+000  0.000000e+000  0.000000e+000  0.000000e+000  0.000000e+000  0.000000e+000  0.000000e+000  
0.000000e+000  0.000000e+000  0.000000e+000  0.000000e+000  0.000000e+000  0.000000e+000  0.000000e+000  0.000000e+000  0.000000e+000  0.000000e+000  0.000000e+000  0.000000e+000  0.000000e+000  0.000000e+000  0.000000e+000  0.000000e+000  0.000000e+000  0.000000e+000  0.000000e+000  0.000000e+000  
0.000000e+000  0.000000e+000  0.000000e+000  0.000000e+000  0.000000e+000  0.000000e+000  0.000000e+000  0.000000e+000  0.000000e+000  0.000000e+000  0.000000e+000  0.000000e+000  0.000000e+000  0.000000e+000  0.000000e+000  0.000000e+000  0.000000e+000  0.000000e+000  0.000000e+000  0.000000e+000  
0.000000e+000  0.000000e+000  0.000000e+000  0.000000e+000  0.000000e+000  0.000000e+000  0.000000e+000  0.000000e+000  0.000000e+000  0.000000e+000  0.000000e+000  0.000000e+000  0.000000e+000  0.000000e+000  0.000000e+000  0.000000e+000  0.000000e+000  0.000000e+000  0.000000e+000  0.000000e+000  
0.000000e+000  0.000000e+000  0.000000e+000  0.000000e+000  0.000000e+000  0.000000e+000  0.000000e+000  0.000000e+000  0.000000e+000  0.000000e+000  0.000000e+000  0.000000e+000  0.000000e+000  0.000000e+000  0.000000e+000  0.000000e+000  0.000000e+000  0.000000e+000  0.000000e+000  0.000000e+000  
0.000000e+000  0.000000e+000  0.000000e+000  0.000000e+000  0.000000e+000  0.000000e+000  0.000000e+000  0.000000e+000  0.000000e+000  0.000000e+000  0.000000e+000  0.000000e+000  0.000000e+000  0.000000e+000  0.000000e+000  0.000000e+000  0.000000e+000  0.000000e+000  0.000000e+000  0.000000e+000  
0.000000e+000  0.000000e+000  0.000000e+000  0.000000e+000  0.000000e+000  0.000000e+000  0.000000e+000  0.000000e+000  0.000000e+000  0.000000e+000  0.000000e+000  0.000000e+000  0.000000e+000  0.000000e+000  0.000000e+000  0.000000e+000  0.000000e+000  0.000000e+000  0.000000e+000  0.000000e+000  
0.000000e+000  0.000000e+000  0.000000e+000  0.000000e+000  0.000000e+000  0.000000e+000  0.000000e+000  0.000000e+000  0.000000e+000  0.000000e+000  0.000000e+000  0.000000e+000  0.000000e+000  0.000000e+000  0.000000e+000  0.000000e+000  0.000000e+000  0.000000e+000  0.000000e+000  0.000000e+000  
0.000000e+000  0.000000e+000  0.000000e+000  0.000000e+000  0.000000e+000  0.000000e+000  0.000000e+000  0.000000e+000  0.000000e+000  0.000000e+000  0.000000e+000  0.000000e+000  0.000000e+000  0.000000e+000  0.000000e+000  0.000000e+000  0.000000e+000  0.000000e+000  0.000000e+000  0.000000e+000  
0.000000e+000  0.000000e+000  0.000000e+000  0.000000e+000  0.000000e+000  0.000000e+000  0.000000e+000  0.000000e+000  0.000000e+000  0.000000e+000  0.000000e+000  0.000000e+000  0.000000e+000  0.000000e+000  0.000000e+000  0.000000e+000  0.000000e+000  0.000000e+000  0.000000e+000  0.000000e+000  
0.000000e+000  0.000000e+000  0.000000e+000  0.000000e+000  0.000000e+000  0.000000e+000  0.000000e+000  0.000000e+000  0.000000e+000  0.000000e+000  0.000000e+000  0.000000e+000  0.000000e+000  0.000000e+000  0.000000e+000  0.000000e+000  0.000000e+000  0.000000e+000  0.000000e+000  0.000000e+000  
0.000000e+000  0.000000e+000  0.000000e+000  0.000000e+000  0.000000e+000  0.000000e+000  0.000000e+000  0.000000e+000  0.000000e+000  0.000000e+000  0.000000e+000  0.000000e+000  0.000000e+000  0.000000e+000  0.000000e+000  0.000000e+000  0.000000e+000  0.000000e+000  0.000000e+000  0.000000e+000  
0.000000e+000  0.000000e+000  0.000000e+000  0.000000e+000  0.000000e+000  0.000000e+000  0.000000e+000  0.000000e+000  0.000000e+000  0.000000e+000  0.000000e+000  0.000000e+000  0.000000e+000  0.000000e+000  0.000000e+000  0.000000e+000  0.000000e+000  0.000000e+000  0.000000e+000  0.000000e+000  
0.000000e+000  0.000000e+000  0.000000e+000  0.000000e+000  0.000000e+000  0.000000e+000  0.000000e+000  0.000000e+000  0.000000e+000  0.000000e+000  0.000000e+000  0.000000e+000  0.000000e+000  0.000000e+000  0.000000e+000  0.000000e+000  0.000000e+000  0.000000e+000  0.000000e+000  0.000000e+000  
0.000000e+000  0.000000e+000  0.000000e+000  0.000000e+000  0.000000e+000  0.000000e+000  0.000000e+000  0.000000e+000  0.000000e+000  0.000000e+000  0.000000e+000  0.000000e+000  0.000000e+000  0.000000e+000  0.000000e+000  0.000000e+000  0.000000e+000  0.000000e+000  0.000000e+000  0.000000e+000  
0.000000e+000  0.000000e+000  0.000000e+000  0.000000e+000  0.000000e+000  0.000000e+000  0.000000e+000  0.000000e+000  0.000000e+000  0.000000e+000  0.000000e+000  0.000000e+000  0.000000e+000  0.000000e+000  0.000000e+000  0.000000e+000  0.000000e+000  0.000000e+000  0.000000e+000  0.000000e+000  
0.000000e+000  0.000000e+000  0.000000e+000  0.000000e+000  0.000000e+000  0.000000e+000  0.000000e+000  0.000000e+000  0.000000e+000  0.000000e+000  0.000000e+000  0.000000e+000  0.000000e+000  0.000000e+000  0.000000e+000  0.000000e+000  0.000000e+000  0.000000e+000  0.000000e+000  0.000000e+000  
0.000000e+000  0.000000e+000  0.000000e+000  0.000000e+000  0.000000e+000  0.000000e+000  0.000000e+000  0.000000e+000  0.000000e+000  0.000000e+000  0.000000e+000  0.000000e+000  0.000000e+000  0.000000e+000  0.000000e+000  0.000000e+000  0.000000e+000  0.000000e+000  0.000000e+000  0.000000e+000  
0.000000e+000  0.000000e+000  0.000000e+000  0.000000e+000  0.000000e+000  0.000000e+000  0.000000e+000  0.000000e+000  0.000000e+000  0.000000e+000  0.000000e+000  0.000000e+000  0.000000e+000  0.000000e+000  0.000000e+000  0.000000e+000  0.000000e+000  0.000000e+000  0.000000e+000  0.000000e+000  
0.000000e+000  0.000000e+000  0.000000e+000  0.000000e+000  0.000000e+000  0.000000e+000  0.000000e+000  0.000000e+000  0.000000e+000  0.000000e+000  0.000000e+000  0.000000e+000  0.000000e+000  0.000000e+000  0.000000e+000  0.000000e+000  0.000000e+000  0.000000e+000  0.000000e+000  0.000000e+000  
0.000000e+000  0.000000e+000  0.000000e+000  0.000000e+000  0.000000e+000  0.000000e+000  0.000000e+000  0.000000e+000  0.000000e+000  0.000000e+000  0.000000e+000  0.000000e+000  0.000000e+000  0.000000e+000  0.000000e+000  0.000000e+000  0.000000e+000  0.000000e+000  0.000000e+000  0.000000e+000  
0.000000e+000  0.000000e+000  0.000000e+000  0.000000e+000  0.000000e+000  0.000000e+000  0.000000e+000  0.000000e+000  0.000000e+000  0.000000e+000  0.000000e+000  0.000000e+000  0.000000e+000  0.000000e+000  0.000000e+000  0.000000e+000  0.000000e+000  0.000000e+000  0.000000e+000  0.000000e+000  
0.000000e+000  0.000000e+000  0.000000e+000  0.000000e+000  0.000000e+000  0.000000e+000  0.000000e+000  0.000000e+000  0.000000e+000  0.000000e+000  0.000000e+000  0.000000e+000  0.000000e+000  0.000000e+000  0.000000e+000  0.000000e+000  0.000000e+000  0.000000e+000  0.000000e+000  0.000000e+000  
0.000000e+000  0.000000e+000  0.000000e+000  0.000000e+000  0.000000e+000  0.000000e+000  0.000000e+000  0.000000e+000  0.000000e+000  0.000000e+000  0.000000e+000  0.000000e+000  0.000000e+000  0.000000e+000  0.000000e+000  0.000000e+000  0.000000e+000  0.000000e+000  0.000000e+000  0.000000e+000  
0.000000e+000  0.000000e+000  0.000000e+000  0.000000e+000  0.000000e+000  0.000000e+000  0.000000e+000  0.000000e+000  0.000000e+000  0.000000e+000  0.000000e+000  0.000000e+000  0.000000e+000  0.000000e+000  0.000000e+000  0.000000e+000  0.000000e+000  0.000000e+000  0.000000e+000  0.000000e+000  
0.000000e+000  0.000000e+000  0.000000e+000  0.000000e+000  0.000000e+000  0.000000e+000  0.000000e+000  0.000000e+000  0.000000e+000  0.000000e+000  0.000000e+000  0.000000e+000  0.000000e+000  0.000000e+000  0.000000e+000  0.000000e+000  0.000000e+000  0.000000e+000  0.000000e+000  0.000000e+000  
0.000000e+000  0.000000e+000  0.000000e+000  0.000000e+000  0.000000e+000  0.000000e+000  0.000000e+000  0.000000e+000  0.000000e+000  0.000000e+000  0.000000e+000  0.000000e+000  0.000000e+000  0.000000e+000  0.000000e+000  0.000000e+000  0.000000e+000  0.000000e+000  0.000000e+000  0.000000e+000  
0.000000e+000  0.000000e+000  0.000000e+000  0.000000e+000  0.000000e+000  0.000000e+000  0.000000e+000  0.000000e+000  0.000000e+000  0.000000e+000  0.000000e+000  0.000000e+000  0.000000e+000  0.000000e+000  0.000000e+000  0.000000e+000  0.000000e+000  0.000000e+000  0.000000e+000  0.000000e+000  
0.000000e+000  0.000000e+000  0.000000e+000  0.000000e+000  0.000000e+000  0.000000e+000  0.000000e+000  0.000000e+000  0.000000e+000  0.000000e+000  0.000000e+000  0.000000e+000  0.000000e+000  0.000000e+000  0.000000e+000  0.000000e+000  0.000000e+000  0.000000e+000  0.000000e+000  0.000000e+000  
0.000000e+000  0.000000e+000  0.000000e+000  0.000000e+000  0.000000e+000  0.000000e+000  0.000000e+000  0.000000e+000  0.000000e+000  0.000000e+000  0.000000e+000  0.000000e+000  0.000000e+000  0.000000e+000  0.000000e+000  0.000000e+000  0.000000e+000  0.000000e+000  0.000000e+000  0.000000e+000  
0.000000e+000  0.000000e+000  0.000000e+000  0.000000e+000  0.000000e+000  0.000000e+000  0.000000e+000  0.000000e+000  0.000000e+000  0.000000e+000  0.000000e+000  0.000000e+000  0.000000e+000  0.000000e+000  0.000000e+000  0.000000e+000  0.000000e+000  0.000000e+000  0.000000e+000  0.000000e+000  

0.000000e+000  0.000000e+000  0.000000e+000  0.000000e+000  0.000000e+000  0.000000e+000  0.000000e+000  0.000000e+000  0.000000e+000  0.000000e+000  0.000000e+000  0.000000e+000  0.000000e+000  0.000000e+000  0.000000e+000  0.000000e+000  0.000000e+000  0.000000e+000  0.000000e+000  0.000000e+000  
0.000000e+000  0.000000e+000  0.000000e+000  0.000000e+000  0.000000e+000  0.000000e+000  0.000000e+000  0.000000e+000  0.000000e+000  0.000000e+000  0.000000e+000  0.000000e+000  0.000000e+000  0.000000e+000  0.000000e+000  0.000000e+000  0.000000e+000  0.000000e+000  0.000000e+000  0.000000e+000  
0.000000e+000  0.000000e+000  0.000000e+000  0.000000e+000  0.000000e+000  0.000000e+000  0.000000e+000  0.000000e+000  0.000000e+000  0.000000e+000  0.000000e+000  0.000000e+000  0.000000e+000  0.000000e+000  0.000000e+000  0.000000e+000  0.000000e+000  0.000000e+000  0.000000e+000  0.000000e+000  
0.000000e+000  0.000000e+000  0.000000e+000  0.000000e+000  0.000000e+000  0.000000e+000  0.000000e+000  0.000000e+000  0.000000e+000  0.000000e+000  0.000000e+000  0.000000e+000  0.000000e+000  0.000000e+000  0.000000e+000  0.000000e+000  0.000000e+000  0.000000e+000  0.000000e+000  0.000000e+000  
0.000000e+000  0.000000e+000  0.000000e+000  0.000000e+000  0.000000e+000  0.000000e+000  0.000000e+000  0.000000e+000  0.000000e+000  0.000000e+000  0.000000e+000  0.000000e+000  0.000000e+000  0.000000e+000  0.000000e+000  0.000000e+000  0.000000e+000  0.000000e+000  0.000000e+000  0.000000e+000  
0.000000e+000  0.000000e+000  0.000000e+000  0.000000e+000  0.000000e+000  0.000000e+000  0.000000e+000  0.000000e+000  0.000000e+000  0.000000e+000  0.000000e+000  0.000000e+000  0.000000e+000  0.000000e+000  0.000000e+000  0.000000e+000  0.000000e+000  0.000000e+000  0.000000e+000  0.000000e+000  
0.000000e+000  0.000000e+000  0.000000e+000  0.000000e+000  0.000000e+000  0.000000e+000  0.000000e+000  0.000000e+000  0.000000e+000  0.000000e+000  0.000000e+000  0.000000e+000  0.000000e+000  0.000000e+000  0.000000e+000  0.000000e+000  0.000000e+000  0.000000e+000  0.000000e+000  0.000000e+000  
0.000000e+000  0.000000e+000  0.000000e+000  0.000000e+000  0.000000e+000  0.000000e+000  0.000000e+000  0.000000e+000  0.000000e+000  0.000000e+000  0.000000e+000  0.000000e+000  0.000000e+000  0.000000e+000  0.000000e+000  0.000000e+000  0.000000e+000  0.000000e+000  0.000000e+000  0.000000e+000  
0.000000e+000  0.000000e+000  0.000000e+000  0.000000e+000  0.000000e+000  0.000000e+000  0.000000e+000  0.000000e+000  0.000000e+000  0.000000e+000  0.000000e+000  0.000000e+000  0.000000e+000  0.000000e+000  0.000000e+000  0.000000e+000  0.000000e+000  0.000000e+000  0.000000e+000  0.000000e+000  
0.000000e+000  0.000000e+000  0.000000e+000  0.000000e+000  0.000000e+000  0.000000e+000  0.000000e+000  0.000000e+000  0.000000e+000  0.000000e+000  0.000000e+000  0.000000e+000  0.000000e+000  0.000000e+000  0.000000e+000  0.000000e+000  0.000000e+000  0.000000e+000  0.000000e+000  0.000000e+000  
0.000000e+000  0.000000e+000  0.000000e+000  0.000000e+000  0.000000e+000  0.000000e+000  0.000000e+000  0.000000e+000  0.000000e+000  0.000000e+000  0.000000e+000  0.000000e+000  0.000000e+000  0.000000e+000  0.000000e+000  0.000000e+000  0.000000e+000  0.000000e+000  0.000000e+000  0.000000e+000  
0.000000e+000  0.000000e+000  0.000000e+000  0.000000e+000  0.000000e+000  0.000000e+000  0.000000e+000  0.000000e+000  0.000000e+000  0.000000e+000  0.000000e+000  0.000000e+000  0.000000e+000  0.000000e+000  0.000000e+000  0.000000e+000  0.000000e+000  0.000000e+000  0.000000e+000  0.000000e+000  
0.000000e+000  0.000000e+000  0.000000e+000  0.000000e+000  0.000000e+000  0.000000e+000  0.000000e+000  0.000000e+000  0.000000e+000  0.000000e+000  0.000000e+000  0.000000e+000  0.000000e+000  0.000000e+000  0.000000e+000  0.000000e+000  0.000000e+000  0.000000e+000  0.000000e+000  0.000000e+000  
0.000000e+000  0.000000e+000  0.000000e+000  0.000000e+000  0.000000e+000  0.000000e+000  0.000000e+000  0.000000e+000  0.000000e+000  0.000000e+000  0.000000e+000  0.000000e+000  0.000000e+000  0.000000e+000  0.000000e+000  0.000000e+000  0.000000e+000  0.000000e+000  0.000000e+000  0.000000e+000  
0.000000e+000  0.000000e+000  0.000000e+000  0.000000e+000  0.000000e+000  0.000000e+000  0.000000e+000  0.000000e+000  0.000000e+000  0.000000e+000  0.000000e+000  0.000000e+000  0.000000e+000  0.000000e+000  0.000000e+000  0.000000e+000  0.000000e+000  0.000000e+000  0.000000e+000  0.000000e+000  
0.000000e+000  0.000000e+000  0.000000e+000  0.000000e+000  0.000000e+000  0.000000e+000  0.000000e+000  0.000000e+000  0.000000e+000  0.000000e+000  0.000000e+000  0.000000e+000  0.000000e+000  0.000000e+000  0.000000e+000  0.000000e+000  0.000000e+000  0.000000e+000  0.000000e+000  0.000000e+000  
0.000000e+000  0.000000e+000  0.000000e+000  0.000000e+000  0.000000e+000  0.000000e+000  0.000000e+000  0.000000e+000  0.000000e+000  0.000000e+000  0.000000e+000  0.000000e+000  0.000000e+000  0.000000e+000  0.000000e+000  0.000000e+000  0.000000e+000  0.000000e+000  0.000000e+000  0.000000e+000  
0.000000e+000  0.000000e+000  0.000000e+000  0.000000e+000  0.000000e+000  0.000000e+000  0.000000e+000  0.000000e+000  0.000000e+000  0.000000e+000  0.000000e+000  0.000000e+000  0.000000e+000  0.000000e+000  0.000000e+000  0.000000e+000  0.000000e+000  0.000000e+000  0.000000e+000  0.000000e+000  
0.000000e+000  0.000000e+000  0.000000e+000  0.000000e+000  0.000000e+000  0.000000e+000  0.000000e+000  0.000000e+000  0.000000e+000  0.000000e+000  0.000000e+000  0.000000e+000  0.000000e+000  0.000000e+000  0.000000e+000  0.000000e+000  0.000000e+000  0.000000e+000  0.000000e+000  0.000000e+000  
0.000000e+000  0.000000e+000  0.000000e+000  0.000000e+000  0.000000e+000  0.000000e+000  0.000000e+000  0.000000e+000  0.000000e+000  0.000000e+000  0.000000e+000  0.000000e+000  0.000000e+000  0.000000e+000  0.000000e+000  0.000000e+000  0.000000e+000  0.000000e+000  0.000000e+000  0.000000e+000  
0.000000e+000  0.000000e+000  0.000000e+000  0.000000e+000  0.000000e+000  0.000000e+000  0.000000e+000  0.000000e+000  0.000000e+000  0.000000e+000  0.000000e+000  0.000000e+000  0.000000e+000  0.000000e+000  0.000000e+000  0.000000e+000  0.000000e+000  0.000000e+000  0.000000e+000  0.000000e+000  
0.000000e+000  0.000000e+000  0.000000e+000  0.000000e+000  0.000000e+000  0.000000e+000  0.000000e+000  0.000000e+000  0.000000e+000  0.000000e+000  0.000000e+000  0.000000e+000  0.000000e+000  0.000000e+000  0.000000e+000  0.000000e+000  0.000000e+000  0.000000e+000  0.000000e+000  0.000000e+000  
0.000000e+000  0.000000e+000  0.000000e+000  0.000000e+000  0.000000e+000  0.000000e+000  0.000000e+000  0.000000e+000  0.000000e+000  0.000000e+000  0.000000e+000  0.000000e+000  0.000000e+000  0.000000e+000  0.000000e+000  0.000000e+000  0.000000e+000  0.000000e+000  0.000000e+000  0.000000e+000  
0.000000e+000  0.000000e+000  0.000000e+000  0.000000e+000  0.000000e+000  0.000000e+000  0.000000e+000  0.000000e+000  0.000000e+000  0.000000e+000  0.000000e+000  0.000000e+000  0.000000e+000  0.000000e+000  0.000000e+000  0.000000e+000  0.000000e+000  0.000000e+000  0.000000e+000  0.000000e+000  
0.000000e+000  0.000000e+000  0.000000e+000  0.000000e+000  0.000000e+000  0.000000e+000  0.000000e+000  0.000000e+000  0.000000e+000  0.000000e+000  0.000000e+000  0.000000e+000  0.000000e+000  0.000000e+000  0.000000e+000  0.000000e+000  0.000000e+000  0.000000e+000  0.000000e+000  0.000000e+000  
0.000000e+000  0.000000e+000  0.000000e+000  0.000000e+000  0.000000e+000  0.000000e+000  0.000000e+000  0.000000e+000  0.000000e+000  0.000000e+000  0.000000e+000  0.000000e+000  0.000000e+000  0.000000e+000  0.000000e+000  0.000000e+000  0.000000e+000  0.000000e+000  0.000000e+000  0.000000e+000  
0.000000e+000  0.000000e+000  0.000000e+000  0.000000e+000  0.000000e+000  0.000000e+000  0.000000e+000  0.000000e+000  0.000000e+000  0.000000e+000  0.000000e+000  0.000000e+000  0.000000e+000  0.000000e+000  0.000000e+000  0.000000e+000  0.000000e+000  0.000000e+000  0.000000e+000  0.000000e+000  
0.000000e+000  0.000000e+000  0.000000e+000  0.000000e+000  0.000000e+000  0.000000e+000  0.000000e+000  0.000000e+000  0.000000e+000  0.000000e+000  0.000000e+000  0.000000e+000  0.000000e+000  0.000000e+000  0.000000e+000  0.000000e+000  0.000000e+000  0.000000e+000  0.000000e+000  0.000000e+000  
0.000000e+000  0.000000e+000  0.000000e+000  0.000000e+000  0.000000e+000  0.000000e+000  0.000000e+000  0.000000e+000  0.000000e+000  0.000000e+000  0.000000e+000  0.000000e+000  0.000000e+000  0.000000e+000  0.000000e+000  0.000000e+000  0.000000e+000  0.000000e+000  0.000000e+000  0.000000e+000  
0.000000e+000  0.000000e+000  0.000000e+000  0.000000e+000  0.000000e+000  0.000000e+000  0.000000e+000  0.000000e+000  0.000000e+000  0.000000e+000  0.000000e+000  0.000000e+000  0.000000e+000  0.000000e+000  0.000000e+000  0.000000e+000  0.000000e+000  0.000000e+000  0.000000e+000  0.000000e+000  
0.000000e+000  0.000000e+000  0.000000e+000  0.000000e+000  0.000000e+000  0.000000e+000  0.000000e+000  0.000000e+000  0.000000e+000  0.000000e+000  0.000000e+000  0.000000e+000  0.000000e+000  0.000000e+000  0.000000e+000  0.000000e+000  0.000000e+000  0.000000e+000  0.000000e+000  0.000000e+000  
0.000000e+000  0.000000e+000  0.000000e+000  0.000000e+000  0.000000e+000  0.000000e+000  0.000000e+000  0.000000e+000  0.000000e+000  0.000000e+000  0.000000e+000  0.000000e+000  0.000000e+000  0.000000e+000  0.000000e+000  0.000000e+000  0.000000e+000  0.000000e+000  0.000000e+000  0.000000e+000  
0.000000e+000  0.000000e+000  0.000000e+000  0.000000e+000  0.000000e+000  0.000000e+000  0.000000e+000  0.000000e+000  0.000000e+000  0.000000e+000  0.000000e+000  0.000000e+000  0.000000e+000  0.000000e+000  0.000000e+000  0.000000e+000  0.000000e+000  0.000000e+000  0.000000e+000  0.000000e+000  
0.000000e+000  0.000000e+000  0.000000e+000  0.000000e+000  0.000000e+000  0.000000e+000  0.000000e+000  0.000000e+000  0.000000e+000  0.000000e+000  0.000000e+000  0.000000e+000  0.000000e+000  0.000000e+000  0.000000e+000  0.000000e+000  0.000000e+000  0.000000e+000  0.000000e+000  0.000000e+000  
0.000000e+000  0.000000e+000  0.000000e+000  0.000000e+000  0.000000e+000  0.000000e+000  0.000000e+000  0.000000e+000  0.000000e+000  0.000000e+000  0.000000e+000  0.000000e+000  0.000000e+000  0.000000e+000  0.000000e+000  0.000000e+000  0.000000e+000  0.000000e+000  0.000000e+000  0.000000e+000  
0.000000e+000  0.000000e+000  0.000000e+000  0.000000e+000  0.000000e+000  0.000000e+000  0.000000e+000  0.000000e+000  0.000000e+000  0.000000e+000  0.000000e+000  0.000000e+000  0.000000e+000  0.000000e+000  0.000000e+000  0.000000e+000  0.000000e+000  0.000000e+000  0.000000e+000  0.000000e+000  
0.000000e+000  0.000000e+000  0.000000e+000  0.000000e+000  0.000000e+000  0.000000e+000  0.000000e+000  0.000000e+000  0.000000e+000  0.000000e+000  0.000000e+000  0.000000e+000  0.000000e+000  0.000000e+000  0.000000e+000  0.000000e+000  0.000000e+000  0.000000e+000  0.000000e+000  0.000000e+000  
0.000000e+000  0.000000e+000  0.000000e+000  0.000000e+000  0.000000e+000  0.000000e+000  0.000000e+000  0.000000e+000  0.000000e+000  0.000000e+000  0.000000e+000  0.000000e+000  0.000000e+000  0.000000e+000  0.000000e+000  0.000000e+000  0.000000e+000  0.000000e+000  0.000000e+000  0.000000e+000  
0.000000e+000  0.000000e+000  0.000000e+000  0.000000e+000  0.000000e+000  0.000000e+000  0.000000e+000  0.000000e+000  0.000000e+000  0.000000e+000  0.000000e+000  0.000000e+000  0.000000e+000  0.000000e+000  0.000000e+000  0.000000e+000  0.000000e+000  0.000000e+000  0.000000e+000  0.000000e+000  

0.000000e+000  0.000000e+000  0.000000e+000  0.000000e+000  0.000000e+000  0.000000e+000  0.000000e+000  0.000000e+000  0.000000e+000  0.000000e+000  0.000000e+000  0.000000e+000  0.000000e+000  0.000000e+000  0.000000e+000  0.000000e+000  0.000000e+000  0.000000e+000  0.000000e+000  0.000000e+000  
0.000000e+000  0.000000e+000  0.000000e+000  0.000000e+000  0.000000e+000  0.000000e+000  0.000000e+000  0.000000e+000  0.000000e+000  0.000000e+000  0.000000e+000  0.000000e+000  0.000000e+000  0.000000e+000  0.000000e+000  0.000000e+000  0.000000e+000  0.000000e+000  0.000000e+000  0.000000e+000  
0.000000e+000  0.000000e+000  0.000000e+000  0.000000e+000  0.000000e+000  0.000000e+000  0.000000e+000  0.000000e+000  0.000000e+000  0.000000e+000  0.000000e+000  0.000000e+000  0.000000e+000  0.000000e+000  0.000000e+000  0.000000e+000  0.000000e+000  0.000000e+000  0.000000e+000  0.000000e+000  
0.000000e+000  0.000000e+000  0.000000e+000  0.000000e+000  0.000000e+000  0.000000e+000  0.000000e+000  0.000000e+000  0.000000e+000  0.000000e+000  0.000000e+000  0.000000e+000  0.000000e+000  0.000000e+000  0.000000e+000  0.000000e+000  0.000000e+000  0.000000e+000  0.000000e+000  0.000000e+000  
0.000000e+000  0.000000e+000  0.000000e+000  0.000000e+000  0.000000e+000  0.000000e+000  0.000000e+000  0.000000e+000  0.000000e+000  0.000000e+000  0.000000e+000  0.000000e+000  0.000000e+000  0.000000e+000  0.000000e+000  0.000000e+000  0.000000e+000  0.000000e+000  0.000000e+000  0.000000e+000  
0.000000e+000  0.000000e+000  0.000000e+000  0.000000e+000  0.000000e+000  0.000000e+000  0.000000e+000  0.000000e+000  0.000000e+000  0.000000e+000  0.000000e+000  0.000000e+000  0.000000e+000  0.000000e+000  0.000000e+000  0.000000e+000  0.000000e+000  0.000000e+000  0.000000e+000  0.000000e+000  
0.000000e+000  0.000000e+000  0.000000e+000  0.000000e+000  0.000000e+000  0.000000e+000  0.000000e+000  0.000000e+000  0.000000e+000  0.000000e+000  0.000000e+000  0.000000e+000  0.000000e+000  0.000000e+000  0.000000e+000  0.000000e+000  0.000000e+000  0.000000e+000  0.000000e+000  0.000000e+000  
0.000000e+000  0.000000e+000  0.000000e+000  0.000000e+000  0.000000e+000  0.000000e+000  0.000000e+000  0.000000e+000  0.000000e+000  0.000000e+000  0.000000e+000  0.000000e+000  0.000000e+000  0.000000e+000  0.000000e+000  0.000000e+000  0.000000e+000  0.000000e+000  0.000000e+000  0.000000e+000  
0.000000e+000  0.000000e+000  0.000000e+000  0.000000e+000  0.000000e+000  0.000000e+000  0.000000e+000  0.000000e+000  0.000000e+000  0.000000e+000  0.000000e+000  0.000000e+000  0.000000e+000  0.000000e+000  0.000000e+000  0.000000e+000  0.000000e+000  0.000000e+000  0.000000e+000  0.000000e+000  
0.000000e+000  0.000000e+000  0.000000e+000  0.000000e+000  0.000000e+000  0.000000e+000  0.000000e+000  0.000000e+000  0.000000e+000  0.000000e+000  0.000000e+000  0.000000e+000  0.000000e+000  0.000000e+000  0.000000e+000  0.000000e+000  0.000000e+000  0.000000e+000  0.000000e+000  0.000000e+000  
0.000000e+000  0.000000e+000  0.000000e+000  0.000000e+000  0.000000e+000  0.000000e+000  0.000000e+000  0.000000e+000  0.000000e+000  0.000000e+000  0.000000e+000  0.000000e+000  0.000000e+000  0.000000e+000  0.000000e+000  0.000000e+000  0.000000e+000  0.000000e+000  0.000000e+000  0.000000e+000  
0.000000e+000  0.000000e+000  0.000000e+000  0.000000e+000  0.000000e+000  0.000000e+000  0.000000e+000  0.000000e+000  0.000000e+000  0.000000e+000  0.000000e+000  0.000000e+000  0.000000e+000  0.000000e+000  0.000000e+000  0.000000e+000  0.000000e+000  0.000000e+000  0.000000e+000  0.000000e+000  
0.000000e+000  0.000000e+000  0.000000e+000  0.000000e+000  0.000000e+000  0.000000e+000  0.000000e+000  0.000000e+000  0.000000e+000  0.000000e+000  0.000000e+000  0.000000e+000  0.000000e+000  0.000000e+000  0.000000e+000  0.000000e+000  0.000000e+000  0.000000e+000  0.000000e+000  0.000000e+000  
0.000000e+000  0.000000e+000  0.000000e+000  0.000000e+000  0.000000e+000  0.000000e+000  0.000000e+000  0.000000e+000  0.000000e+000  0.000000e+000  0.000000e+000  0.000000e+000  0.000000e+000  0.000000e+000  0.000000e+000  0.000000e+000  0.000000e+000  0.000000e+000  0.000000e+000  0.000000e+000  
0.000000e+000  0.000000e+000  0.000000e+000  0.000000e+000  0.000000e+000  0.000000e+000  0.000000e+000  0.000000e+000  0.000000e+000  0.000000e+000  0.000000e+000  0.000000e+000  0.000000e+000  0.000000e+000  0.000000e+000  0.000000e+000  0.000000e+000  0.000000e+000  0.000000e+000  0.000000e+000  
0.000000e+000  0.000000e+000  0.000000e+000  0.000000e+000  0.000000e+000  0.000000e+000  0.000000e+000  0.000000e+000  0.000000e+000  0.000000e+000  0.000000e+000  0.000000e+000  0.000000e+000  0.000000e+000  0.000000e+000  0.000000e+000  0.000000e+000  0.000000e+000  0.000000e+000  0.000000e+000  
0.000000e+000  0.000000e+000  0.000000e+000  0.000000e+000  0.000000e+000  0.000000e+000  0.000000e+000  0.000000e+000  0.000000e+000  0.000000e+000  0.000000e+000  0.000000e+000  0.000000e+000  0.000000e+000  0.000000e+000  0.000000e+000  0.000000e+000  0.000000e+000  0.000000e+000  0.000000e+000  
0.000000e+000  0.000000e+000  0.000000e+000  0.000000e+000  0.000000e+000  0.000000e+000  0.000000e+000  0.000000e+000  0.000000e+000  0.000000e+000  0.000000e+000  0.000000e+000  0.000000e+000  0.000000e+000  0.000000e+000  0.000000e+000  0.000000e+000  0.000000e+000  0.000000e+000  0.000000e+000  
0.000000e+000  0.000000e+000  0.000000e+000  0.000000e+000  0.000000e+000  0.000000e+000  0.000000e+000  0.000000e+000  0.000000e+000  0.000000e+000  0.000000e+000  0.000000e+000  0.000000e+000  0.000000e+000  0.000000e+000  0.000000e+000  0.000000e+000  0.000000e+000  0.000000e+000  0.000000e+000  
0.000000e+000  0.000000e+000  0.000000e+000  0.000000e+000  0.000000e+000  0.000000e+000  0.000000e+000  0.000000e+000  0.000000e+000  0.000000e+000  0.000000e+000  0.000000e+000  0.000000e+000  0.000000e+000  0.000000e+000  0.000000e+000  0.000000e+000  0.000000e+000  0.000000e+000  0.000000e+000  
0.000000e+000  0.000000e+000  0.000000e+000  0.000000e+000  0.000000e+000  0.000000e+000  0.000000e+000  0.000000e+000  0.000000e+000  0.000000e+000  0.000000e+000  0.000000e+000  0.000000e+000  0.000000e+000  0.000000e+000  0.000000e+000  0.000000e+000  0.000000e+000  0.000000e+000  0.000000e+000  
0.000000e+000  0.000000e+000  0.000000e+000  0.000000e+000  0.000000e+000  0.000000e+000  0.000000e+000  0.000000e+000  0.000000e+000  0.000000e+000  0.000000e+000  0.000000e+000  0.000000e+000  0.000000e+000  0.000000e+000  0.000000e+000  0.000000e+000  0.000000e+000  0.000000e+000  0.000000e+000  
0.000000e+000  0.000000e+000  0.000000e+000  0.000000e+000  0.000000e+000  0.000000e+000  0.000000e+000  0.000000e+000  0.000000e+000  0.000000e+000  0.000000e+000  0.000000e+000  0.000000e+000  0.000000e+000  0.000000e+000  0.000000e+000  0.000000e+000  0.000000e+000  0.000000e+000  0.000000e+000  
0.000000e+000  0.000000e+000  0.000000e+000  0.000000e+000  0.000000e+000  0.000000e+000  0.000000e+000  0.000000e+000  0.000000e+000  0.000000e+000  0.000000e+000  0.000000e+000  0.000000e+000  0.000000e+000  0.000000e+000  0.000000e+000  0.000000e+000  0.000000e+000  0.000000e+000  0.000000e+000  
0.000000e+000  0.000000e+000  0.000000e+000  0.000000e+000  0.000000e+000  0.000000e+000  0.000000e+000  0.000000e+000  0.000000e+000  0.000000e+000  0.000000e+000  0.000000e+000  0.000000e+000  0.000000e+000  0.000000e+000  0.000000e+000  0.000000e+000  0.000000e+000  0.000000e+000  0.000000e+000  
0.000000e+000  0.000000e+000  0.000000e+000  0.000000e+000  0.000000e+000  0.000000e+000  0.000000e+000  0.000000e+000  0.000000e+000  0.000000e+000  0.000000e+000  0.000000e+000  0.000000e+000  0.000000e+000  0.000000e+000  0.000000e+000  0.000000e+000  0.000000e+000  0.000000e+000  0.000000e+000  
0.000000e+000  0.000000e+000  0.000000e+000  0.000000e+000  0.000000e+000  0.000000e+000  0.000000e+000  0.000000e+000  0.000000e+000  0.000000e+000  0.000000e+000  0.000000e+000  0.000000e+000  0.000000e+000  0.000000e+000  0.000000e+000  0.000000e+000  0.000000e+000  0.000000e+000  0.000000e+000  
0.000000e+000  0.000000e+000  0.000000e+000  0.000000e+000  0.000000e+000  0.000000e+000  0.000000e+000  0.000000e+000  0.000000e+000  0.000000e+000  0.000000e+000  0.000000e+000  0.000000e+000  0.000000e+000  0.000000e+000  0.000000e+000  0.000000e+000  0.000000e+000  0.000000e+000  0.000000e+000  
0.000000e+000  0.000000e+000  0.000000e+000  0.000000e+000  0.000000e+000  0.000000e+000  0.000000e+000  0.000000e+000  0.000000e+000  0.000000e+000  0.000000e+000  0.000000e+000  0.000000e+000  0.000000e+000  0.000000e+000  0.000000e+000  0.000000e+000  0.000000e+000  0.000000e+000  0.000000e+000  
0.000000e+000  0.000000e+000  0.000000e+000  0.000000e+000  0.000000e+000  0.000000e+000  0.000000e+000  0.000000e+000  0.000000e+000  0.000000e+000  0.000000e+000  0.000000e+000  0.000000e+000  0.000000e+000  0.000000e+000  0.000000e+000  0.000000e+000  0.000000e+000  0.000000e+000  0.000000e+000  
0.000000e+000  0.000000e+000  0.000000e+000  0.000000e+000  0.000000e+000  0.000000e+000  0.000000e+000  0.000000e+000  0.000000e+000  0.000000e+000  0.000000e+000  0.000000e+000  0.000000e+000  0.000000e+000  0.000000e+000  0.000000e+000  0.000000e+000  0.000000e+000  0.000000e+000  0.000000e+000  
0.000000e+000  0.000000e+000  0.000000e+000  0.000000e+000  0.000000e+000  0.000000e+000  0.000000e+000  0.000000e+000  0.000000e+000  0.000000e+000  0.000000e+000  0.000000e+000  0.000000e+000  0.000000e+000  0.000000e+000  0.000000e+000  0.000000e+000  0.000000e+000  0.000000e+000  0.000000e+000  
0.000000e+000  0.000000e+000  0.000000e+000  0.000000e+000  0.000000e+000  0.000000e+000  0.000000e+000  0.000000e+000  0.000000e+000  0.000000e+000  0.000000e+000  0.000000e+000  0.000000e+000  0.000000e+000  0.000000e+000  0.000000e+000  0.000000e+000  0.000000e+000  0.000000e+000  0.000000e+000  
0.000000e+000  0.000000e+000  0.000000e+000  0.000000e+000  0.000000e+000  0.000000e+000  0.000000e+000  0.000000e+000  0.000000e+000  0.000000e+000  0.000000e+000  0.000000e+000  0.000000e+000  0.000000e+000  0.000000e+000  0.000000e+000  0.000000e+000  0.000000e+000  0.000000e+000  0.000000e+000  
0.000000e+000  0.000000e+000  0.000000e+000  0.000000e+000  0.000000e+000  0.000000e+000  0.000000e+000  0.000000e+000  0.000000e+000  0.000000e+000  0.000000e+000  0.000000e+000  0.000000e+000  0.000000e+000  0.000000e+000  0.000000e+000  0.000000e+000  0.000000e+000  0.000000e+000  0.000000e+000  
0.000000e+000  0.000000e+000  0.000000e+000  0.000000e+000  0.000000e+000  0.000000e+000  0.000000e+000  0.000000e+000  0.000000e+000  0.000000e+000  0.000000e+000  0.000000e+000  0.000000e+000  0.000000e+000  0.000000e+000  0.000000e+000  0.000000e+000  0.000000e+000  0.000000e+000  0.000000e+000  
0.000000e+000  0.000000e+000  0.000000e+000  0.000000e+000  0.000000e+000  0.000000e+000  0.000000e+000  0.000000e+000  0.000000e+000  0.000000e+000  0.000000e+000  0.000000e+000  0.000000e+000  0.000000e+000  0.000000e+000  0.000000e+000  0.000000e+000  0.000000e+000  0.000000e+000  0.000000e+000  
0.000000e+000  0.000000e+000  0.000000e+000  0.000000e+000  0.000000e+000  0.000000e+000  0.000000e+000  0.000000e+000  0.000000e+000  0.000000e+000  0.000000e+000  0.000000e+000  0.000000e+000  0.000000e+000  0.000000e+000  0.000000e+000  0.000000e+000  0.000000e+000  0.000000e+000  0.000000e+000  
0.000000e+000  0.000000e+000  0.000000e+000  0.000000e+000  0.000000e+000  0.000000e+000  0.000000e+000  0.000000e+000  0.000000e+000  0.000000e+000  0.000000e+000  0.000000e+000  0.000000e+000  0.000000e+000  0.000000e+000  0.000000e+000  0.000000e+000  0.000000e+000  0.000000e+000  0.000000e+000  

0.000000e+000  -4.730789e+000  -9.806323e+000  -1.009840e+001  -1.036697e+001  -1.061308e+001  -1.083786e+001  -1.104251e+001  -1.122827e+001  -1.139642e+001  -1.154819e+001  -1.168485e+001  -1.180758e+001  -1.191756e+001  -1.201591e+001  -1.218088e+001  -1.231131e+001  -1.248892e+001  -1.259830e+001  -1.265610e+001  
0.000000e+000  -5.668547e+000  -1.172390e+001  -1.194744e+001  -1.213753e+001  -1.229767e+001  -1.243123e+001  -1.254146e+001  -1.263138e+001  -1.270375e+001  -1.276111e+001  -1.280572e+001  -1.283959e+001  -1.286449e+001  -1.288198e+001  -1.289873e+001  -1.289970e+001  -1.287300e+001  -1.283696e+001  -1.274797e+001  
0.000000e+000  -7.648335e+000  -1.584108e+001  -1.575102e+001  -1.562198e+001  -1.546582e+001  -1.529250e+001  -1.511015e+001  -1.492517e+001  -1.474242e+001  -1.456545e+001  -1.439674e+001  -1.423785e+001  -1.408968e+001  -1.395259e+001  -1.371157e+001  -1.351131e+001  -1.321707e+001  -1.301802e+001  -1.281091e+001  
0.000000e+000  -9.116578e+000  -1.909661e+001  -1.854478e+001  -1.799107e+001  -1.745376e+001  -1.694534e+001  -1.647347e+001  -1.604201e+001  -1.565204e+001  -1.530267e+001  -1.499175e+001  -1.471640e+001  -1.447339e+001  -1.425938e+001  -1.390860e+001  -1.363712e+001  -1.327371e+001  -1.304385e+001  -1.282378e+001  
0.000000e+000  -9.841247e+000  -2.087956e+001  -1.995833e+001  -1.908997e+001  -1.829214e+001  -1.757322e+001  -1.693481e+001  -1.637401e+001  -1.588523e+001  -1.546152e+001  -1.509551e+001  -1.477995e+001  -1.450805e+001  -1.427365e+001  -1.390099e+001  -1.362097e+001  -1.325982e+001  -1.303677e+001  -1.282501e+001  
0.000000e+000  -1.043396e+001  -2.257951e+001  -2.117942e+001  -1.993039e+001  -1.884068e+001  -1.790514e+001  -1.711086e+001  -1.644141e+001  -1.587956e+001  -1.540892e+001  -1.501474e+001  -1.468416e+001  -1.440624e+001  -1.417176e+001  -1.381018e+001  -1.354610e+001  -1.321671e+001  -1.301680e+001  -1.282300e+001  
0.000000e+000  -1.059949e+001  -2.325959e+001  -2.158075e+001  -2.012975e+001  -1.890119e+001  -1.787528e+001  -1.702598e+001  -1.632619e+001  -1.575065e+001  -1.527713e+001  -1.488677e+001  -1.456395e+001  -1.429584e+001  -1.407202e+001  -1.373188e+001  -1.348667e+001  -1.318495e+001  -1.300262e+001  -1.282098e+001  
0.000000e+000  -1.063842e+001  -2.374706e+001  -2.177112e+001  -2.012312e+001  -1.877407e+001  -1.768198e+001  -1.680282e+001  -1.609620e+001  -1.552763e+001  -1.506874e+001  -1.469676e+001  -1.439360e+001  -1.414499e+001  -1.393968e+001  -1.363225e+001  -1.341333e+001  -1.314698e+001  -1.298599e+001  -1.281837e+001  
0.000000e+000  -1.050280e+001  -2.393146e+001  -2.165736e+001  -1.983925e+001  -1.840874e+001  -1.729141e+001  -1.641993e+001  -1.573857e+001  -1.520333e+001  -1.478026e+001  -1.444347e+001  -1.417325e+001  -1.395462e+001  -1.377608e+001  -1.351278e+001  -1.332743e+001  -1.310360e+001  -1.296732e+001  -1.281527e+001  
0.000000e+000  -1.013734e+001  -2.365863e+001  -2.112021e+001  -1.919560e+001  -1.775284e+001  -1.667288e+001  -1.586092e+001  -1.524577e+001  -1.477544e+001  -1.441228e+001  -1.412899e+001  -1.390567e+001  -1.372768e+001  -1.358414e+001  -1.337591e+001  -1.323087e+001  -1.305585e+001  -1.294708e+001  -1.281178e+001  
0.000000e+000  -9.483926e+000  -2.271400e+001  -2.001273e+001  -1.810436e+001  -1.676010e+001  -1.580576e+001  -1.511953e+001  -1.461897e+001  -1.424859e+001  -1.397072e+001  -1.375946e+001  -1.359665e+001  -1.346943e+001  -1.336848e+001  -1.322506e+001  -1.312612e+001  -1.300497e+001  -1.292582e+001  -1.280804e+001  
0.000000e+000  -8.492591e+000  -2.080343e+001  -1.816810e+001  -1.648890e+001  -1.540525e+001  -1.468988e+001  -1.420611e+001  -1.387178e+001  -1.363638e+001  -1.346794e+001  -1.334556e+001  -1.325526e+001  -1.318744e+001  -1.313543e+001  -1.306460e+001  -1.301615e+001  -1.295236e+001  -1.290412e+001  -1.280416e+001  
0.000000e+000  -7.143909e+000  -1.754338e+001  -1.543423e+001  -1.431982e+001  -1.370834e+001  -1.335916e+001  -1.315434e+001  -1.303323e+001  -1.296259e+001  -1.292300e+001  -1.290254e+001  -1.289367e+001  -1.289148e+001  -1.289279e+001  -1.289965e+001  -1.290432e+001  -1.289957e+001  -1.288259e+001  -1.280027e+001  
0.000000e+000  -5.489471e+000  -1.250861e+001  -1.177502e+001  -1.168328e+001  -1.176797e+001  -1.189477e+001  -1.202534e+001  -1.214843e+001  -1.226061e+001  -1.236095e+001  -1.244945e+001  -1.252656e+001  -1.259297e+001  -1.264954e+001  -1.273592e+001  -1.279430e+001  -1.284821e+001  -1.286186e+001  -1.279651e+001  
0.000000e+000  -3.983019e+000  -6.664004e+000  -8.181356e+000  -9.304608e+000  -1.008211e+001  -1.064320e+001  -1.106820e+001  -1.140213e+001  -1.167098e+001  -1.189071e+001  -1.207184e+001  -1.222179e+001  -1.234611e+001  -1.244915e+001  -1.260195e+001  -1.270486e+001  -1.280680e+001  -1.284528e+001  -1.279348e+001  
0.000000e+000  -2.620386e+000  -7.491103e-002  -4.855090e+000  -7.160625e+000  -8.543302e+000  -9.484274e+000  -1.017321e+001  -1.070040e+001  -1.111511e+001  -1.144710e+001  -1.171584e+001  -1.193488e+001  -1.211416e+001  -1.226128e+001  -1.247694e+001  -1.262179e+001  -1.276860e+001  -1.283008e+001  -1.279070e+001  
0.000000e+000  -1.722721e+000  0.000000e+000  -3.206034e+000  -5.642332e+000  -7.304176e+000  -8.496531e+000  -9.388256e+000  -1.007533e+001  -1.061574e+001  -1.104682e+001  -1.139399e+001  -1.167539e+001  -1.190450e+001  -1.209167e+001  -1.236444e+001  -1.254730e+001  -1.273453e+001  -1.281660e+001  -1.278823e+001  
0.000000e+000  -1.134971e+000  0.000000e+000  -2.398859e+000  -4.649098e+000  -6.383508e+000  -7.712861e+000  -8.742364e+000  -9.550049e+000  -1.019090e+001  -1.070386e+001  -1.111716e+001  -1.145179e+001  -1.172376e+001  -1.194548e+001  -1.226766e+001  -1.248339e+001  -1.270542e+001  -1.280514e+001  -1.278613e+001  
0.000000e+000  -5.720084e-001  0.000000e+000  -1.805517e+000  -3.711887e+000  -5.366438e+000  -6.756060e+000  -7.902604e+000  -8.839821e+000  -9.602446e+000  -1.022185e+001  -1.072479e+001  -1.113341e+001  -1.146582e+001  -1.173672e+001  -1.212970e+001  -1.239257e+001  -1.266428e+001  -1.278904e+001  -1.278318e+001  
0.000000e+000  -4.206580e-001  0.000000e+000  -1.660197e+000  -3.457888e+000  -5.068379e+000  -6.459260e+000  -7.631543e+000  -8.604289e+000  -9.403766e+000  -1.005721e+001  -1.058979e+001  -1.102339e+001  -1.137648e+001  -1.166433e+001  -1.208187e+001  -1.236113e+001  -1.265009e+001  -1.278350e+001  -1.278216e+001  
0.000000e+000  -5.720084e-001  0.000000e+000  -1.805517e+000  -3.711887e+000  -5.366438e+000  -6.756060e+000  -7.902604e+000  -8.839821e+000  -9.602446e+000  -1.022185e+001  -1.072479e+001  -1.113341e+001  -1.146582e+001  -1.173672e+001  -1.212970e+001  -1.239257e+001  -1.266428e+001  -1.278904e+001  -1.278318e+001  
0.000000e+000  -1.134971e+000  0.000000e+000  -2.398859e+000  -4.649098e+000  -6.383508e+000  -7.712861e+000  -8.742364e+000  -9.550049e+000  -1.019090e+001  -1.070386e+001  -1.111716e+001  -1.145179e+001  -1.172376e+001  -1.194548e+001  -1.226766e+001  -1.248339e+001  -1.270542e+001  -1.280514e+001  -1.278613e+001  
0.000000e+000  -1.722721e+000  0.000000e+000  -3.206034e+000  -5.642332e+000  -7.304176e+000  -8.496531e+000  -9.388256e+000  -1.007533e+001  -1.061574e+001  -1.104682e+001  -1.139399e+001  -1.167539e+001  -1.190450e+001  -1.209167e+001  -1.236444e+001  -1.254730e+001  -1.273453e+001  -1.281660e+001  -1.278823e+001  
0.000000e+000  -2.620386e+000  -7.491104e-002  -4.855090e+000  -7.160625e+000  -8.543302e+000  -9.484274e+000  -1.017321e+001  -1.070040e+001  -1.111511e+001  -1.144710e+001  -1.171584e+001  -1.193488e+001  -1.211416e+001  -1.226128e+001  -1.247694e+001  -1.262179e+001  -1.276860e+001  -1.283008e+001  -1.279070e+001  
0.000000e+000  -3.983019e+000  -6.664004e+000  -8.181356e+000  -9.304608e+000  -1.008211e+001  -1.064320e+001  -1.106820e+001  -1.140213e+001  -1.167098e+001  -1.189071e+001  -1.207184e+001  -1.222179e+001  -1.234611e+001  -1.244915e+001  -1.260195e+001  -1.270486e+001  -1.280680e+001  -1.284528e+001  -1.279348e+001  
0.000000e+000  -5.489471e+000  -1.250861e+001  -1.177502e+001  -1.168328e+001  -1.176797e+001  -1.189477e+001  -1.202534e+001  -1.214843e+001  -1.226061e+001  -1.236095e+001  -1.244945e+001  -1.252656e+001  -1.259297e+001  -1.264954e+001  -1.273592e+001  -1.279430e+001  -1.284821e+001  -1.286186e+001  -1.279651e+001  
0.000000e+000  -7.143909e+000  -1.754338e+001  -1.543423e+001  -1.431982e+001  -1.370834e+001  -1.335916e+001  -1.315434e+001  -1.303323e+001  -1.296259e+001  -1.292300e+001  -1.290254e+001  -1.289367e+001  -1.289148e+001  -1.289279e+001  -1.289965e+001  -1.290432e+001  -1.289957e+001  -1.288259e+001  -1.280027e+001  
0.000000e+000  -8.492591e+000  -2.080343e+001  -1.816810e+001  -1.648890e+001  -1.540525e+001  -1.468988e+001  -1.420611e+001  -1.387178e+001  -1.363638e+001  -1.346794e+001  -1.334556e+001  -1.325526e+001  -1.318744e+001  -1.313543e+001  -1.306460e+001  -1.301615e+001  -1.295236e+001  -1.290412e+001  -1.280416e+001  
0.000000e+000  -9.483926e+000  -2.271400e+001  -2.001273e+001  -1.810436e+001  -1.676010e+001  -1.580576e+001  -1.511953e+001  -1.461897e+001  -1.424859e+001  -1.397072e+001  -1.375946e+001  -1.359665e+001  -1.346943e+001  -1.336848e+001  -1.322506e+001  -1.312612e+001  -1.300497e+001  -1.292582e+001  -1.280804e+001  
0.000000e+000  -1.013734e+001  -2.365863e+001  -2.112021e+001  -1.919560e+001  -1.775284e+001  -1.667288e+001  -1.586092e+001  -1.524577e+001  -1.477544e+001  -1.441228e+001  -1.412899e+001  -1.390567e+001  -1.372768e+001  -1.358414e+001  -1.337591e+001  -1.323087e+001  -1.305585e+001  -1.294708e+001  -1.281178e+001  
0.000000e+000  -1.050280e+001  -2.393146e+001  -2.165736e+001  -1.983925e+001  -1.840874e+001  -1.729141e+001  -1.641993e+001  -1.573857e+001  -1.520333e+001  -1.478026e+001  -1.444347e+001  -1.417325e+001  -1.395462e+001  -1.377608e+001  -1.351278e+001  -1.332743e+001  -1.310360e+001  -1.296732e+001  -1.281527e+001  
0.000000e+000  -1.063842e+001  -2.374706e+001  -2.177112e+001  -2.012312e+001  -1.877407e+001  -1.768198e+001  -1.680282e+001  -1.609620e+001  -1.552763e+001  -1.506874e+001  -1.469676e+001  -1.439360e+001  -1.414499e+001  -1.393968e+001  -1.363225e+001  -1.341333e+001  -1.314698e+001  -1.298599e+001  -1.281837e+001  
0.000000e+000  -1.059949e+001  -2.325959e+001  -2.158075e+001  -2.012975e+001  -1.890119e+001  -1.787528e+001  -1.702598e+001  -1.632619e+001  -1.575065e+001  -1.527713e+001  -1.488677e+001  -1.456395e+001  -1.429584e+001  -1.407202e+001  -1.373188e+001  -1.348667e+001  -1.318495e+001  -1.300262e+001  -1.282098e+001  
0.000000e+000  -1.043396e+001  -2.257951e+001  -2.117942e+001  -1.993039e+001  -1.884068e+001  -1.790514e+001  -1.711086e+001  -1.644141e+001  -1.587956e+001  -1.540892e+001  -1.501474e+001  -1.468416e+001  -1.440624e+001  -1.417176e+001  -1.381018e+001  -1.354610e+001  -1.321671e+001  -1.301680e+001  -1.282300e+001  
0.000000e+000  -9.841247e+000  -2.087956e+001  -1.995833e+001  -1.908997e+001  -1.829214e+001  -1.757322e+001  -1.693481e+001  -1.637401e+001  -1.588523e+001  -1.546152e+001  -1.509551e+001  -1.477995e+001  -1.450805e+001  -1.427365e+001  -1.390099e+001  -1.362097e+001  -1.325982e+001  -1.303677e+001  -1.282501e+001  
0.000000e+000  -9.116578e+000  -1.909661e+001  -1.854478e+001  -1.799107e+001  -1.745376e+001  -1.694534e+001  -1.647347e+001  -1.604201e+001  -1.565204e+001  -1.530267e+001  -1.499175e+001  -1.471640e+001  -1.447339e+001  -1.425938e+001  -1.390860e+001  -1.363712e+001  -1.327371e+001  -1.304385e+001  -1.282378e+001  
0.000000e+000  -7.648335e+000  -1.584108e+001  -1.575102e+001  -1.562198e+001  -1.546582e+001  -1.529250e+001  -1.511015e+001  -1.492517e+001  -1.474242e+001  -1.456545e+001  -1.439674e+001  -1.423785e+001  -1.408968e+001  -1.395259e+001  -1.371157e+001  -1.351131e+001  -1.321707e+001  -1.301802e+001  -1.281091e+001  
0.000000e+000  -5.668547e+000  -1.172390e+001  -1.194744e+001  -1.213753e+001  -1.229767e+001  -1.243123e+001  -1.254146e+001  -1.263138e+001  -1.270375e+001  -1.276111e+001  -1.280572e+001  -1.283959e+001  -1.286449e+001  -1.288198e+001  -1.289873e+001  -1.289970e+001  -1.287300e+001  -1.283696e+001  -1.274797e+001  
0.000000e+000  -4.730789e+000  -9.806323e+000  -1.009840e+001  -1.036697e+001  -1.061308e+001  -1.083786e+001  -1.104251e+001  -1.122827e+001  -1.139642e+001  -1.154819e+001  -1.168485e+001  -1.180758e+001  -1.191756e+001  -1.201591e+001  -1.218088e+001  -1.231131e+001  -1.248892e+001  -1.259830e+001  -1.265610e+001  

