Port monitor named: Port1_h1[0.85].prt

nx        = 53
ny        = 45
nz        = 19

nu        = 6
nv        = 11
iu        = 9
iv        = 22

idir      = 1
dcut      = -7.500000e-002
icut      = 6
type      = 1
frequency = 8.500000e+008

fcutoff   = 0.000000e+000
alpha     = 0.000000e+000
beta      = 3.262084e+001
accuracy  = 1.103126e-011

type          = QTEM
wave imp.     = 2.629341e+002
wave imp.sig. = 1.365559e-008
line imp.     = 4.874519e+001

ref. port     = 0

-0.000000e+000  1.360640e-001  2.296768e-001  2.190414e-001  1.767024e-001  1.260741e-001  
-0.000000e+000  6.219054e-001  8.069112e-001  6.377990e-001  4.425461e-001  2.830655e-001  
-0.000000e+000  1.840318e+000  1.582563e+000  9.858188e-001  5.764445e-001  3.313952e-001  
-0.000000e+000  6.441214e+000  2.679106e+000  1.162657e+000  5.345204e-001  2.684075e-001  
-0.000000e+000  2.457304e+001  1.766007e+000  5.637278e-001  2.134133e-001  9.775481e-002  
-0.000000e+000  -2.457304e+001  -1.766007e+000  -5.637278e-001  -2.134133e-001  -9.775481e-002  
-0.000000e+000  -6.441214e+000  -2.679106e+000  -1.162657e+000  -5.345204e-001  -2.684075e-001  
-0.000000e+000  -1.840318e+000  -1.582563e+000  -9.858188e-001  -5.764445e-001  -3.313952e-001  
-0.000000e+000  -6.219054e-001  -8.069112e-001  -6.377990e-001  -4.425461e-001  -2.830655e-001  
-0.000000e+000  -1.360640e-001  -2.296768e-001  -2.190414e-001  -1.767024e-001  -1.260741e-001  
-0.000000e+000  -0.000000e+000  -0.000000e+000  -0.000000e+000  -0.000000e+000  -0.000000e+000  

-0.000000e+000  -1.094012e+000  -7.960825e-001  -5.117625e-001  -1.655324e-001  -0.000000e+000  
-0.000000e+000  -1.243925e+000  -7.831770e-001  -4.484771e-001  -1.273522e-001  -0.000000e+000  
-0.000000e+000  -1.431144e+000  -6.256865e-001  -2.634567e-001  -5.198002e-002  -0.000000e+000  
-0.000000e+000  -1.195841e+000  -5.758972e-002  1.273292e-001  6.420920e-002  -0.000000e+000  
-0.000000e+000  2.417465e+000  1.397955e+000  7.297037e-001  1.907167e-001  -0.000000e+000  
-0.000000e+000  6.674027e+000  2.384870e+000  1.016859e+000  2.376825e-001  -0.000000e+000  
-0.000000e+000  2.417465e+000  1.397955e+000  7.297037e-001  1.907167e-001  -0.000000e+000  
-0.000000e+000  -1.195841e+000  -5.758972e-002  1.273292e-001  6.420920e-002  -0.000000e+000  
-0.000000e+000  -1.431144e+000  -6.256865e-001  -2.634567e-001  -5.198002e-002  -0.000000e+000  
-0.000000e+000  -1.243925e+000  -7.831770e-001  -4.484771e-001  -1.273522e-001  -0.000000e+000  
-0.000000e+000  -1.094012e+000  -7.960825e-001  -5.117625e-001  -1.655324e-001  -0.000000e+000  

0.000000e+000  0.000000e+000  0.000000e+000  0.000000e+000  0.000000e+000  0.000000e+000  
0.000000e+000  0.000000e+000  0.000000e+000  0.000000e+000  0.000000e+000  0.000000e+000  
0.000000e+000  0.000000e+000  0.000000e+000  0.000000e+000  0.000000e+000  0.000000e+000  
0.000000e+000  0.000000e+000  0.000000e+000  0.000000e+000  0.000000e+000  0.000000e+000  
0.000000e+000  0.000000e+000  0.000000e+000  0.000000e+000  0.000000e+000  0.000000e+000  
0.000000e+000  0.000000e+000  0.000000e+000  0.000000e+000  0.000000e+000  0.000000e+000  
0.000000e+000  0.000000e+000  0.000000e+000  0.000000e+000  0.000000e+000  0.000000e+000  
0.000000e+000  0.000000e+000  0.000000e+000  0.000000e+000  0.000000e+000  0.000000e+000  
0.000000e+000  0.000000e+000  0.000000e+000  0.000000e+000  0.000000e+000  0.000000e+000  
0.000000e+000  0.000000e+000  0.000000e+000  0.000000e+000  0.000000e+000  0.000000e+000  
0.000000e+000  0.000000e+000  0.000000e+000  0.000000e+000  0.000000e+000  0.000000e+000  

0.000000e+000  0.000000e+000  0.000000e+000  0.000000e+000  0.000000e+000  0.000000e+000  
0.000000e+000  0.000000e+000  0.000000e+000  0.000000e+000  0.000000e+000  0.000000e+000  
0.000000e+000  0.000000e+000  0.000000e+000  0.000000e+000  0.000000e+000  0.000000e+000  
0.000000e+000  0.000000e+000  0.000000e+000  0.000000e+000  0.000000e+000  0.000000e+000  
0.000000e+000  0.000000e+000  0.000000e+000  0.000000e+000  0.000000e+000  0.000000e+000  
0.000000e+000  0.000000e+000  0.000000e+000  0.000000e+000  0.000000e+000  0.000000e+000  
0.000000e+000  0.000000e+000  0.000000e+000  0.000000e+000  0.000000e+000  0.000000e+000  
0.000000e+000  0.000000e+000  0.000000e+000  0.000000e+000  0.000000e+000  0.000000e+000  
0.000000e+000  0.000000e+000  0.000000e+000  0.000000e+000  0.000000e+000  0.000000e+000  
0.000000e+000  0.000000e+000  0.000000e+000  0.000000e+000  0.000000e+000  0.000000e+000  
0.000000e+000  0.000000e+000  0.000000e+000  0.000000e+000  0.000000e+000  0.000000e+000  

0.000000e+000  0.000000e+000  0.000000e+000  0.000000e+000  0.000000e+000  0.000000e+000  
0.000000e+000  0.000000e+000  0.000000e+000  0.000000e+000  0.000000e+000  0.000000e+000  
0.000000e+000  0.000000e+000  0.000000e+000  0.000000e+000  0.000000e+000  0.000000e+000  
0.000000e+000  0.000000e+000  0.000000e+000  0.000000e+000  0.000000e+000  0.000000e+000  
0.000000e+000  0.000000e+000  0.000000e+000  0.000000e+000  0.000000e+000  0.000000e+000  
0.000000e+000  0.000000e+000  0.000000e+000  0.000000e+000  0.000000e+000  0.000000e+000  
0.000000e+000  0.000000e+000  0.000000e+000  0.000000e+000  0.000000e+000  0.000000e+000  
0.000000e+000  0.000000e+000  0.000000e+000  0.000000e+000  0.000000e+000  0.000000e+000  
0.000000e+000  0.000000e+000  0.000000e+000  0.000000e+000  0.000000e+000  0.000000e+000  
0.000000e+000  0.000000e+000  0.000000e+000  0.000000e+000  0.000000e+000  0.000000e+000  
0.000000e+000  0.000000e+000  0.000000e+000  0.000000e+000  0.000000e+000  0.000000e+000  

-0.000000e+000  -4.505623e-002  -3.224519e-002  -2.052471e-002  -6.575015e-003  -0.000000e+000  
-0.000000e+000  -1.264244e-001  -8.268887e-002  -4.918566e-002  -1.465972e-002  -0.000000e+000  
-0.000000e+000  -1.948660e-001  -1.121717e-001  -6.148956e-002  -1.705668e-002  -0.000000e+000  
-0.000000e+000  -2.451170e-001  -1.122214e-001  -5.425401e-002  -1.371270e-002  -0.000000e+000  
-0.000000e+000  -1.294819e-001  -4.797103e-002  -2.091063e-002  -4.968664e-003  -0.000000e+000  
-0.000000e+000  1.294819e-001  4.797103e-002  2.091063e-002  4.968664e-003  -0.000000e+000  
-0.000000e+000  2.451170e-001  1.122214e-001  5.425401e-002  1.371270e-002  -0.000000e+000  
-0.000000e+000  1.948660e-001  1.121717e-001  6.148956e-002  1.705668e-002  -0.000000e+000  
-0.000000e+000  1.264244e-001  8.268887e-002  4.918566e-002  1.465972e-002  -0.000000e+000  
-0.000000e+000  4.505623e-002  3.224519e-002  2.052471e-002  6.575015e-003  -0.000000e+000  
-0.000000e+000  -0.000000e+000  -0.000000e+000  -0.000000e+000  -0.000000e+000  -0.000000e+000  

