Port monitor named: Port1_e1[0.85].prt

nx        = 53
ny        = 45
nz        = 19

nu        = 6
nv        = 11
iu        = 9
iv        = 22

idir      = 1
dcut      = -7.500000e-002
icut      = 6
type      = 0
frequency = 8.500000e+008

fcutoff   = 0.000000e+000
alpha     = 0.000000e+000
beta      = 3.262084e+001
accuracy  = 1.103126e-011

type          = QTEM
wave imp.     = 2.629341e+002
wave imp.sig. = 1.365559e-008
line imp.     = 4.874519e+001

ref. port     = 0

-0.000000e+000  -1.917999e+002  -1.463265e+002  -9.661668e+001  -3.204851e+001  -0.000000e+000  
-0.000000e+000  -2.318639e+002  -1.520302e+002  -8.879030e+001  -2.562930e+001  -0.000000e+000  
-0.000000e+000  -3.012843e+002  -1.361227e+002  -5.842356e+001  -1.183363e+001  -0.000000e+000  
-0.000000e+000  -3.212861e+002  -3.923188e+001  1.531567e+001  1.077781e+001  -0.000000e+000  
-0.000000e+000  4.168159e+002  2.693582e+002  1.426976e+002  3.697826e+001  -0.000000e+000  
-0.000000e+000  1.561644e+003  5.180267e+002  2.101426e+002  4.721640e+001  -0.000000e+000  
-0.000000e+000  4.168159e+002  2.693582e+002  1.426976e+002  3.697826e+001  -0.000000e+000  
-0.000000e+000  -3.212861e+002  -3.923188e+001  1.531567e+001  1.077781e+001  -0.000000e+000  
-0.000000e+000  -3.012843e+002  -1.361227e+002  -5.842356e+001  -1.183363e+001  -0.000000e+000  
-0.000000e+000  -2.318639e+002  -1.520302e+002  -8.879030e+001  -2.562930e+001  -0.000000e+000  
-0.000000e+000  -1.917999e+002  -1.463265e+002  -9.661668e+001  -3.204851e+001  -0.000000e+000  

-0.000000e+000  -9.324326e+000  -3.453982e+001  -3.775059e+001  -3.239446e+001  -2.384685e+001  
-0.000000e+000  -6.356910e+001  -1.336573e+002  -1.159581e+002  -8.376597e+001  -5.452778e+001  
-0.000000e+000  -2.740819e+002  -2.919510e+002  -1.898928e+002  -1.125713e+002  -6.485531e+001  
-0.000000e+000  -1.331403e+003  -5.628787e+002  -2.414266e+002  -1.086190e+002  -5.350818e+001  
-0.000000e+000  -6.461089e+003  -4.299476e+002  -1.271728e+002  -4.493684e+001  -1.973306e+001  
-0.000000e+000  6.461089e+003  4.299476e+002  1.271728e+002  4.493684e+001  1.973306e+001  
-0.000000e+000  1.331403e+003  5.628787e+002  2.414266e+002  1.086190e+002  5.350818e+001  
-0.000000e+000  2.740819e+002  2.919510e+002  1.898928e+002  1.125713e+002  6.485531e+001  
-0.000000e+000  6.356910e+001  1.336573e+002  1.159581e+002  8.376597e+001  5.452778e+001  
-0.000000e+000  9.324326e+000  3.453982e+001  3.775059e+001  3.239446e+001  2.384685e+001  
-0.000000e+000  -0.000000e+000  -0.000000e+000  -0.000000e+000  -0.000000e+000  -0.000000e+000  

0.000000e+000  0.000000e+000  0.000000e+000  0.000000e+000  0.000000e+000  0.000000e+000  
0.000000e+000  0.000000e+000  0.000000e+000  0.000000e+000  0.000000e+000  0.000000e+000  
0.000000e+000  0.000000e+000  0.000000e+000  0.000000e+000  0.000000e+000  0.000000e+000  
0.000000e+000  0.000000e+000  0.000000e+000  0.000000e+000  0.000000e+000  0.000000e+000  
0.000000e+000  0.000000e+000  0.000000e+000  0.000000e+000  0.000000e+000  0.000000e+000  
0.000000e+000  0.000000e+000  0.000000e+000  0.000000e+000  0.000000e+000  0.000000e+000  
0.000000e+000  0.000000e+000  0.000000e+000  0.000000e+000  0.000000e+000  0.000000e+000  
0.000000e+000  0.000000e+000  0.000000e+000  0.000000e+000  0.000000e+000  0.000000e+000  
0.000000e+000  0.000000e+000  0.000000e+000  0.000000e+000  0.000000e+000  0.000000e+000  
0.000000e+000  0.000000e+000  0.000000e+000  0.000000e+000  0.000000e+000  0.000000e+000  
0.000000e+000  0.000000e+000  0.000000e+000  0.000000e+000  0.000000e+000  0.000000e+000  

0.000000e+000  0.000000e+000  0.000000e+000  0.000000e+000  0.000000e+000  0.000000e+000  
0.000000e+000  0.000000e+000  0.000000e+000  0.000000e+000  0.000000e+000  0.000000e+000  
0.000000e+000  0.000000e+000  0.000000e+000  0.000000e+000  0.000000e+000  0.000000e+000  
0.000000e+000  0.000000e+000  0.000000e+000  0.000000e+000  0.000000e+000  0.000000e+000  
0.000000e+000  0.000000e+000  0.000000e+000  0.000000e+000  0.000000e+000  0.000000e+000  
0.000000e+000  0.000000e+000  0.000000e+000  0.000000e+000  0.000000e+000  0.000000e+000  
0.000000e+000  0.000000e+000  0.000000e+000  0.000000e+000  0.000000e+000  0.000000e+000  
0.000000e+000  0.000000e+000  0.000000e+000  0.000000e+000  0.000000e+000  0.000000e+000  
0.000000e+000  0.000000e+000  0.000000e+000  0.000000e+000  0.000000e+000  0.000000e+000  
0.000000e+000  0.000000e+000  0.000000e+000  0.000000e+000  0.000000e+000  0.000000e+000  
0.000000e+000  0.000000e+000  0.000000e+000  0.000000e+000  0.000000e+000  0.000000e+000  

0.000000e+000  0.000000e+000  0.000000e+000  0.000000e+000  0.000000e+000  0.000000e+000  
0.000000e+000  0.000000e+000  0.000000e+000  0.000000e+000  0.000000e+000  0.000000e+000  
0.000000e+000  0.000000e+000  0.000000e+000  0.000000e+000  0.000000e+000  0.000000e+000  
0.000000e+000  0.000000e+000  0.000000e+000  0.000000e+000  0.000000e+000  0.000000e+000  
0.000000e+000  0.000000e+000  0.000000e+000  0.000000e+000  0.000000e+000  0.000000e+000  
0.000000e+000  0.000000e+000  0.000000e+000  0.000000e+000  0.000000e+000  0.000000e+000  
0.000000e+000  0.000000e+000  0.000000e+000  0.000000e+000  0.000000e+000  0.000000e+000  
0.000000e+000  0.000000e+000  0.000000e+000  0.000000e+000  0.000000e+000  0.000000e+000  
0.000000e+000  0.000000e+000  0.000000e+000  0.000000e+000  0.000000e+000  0.000000e+000  
0.000000e+000  0.000000e+000  0.000000e+000  0.000000e+000  0.000000e+000  0.000000e+000  
0.000000e+000  0.000000e+000  0.000000e+000  0.000000e+000  0.000000e+000  0.000000e+000  

-0.000000e+000  -9.627465e+000  -1.200120e+001  -1.324640e+001  -1.386496e+001  -1.415348e+001  
-0.000000e+000  -1.168917e+001  -1.340518e+001  -1.405416e+001  -1.430226e+001  -1.438443e+001  
-0.000000e+000  -1.612020e+001  -1.563202e+001  -1.510452e+001  -1.480347e+001  -1.463974e+001  
-0.000000e+000  -2.331530e+001  -1.794743e+001  -1.599424e+001  -1.521815e+001  -1.486859e+001  
-0.000000e+000  -2.288836e+001  -1.714313e+001  -1.584114e+001  -1.531119e+001  -1.498651e+001  
-0.000000e+000  -0.000000e+000  -1.323174e+001  -1.518393e+001  -1.525073e+001  -1.500875e+001  
-0.000000e+000  -2.288836e+001  -1.714313e+001  -1.584114e+001  -1.531119e+001  -1.498651e+001  
-0.000000e+000  -2.331530e+001  -1.794743e+001  -1.599424e+001  -1.521815e+001  -1.486859e+001  
-0.000000e+000  -1.612020e+001  -1.563202e+001  -1.510452e+001  -1.480347e+001  -1.463974e+001  
-0.000000e+000  -1.168917e+001  -1.340518e+001  -1.405416e+001  -1.430226e+001  -1.438443e+001  
-0.000000e+000  -9.627465e+000  -1.200120e+001  -1.324640e+001  -1.386496e+001  -1.415348e+001  

