Port monitor named: Port1_h1[0.8].prt

nx        = 65
ny        = 57
nz        = 23

nu        = 7
nv        = 13
iu        = 10
iv        = 27

idir      = 1
dcut      = -7.500000e-002
icut      = 8
type      = 1
frequency = 8.000000e+008

fcutoff   = 0.000000e+000
alpha     = 0.000000e+000
beta      = 3.080124e+001
accuracy  = 1.212831e-010

type          = QTEM
wave imp.     = 2.060997e+002
wave imp.sig. = 0.000000e+000
line imp.     = 5.606629e+001

ref. port     = 0

-0.000000e+000  1.038672e-001  2.011769e-001  3.160272e-001  3.740574e-001  3.942643e-001  2.609038e-001  
-0.000000e+000  7.288605e-001  1.318802e+000  1.634990e+000  1.445736e+000  1.108364e+000  4.121211e-001  
-0.000000e+000  1.387580e+000  2.472117e+000  2.565859e+000  1.938029e+000  1.271148e+000  4.110295e-001  
-0.000000e+000  3.022845e+000  5.697160e+000  4.225405e+000  2.471625e+000  1.272116e+000  3.489133e-001  
-0.000000e+000  5.670235e+000  1.511237e+001  5.979795e+000  2.452245e+000  9.744960e-001  2.338762e-001  
-0.000000e+000  2.477334e+000  -0.000000e+000  2.195688e+000  1.011194e+000  3.902059e-001  8.746334e-002  
-0.000000e+000  -2.477334e+000  -0.000000e+000  -2.195688e+000  -1.011194e+000  -3.902059e-001  -8.746333e-002  
-0.000000e+000  -5.670235e+000  -1.511237e+001  -5.979795e+000  -2.452245e+000  -9.744960e-001  -2.338762e-001  
-0.000000e+000  -3.022845e+000  -5.697160e+000  -4.225405e+000  -2.471625e+000  -1.272116e+000  -3.489133e-001  
-0.000000e+000  -1.387580e+000  -2.472117e+000  -2.565859e+000  -1.938029e+000  -1.271148e+000  -4.110295e-001  
-0.000000e+000  -7.288605e-001  -1.318802e+000  -1.634990e+000  -1.445736e+000  -1.108364e+000  -4.121211e-001  
-0.000000e+000  -1.038672e-001  -2.011769e-001  -3.160272e-001  -3.740574e-001  -3.942643e-001  -2.609038e-001  
-0.000000e+000  -0.000000e+000  -0.000000e+000  -0.000000e+000  -0.000000e+000  -0.000000e+000  -0.000000e+000  

-1.060553e+000  -1.036183e+000  -9.750404e-001  -8.573675e-001  -7.181319e-001  -2.649038e-001  -0.000000e+000  
-2.010027e+000  -1.886373e+000  -1.597648e+000  -1.177547e+000  -8.360795e-001  -1.327036e-001  -0.000000e+000  
-3.261005e+000  -2.854443e+000  -1.922934e+000  -9.940318e-001  -5.024444e-001  1.038385e-003  -0.000000e+000  
-5.636454e+000  -4.628883e+000  -2.026973e+000  -3.715455e-001  1.612397e-001  1.665460e-001  -0.000000e+000  
-1.079984e+001  -8.990325e+000  -5.625162e-001  1.380100e+000  1.359424e+000  3.444597e-001  -0.000000e+000  
-1.855283e+001  -2.083210e+001  8.589074e+000  4.211211e+000  2.544512e+000  4.589624e-001  -0.000000e+000  
-2.244793e+001  -2.575454e+001  1.005334e+001  5.304083e+000  3.117308e+000  5.128100e-001  -0.000000e+000  
-1.855283e+001  -2.083210e+001  8.589074e+000  4.211211e+000  2.544512e+000  4.589624e-001  -0.000000e+000  
-1.079984e+001  -8.990325e+000  -5.625162e-001  1.380100e+000  1.359424e+000  3.444597e-001  -0.000000e+000  
-5.636454e+000  -4.628883e+000  -2.026973e+000  -3.715456e-001  1.612397e-001  1.665460e-001  -0.000000e+000  
-3.261005e+000  -2.854443e+000  -1.922934e+000  -9.940318e-001  -5.024444e-001  1.038386e-003  -0.000000e+000  
-2.010027e+000  -1.886373e+000  -1.597648e+000  -1.177547e+000  -8.360795e-001  -1.327036e-001  -0.000000e+000  
-1.060553e+000  -1.036183e+000  -9.750404e-001  -8.573675e-001  -7.181319e-001  -2.649038e-001  -0.000000e+000  

0.000000e+000  0.000000e+000  0.000000e+000  0.000000e+000  0.000000e+000  0.000000e+000  0.000000e+000  
0.000000e+000  0.000000e+000  0.000000e+000  0.000000e+000  0.000000e+000  0.000000e+000  0.000000e+000  
0.000000e+000  0.000000e+000  0.000000e+000  0.000000e+000  0.000000e+000  0.000000e+000  0.000000e+000  
0.000000e+000  0.000000e+000  0.000000e+000  0.000000e+000  0.000000e+000  0.000000e+000  0.000000e+000  
0.000000e+000  0.000000e+000  0.000000e+000  0.000000e+000  0.000000e+000  0.000000e+000  0.000000e+000  
0.000000e+000  0.000000e+000  0.000000e+000  0.000000e+000  0.000000e+000  0.000000e+000  0.000000e+000  
0.000000e+000  0.000000e+000  0.000000e+000  0.000000e+000  0.000000e+000  0.000000e+000  0.000000e+000  
0.000000e+000  0.000000e+000  0.000000e+000  0.000000e+000  0.000000e+000  0.000000e+000  0.000000e+000  
0.000000e+000  0.000000e+000  0.000000e+000  0.000000e+000  0.000000e+000  0.000000e+000  0.000000e+000  
0.000000e+000  0.000000e+000  0.000000e+000  0.000000e+000  0.000000e+000  0.000000e+000  0.000000e+000  
0.000000e+000  0.000000e+000  0.000000e+000  0.000000e+000  0.000000e+000  0.000000e+000  0.000000e+000  
0.000000e+000  0.000000e+000  0.000000e+000  0.000000e+000  0.000000e+000  0.000000e+000  0.000000e+000  
0.000000e+000  0.000000e+000  0.000000e+000  0.000000e+000  0.000000e+000  0.000000e+000  0.000000e+000  

0.000000e+000  0.000000e+000  0.000000e+000  0.000000e+000  0.000000e+000  0.000000e+000  0.000000e+000  
0.000000e+000  0.000000e+000  0.000000e+000  0.000000e+000  0.000000e+000  0.000000e+000  0.000000e+000  
0.000000e+000  0.000000e+000  0.000000e+000  0.000000e+000  0.000000e+000  0.000000e+000  0.000000e+000  
0.000000e+000  0.000000e+000  0.000000e+000  0.000000e+000  0.000000e+000  0.000000e+000  0.000000e+000  
0.000000e+000  0.000000e+000  0.000000e+000  0.000000e+000  0.000000e+000  0.000000e+000  0.000000e+000  
0.000000e+000  0.000000e+000  0.000000e+000  0.000000e+000  0.000000e+000  0.000000e+000  0.000000e+000  
0.000000e+000  0.000000e+000  0.000000e+000  0.000000e+000  0.000000e+000  0.000000e+000  0.000000e+000  
0.000000e+000  0.000000e+000  0.000000e+000  0.000000e+000  0.000000e+000  0.000000e+000  0.000000e+000  
0.000000e+000  0.000000e+000  0.000000e+000  0.000000e+000  0.000000e+000  0.000000e+000  0.000000e+000  
0.000000e+000  0.000000e+000  0.000000e+000  0.000000e+000  0.000000e+000  0.000000e+000  0.000000e+000  
0.000000e+000  0.000000e+000  0.000000e+000  0.000000e+000  0.000000e+000  0.000000e+000  0.000000e+000  
0.000000e+000  0.000000e+000  0.000000e+000  0.000000e+000  0.000000e+000  0.000000e+000  0.000000e+000  
0.000000e+000  0.000000e+000  0.000000e+000  0.000000e+000  0.000000e+000  0.000000e+000  0.000000e+000  

0.000000e+000  0.000000e+000  0.000000e+000  0.000000e+000  0.000000e+000  0.000000e+000  0.000000e+000  
0.000000e+000  0.000000e+000  0.000000e+000  0.000000e+000  0.000000e+000  0.000000e+000  0.000000e+000  
0.000000e+000  0.000000e+000  0.000000e+000  0.000000e+000  0.000000e+000  0.000000e+000  0.000000e+000  
0.000000e+000  0.000000e+000  0.000000e+000  0.000000e+000  0.000000e+000  0.000000e+000  0.000000e+000  
0.000000e+000  0.000000e+000  0.000000e+000  0.000000e+000  0.000000e+000  0.000000e+000  0.000000e+000  
0.000000e+000  0.000000e+000  0.000000e+000  0.000000e+000  0.000000e+000  0.000000e+000  0.000000e+000  
0.000000e+000  0.000000e+000  0.000000e+000  0.000000e+000  0.000000e+000  0.000000e+000  0.000000e+000  
0.000000e+000  0.000000e+000  0.000000e+000  0.000000e+000  0.000000e+000  0.000000e+000  0.000000e+000  
0.000000e+000  0.000000e+000  0.000000e+000  0.000000e+000  0.000000e+000  0.000000e+000  0.000000e+000  
0.000000e+000  0.000000e+000  0.000000e+000  0.000000e+000  0.000000e+000  0.000000e+000  0.000000e+000  
0.000000e+000  0.000000e+000  0.000000e+000  0.000000e+000  0.000000e+000  0.000000e+000  0.000000e+000  
0.000000e+000  0.000000e+000  0.000000e+000  0.000000e+000  0.000000e+000  0.000000e+000  0.000000e+000  
0.000000e+000  0.000000e+000  0.000000e+000  0.000000e+000  0.000000e+000  0.000000e+000  0.000000e+000  

-8.180594e-002  -8.046840e-002  -7.559672e-002  -6.581768e-002  -5.479151e-002  -1.989320e-002  -0.000000e+000  
-2.377729e-001  -2.356345e-001  -2.114871e-001  -1.644393e-001  -1.241899e-001  -3.061617e-002  -0.000000e+000  
-2.933171e-001  -2.968458e-001  -2.604490e-001  -1.892207e-001  -1.364405e-001  -3.036520e-002  -0.000000e+000  
-3.389440e-001  -3.655793e-001  -3.074758e-001  -1.956370e-001  -1.302885e-001  -2.563862e-002  -0.000000e+000  
-3.134415e-001  -3.970941e-001  -3.105130e-001  -1.594660e-001  -9.635623e-002  -1.712195e-002  -0.000000e+000  
-1.289350e-001  -1.546187e-001  -1.197147e-001  -6.387922e-002  -3.794423e-002  -6.388284e-003  -0.000000e+000  
1.289350e-001  1.546187e-001  1.197147e-001  6.387922e-002  3.794423e-002  6.388284e-003  -0.000000e+000  
3.134415e-001  3.970941e-001  3.105130e-001  1.594660e-001  9.635623e-002  1.712195e-002  -0.000000e+000  
3.389440e-001  3.655793e-001  3.074758e-001  1.956370e-001  1.302885e-001  2.563862e-002  -0.000000e+000  
2.933171e-001  2.968458e-001  2.604490e-001  1.892207e-001  1.364405e-001  3.036520e-002  -0.000000e+000  
2.377729e-001  2.356345e-001  2.114871e-001  1.644393e-001  1.241899e-001  3.061617e-002  -0.000000e+000  
8.180594e-002  8.046840e-002  7.559672e-002  6.581768e-002  5.479151e-002  1.989320e-002  -0.000000e+000  
-0.000000e+000  -0.000000e+000  -0.000000e+000  -0.000000e+000  -0.000000e+000  -0.000000e+000  -0.000000e+000  

